[17:41:48.884] Starting plan irradiation...
	Plan name: Plan de movimiento solo stage
	Plan comment: pruebasinhaz
	Absolut shift from X to (0,0) well: [0.000 0.000 0.000]
[17:42:02.279] Starting iteration 1
[17:42:02.282] Moving to: [0.000 0.000 0.000]
[17:42:02.675] Arrived at: [0.000 0.000 0.000]
[17:42:02.675] Wait 5.000s
[17:42:07.705] Continue movement.

[17:42:07.706] Moving to: [10.000 0.000 0.000]
[17:42:08.652] Arrived at: [0.309 0.000 0.000] WARNING!
[17:42:08.656] Wait 0.000s
[17:42:08.657] Continue movement.

[17:42:08.661] Moving to: [0.000 -0.200 0.000]
[17:42:10.127] Arrived at: [0.000 -0.200 0.000]
[17:42:10.129] Wait 0.000s
[17:42:10.131] Continue movement.

[17:42:10.133] Moving to: [10.000 -0.400 0.000]
[17:42:11.541] Arrived at: [0.305 -0.400 0.000] WARNING!
[17:42:11.541] Wait 0.000s
[17:42:11.541] Continue movement.

[17:42:11.558] Moving to: [0.000 -0.600 0.000]
[17:42:12.992] Arrived at: [0.000 -0.600 0.000]
[17:42:12.995] Wait 0.000s
[17:42:13.000] Continue movement.

[17:42:13.003] Moving to: [10.000 -0.800 0.000]
[17:42:14.389] Arrived at: [0.301 -0.800 0.000] WARNING!
[17:42:14.389] Wait 0.000s
[17:42:14.405] Continue movement.

[17:42:14.405] Moving to: [0.000 -1.000 0.000]
[17:42:15.797] Arrived at: [0.000 -1.000 0.000]
[17:42:15.797] Wait 0.000s
[17:42:15.797] Continue movement.

[17:42:15.797] Moving to: [10.000 -1.200 0.000]
[17:42:17.188] Arrived at: [0.297 -1.200 0.000] WARNING!
[17:42:17.188] Wait 0.000s
[17:42:17.188] Continue movement.

[17:42:17.188] Moving to: [0.000 -1.400 0.000]
[17:42:18.590] Arrived at: [0.000 -1.400 0.000] WARNING!
[17:42:18.590] Wait 0.000s
[17:42:18.594] Continue movement.

[17:42:18.594] Moving to: [10.000 -1.600 0.000]
[17:42:19.985] Arrived at: [0.291 -1.600 0.000] WARNING!
[17:42:19.985] Wait 0.000s
[17:42:19.985] Continue movement.

[17:42:19.985] Moving to: [0.000 -1.800 0.000]
[17:42:21.405] Arrived at: [0.000 -1.800 0.000]
[17:42:21.406] Wait 0.000s
[17:42:21.406] Continue movement.

[17:42:21.406] Moving to: [10.000 -2.000 0.000]
[17:42:22.766] Arrived at: [0.284 -2.000 0.000] WARNING!
[17:42:22.766] Wait 0.000s
[17:42:22.781] Continue movement.

[17:42:22.782] Moving to: [0.000 -2.200 0.000]
[17:42:24.252] Arrived at: [0.000 -2.200 0.000]
[17:42:24.252] Wait 0.000s
[17:42:24.252] Continue movement.

[17:42:24.252] Moving to: [10.000 -2.400 0.000]
[17:42:25.652] Arrived at: [0.278 -2.400 0.000] WARNING!
[17:42:25.654] Wait 0.000s
[17:42:25.656] Continue movement.

[17:42:25.658] Moving to: [0.000 -2.600 0.000]
[17:42:27.058] Arrived at: [0.000 -2.600 0.000]
[17:42:27.058] Wait 0.000s
[17:42:27.058] Continue movement.

[17:42:27.062] Moving to: [10.000 -2.800 0.000]
[17:42:28.481] Arrived at: [0.272 -2.800 0.000] WARNING!
[17:42:28.481] Wait 0.000s
[17:42:28.484] Continue movement.

[17:42:28.485] Moving to: [0.000 -3.000 0.000]
[17:42:29.869] Arrived at: [0.000 -3.000 0.000]
[17:42:29.869] Wait 0.000s
[17:42:29.873] Continue movement.

[17:42:29.873] Moving to: [10.000 -3.200 0.000]
[17:42:31.296] Arrived at: [0.265 -3.200 0.000] WARNING!
[17:42:31.296] Wait 0.000s
[17:42:31.296] Continue movement.

[17:42:31.308] Moving to: [0.000 -3.400 0.000]
[17:42:32.538] Arrived at: [0.000 -3.400 0.000]
[17:42:32.538] Wait 0.000s
[17:42:32.538] Continue movement.

[17:42:32.538] Moving to: [10.000 -3.600 0.000]
[17:42:33.960] Arrived at: [0.262 -3.600 0.000] WARNING!
[17:42:33.960] Wait 0.000s
[17:42:33.960] Continue movement.

[17:42:33.960] Moving to: [0.000 -3.800 0.000]
[17:42:35.191] Arrived at: [0.000 -3.800 0.000] WARNING!
[17:42:35.191] Wait 0.000s
[17:42:35.203] Continue movement.

[17:42:35.205] Moving to: [10.000 -4.000 0.000]
[17:42:36.603] Arrived at: [0.256 -4.000 0.000] WARNING!
[17:42:36.603] Wait 0.000s
[17:42:36.605] Continue movement.

[17:42:36.609] Finished iteration 1

[17:42:36.610] Plan finished.
