[15:49:32.326] Starting plan irradiation...
	Plan name: Plan de movimiento solo stage
	Plan comment: 
	Absolut shift from X to (0,0) well: [0.000 0.000 0.000]
[15:49:32.331] Starting iteration 1
[15:49:32.333] Moving to: [-1.000 1.000 0.000]
[15:49:34.299] Arrived at: [-1.000 1.000 0.000]
[15:49:34.302] Wait 0.100s
[15:49:34.409] Continue movement.

[15:49:34.413] Moving to: [-1.000 0.000 0.000]
[15:49:35.614] Arrived at: [-1.000 0.000 0.000]
[15:49:35.614] Wait 0.100s
[15:49:35.717] Continue movement.

[15:49:35.719] Moving to: [0.000 0.000 0.000]
[15:49:36.945] Arrived at: [0.000 0.000 0.000]
[15:49:36.951] Wait 0.100s
[15:49:37.053] Continue movement.

[15:49:37.054] Moving to: [0.000 1.000 0.000]
[15:49:38.260] Arrived at: [0.000 1.000 0.000]
[15:49:38.261] Wait 0.100s
[15:49:38.365] Continue movement.

[15:49:38.368] Moving to: [1.000 1.000 0.000]
[15:49:39.592] Arrived at: [1.000 1.000 0.000]
[15:49:39.593] Wait 0.100s
[15:49:39.697] Continue movement.

[15:49:39.700] Moving to: [1.000 0.000 0.000]
[15:49:40.928] Arrived at: [1.000 0.000 0.000]
[15:49:40.929] Wait 0.100s
[15:49:41.030] Continue movement.

[15:49:41.030] Moving to: [1.000 -1.000 0.000]
[15:49:42.253] Arrived at: [1.000 -1.000 0.000]
[15:49:42.254] Wait 0.100s
[15:49:42.358] Continue movement.

[15:49:42.359] Moving to: [0.000 -1.000 0.000]
[15:49:43.564] Arrived at: [0.000 -1.000 0.000]
[15:49:43.564] Wait 0.100s
[15:49:43.666] Continue movement.

[15:49:43.666] Moving to: [-1.000 -1.000 0.000]
[15:49:44.878] Arrived at: [-1.000 -1.000 0.000]
[15:49:44.878] Wait 0.100s
[15:49:44.979] Continue movement.

[15:49:44.980] Finished iteration 1

[15:49:44.981] Starting iteration 2
[15:49:44.983] Moving to: [-1.000 1.000 0.000]
[15:49:46.953] Arrived at: [-1.000 1.000 0.000]
[15:49:46.954] Wait 0.100s
[15:49:47.055] Continue movement.

[15:49:47.056] Moving to: [-1.000 0.000 0.000]
[15:49:48.267] Arrived at: [-1.000 0.000 0.000]
[15:49:48.268] Wait 0.100s
[15:49:48.368] Continue movement.

[15:49:48.369] Moving to: [0.000 0.000 0.000]
[15:49:49.591] Arrived at: [0.000 0.000 0.000]
[15:49:49.591] Wait 0.100s
[15:49:49.694] Continue movement.

[15:49:49.695] Moving to: [0.000 1.000 0.000]
[15:49:50.910] Arrived at: [0.000 1.000 0.000]
[15:49:50.910] Wait 0.100s
[15:49:51.010] Continue movement.

[15:49:51.011] Moving to: [1.000 1.000 0.000]
[15:49:52.229] Arrived at: [1.000 1.000 0.000]
[15:49:52.230] Wait 0.100s
[15:49:52.333] Continue movement.

[15:49:52.334] Moving to: [1.000 0.000 0.000]
[15:49:53.559] Arrived at: [1.000 0.000 0.000]
[15:49:53.559] Wait 0.100s
[15:49:53.662] Continue movement.

[15:49:53.663] Moving to: [1.000 -1.000 0.000]
[15:49:54.892] Arrived at: [1.000 -1.000 0.000]
[15:49:54.892] Wait 0.100s
[15:49:54.995] Continue movement.

[15:49:54.996] Moving to: [0.000 -1.000 0.000]
[15:49:56.207] Arrived at: [0.000 -1.000 0.000]
[15:49:56.208] Wait 0.100s
[15:49:56.309] Continue movement.

[15:49:56.309] Moving to: [-1.000 -1.000 0.000]
[15:49:57.529] Arrived at: [-1.000 -1.000 0.000]
[15:49:57.530] Wait 0.100s
[15:49:57.632] Continue movement.

[15:49:57.632] Finished iteration 2

[15:49:57.632] Starting iteration 3
[15:49:57.633] Moving to: [-1.000 1.000 0.000]
[15:49:59.554] Arrived at: [-1.000 1.000 0.000]
[15:49:59.555] Wait 0.100s
[15:49:59.656] Continue movement.

[15:49:59.657] Moving to: [-1.000 0.000 0.000]
[15:50:00.868] Arrived at: [-1.000 0.000 0.000]
[15:50:00.869] Wait 0.100s
[15:50:00.970] Continue movement.

[15:50:00.971] Moving to: [0.000 0.000 0.000]
[15:50:02.186] Arrived at: [0.000 0.000 0.000]
[15:50:02.187] Wait 0.100s
[15:50:02.289] Continue movement.

[15:50:02.290] Moving to: [0.000 1.000 0.000]
[15:50:03.503] Arrived at: [0.000 1.000 0.000]
[15:50:03.503] Wait 0.100s
[15:50:03.606] Continue movement.

[15:50:03.607] Moving to: [1.000 1.000 0.000]
[15:50:04.818] Arrived at: [1.000 1.000 0.000]
[15:50:04.819] Wait 0.100s
[15:50:04.920] Continue movement.

[15:50:04.920] Moving to: [1.000 0.000 0.000]
[15:50:06.113] Arrived at: [1.000 0.000 0.000]
[15:50:06.113] Wait 0.100s
[15:50:06.216] Continue movement.

[15:50:06.217] Moving to: [1.000 -1.000 0.000]
[15:50:07.445] Arrived at: [1.000 -1.000 0.000]
[15:50:07.446] Wait 0.100s
[15:50:07.547] Continue movement.

[15:50:07.548] Moving to: [0.000 -1.000 0.000]
[15:50:08.762] Arrived at: [0.000 -1.000 0.000]
[15:50:08.763] Wait 0.100s
[15:50:08.866] Continue movement.

[15:50:08.867] Moving to: [-1.000 -1.000 0.000]
[15:50:10.112] Arrived at: [-1.000 -1.000 0.000]
[15:50:10.112] Wait 0.100s
[15:50:10.214] Continue movement.

[15:50:10.215] Finished iteration 3

[15:50:10.216] Plan finished.
