[19:45:19.074] Starting plan irradiation...
	Plan name: Plan de movimiento solo stage
	Plan comment: pruebaC4
	Absolut shift from X to (0,0) well: [0.000 0.000 0.000]
[19:45:28.004] Starting iteration 1
[19:45:28.005] Moving to: [0.000 0.000 0.000]
[19:45:29.142] Arrived at: [0.000 0.000 0.000]
[19:45:29.142] Wait 0.000s
[19:45:29.147] Continue movement.

[19:45:29.147] Moving to: [-2.000 0.000 0.000]
[19:45:31.114] Arrived at: [-2.000 0.000 0.000]
[19:45:31.115] Wait 0.000s
[19:45:31.117] Continue movement.

[19:45:31.118] Moving to: [0.000 -0.200 0.000]
[19:45:33.543] Arrived at: [0.000 -0.200 0.000]
[19:45:33.549] Wait 0.000s
[19:45:33.549] Continue movement.

[19:45:33.549] Moving to: [-2.000 -0.400 0.000]
[19:45:36.095] Arrived at: [-2.000 -0.400 0.000]
[19:45:36.095] Wait 0.000s
[19:45:36.095] Continue movement.

[19:45:36.095] Moving to: [0.000 -0.600 0.000]
[19:45:38.468] Arrived at: [0.000 -0.600 0.000]
[19:45:38.468] Wait 0.000s
[19:45:38.468] Continue movement.

[19:45:38.468] Moving to: [-2.000 -0.800 0.000]
[19:45:40.834] Arrived at: [-2.000 -0.800 0.000]
[19:45:40.834] Wait 0.000s
[19:45:40.838] Continue movement.

[19:45:40.838] Moving to: [0.000 -1.000 0.000]
[19:45:43.225] Arrived at: [0.000 -1.000 0.000]
[19:45:43.225] Wait 0.000s
[19:45:43.225] Continue movement.

[19:45:43.225] Moving to: [-2.000 -1.200 0.000]
[19:45:45.653] Arrived at: [-2.000 -1.200 0.000]
[19:45:45.653] Wait 0.000s
[19:45:45.653] Continue movement.

[19:45:45.653] Moving to: [0.000 -1.400 0.000]
[19:45:48.099] Arrived at: [0.000 -1.400 0.000] WARNING!
[19:45:48.099] Wait 0.000s
[19:45:48.100] Continue movement.

[19:45:48.103] Moving to: [-2.000 -1.600 0.000]
[19:45:50.545] Arrived at: [-2.000 -1.600 0.000]
[19:45:50.546] Wait 0.000s
[19:45:50.547] Continue movement.

[19:45:50.547] Moving to: [0.000 -1.800 0.000]
[19:45:52.946] Arrived at: [0.000 -1.800 0.000]
[19:45:52.946] Wait 0.000s
[19:45:52.946] Continue movement.

[19:45:52.946] Moving to: [-2.000 -2.000 0.000]
[19:45:55.412] Arrived at: [-2.000 -2.000 0.000]
[19:45:55.412] Wait 0.000s
[19:45:55.412] Continue movement.

[19:45:55.412] Moving to: [0.000 -2.200 0.000]
[19:45:57.792] Arrived at: [0.000 -2.200 0.000]
[19:45:57.792] Wait 0.000s
[19:45:57.792] Continue movement.

[19:45:57.792] Moving to: [-2.000 -2.400 0.000]
[19:46:00.194] Arrived at: [-2.000 -2.400 0.000]
[19:46:00.194] Wait 0.000s
[19:46:00.194] Continue movement.

[19:46:00.194] Moving to: [0.000 -2.600 0.000]
[19:46:02.602] Arrived at: [0.000 -2.600 0.000]
[19:46:02.603] Wait 0.000s
[19:46:02.604] Continue movement.

[19:46:02.605] Moving to: [-2.000 -2.800 0.000]
[19:46:05.018] Arrived at: [-2.000 -2.800 0.000] WARNING!
[19:46:05.019] Wait 0.000s
[19:46:05.021] Continue movement.

[19:46:05.022] Moving to: [0.000 -3.000 0.000]
[19:46:07.606] Arrived at: [0.000 -3.000 0.000]
[19:46:07.606] Wait 0.000s
[19:46:07.609] Continue movement.

[19:46:07.609] Moving to: [-2.000 -3.200 0.000]
[19:46:09.998] Arrived at: [-2.000 -3.200 0.000]
[19:46:09.998] Wait 0.000s
[19:46:09.998] Continue movement.

[19:46:09.998] Moving to: [0.000 -3.400 0.000]
[19:46:12.393] Arrived at: [0.000 -3.400 0.000]
[19:46:12.393] Wait 0.000s
[19:46:12.393] Continue movement.

[19:46:12.393] Moving to: [-2.000 -3.600 0.000]
[19:46:14.759] Arrived at: [-2.000 -3.600 0.000]
[19:46:14.759] Wait 0.000s
[19:46:14.759] Continue movement.

[19:46:14.759] Moving to: [0.000 -3.800 0.000]
[19:46:17.220] Arrived at: [0.000 -3.800 0.000] WARNING!
[19:46:17.220] Wait 0.000s
[19:46:17.232] Continue movement.

[19:46:17.232] Moving to: [-2.000 -4.000 0.000]
[19:46:19.639] Arrived at: [-2.000 -4.000 0.000]
[19:46:19.639] Wait 0.000s
[19:46:19.639] Continue movement.

[19:46:19.639] Moving to: [0.000 -4.200 0.000]
[19:46:22.065] Arrived at: [0.000 -4.200 0.000]
[19:46:22.065] Wait 0.000s
[19:46:22.065] Continue movement.

[19:46:22.065] Moving to: [-2.000 -4.400 0.000]
[19:46:24.452] Arrived at: [-2.000 -4.400 0.000]
[19:46:24.452] Wait 0.000s
[19:46:24.452] Continue movement.

[19:46:24.452] Finished iteration 1

[19:46:24.452] Plan finished.
