[19:00:17.605] Starting plan irradiation...
	Plan name: Plan de movimiento solo stage
	Plan comment: pouu
	Absolut shift from X to (0,0) well: [0.000 0.000 0.000]
[19:00:20.307] Starting iteration 1
[19:00:20.307] Moving to: [0.000 0.000 0.000]
[19:00:24.411] Arrived at: [0.000 0.000 0.000]
[19:00:24.412] Wait 0.000s
[19:00:24.413] Continue movement.

[19:00:24.413] Moving to: [2.200 0.000 0.000]
[19:00:26.585] Arrived at: [2.200 0.000 0.000]
[19:00:26.585] Wait 0.000s
[19:00:26.586] Continue movement.

[19:00:26.586] Moving to: [0.000 -0.200 0.000]
[19:00:29.197] Arrived at: [0.000 -0.200 0.000]
[19:00:29.205] Wait 0.000s
[19:00:29.207] Continue movement.

[19:00:29.207] Moving to: [2.200 -0.400 0.000]
[19:00:31.641] Arrived at: [2.200 -0.400 0.000]
[19:00:31.641] Wait 0.000s
[19:00:31.645] Continue movement.

[19:00:31.646] Moving to: [0.000 -0.600 0.000]
[19:00:34.250] Arrived at: [0.000 -0.600 0.000]
[19:00:34.250] Wait 0.000s
[19:00:34.254] Continue movement.

[19:00:34.254] Moving to: [2.200 -0.800 0.000]
[19:00:36.871] Arrived at: [2.200 -0.800 0.000]
[19:00:36.872] Wait 0.000s
[19:00:36.872] Continue movement.

[19:00:36.872] Moving to: [0.000 -1.000 0.000]
[19:00:39.480] Arrived at: [0.000 -1.000 0.000]
[19:00:39.480] Wait 0.000s
[19:00:39.484] Continue movement.

[19:00:39.484] Moving to: [2.200 -1.200 0.000]
[19:00:42.093] Arrived at: [2.200 -1.200 0.000]
[19:00:42.093] Wait 0.000s
[19:00:42.097] Continue movement.

[19:00:42.097] Moving to: [0.000 -1.400 0.000]
[19:00:44.697] Arrived at: [0.000 -1.400 0.000] WARNING!
[19:00:44.697] Wait 0.000s
[19:00:44.701] Continue movement.

[19:00:44.702] Moving to: [2.200 -1.600 0.000]
[19:00:47.151] Arrived at: [2.200 -1.600 0.000]
[19:00:47.151] Wait 0.000s
[19:00:47.151] Continue movement.

[19:00:47.151] Moving to: [0.000 -1.800 0.000]
[19:00:49.769] Arrived at: [0.000 -1.800 0.000]
[19:00:49.770] Wait 0.000s
[19:00:49.774] Continue movement.

[19:00:49.775] Moving to: [2.200 -2.000 0.000]
[19:00:52.361] Arrived at: [2.200 -2.000 0.000]
[19:00:52.361] Wait 0.000s
[19:00:52.361] Continue movement.

[19:00:52.365] Moving to: [0.000 -2.200 0.000]
[19:00:54.981] Arrived at: [0.000 -2.200 0.000]
[19:00:54.981] Wait 0.000s
[19:00:54.985] Continue movement.

[19:00:54.986] Moving to: [2.200 -2.400 0.000]
[19:00:57.613] Arrived at: [2.200 -2.400 0.000]
[19:00:57.613] Wait 0.000s
[19:00:57.615] Continue movement.

[19:00:57.615] Finished iteration 1

[19:00:57.615] Starting iteration 2
[19:00:57.615] Moving to: [0.000 0.000 0.000]
[19:01:01.706] Arrived at: [0.000 0.000 0.000]
[19:01:01.706] Wait 0.000s
[19:01:01.706] Continue movement.

[19:01:01.706] Moving to: [2.200 0.000 0.000]
[19:01:03.697] Arrived at: [2.200 0.000 0.000]
[19:01:03.697] Wait 0.000s
[19:01:03.697] Continue movement.

[19:01:03.697] Moving to: [0.000 -0.200 0.000]
[19:01:06.254] Arrived at: [0.000 -0.200 0.000]
[19:01:06.254] Wait 0.000s
[19:01:06.254] Continue movement.

[19:01:06.254] Moving to: [2.200 -0.400 0.000]
[19:01:08.879] Arrived at: [2.200 -0.400 0.000]
[19:01:08.879] Wait 0.000s
[19:01:08.883] Continue movement.

[19:01:08.883] Moving to: [0.000 -0.600 0.000]
[19:01:11.489] Arrived at: [0.000 -0.600 0.000]
[19:01:11.489] Wait 0.000s
[19:01:11.493] Continue movement.

[19:01:11.493] Moving to: [2.200 -0.800 0.000]
[19:01:14.104] Arrived at: [2.200 -0.800 0.000]
[19:01:14.104] Wait 0.000s
[19:01:14.104] Continue movement.

[19:01:14.109] Moving to: [0.000 -1.000 0.000]
[19:01:16.725] Arrived at: [0.000 -1.000 0.000]
[19:01:16.726] Wait 0.000s
[19:01:16.727] Continue movement.

[19:01:16.727] Moving to: [2.200 -1.200 0.000]
[19:01:19.335] Arrived at: [2.200 -1.200 0.000]
[19:01:19.336] Wait 0.000s
[19:01:19.337] Continue movement.

[19:01:19.338] Moving to: [0.000 -1.400 0.000]
[19:01:21.957] Arrived at: [0.000 -1.400 0.000] WARNING!
[19:01:21.957] Wait 0.000s
[19:01:21.957] Continue movement.

[19:01:21.957] Moving to: [2.200 -1.600 0.000]
[19:01:24.554] Arrived at: [2.200 -1.600 0.000]
[19:01:24.558] Wait 0.000s
[19:01:24.558] Continue movement.

[19:01:24.558] Moving to: [0.000 -1.800 0.000]
[19:01:27.180] Arrived at: [0.000 -1.800 0.000]
[19:01:27.180] Wait 0.000s
[19:01:27.180] Continue movement.

[19:01:27.180] Moving to: [2.200 -2.000 0.000]
[19:01:29.779] Arrived at: [2.200 -2.000 0.000]
[19:01:29.779] Wait 0.000s
[19:01:29.781] Continue movement.

[19:01:29.781] Moving to: [0.000 -2.200 0.000]
[19:01:32.375] Arrived at: [0.000 -2.200 0.000]
[19:01:32.379] Wait 0.000s
[19:01:32.379] Continue movement.

[19:01:32.379] Moving to: [2.200 -2.400 0.000]
[19:01:34.972] Arrived at: [2.200 -2.400 0.000]
[19:01:34.972] Wait 0.000s
[19:01:34.976] Continue movement.

[19:01:34.977] Finished iteration 2

[19:01:34.977] Starting iteration 3
[19:01:34.977] Moving to: [0.000 0.000 0.000]
[19:01:39.054] Arrived at: [0.000 0.000 0.000]
[19:01:39.054] Wait 0.000s
[19:01:39.059] Continue movement.

[19:01:39.059] Moving to: [2.200 0.000 0.000]
[19:01:41.235] Arrived at: [2.200 0.000 0.000]
[19:01:41.235] Wait 0.000s
[19:01:41.239] Continue movement.

[19:01:41.239] Moving to: [0.000 -0.200 0.000]
[19:01:43.847] Arrived at: [0.000 -0.200 0.000]
[19:01:43.847] Wait 0.000s
[19:01:43.851] Continue movement.

[19:01:43.852] Moving to: [2.200 -0.400 0.000]
[19:01:46.303] Arrived at: [2.200 -0.400 0.000]
[19:01:46.305] Wait 0.000s
[19:01:46.308] Continue movement.

[19:01:46.309] Moving to: [0.000 -0.600 0.000]
[19:01:48.906] Arrived at: [0.000 -0.600 0.000]
[19:01:48.906] Wait 0.000s
[19:01:48.908] Continue movement.

[19:01:48.909] Moving to: [2.200 -0.800 0.000]
[19:01:51.352] Arrived at: [2.200 -0.800 0.000]
[19:01:51.352] Wait 0.000s
[19:01:51.356] Continue movement.

[19:01:51.356] Moving to: [0.000 -1.000 0.000]
[19:01:53.959] Arrived at: [0.000 -1.000 0.000]
[19:01:53.959] Wait 0.000s
[19:01:53.959] Continue movement.

[19:01:53.959] Moving to: [2.200 -1.200 0.000]
[19:01:56.565] Arrived at: [2.200 -1.200 0.000]
[19:01:56.566] Wait 0.000s
[19:01:56.568] Continue movement.

[19:01:56.570] Moving to: [0.000 -1.400 0.000]
[19:01:59.174] Arrived at: [0.000 -1.400 0.000] WARNING!
[19:01:59.175] Wait 0.000s
[19:01:59.175] Continue movement.

[19:01:59.178] Moving to: [2.200 -1.600 0.000]
[19:02:01.787] Arrived at: [2.200 -1.600 0.000]
[19:02:01.787] Wait 0.000s
[19:02:01.789] Continue movement.

[19:02:01.790] Moving to: [0.000 -1.800 0.000]
[19:02:04.402] Arrived at: [0.000 -1.800 0.000]
[19:02:04.402] Wait 0.000s
[19:02:04.405] Continue movement.

[19:02:04.405] Moving to: [2.200 -2.000 0.000]
[19:02:07.002] Arrived at: [2.200 -2.000 0.000]
[19:02:07.002] Wait 0.000s
[19:02:07.007] Continue movement.

[19:02:07.008] Moving to: [0.000 -2.200 0.000]
[19:02:09.624] Arrived at: [0.000 -2.200 0.000]
[19:02:09.624] Wait 0.000s
[19:02:09.625] Continue movement.

[19:02:09.625] Moving to: [2.200 -2.400 0.000]
[19:02:12.225] Arrived at: [2.200 -2.400 0.000]
[19:02:12.226] Wait 0.000s
[19:02:12.227] Continue movement.

[19:02:12.228] Finished iteration 3

[19:02:12.228] Starting iteration 4
[19:02:12.229] Moving to: [0.000 0.000 0.000]
[19:02:16.333] Arrived at: [0.000 0.000 0.000]
[19:02:16.334] Wait 0.000s
[19:02:16.336] Continue movement.

[19:02:16.337] Moving to: [2.200 0.000 0.000]
[19:02:18.500] Arrived at: [2.200 0.000 0.000]
[19:02:18.500] Wait 0.000s
[19:02:18.504] Continue movement.

[19:02:18.504] Moving to: [0.000 -0.200 0.000]
[19:02:21.120] Arrived at: [0.000 -0.200 0.000]
[19:02:21.124] Wait 0.000s
[19:02:21.124] Continue movement.

[19:02:21.124] Moving to: [2.200 -0.400 0.000]
[19:02:23.722] Arrived at: [2.200 -0.400 0.000]
[19:02:23.723] Wait 0.000s
[19:02:23.724] Continue movement.

[19:02:23.725] Moving to: [0.000 -0.600 0.000]
[19:02:26.346] Arrived at: [0.000 -0.600 0.000]
[19:02:26.346] Wait 0.000s
[19:02:26.347] Continue movement.

[19:02:26.347] Moving to: [2.200 -0.800 0.000]
[19:02:28.953] Arrived at: [2.200 -0.800 0.000]
[19:02:28.957] Wait 0.000s
[19:02:28.958] Continue movement.

[19:02:28.959] Moving to: [0.000 -1.000 0.000]
[19:02:31.577] Arrived at: [0.000 -1.000 0.000]
[19:02:31.578] Wait 0.000s
[19:02:31.581] Continue movement.

[19:02:31.582] Moving to: [2.200 -1.200 0.000]
[19:02:34.001] Arrived at: [2.200 -1.200 0.000]
[19:02:34.001] Wait 0.000s
[19:02:34.005] Continue movement.

[19:02:34.006] Moving to: [0.000 -1.400 0.000]
[19:02:36.608] Arrived at: [0.000 -1.400 0.000] WARNING!
[19:02:36.609] Wait 0.000s
[19:02:36.609] Continue movement.

[19:02:36.613] Moving to: [2.200 -1.600 0.000]
[19:02:39.223] Arrived at: [2.200 -1.600 0.000]
[19:02:39.228] Wait 0.000s
[19:02:39.229] Continue movement.

[19:02:39.230] Moving to: [0.000 -1.800 0.000]
[19:02:41.853] Arrived at: [0.000 -1.800 0.000]
[19:02:41.853] Wait 0.000s
[19:02:41.853] Continue movement.

[19:02:41.853] Moving to: [2.200 -2.000 0.000]
[19:02:44.480] Arrived at: [2.200 -2.000 0.000]
[19:02:44.481] Wait 0.000s
[19:02:44.481] Continue movement.

[19:02:44.481] Moving to: [0.000 -2.200 0.000]
[19:02:47.105] Arrived at: [0.000 -2.200 0.000]
[19:02:47.105] Wait 0.000s
[19:02:47.109] Continue movement.

[19:02:47.109] Moving to: [2.200 -2.400 0.000]
[19:02:49.728] Arrived at: [2.200 -2.400 0.000]
[19:02:49.729] Wait 0.000s
[19:02:49.730] Continue movement.

[19:02:49.731] Finished iteration 4

[19:02:49.731] Starting iteration 5
[19:02:49.733] Moving to: [0.000 0.000 0.000]
[19:02:53.852] Arrived at: [0.000 0.000 0.000]
[19:02:53.852] Wait 0.000s
[19:02:53.853] Continue movement.

[19:02:53.853] Moving to: [2.200 0.000 0.000]
[19:02:56.029] Arrived at: [2.200 0.000 0.000]
[19:02:56.029] Wait 0.000s
[19:02:56.031] Continue movement.

[19:02:56.032] Moving to: [0.000 -0.200 0.000]
[19:02:58.484] Arrived at: [0.000 -0.200 0.000]
[19:02:58.484] Wait 0.000s
[19:02:58.488] Continue movement.

[19:02:58.488] Moving to: [2.200 -0.400 0.000]
[19:03:00.922] Arrived at: [2.200 -0.400 0.000]
[19:03:00.922] Wait 0.000s
[19:03:00.927] Continue movement.

[19:03:00.928] Moving to: [0.000 -0.600 0.000]
[19:03:03.535] Arrived at: [0.000 -0.600 0.000]
[19:03:03.535] Wait 0.000s
[19:03:03.535] Continue movement.

[19:03:03.535] Moving to: [2.200 -0.800 0.000]
[19:03:06.040] Arrived at: [2.200 -0.800 0.000]
[19:03:06.041] Wait 0.000s
[19:03:06.043] Continue movement.

[19:03:06.044] Moving to: [0.000 -1.000 0.000]
[19:03:08.443] Arrived at: [0.000 -1.000 0.000]
[19:03:08.443] Wait 0.000s
[19:03:08.444] Continue movement.

[19:03:08.444] Moving to: [2.200 -1.200 0.000]
[19:03:11.063] Arrived at: [2.200 -1.200 0.000]
[19:03:11.064] Wait 0.000s
[19:03:11.065] Continue movement.

[19:03:11.066] Moving to: [0.000 -1.400 0.000]
[19:03:13.555] Arrived at: [0.000 -1.400 0.000] WARNING!
[19:03:13.555] Wait 0.000s
[19:03:13.556] Continue movement.

[19:03:13.557] Moving to: [2.200 -1.600 0.000]
[19:03:16.064] Arrived at: [2.200 -1.600 0.000]
[19:03:16.065] Wait 0.000s
[19:03:16.066] Continue movement.

[19:03:16.066] Moving to: [0.000 -1.800 0.000]
[19:03:18.555] Arrived at: [0.000 -1.800 0.000]
[19:03:18.555] Wait 0.000s
[19:03:18.556] Continue movement.

[19:03:18.556] Moving to: [2.200 -2.000 0.000]
[19:03:21.025] Arrived at: [2.200 -2.000 0.000]
[19:03:21.025] Wait 0.000s
[19:03:21.026] Continue movement.

[19:03:21.026] Moving to: [0.000 -2.200 0.000]
[19:03:23.506] Arrived at: [0.000 -2.200 0.000]
[19:03:23.507] Wait 0.000s
[19:03:23.507] Continue movement.

[19:03:23.508] Moving to: [2.200 -2.400 0.000]
[19:03:25.930] Arrived at: [2.200 -2.400 0.000]
[19:03:25.931] Wait 0.000s
[19:03:25.931] Continue movement.

[19:03:25.931] Finished iteration 5

[19:03:25.931] Starting iteration 6
[19:03:25.932] Moving to: [0.000 0.000 0.000]
[19:03:29.965] Arrived at: [0.000 0.000 0.000]
[19:03:29.965] Wait 0.000s
[19:03:29.967] Continue movement.

[19:03:29.968] Moving to: [2.200 0.000 0.000]
[19:03:32.027] Arrived at: [2.200 0.000 0.000]
[19:03:32.028] Wait 0.000s
[19:03:32.029] Continue movement.

[19:03:32.029] Moving to: [0.000 -0.200 0.000]
[19:03:34.502] Arrived at: [0.000 -0.200 0.000]
[19:03:34.503] Wait 0.000s
[19:03:34.504] Continue movement.

[19:03:34.505] Moving to: [2.200 -0.400 0.000]
[19:03:36.963] Arrived at: [2.200 -0.400 0.000]
[19:03:36.963] Wait 0.000s
[19:03:36.964] Continue movement.

[19:03:36.964] Moving to: [0.000 -0.600 0.000]
[19:03:39.415] Arrived at: [0.000 -0.600 0.000]
[19:03:39.416] Wait 0.000s
[19:03:39.418] Continue movement.

[19:03:39.418] Moving to: [2.200 -0.800 0.000]
[19:03:41.912] Arrived at: [2.200 -0.800 0.000]
[19:03:41.913] Wait 0.000s
[19:03:41.913] Continue movement.

[19:03:41.913] Moving to: [0.000 -1.000 0.000]
[19:03:44.400] Arrived at: [0.000 -1.000 0.000]
[19:03:44.400] Wait 0.000s
[19:03:44.401] Continue movement.

[19:03:44.402] Moving to: [2.200 -1.200 0.000]
[19:03:46.875] Arrived at: [2.200 -1.200 0.000]
[19:03:46.875] Wait 0.000s
[19:03:46.877] Continue movement.

[19:03:46.878] Moving to: [0.000 -1.400 0.000]
[19:03:49.375] Arrived at: [0.000 -1.400 0.000] WARNING!
[19:03:49.375] Wait 0.000s
[19:03:49.376] Continue movement.

[19:03:49.376] Moving to: [2.200 -1.600 0.000]
[19:03:51.858] Arrived at: [2.200 -1.600 0.000]
[19:03:51.859] Wait 0.000s
[19:03:51.860] Continue movement.

[19:03:51.861] Moving to: [0.000 -1.800 0.000]
[19:03:54.310] Arrived at: [0.000 -1.800 0.000]
[19:03:54.310] Wait 0.000s
[19:03:54.312] Continue movement.

[19:03:54.313] Moving to: [2.200 -2.000 0.000]
[19:03:56.794] Arrived at: [2.200 -2.000 0.000]
[19:03:56.795] Wait 0.000s
[19:03:56.798] Continue movement.

[19:03:56.798] Moving to: [0.000 -2.200 0.000]
[19:03:59.250] Arrived at: [0.000 -2.200 0.000]
[19:03:59.251] Wait 0.000s
[19:03:59.253] Continue movement.

[19:03:59.253] Moving to: [2.200 -2.400 0.000]
[19:04:01.731] Arrived at: [2.200 -2.400 0.000]
[19:04:01.732] Wait 0.000s
[19:04:01.733] Continue movement.

[19:04:01.733] Finished iteration 6

[19:04:01.734] Starting iteration 7
[19:04:01.734] Moving to: [0.000 0.000 0.000]
[19:04:05.782] Arrived at: [0.000 0.000 0.000]
[19:04:05.783] Wait 0.000s
[19:04:05.783] Continue movement.

[19:04:05.783] Moving to: [2.200 0.000 0.000]
[19:04:07.823] Arrived at: [2.200 0.000 0.000]
[19:04:07.823] Wait 0.000s
[19:04:07.824] Continue movement.

[19:04:07.825] Moving to: [0.000 -0.200 0.000]
[19:04:10.275] Arrived at: [0.000 -0.200 0.000]
[19:04:10.275] Wait 0.000s
[19:04:10.276] Continue movement.

[19:04:10.277] Moving to: [2.200 -0.400 0.000]
[19:04:12.750] Arrived at: [2.200 -0.400 0.000]
[19:04:12.750] Wait 0.000s
[19:04:12.751] Continue movement.

[19:04:12.752] Moving to: [0.000 -0.600 0.000]
[19:04:15.246] Arrived at: [0.000 -0.600 0.000]
[19:04:15.247] Wait 0.000s
[19:04:15.249] Continue movement.

[19:04:15.249] Moving to: [2.200 -0.800 0.000]
[19:04:17.729] Arrived at: [2.200 -0.800 0.000]
[19:04:17.730] Wait 0.000s
[19:04:17.732] Continue movement.

[19:04:17.732] Moving to: [0.000 -1.000 0.000]
[19:04:20.212] Arrived at: [0.000 -1.000 0.000]
[19:04:20.213] Wait 0.000s
[19:04:20.214] Continue movement.

[19:04:20.215] Moving to: [2.200 -1.200 0.000]
[19:04:22.652] Arrived at: [2.200 -1.200 0.000]
[19:04:22.652] Wait 0.000s
[19:04:22.653] Continue movement.

[19:04:22.653] Moving to: [0.000 -1.400 0.000]
[19:04:25.908] Arrived at: [0.000 -1.400 0.000] WARNING!
[19:04:25.909] Wait 0.000s
[19:04:25.918] Continue movement.

[19:04:25.918] Moving to: [2.200 -1.600 0.000]
[19:04:29.125] Arrived at: [2.200 -1.600 0.000]
[19:04:29.126] Wait 0.000s
[19:04:29.127] Continue movement.

[19:04:29.128] Moving to: [0.000 -1.800 0.000]
[19:04:31.610] Arrived at: [0.000 -1.800 0.000]
[19:04:31.610] Wait 0.000s
[19:04:31.612] Continue movement.

[19:04:31.613] Moving to: [2.200 -2.000 0.000]
[19:04:34.094] Arrived at: [2.200 -2.000 0.000]
[19:04:34.095] Wait 0.000s
[19:04:34.096] Continue movement.

[19:04:34.096] Moving to: [0.000 -2.200 0.000]
[19:04:36.589] Arrived at: [0.000 -2.200 0.000]
[19:04:36.590] Wait 0.000s
[19:04:36.591] Continue movement.

[19:04:36.592] Moving to: [2.200 -2.400 0.000]
[19:04:39.088] Arrived at: [2.200 -2.400 0.000]
[19:04:39.089] Wait 0.000s
[19:04:39.089] Continue movement.

[19:04:39.089] Finished iteration 7

[19:04:39.090] Starting iteration 8
[19:04:39.090] Moving to: [0.000 0.000 0.000]
[19:04:43.167] Arrived at: [0.000 0.000 0.000]
[19:04:43.168] Wait 0.000s
[19:04:43.169] Continue movement.

[19:04:43.169] Moving to: [2.200 0.000 0.000]
[19:04:45.240] Arrived at: [2.200 0.000 0.000]
[19:04:45.240] Wait 0.000s
[19:04:45.240] Continue movement.

[19:04:45.241] Moving to: [0.000 -0.200 0.000]
[19:04:47.736] Arrived at: [0.000 -0.200 0.000]
[19:04:47.736] Wait 0.000s
[19:04:47.738] Continue movement.

[19:04:47.738] Moving to: [2.200 -0.400 0.000]
[19:04:50.231] Arrived at: [2.200 -0.400 0.000]
[19:04:50.231] Wait 0.000s
[19:04:50.232] Continue movement.

[19:04:50.233] Moving to: [0.000 -0.600 0.000]
[19:04:52.705] Arrived at: [0.000 -0.600 0.000]
[19:04:52.705] Wait 0.000s
[19:04:52.706] Continue movement.

[19:04:52.707] Moving to: [2.200 -0.800 0.000]
[19:04:55.165] Arrived at: [2.200 -0.800 0.000]
[19:04:55.166] Wait 0.000s
[19:04:55.167] Continue movement.

[19:04:55.168] Moving to: [0.000 -1.000 0.000]
[19:04:57.623] Arrived at: [0.000 -1.000 0.000]
[19:04:57.624] Wait 0.000s
[19:04:57.625] Continue movement.

[19:04:57.625] Moving to: [2.200 -1.200 0.000]
[19:05:00.086] Arrived at: [2.200 -1.200 0.000]
[19:05:00.086] Wait 0.000s
[19:05:00.087] Continue movement.

[19:05:00.087] Moving to: [0.000 -1.400 0.000]
[19:05:02.543] Arrived at: [0.000 -1.400 0.000] WARNING!
[19:05:02.544] Wait 0.000s
[19:05:02.545] Continue movement.

[19:05:02.546] Moving to: [2.200 -1.600 0.000]
[19:05:05.006] Arrived at: [2.200 -1.600 0.000]
[19:05:05.007] Wait 0.000s
[19:05:05.008] Continue movement.

[19:05:05.008] Moving to: [0.000 -1.800 0.000]
[19:05:07.481] Arrived at: [0.000 -1.800 0.000]
[19:05:07.482] Wait 0.000s
[19:05:07.483] Continue movement.

[19:05:07.483] Moving to: [2.200 -2.000 0.000]
[19:05:09.940] Arrived at: [2.200 -2.000 0.000]
[19:05:09.941] Wait 0.000s
[19:05:09.943] Continue movement.

[19:05:09.943] Moving to: [0.000 -2.200 0.000]
[19:05:12.396] Arrived at: [0.000 -2.200 0.000]
[19:05:12.396] Wait 0.000s
[19:05:12.397] Continue movement.

[19:05:12.398] Moving to: [2.200 -2.400 0.000]
[19:05:14.861] Arrived at: [2.200 -2.400 0.000]
[19:05:14.862] Wait 0.000s
[19:05:14.863] Continue movement.

[19:05:14.864] Finished iteration 8

[19:05:14.865] Starting iteration 9
[19:05:14.866] Moving to: [0.000 0.000 0.000]
[19:05:18.915] Arrived at: [0.000 0.000 0.000]
[19:05:18.916] Wait 0.000s
[19:05:18.917] Continue movement.

[19:05:18.918] Moving to: [2.200 0.000 0.000]
[19:05:20.982] Arrived at: [2.200 0.000 0.000]
[19:05:20.983] Wait 0.000s
[19:05:20.985] Continue movement.

[19:05:20.985] Moving to: [0.000 -0.200 0.000]
[19:05:23.458] Arrived at: [0.000 -0.200 0.000]
[19:05:23.459] Wait 0.000s
[19:05:23.461] Continue movement.

[19:05:23.461] Moving to: [2.200 -0.400 0.000]
[19:05:25.932] Arrived at: [2.200 -0.400 0.000]
[19:05:25.933] Wait 0.000s
[19:05:25.934] Continue movement.

[19:05:25.934] Moving to: [0.000 -0.600 0.000]
[19:05:28.389] Arrived at: [0.000 -0.600 0.000]
[19:05:28.390] Wait 0.000s
[19:05:28.392] Continue movement.

[19:05:28.393] Moving to: [2.200 -0.800 0.000]
[19:05:30.862] Arrived at: [2.200 -0.800 0.000]
[19:05:30.862] Wait 0.000s
[19:05:30.864] Continue movement.

[19:05:30.865] Moving to: [0.000 -1.000 0.000]
[19:05:33.324] Arrived at: [0.000 -1.000 0.000]
[19:05:33.325] Wait 0.000s
[19:05:33.326] Continue movement.

[19:05:33.327] Moving to: [2.200 -1.200 0.000]
[19:05:35.800] Arrived at: [2.200 -1.200 0.000]
[19:05:35.801] Wait 0.000s
[19:05:35.803] Continue movement.

[19:05:35.804] Moving to: [0.000 -1.400 0.000]
[19:05:38.397] Arrived at: [0.000 -1.400 0.000] WARNING!
[19:05:38.397] Wait 0.000s
[19:05:38.398] Continue movement.

[19:05:38.398] Moving to: [2.200 -1.600 0.000]
[19:05:40.871] Arrived at: [2.200 -1.600 0.000]
[19:05:40.871] Wait 0.000s
[19:05:40.872] Continue movement.

[19:05:40.872] Moving to: [0.000 -1.800 0.000]
[19:05:43.342] Arrived at: [0.000 -1.800 0.000]
[19:05:43.343] Wait 0.000s
[19:05:43.344] Continue movement.

[19:05:43.344] Moving to: [2.200 -2.000 0.000]
[19:05:45.804] Arrived at: [2.200 -2.000 0.000]
[19:05:45.805] Wait 0.000s
[19:05:45.807] Continue movement.

[19:05:45.808] Moving to: [0.000 -2.200 0.000]
[19:05:48.264] Arrived at: [0.000 -2.200 0.000]
[19:05:48.265] Wait 0.000s
[19:05:48.267] Continue movement.

[19:05:48.268] Moving to: [2.200 -2.400 0.000]
[19:05:50.743] Arrived at: [2.200 -2.400 0.000]
[19:05:50.744] Wait 0.000s
[19:05:50.745] Continue movement.

[19:05:50.746] Finished iteration 9

[19:05:50.746] Plan finished.
