[19:08:39.995] Starting plan irradiation...
	Plan name: Plan de movimiento solo stage
	Plan comment: tungsteno-largo-3
	Absolut shift from X to (0,0) well: [0.000 0.000 0.000]
[19:08:48.555] Starting iteration 1
[19:08:48.555] Moving to: [0.000 0.000 0.000]
[19:08:49.842] Arrived at: [0.000 0.000 0.000]
[19:08:49.842] Wait 5.000s
[19:08:54.851] Continue movement.

[19:08:54.852] Moving to: [10.000 0.000 0.000]
[19:08:55.600] Arrived at: [0.007 0.000 0.000] WARNING!
[19:08:55.600] Wait 0.000s
[19:08:55.600] Continue movement.

[19:08:55.600] Moving to: [0.000 -0.200 0.000]
[19:08:56.783] Arrived at: [0.000 -0.200 0.000]
[19:08:56.783] Wait 0.000s
[19:08:56.783] Continue movement.

[19:08:56.783] Moving to: [10.000 -0.400 0.000]
[19:08:57.964] Arrived at: [0.007 -0.400 0.000] WARNING!
[19:08:57.964] Wait 0.000s
[19:08:57.964] Continue movement.

[19:08:57.964] Moving to: [0.000 -0.600 0.000]
[19:08:59.166] Arrived at: [0.000 -0.600 0.000]
[19:08:59.166] Wait 0.000s
[19:08:59.166] Continue movement.

[19:08:59.166] Moving to: [10.000 -0.800 0.000]
[19:09:00.349] Arrived at: [0.007 -0.800 0.000] WARNING!
[19:09:00.349] Wait 0.000s
[19:09:00.358] Continue movement.

[19:09:00.360] Moving to: [0.000 -1.000 0.000]
[19:09:01.520] Arrived at: [0.000 -1.000 0.000]
[19:09:01.520] Wait 0.000s
[19:09:01.520] Continue movement.

[19:09:01.520] Moving to: [10.000 -1.200 0.000]
[19:09:02.702] Arrived at: [0.007 -1.200 0.000] WARNING!
[19:09:02.702] Wait 0.000s
[19:09:02.702] Continue movement.

[19:09:02.714] Moving to: [0.000 -1.400 0.000]
[19:09:03.881] Arrived at: [0.000 -1.400 0.000] WARNING!
[19:09:03.881] Wait 0.000s
[19:09:03.882] Continue movement.

[19:09:03.883] Moving to: [10.000 -1.600 0.000]
[19:09:05.081] Arrived at: [0.007 -1.600 0.000] WARNING!
[19:09:05.081] Wait 0.000s
[19:09:05.081] Continue movement.

[19:09:05.092] Moving to: [0.000 -1.800 0.000]
[19:09:06.352] Arrived at: [0.000 -1.800 0.000]
[19:09:06.352] Wait 0.000s
[19:09:06.352] Continue movement.

[19:09:06.352] Moving to: [10.000 -2.000 0.000]
[19:09:07.598] Arrived at: [0.007 -2.000 0.000] WARNING!
[19:09:07.599] Wait 0.000s
[19:09:07.600] Continue movement.

[19:09:07.602] Moving to: [0.000 -2.200 0.000]
[19:09:08.804] Arrived at: [0.000 -2.200 0.000]
[19:09:08.806] Wait 0.000s
[19:09:08.807] Continue movement.

[19:09:08.807] Moving to: [10.000 -2.400 0.000]
[19:09:10.103] Arrived at: [0.007 -2.400 0.000] WARNING!
[19:09:10.103] Wait 0.000s
[19:09:10.103] Continue movement.

[19:09:10.103] Moving to: [0.000 -2.600 0.000]
[19:09:11.373] Arrived at: [0.000 -2.600 0.000]
[19:09:11.373] Wait 0.000s
[19:09:11.375] Continue movement.

[19:09:11.376] Moving to: [10.000 -2.800 0.000]
[19:09:12.672] Arrived at: [0.007 -2.800 0.000] WARNING!
[19:09:12.672] Wait 0.000s
[19:09:12.675] Continue movement.

[19:09:12.676] Moving to: [0.000 -3.000 0.000]
[19:09:13.898] Arrived at: [0.000 -3.000 0.000]
[19:09:13.899] Wait 0.000s
[19:09:13.900] Continue movement.

[19:09:13.902] Moving to: [10.000 -3.200 0.000]
[19:09:15.131] Arrived at: [0.007 -3.200 0.000] WARNING!
[19:09:15.131] Wait 0.000s
[19:09:15.134] Continue movement.

[19:09:15.134] Moving to: [0.000 -3.400 0.000]
[19:09:16.331] Arrived at: [0.000 -3.400 0.000]
[19:09:16.331] Wait 0.000s
[19:09:16.335] Continue movement.

[19:09:16.336] Moving to: [10.000 -3.600 0.000]
[19:09:17.529] Arrived at: [0.007 -3.600 0.000] WARNING!
[19:09:17.529] Wait 0.000s
[19:09:17.532] Continue movement.

[19:09:17.533] Moving to: [0.000 -3.800 0.000]
[19:09:18.750] Arrived at: [0.000 -3.800 0.000] WARNING!
[19:09:18.750] Wait 0.000s
[19:09:18.752] Continue movement.

[19:09:18.753] Moving to: [10.000 -4.000 0.000]
[19:09:20.003] Arrived at: [0.007 -4.000 0.000] WARNING!
[19:09:20.003] Wait 0.000s
[19:09:20.003] Continue movement.

[19:09:20.003] Moving to: [0.000 -3.800 0.000]
[19:09:21.208] Arrived at: [0.000 -3.800 0.000] WARNING!
[19:09:21.208] Wait 0.000s
[19:09:21.209] Continue movement.

[19:09:21.210] Moving to: [10.000 -3.600 0.000]
[19:09:22.414] Arrived at: [0.007 -3.600 0.000] WARNING!
[19:09:22.414] Wait 0.000s
[19:09:22.415] Continue movement.

[19:09:22.416] Moving to: [0.000 -3.400 0.000]
[19:09:23.632] Arrived at: [0.000 -3.400 0.000]
[19:09:23.632] Wait 0.000s
[19:09:23.632] Continue movement.

[19:09:23.632] Moving to: [10.000 -3.200 0.000]
[19:09:24.840] Arrived at: [0.007 -3.200 0.000] WARNING!
[19:09:24.840] Wait 0.000s
[19:09:24.851] Continue movement.

[19:09:24.852] Moving to: [0.000 -3.000 0.000]
[19:09:26.054] Arrived at: [0.000 -3.000 0.000]
[19:09:26.054] Wait 0.000s
[19:09:26.054] Continue movement.

[19:09:26.054] Moving to: [10.000 -2.800 0.000]
[19:09:27.253] Arrived at: [0.007 -2.800 0.000] WARNING!
[19:09:27.253] Wait 0.000s
[19:09:27.257] Continue movement.

[19:09:27.258] Moving to: [0.000 -2.600 0.000]
[19:09:28.447] Arrived at: [0.000 -2.600 0.000]
[19:09:28.447] Wait 0.000s
[19:09:28.447] Continue movement.

[19:09:28.447] Moving to: [10.000 -2.400 0.000]
[19:09:29.653] Arrived at: [0.007 -2.400 0.000] WARNING!
[19:09:29.653] Wait 0.000s
[19:09:29.654] Continue movement.

[19:09:29.656] Moving to: [0.000 -2.200 0.000]
[19:09:30.861] Arrived at: [0.000 -2.200 0.000]
[19:09:30.861] Wait 0.000s
[19:09:30.862] Continue movement.

[19:09:30.862] Moving to: [10.000 -2.000 0.000]
[19:09:32.071] Arrived at: [0.007 -2.000 0.000] WARNING!
[19:09:32.071] Wait 0.000s
[19:09:32.073] Continue movement.

[19:09:32.074] Moving to: [0.000 -1.800 0.000]
[19:09:33.255] Arrived at: [0.000 -1.800 0.000]
[19:09:33.255] Wait 0.000s
[19:09:33.255] Continue movement.

[19:09:33.255] Moving to: [10.000 -1.600 0.000]
[19:09:34.474] Arrived at: [0.007 -1.600 0.000] WARNING!
[19:09:34.474] Wait 0.000s
[19:09:34.484] Continue movement.

[19:09:34.485] Moving to: [0.000 -1.400 0.000]
[19:09:35.703] Arrived at: [0.000 -1.400 0.000] WARNING!
[19:09:35.707] Wait 0.000s
[19:09:35.709] Continue movement.

[19:09:35.711] Moving to: [10.000 -1.200 0.000]
[19:09:36.907] Arrived at: [0.007 -1.200 0.000] WARNING!
[19:09:36.907] Wait 0.000s
[19:09:36.914] Continue movement.

[19:09:36.914] Moving to: [0.000 -1.000 0.000]
[19:09:38.117] Arrived at: [0.000 -1.000 0.000]
[19:09:38.117] Wait 0.000s
[19:09:38.117] Continue movement.

[19:09:38.117] Moving to: [10.000 -0.800 0.000]
[19:09:39.318] Arrived at: [0.007 -0.800 0.000] WARNING!
[19:09:39.318] Wait 0.000s
[19:09:39.318] Continue movement.

[19:09:39.329] Moving to: [0.000 -0.600 0.000]
[19:09:40.501] Arrived at: [0.000 -0.600 0.000]
[19:09:40.501] Wait 0.000s
[19:09:40.501] Continue movement.

[19:09:40.501] Moving to: [10.000 -0.400 0.000]
[19:09:41.716] Arrived at: [0.007 -0.400 0.000] WARNING!
[19:09:41.716] Wait 0.000s
[19:09:41.726] Continue movement.

[19:09:41.726] Moving to: [0.000 -0.200 0.000]
[19:09:42.918] Arrived at: [0.000 -0.200 0.000]
[19:09:42.918] Wait 0.000s
[19:09:42.918] Continue movement.

[19:09:42.918] Moving to: [10.000 0.000 0.000]
[19:09:44.111] Arrived at: [0.007 0.000 0.000] WARNING!
[19:09:44.111] Wait 0.000s
[19:09:44.111] Continue movement.

[19:09:44.124] Finished iteration 1

[19:09:44.125] Starting iteration 2
[19:09:44.125] Moving to: [0.000 0.000 0.000]
[19:09:44.865] Arrived at: [0.000 0.000 0.000]
[19:09:44.865] Wait 5.000s
[19:09:49.874] Continue movement.

[19:09:49.874] Moving to: [10.000 0.000 0.000]
[19:09:50.591] Arrived at: [0.007 0.000 0.000] WARNING!
[19:09:50.591] Wait 0.000s
[19:09:50.601] Continue movement.

[19:09:50.603] Moving to: [0.000 -0.200 0.000]
[19:09:51.812] Arrived at: [0.000 -0.200 0.000]
[19:09:51.812] Wait 0.000s
[19:09:51.812] Continue movement.

[19:09:51.812] Moving to: [10.000 -0.400 0.000]
[19:09:53.020] Arrived at: [0.007 -0.400 0.000] WARNING!
[19:09:53.020] Wait 0.000s
[19:09:53.031] Continue movement.

[19:09:53.032] Moving to: [0.000 -0.600 0.000]
[19:09:54.234] Arrived at: [0.000 -0.600 0.000]
[19:09:54.234] Wait 0.000s
[19:09:54.234] Continue movement.

[19:09:54.234] Moving to: [10.000 -0.800 0.000]
[19:09:55.482] Arrived at: [0.007 -0.800 0.000] WARNING!
[19:09:55.482] Wait 0.000s
[19:09:55.482] Continue movement.

[19:09:55.494] Moving to: [0.000 -1.000 0.000]
[19:09:56.698] Arrived at: [0.000 -1.000 0.000]
[19:09:56.698] Wait 0.000s
[19:09:56.698] Continue movement.

[19:09:56.698] Moving to: [10.000 -1.200 0.000]
[19:09:57.931] Arrived at: [0.007 -1.200 0.000] WARNING!
[19:09:57.931] Wait 0.000s
[19:09:57.932] Continue movement.

[19:09:57.935] Moving to: [0.000 -1.400 0.000]
[19:09:59.143] Arrived at: [0.000 -1.400 0.000] WARNING!
[19:09:59.143] Wait 0.000s
[19:09:59.143] Continue movement.

[19:09:59.154] Moving to: [10.000 -1.600 0.000]
[19:10:00.408] Arrived at: [0.007 -1.600 0.000] WARNING!
[19:10:00.408] Wait 0.000s
[19:10:00.418] Continue movement.

[19:10:00.420] Moving to: [0.000 -1.800 0.000]
[19:10:01.622] Arrived at: [0.000 -1.800 0.000]
[19:10:01.622] Wait 0.000s
[19:10:01.622] Continue movement.

[19:10:01.622] Moving to: [10.000 -2.000 0.000]
[19:10:02.870] Arrived at: [0.007 -2.000 0.000] WARNING!
[19:10:02.870] Wait 0.000s
[19:10:02.882] Continue movement.

[19:10:02.883] Moving to: [0.000 -2.200 0.000]
[19:10:04.070] Arrived at: [0.000 -2.200 0.000]
[19:10:04.071] Wait 0.000s
[19:10:04.071] Continue movement.

[19:10:04.071] Moving to: [10.000 -2.400 0.000]
[19:10:05.254] Arrived at: [0.007 -2.400 0.000] WARNING!
[19:10:05.254] Wait 0.000s
[19:10:05.254] Continue movement.

[19:10:05.254] Moving to: [0.000 -2.600 0.000]
[19:10:06.436] Arrived at: [0.000 -2.600 0.000]
[19:10:06.436] Wait 0.000s
[19:10:06.436] Continue movement.

[19:10:06.436] Moving to: [10.000 -2.800 0.000]
[19:10:07.644] Arrived at: [0.007 -2.800 0.000] WARNING!
[19:10:07.644] Wait 0.000s
[19:10:07.645] Continue movement.

[19:10:07.646] Moving to: [0.000 -3.000 0.000]
[19:10:08.833] Arrived at: [0.000 -3.000 0.000]
[19:10:08.833] Wait 0.000s
[19:10:08.833] Continue movement.

[19:10:08.833] Moving to: [10.000 -3.200 0.000]
[19:10:10.066] Arrived at: [0.007 -3.200 0.000] WARNING!
[19:10:10.066] Wait 0.000s
[19:10:10.078] Continue movement.

[19:10:10.079] Moving to: [0.000 -3.400 0.000]
[19:10:11.286] Arrived at: [0.000 -3.400 0.000]
[19:10:11.286] Wait 0.000s
[19:10:11.286] Continue movement.

[19:10:11.286] Moving to: [10.000 -3.600 0.000]
[19:10:12.470] Arrived at: [0.007 -3.600 0.000] WARNING!
[19:10:12.470] Wait 0.000s
[19:10:12.477] Continue movement.

[19:10:12.477] Moving to: [0.000 -3.800 0.000]
[19:10:13.653] Arrived at: [0.000 -3.800 0.000] WARNING!
[19:10:13.653] Wait 0.000s
[19:10:13.654] Continue movement.

[19:10:13.655] Moving to: [10.000 -4.000 0.000]
[19:10:14.881] Arrived at: [0.007 -4.000 0.000] WARNING!
[19:10:14.881] Wait 0.000s
[19:10:14.881] Continue movement.

[19:10:14.881] Moving to: [0.000 -3.800 0.000]
[19:10:16.093] Arrived at: [0.000 -3.800 0.000] WARNING!
[19:10:16.093] Wait 0.000s
[19:10:16.093] Continue movement.

[19:10:16.104] Moving to: [10.000 -3.600 0.000]
[19:10:17.311] Arrived at: [0.007 -3.600 0.000] WARNING!
[19:10:17.311] Wait 0.000s
[19:10:17.322] Continue movement.

[19:10:17.323] Moving to: [0.000 -3.400 0.000]
[19:10:18.575] Arrived at: [0.000 -3.400 0.000]
[19:10:18.575] Wait 0.000s
[19:10:18.575] Continue movement.

[19:10:18.575] Moving to: [10.000 -3.200 0.000]
[19:10:19.759] Arrived at: [0.007 -3.200 0.000] WARNING!
[19:10:19.759] Wait 0.000s
[19:10:19.768] Continue movement.

[19:10:19.769] Moving to: [0.000 -3.000 0.000]
[19:10:20.987] Arrived at: [0.000 -3.000 0.000]
[19:10:20.987] Wait 0.000s
[19:10:20.987] Continue movement.

[19:10:20.987] Moving to: [10.000 -2.800 0.000]
[19:10:22.223] Arrived at: [0.007 -2.800 0.000] WARNING!
[19:10:22.223] Wait 0.000s
[19:10:22.224] Continue movement.

[19:10:22.226] Moving to: [0.000 -2.600 0.000]
[19:10:23.435] Arrived at: [0.000 -2.600 0.000]
[19:10:23.435] Wait 0.000s
[19:10:23.435] Continue movement.

[19:10:23.435] Moving to: [10.000 -2.400 0.000]
[19:10:24.634] Arrived at: [0.007 -2.400 0.000] WARNING!
[19:10:24.634] Wait 0.000s
[19:10:24.634] Continue movement.

[19:10:24.634] Moving to: [0.000 -2.200 0.000]
[19:10:25.912] Arrived at: [0.000 -2.200 0.000]
[19:10:25.912] Wait 0.000s
[19:10:25.915] Continue movement.

[19:10:25.915] Moving to: [10.000 -2.000 0.000]
[19:10:27.096] Arrived at: [0.007 -2.000 0.000] WARNING!
[19:10:27.096] Wait 0.000s
[19:10:27.108] Continue movement.

[19:10:27.110] Moving to: [0.000 -1.800 0.000]
[19:10:28.309] Arrived at: [0.000 -1.800 0.000]
[19:10:28.309] Wait 0.000s
[19:10:28.309] Continue movement.

[19:10:28.309] Moving to: [10.000 -1.600 0.000]
[19:10:29.514] Arrived at: [0.007 -1.600 0.000] WARNING!
[19:10:29.514] Wait 0.000s
[19:10:29.514] Continue movement.

[19:10:29.524] Moving to: [0.000 -1.400 0.000]
[19:10:30.759] Arrived at: [0.000 -1.400 0.000] WARNING!
[19:10:30.759] Wait 0.000s
[19:10:30.771] Continue movement.

[19:10:30.772] Moving to: [10.000 -1.200 0.000]
[19:10:32.014] Arrived at: [0.007 -1.200 0.000] WARNING!
[19:10:32.014] Wait 0.000s
[19:10:32.014] Continue movement.

[19:10:32.014] Moving to: [0.000 -1.000 0.000]
[19:10:33.188] Arrived at: [0.000 -1.000 0.000]
[19:10:33.188] Wait 0.000s
[19:10:33.188] Continue movement.

[19:10:33.188] Moving to: [10.000 -0.800 0.000]
[19:10:34.389] Arrived at: [0.007 -0.800 0.000] WARNING!
[19:10:34.389] Wait 0.000s
[19:10:34.389] Continue movement.

[19:10:34.389] Moving to: [0.000 -0.600 0.000]
[19:10:35.591] Arrived at: [0.000 -0.600 0.000]
[19:10:35.591] Wait 0.000s
[19:10:35.591] Continue movement.

[19:10:35.591] Moving to: [10.000 -0.400 0.000]
[19:10:36.787] Arrived at: [0.007 -0.400 0.000] WARNING!
[19:10:36.787] Wait 0.000s
[19:10:36.800] Continue movement.

[19:10:36.802] Moving to: [0.000 -0.200 0.000]
[19:10:38.002] Arrived at: [0.000 -0.200 0.000]
[19:10:38.002] Wait 0.000s
[19:10:38.002] Continue movement.

[19:10:38.002] Moving to: [10.000 0.000 0.000]
[19:10:39.184] Arrived at: [0.007 0.000 0.000] WARNING!
[19:10:39.184] Wait 0.000s
[19:10:39.184] Continue movement.

[19:10:39.184] Finished iteration 2

[19:10:39.193] Starting iteration 3
[19:10:39.193] Moving to: [0.000 0.000 0.000]
[19:10:39.943] Arrived at: [0.000 0.000 0.000]
[19:10:39.943] Wait 5.000s
[19:10:44.951] Continue movement.

[19:10:44.951] Moving to: [10.000 0.000 0.000]
[19:10:45.647] Arrived at: [0.007 0.000 0.000] WARNING!
[19:10:45.647] Wait 0.000s
[19:10:45.652] Continue movement.

[19:10:45.654] Moving to: [0.000 -0.200 0.000]
[19:10:46.838] Arrived at: [0.000 -0.200 0.000]
[19:10:46.838] Wait 0.000s
[19:10:46.843] Continue movement.

[19:10:46.843] Moving to: [10.000 -0.400 0.000]
[19:10:48.091] Arrived at: [0.007 -0.400 0.000] WARNING!
[19:10:48.091] Wait 0.000s
[19:10:48.093] Continue movement.

[19:10:48.094] Moving to: [0.000 -0.600 0.000]
[19:10:49.296] Arrived at: [0.000 -0.600 0.000]
[19:10:49.296] Wait 0.000s
[19:10:49.296] Continue movement.

[19:10:49.296] Moving to: [10.000 -0.800 0.000]
[19:10:50.529] Arrived at: [0.007 -0.800 0.000] WARNING!
[19:10:50.529] Wait 0.000s
[19:10:50.537] Continue movement.

[19:10:50.538] Moving to: [0.000 -1.000 0.000]
[19:10:51.739] Arrived at: [0.000 -1.000 0.000]
[19:10:51.739] Wait 0.000s
[19:10:51.739] Continue movement.

[19:10:51.739] Moving to: [10.000 -1.200 0.000]
[19:10:52.938] Arrived at: [0.007 -1.200 0.000] WARNING!
[19:10:52.950] Wait 0.000s
[19:10:52.953] Continue movement.

[19:10:52.955] Moving to: [0.000 -1.400 0.000]
[19:10:54.127] Arrived at: [0.000 -1.400 0.000] WARNING!
[19:10:54.127] Wait 0.000s
[19:10:54.128] Continue movement.

[19:10:54.129] Moving to: [10.000 -1.600 0.000]
[19:10:55.304] Arrived at: [0.007 -1.600 0.000] WARNING!
[19:10:55.304] Wait 0.000s
[19:10:55.304] Continue movement.

[19:10:55.304] Moving to: [0.000 -1.800 0.000]
[19:10:56.506] Arrived at: [0.000 -1.800 0.000]
[19:10:56.506] Wait 0.000s
[19:10:56.506] Continue movement.

[19:10:56.506] Moving to: [10.000 -2.000 0.000]
[19:10:57.680] Arrived at: [0.007 -2.000 0.000] WARNING!
[19:10:57.680] Wait 0.000s
[19:10:57.680] Continue movement.

[19:10:57.680] Moving to: [0.000 -2.200 0.000]
[19:10:58.909] Arrived at: [0.000 -2.200 0.000]
[19:10:58.909] Wait 0.000s
[19:10:58.909] Continue movement.

[19:10:58.909] Moving to: [10.000 -2.400 0.000]
[19:11:00.116] Arrived at: [0.007 -2.400 0.000] WARNING!
[19:11:00.116] Wait 0.000s
[19:11:00.123] Continue movement.

[19:11:00.123] Moving to: [0.000 -2.600 0.000]
[19:11:01.332] Arrived at: [0.000 -2.600 0.000]
[19:11:01.332] Wait 0.000s
[19:11:01.332] Continue movement.

[19:11:01.332] Moving to: [10.000 -2.800 0.000]
[19:11:02.541] Arrived at: [0.007 -2.800 0.000] WARNING!
[19:11:02.542] Wait 0.000s
[19:11:02.546] Continue movement.

[19:11:02.547] Moving to: [0.000 -3.000 0.000]
[19:11:03.729] Arrived at: [0.000 -3.000 0.000]
[19:11:03.729] Wait 0.000s
[19:11:03.729] Continue movement.

[19:11:03.729] Moving to: [10.000 -3.200 0.000]
[19:11:04.952] Arrived at: [0.007 -3.200 0.000] WARNING!
[19:11:04.952] Wait 0.000s
[19:11:04.961] Continue movement.

[19:11:04.962] Moving to: [0.000 -3.400 0.000]
[19:11:06.208] Arrived at: [0.000 -3.400 0.000]
[19:11:06.208] Wait 0.000s
[19:11:06.212] Continue movement.

[19:11:06.214] Moving to: [10.000 -3.600 0.000]
[19:11:07.438] Arrived at: [0.007 -3.600 0.000] WARNING!
[19:11:07.438] Wait 0.000s
[19:11:07.438] Continue movement.

[19:11:07.438] Moving to: [0.000 -3.800 0.000]
[19:11:08.660] Arrived at: [0.000 -3.800 0.000] WARNING!
[19:11:08.660] Wait 0.000s
[19:11:08.662] Continue movement.

[19:11:08.663] Moving to: [10.000 -4.000 0.000]
[19:11:09.854] Arrived at: [0.007 -4.000 0.000] WARNING!
[19:11:09.854] Wait 0.000s
[19:11:09.865] Continue movement.

[19:11:09.866] Moving to: [0.000 -3.800 0.000]
[19:11:11.063] Arrived at: [0.000 -3.800 0.000] WARNING!
[19:11:11.063] Wait 0.000s
[19:11:11.063] Continue movement.

[19:11:11.063] Moving to: [10.000 -3.600 0.000]
[19:11:12.268] Arrived at: [0.007 -3.600 0.000] WARNING!
[19:11:12.268] Wait 0.000s
[19:11:12.280] Continue movement.

[19:11:12.281] Moving to: [0.000 -3.400 0.000]
[19:11:13.500] Arrived at: [0.000 -3.400 0.000]
[19:11:13.500] Wait 0.000s
[19:11:13.500] Continue movement.

[19:11:13.500] Moving to: [10.000 -3.200 0.000]
[19:11:14.682] Arrived at: [0.007 -3.200 0.000] WARNING!
[19:11:14.682] Wait 0.000s
[19:11:14.682] Continue movement.

[19:11:14.682] Moving to: [0.000 -3.000 0.000]
[19:11:15.868] Arrived at: [0.000 -3.000 0.000]
[19:11:15.868] Wait 0.000s
[19:11:15.868] Continue movement.

[19:11:15.868] Moving to: [10.000 -2.800 0.000]
[19:11:17.110] Arrived at: [0.007 -2.800 0.000] WARNING!
[19:11:17.110] Wait 0.000s
[19:11:17.112] Continue movement.

[19:11:17.114] Moving to: [0.000 -2.600 0.000]
[19:11:18.315] Arrived at: [0.000 -2.600 0.000]
[19:11:18.315] Wait 0.000s
[19:11:18.315] Continue movement.

[19:11:18.315] Moving to: [10.000 -2.400 0.000]
[19:11:19.466] Arrived at: [0.007 -2.400 0.000] WARNING!
[19:11:19.466] Wait 0.000s
[19:11:19.466] Continue movement.

[19:11:19.478] Moving to: [0.000 -2.200 0.000]
[19:11:20.699] Arrived at: [0.000 -2.200 0.000]
[19:11:20.699] Wait 0.000s
[19:11:20.699] Continue movement.

[19:11:20.699] Moving to: [10.000 -2.000 0.000]
[19:11:21.925] Arrived at: [0.007 -2.000 0.000] WARNING!
[19:11:21.925] Wait 0.000s
[19:11:21.928] Continue movement.

[19:11:21.929] Moving to: [0.000 -1.800 0.000]
[19:11:23.159] Arrived at: [0.000 -1.800 0.000]
[19:11:23.159] Wait 0.000s
[19:11:23.159] Continue movement.

[19:11:23.159] Moving to: [10.000 -1.600 0.000]
[19:11:24.394] Arrived at: [0.007 -1.600 0.000] WARNING!
[19:11:24.394] Wait 0.000s
[19:11:24.394] Continue movement.

[19:11:24.403] Moving to: [0.000 -1.400 0.000]
[19:11:25.619] Arrived at: [0.000 -1.400 0.000] WARNING!
[19:11:25.619] Wait 0.000s
[19:11:25.619] Continue movement.

[19:11:25.619] Moving to: [10.000 -1.200 0.000]
[19:11:26.803] Arrived at: [0.007 -1.200 0.000] WARNING!
[19:11:26.803] Wait 0.000s
[19:11:26.817] Continue movement.

[19:11:26.818] Moving to: [0.000 -1.000 0.000]
[19:11:28.041] Arrived at: [0.000 -1.000 0.000]
[19:11:28.041] Wait 0.000s
[19:11:28.041] Continue movement.

[19:11:28.041] Moving to: [10.000 -0.800 0.000]
[19:11:29.254] Arrived at: [0.007 -0.800 0.000] WARNING!
[19:11:29.254] Wait 0.000s
[19:11:29.263] Continue movement.

[19:11:29.263] Moving to: [0.000 -0.600 0.000]
[19:11:30.500] Arrived at: [0.000 -0.600 0.000]
[19:11:30.500] Wait 0.000s
[19:11:30.500] Continue movement.

[19:11:30.500] Moving to: [10.000 -0.400 0.000]
[19:11:31.714] Arrived at: [0.007 -0.400 0.000] WARNING!
[19:11:31.714] Wait 0.000s
[19:11:31.714] Continue movement.

[19:11:31.714] Moving to: [0.000 -0.200 0.000]
[19:11:32.917] Arrived at: [0.000 -0.200 0.000]
[19:11:32.917] Wait 0.000s
[19:11:32.917] Continue movement.

[19:11:32.917] Moving to: [10.000 0.000 0.000]
[19:11:34.163] Arrived at: [0.007 0.000 0.000] WARNING!
[19:11:34.163] Wait 0.000s
[19:11:34.163] Continue movement.

[19:11:34.170] Finished iteration 3

[19:11:34.170] Plan finished.
