[16:18:31.987] Starting plan irradiation...
	Plan name: Plan de movimiento solo stage
	Plan comment: prueba
	Absolut shift from X to (0,0) well: [0.000 0.000 0.000]
[16:18:42.395] Starting iteration 1
[16:18:42.402] Moving to: [-1.000 1.000 0.000]
[16:18:44.455] Arrived at: [-1.000 1.000 0.000]
[16:18:44.456] Wait 0.100s
[16:18:44.566] Continue movement.

[16:18:44.570] Moving to: [-1.000 0.000 0.000]
[16:18:45.979] Arrived at: [-1.000 0.000 0.000]
[16:18:45.979] Wait 0.100s
[16:18:46.081] Continue movement.

[16:18:46.086] Moving to: [0.000 0.000 0.000]
[16:18:47.452] Arrived at: [0.000 0.000 0.000]
[16:18:47.457] Wait 0.100s
[16:18:47.563] Continue movement.

[16:18:47.565] Moving to: [0.000 1.000 0.000]
[16:18:48.919] Arrived at: [0.000 1.000 0.000]
[16:18:48.923] Wait 0.100s
[16:18:49.027] Continue movement.

[16:18:49.030] Moving to: [1.000 1.000 0.000]
[16:18:50.390] Arrived at: [1.000 1.000 0.000]
[16:18:50.393] Wait 0.100s
[16:18:50.498] Continue movement.

[16:18:50.501] Moving to: [1.000 0.000 0.000]
[16:18:51.822] Arrived at: [1.000 0.000 0.000]
[16:18:51.823] Wait 0.100s
[16:18:51.926] Continue movement.

[16:18:51.927] Moving to: [1.000 -1.000 0.000]
[16:18:53.215] Arrived at: [1.000 -1.000 0.000]
[16:18:53.219] Wait 0.100s
[16:18:53.319] Continue movement.

[16:18:53.319] Moving to: [0.000 -1.000 0.000]
[16:18:54.591] Arrived at: [0.000 -1.000 0.000]
[16:18:54.595] Wait 0.100s
[16:18:54.695] Continue movement.

[16:18:54.695] Moving to: [-1.000 -1.000 0.000]
[16:18:55.986] Arrived at: [-1.000 -1.000 0.000]
[16:18:55.986] Wait 0.100s
[16:18:56.090] Continue movement.

[16:18:56.090] Finished iteration 1

[16:18:56.094] Starting iteration 2
[16:18:56.095] Moving to: [-1.000 1.000 0.000]
[16:18:57.989] Arrived at: [-1.000 1.000 0.000]
[16:18:57.993] Wait 0.100s
[16:18:58.096] Continue movement.

[16:18:58.096] Moving to: [-1.000 0.000 0.000]
[16:18:59.376] Arrived at: [-1.000 0.000 0.000]
[16:18:59.376] Wait 0.100s
[16:18:59.481] Continue movement.

[16:18:59.481] Moving to: [0.000 0.000 0.000]
[16:19:00.755] Arrived at: [0.000 0.000 0.000]
[16:19:00.760] Wait 0.100s
[16:19:00.864] Continue movement.

[16:19:00.865] Moving to: [0.000 1.000 0.000]
[16:19:02.160] Arrived at: [0.000 1.000 0.000]
[16:19:02.160] Wait 0.100s
[16:19:02.265] Continue movement.

[16:19:02.266] Moving to: [1.000 1.000 0.000]
[16:19:03.572] Arrived at: [1.000 1.000 0.000]
[16:19:03.572] Wait 0.100s
[16:19:03.675] Continue movement.

[16:19:03.675] Moving to: [1.000 0.000 0.000]
[16:19:04.978] Arrived at: [1.000 0.000 0.000]
[16:19:04.979] Wait 0.100s
[16:19:05.081] Continue movement.

[16:19:05.082] Moving to: [1.000 -1.000 0.000]
[16:19:06.378] Arrived at: [1.000 -1.000 0.000]
[16:19:06.379] Wait 0.100s
[16:19:06.481] Continue movement.

[16:19:06.484] Moving to: [0.000 -1.000 0.000]
[16:19:07.772] Arrived at: [0.000 -1.000 0.000]
[16:19:07.772] Wait 0.100s
[16:19:07.877] Continue movement.

[16:19:07.877] Moving to: [-1.000 -1.000 0.000]
[16:19:09.170] Arrived at: [-1.000 -1.000 0.000]
[16:19:09.170] Wait 0.100s
[16:19:09.270] Continue movement.

[16:19:09.272] Finished iteration 2

[16:19:09.275] Starting iteration 3
[16:19:09.278] Moving to: [-1.000 1.000 0.000]
[16:19:11.155] Arrived at: [-1.000 1.000 0.000]
[16:19:11.155] Wait 0.100s
[16:19:11.258] Continue movement.

[16:19:11.258] Moving to: [-1.000 0.000 0.000]
[16:19:12.558] Arrived at: [-1.000 0.000 0.000]
[16:19:12.558] Wait 0.100s
[16:19:12.664] Continue movement.

[16:19:12.665] Moving to: [0.000 0.000 0.000]
[16:19:13.949] Arrived at: [0.000 0.000 0.000]
[16:19:13.949] Wait 0.100s
[16:19:14.054] Continue movement.

[16:19:14.055] Moving to: [0.000 1.000 0.000]
[16:19:15.342] Arrived at: [0.000 1.000 0.000]
[16:19:15.347] Wait 0.100s
[16:19:15.451] Continue movement.

[16:19:15.452] Moving to: [1.000 1.000 0.000]
[16:19:16.782] Arrived at: [1.000 1.000 0.000]
[16:19:16.782] Wait 0.100s
[16:19:16.887] Continue movement.

[16:19:16.887] Moving to: [1.000 0.000 0.000]
[16:19:18.174] Arrived at: [1.000 0.000 0.000]
[16:19:18.175] Wait 0.100s
[16:19:18.277] Continue movement.

[16:19:18.277] Moving to: [1.000 -1.000 0.000]
[16:19:19.654] Arrived at: [1.000 -1.000 0.000]
[16:19:19.654] Wait 0.100s
[16:19:19.758] Continue movement.

[16:19:19.760] Moving to: [0.000 -1.000 0.000]
[16:19:21.105] Arrived at: [0.000 -1.000 0.000]
[16:19:21.106] Wait 0.100s
[16:19:21.208] Continue movement.

[16:19:21.208] Moving to: [-1.000 -1.000 0.000]
[16:19:22.565] Arrived at: [-1.000 -1.000 0.000]
[16:19:22.569] Wait 0.100s
[16:19:22.674] Continue movement.

[16:19:22.674] Finished iteration 3

[16:19:22.674] Plan finished.
