[16:22:47.754] Starting plan irradiation...
	Plan name: Plan de movimiento solo stage
	Plan comment: prueba
	Absolut shift from X to (0,0) well: [0.000 0.000 0.000]
[16:22:53.116] Starting iteration 1
[16:22:53.116] Moving to: [0.000 0.000 0.000]
[16:22:53.362] Arrived at: [0.000 0.000 0.000]
[16:22:53.366] Wait 5.000s
[16:22:58.368] Continue movement.

[16:22:58.370] Moving to: [10.000 0.000 0.000]
[16:23:05.643] Arrived at: [10.000 0.000 0.000]
[16:23:05.647] Wait 0.000s
[16:23:05.649] Continue movement.

[16:23:05.649] Moving to: [0.000 -0.200 0.000]
[16:23:13.312] Arrived at: [0.000 -0.200 0.000]
[16:23:13.321] Wait 0.000s
[16:23:13.323] Continue movement.

[16:23:13.324] Moving to: [10.000 -0.400 0.000]
[16:23:21.005] Arrived at: [10.000 -0.400 0.000]
[16:23:21.006] Wait 0.000s
[16:23:21.007] Continue movement.

[16:23:21.008] Moving to: [0.000 -0.600 0.000]
[16:23:28.661] Arrived at: [0.000 -0.600 0.000]
[16:23:28.661] Wait 0.000s
[16:23:28.661] Continue movement.

[16:23:28.661] Moving to: [10.000 -0.800 0.000]
[16:23:36.315] Arrived at: [10.000 -0.800 0.000]
[16:23:36.316] Wait 0.000s
[16:23:36.316] Continue movement.

[16:23:36.316] Moving to: [0.000 -1.000 0.000]
[16:23:43.953] Arrived at: [0.000 -1.000 0.000]
[16:23:43.954] Wait 0.000s
[16:23:43.954] Continue movement.

[16:23:43.954] Moving to: [10.000 -1.200 0.000]
[16:23:51.632] Arrived at: [10.000 -1.200 0.000]
[16:23:51.632] Wait 0.000s
[16:23:51.636] Continue movement.

[16:23:51.636] Moving to: [0.000 -1.400 0.000]
[16:23:59.452] Arrived at: [0.000 -1.400 0.000] WARNING!
[16:23:59.453] Wait 0.000s
[16:23:59.455] Continue movement.

[16:23:59.457] Moving to: [10.000 -1.600 0.000]
[16:24:07.144] Arrived at: [10.000 -1.600 0.000]
[16:24:07.145] Wait 0.000s
[16:24:07.148] Continue movement.

[16:24:07.148] Moving to: [0.000 -1.800 0.000]
[16:24:14.964] Arrived at: [0.000 -1.800 0.000]
[16:24:14.966] Wait 0.000s
[16:24:14.968] Continue movement.

[16:24:14.968] Moving to: [10.000 -2.000 0.000]
[16:24:22.609] Arrived at: [10.000 -2.000 0.000]
[16:24:22.610] Wait 0.000s
[16:24:22.613] Continue movement.

[16:24:22.613] Moving to: [0.000 -2.200 0.000]
[16:24:30.292] Arrived at: [0.000 -2.200 0.000]
[16:24:30.296] Wait 0.000s
[16:24:30.296] Continue movement.

[16:24:30.296] Moving to: [10.000 -2.400 0.000]
[16:24:38.106] Arrived at: [10.000 -2.400 0.000]
[16:24:38.107] Wait 0.000s
[16:24:38.109] Continue movement.

[16:24:38.109] Moving to: [0.000 -2.600 0.000]
[16:24:45.762] Arrived at: [0.000 -2.600 0.000]
[16:24:45.762] Wait 0.000s
[16:24:45.762] Continue movement.

[16:24:45.762] Moving to: [10.000 -2.800 0.000]
[16:24:53.433] Arrived at: [10.000 -2.800 0.000] WARNING!
[16:24:53.437] Wait 0.000s
[16:24:53.439] Continue movement.

[16:24:53.441] Moving to: [0.000 -3.000 0.000]
[16:25:01.253] Arrived at: [0.000 -3.000 0.000]
[16:25:01.253] Wait 0.000s
[16:25:01.255] Continue movement.

[16:25:01.256] Moving to: [10.000 -3.200 0.000]
[16:25:08.946] Arrived at: [10.000 -3.200 0.000]
[16:25:08.947] Wait 0.000s
[16:25:08.948] Continue movement.

[16:25:08.949] Moving to: [0.000 -3.400 0.000]
[16:25:16.752] Arrived at: [0.000 -3.400 0.000]
[16:25:16.756] Wait 0.000s
[16:25:16.756] Continue movement.

[16:25:16.756] Moving to: [10.000 -3.600 0.000]
[16:25:24.431] Arrived at: [10.000 -3.600 0.000]
[16:25:24.431] Wait 0.000s
[16:25:24.431] Continue movement.

[16:25:24.435] Moving to: [0.000 -3.800 0.000]
[16:25:32.102] Arrived at: [0.000 -3.800 0.000] WARNING!
[16:25:32.102] Wait 0.000s
[16:25:32.105] Continue movement.

[16:25:32.106] Moving to: [10.000 -4.000 0.000]
[16:25:39.737] Arrived at: [10.000 -4.000 0.000]
[16:25:39.737] Wait 0.000s
[16:25:39.741] Continue movement.

[16:25:39.741] Finished iteration 1

[16:25:39.741] Plan finished.
