[15:34:19.982] Starting plan irradiation...
	Plan name: Plan de movimiento solo stage
	Plan comment: prueba4
	Absolut shift from X to (0,0) well: [0.000 0.000 0.000]
[15:34:28.683] Starting iteration 1
[15:34:28.683] Moving to: [0.000 0.000 0.000]
[15:34:29.077] Arrived at: [0.000 0.000 0.000]
[15:34:29.077] Wait 5.000s
[15:34:34.081] Continue movement.

[15:34:34.081] Moving to: [10.000 0.000 0.000]
[15:34:41.311] Arrived at: [10.000 0.000 0.000]
[15:34:41.311] Wait 0.000s
[15:34:41.311] Continue movement.

[15:34:41.315] Moving to: [0.000 -0.200 0.000]
[15:34:48.978] Arrived at: [0.000 -0.200 0.000]
[15:34:48.987] Wait 0.000s
[15:34:48.988] Continue movement.

[15:34:48.988] Moving to: [10.000 -0.400 0.000]
[15:34:56.634] Arrived at: [10.000 -0.400 0.000]
[15:34:56.636] Wait 0.000s
[15:34:56.636] Continue movement.

[15:34:56.636] Moving to: [0.000 -0.600 0.000]
[15:35:04.294] Arrived at: [0.000 -0.600 0.000]
[15:35:04.294] Wait 0.000s
[15:35:04.294] Continue movement.

[15:35:04.299] Moving to: [10.000 -0.800 0.000]
[15:35:12.110] Arrived at: [10.000 -0.800 0.000]
[15:35:12.110] Wait 0.000s
[15:35:12.111] Continue movement.

[15:35:12.111] Moving to: [0.000 -1.000 0.000]
[15:35:19.764] Arrived at: [0.000 -1.000 0.000]
[15:35:19.764] Wait 0.000s
[15:35:19.769] Continue movement.

[15:35:19.769] Moving to: [10.000 -1.200 0.000]
[15:35:27.426] Arrived at: [10.000 -1.200 0.000]
[15:35:27.426] Wait 0.000s
[15:35:27.426] Continue movement.

[15:35:27.430] Moving to: [0.000 -1.400 0.000]
[15:35:35.245] Arrived at: [0.000 -1.400 0.000] WARNING!
[15:35:35.247] Wait 0.000s
[15:35:35.247] Continue movement.

[15:35:35.251] Moving to: [10.000 -1.600 0.000]
[15:35:42.889] Arrived at: [10.000 -1.600 0.000]
[15:35:42.889] Wait 0.000s
[15:35:42.893] Continue movement.

[15:35:42.895] Moving to: [0.000 -1.800 0.000]
[15:35:50.630] Arrived at: [0.000 -1.800 0.000]
[15:35:50.634] Wait 0.000s
[15:35:50.636] Continue movement.

[15:35:50.640] Moving to: [10.000 -2.000 0.000]
[15:35:58.296] Arrived at: [10.000 -2.000 0.000]
[15:35:58.297] Wait 0.000s
[15:35:58.299] Continue movement.

[15:35:58.300] Moving to: [0.000 -2.200 0.000]
[15:36:05.925] Arrived at: [0.000 -2.200 0.000]
[15:36:05.926] Wait 0.000s
[15:36:05.928] Continue movement.

[15:36:05.929] Moving to: [10.000 -2.400 0.000]
[15:36:13.569] Arrived at: [10.000 -2.400 0.000]
[15:36:13.570] Wait 0.000s
[15:36:13.571] Continue movement.

[15:36:13.572] Moving to: [0.000 -2.600 0.000]
[15:36:21.378] Arrived at: [0.000 -2.600 0.000]
[15:36:21.378] Wait 0.000s
[15:36:21.382] Continue movement.

[15:36:21.382] Moving to: [10.000 -2.800 0.000]
[15:36:29.049] Arrived at: [10.000 -2.800 0.000] WARNING!
[15:36:29.050] Wait 0.000s
[15:36:29.052] Continue movement.

[15:36:29.054] Moving to: [0.000 -3.000 0.000]
[15:36:36.701] Arrived at: [0.000 -3.000 0.000]
[15:36:36.701] Wait 0.000s
[15:36:36.701] Continue movement.

[15:36:36.702] Moving to: [10.000 -3.200 0.000]
[15:36:44.361] Arrived at: [10.000 -3.200 0.000]
[15:36:44.361] Wait 0.000s
[15:36:44.365] Continue movement.

[15:36:44.365] Moving to: [0.000 -3.400 0.000]
[15:36:52.002] Arrived at: [0.000 -3.400 0.000]
[15:36:52.006] Wait 0.000s
[15:36:52.006] Continue movement.

[15:36:52.006] Moving to: [10.000 -3.600 0.000]
[15:36:59.668] Arrived at: [10.000 -3.600 0.000]
[15:36:59.668] Wait 0.000s
[15:36:59.672] Continue movement.

[15:36:59.673] Moving to: [0.000 -3.800 0.000]
[15:37:07.453] Arrived at: [0.000 -3.800 0.000] WARNING!
[15:37:07.454] Wait 0.000s
[15:37:07.456] Continue movement.

[15:37:07.457] Moving to: [10.000 -4.000 0.000]
[15:37:15.292] Arrived at: [10.000 -4.000 0.000]
[15:37:15.292] Wait 0.000s
[15:37:15.296] Continue movement.

[15:37:15.297] Finished iteration 1

[15:37:15.297] Plan finished.
