[18:14:43.233] Starting plan irradiation...
	Plan name: Plan de movimiento solo stage
	Plan comment: prueba
	Absolut shift from X to (0,0) well: [0.000 0.000 0.000]
[18:14:51.297] Starting iteration 1
[18:14:51.297] Moving to: [0.000 0.000 0.000]
[18:14:57.056] Arrived at: [0.000 0.000 0.000]
[18:14:57.056] Wait 0.000s
[18:14:57.057] Continue movement.

[18:14:57.057] Moving to: [2.200 0.000 0.000]
[18:14:59.221] Arrived at: [2.200 0.000 0.000]
[18:14:59.221] Wait 0.000s
[18:14:59.221] Continue movement.

[18:14:59.221] Moving to: [0.000 -0.200 0.000]
[18:15:01.840] Arrived at: [0.000 -0.200 0.000]
[18:15:01.845] Wait 0.000s
[18:15:01.847] Continue movement.

[18:15:01.847] Moving to: [2.200 -0.400 0.000]
[18:15:04.304] Arrived at: [2.200 -0.400 0.000]
[18:15:04.304] Wait 0.000s
[18:15:04.308] Continue movement.

[18:15:04.308] Moving to: [0.000 -0.600 0.000]
[18:15:06.906] Arrived at: [0.000 -0.600 0.000]
[18:15:06.906] Wait 0.000s
[18:15:06.911] Continue movement.

[18:15:06.911] Moving to: [2.200 -0.800 0.000]
[18:15:09.347] Arrived at: [2.200 -0.800 0.000]
[18:15:09.347] Wait 0.000s
[18:15:09.350] Continue movement.

[18:15:09.350] Moving to: [0.000 -1.000 0.000]
[18:15:11.784] Arrived at: [0.000 -1.000 0.000]
[18:15:11.784] Wait 0.000s
[18:15:11.789] Continue movement.

[18:15:11.789] Moving to: [2.200 -1.200 0.000]
[18:15:14.407] Arrived at: [2.200 -1.200 0.000]
[18:15:14.407] Wait 0.000s
[18:15:14.411] Continue movement.

[18:15:14.412] Moving to: [0.000 -1.400 0.000]
[18:15:17.032] Arrived at: [0.000 -1.400 0.000] WARNING!
[18:15:17.033] Wait 0.000s
[18:15:17.033] Continue movement.

[18:15:17.036] Moving to: [2.200 -1.600 0.000]
[18:15:19.648] Arrived at: [2.200 -1.600 0.000]
[18:15:19.652] Wait 0.000s
[18:15:19.653] Continue movement.

[18:15:19.654] Moving to: [0.000 -1.800 0.000]
[18:15:22.102] Arrived at: [0.000 -1.800 0.000]
[18:15:22.103] Wait 0.000s
[18:15:22.104] Continue movement.

[18:15:22.105] Moving to: [2.200 -2.000 0.000]
[18:15:24.708] Arrived at: [2.200 -2.000 0.000]
[18:15:24.710] Wait 0.000s
[18:15:24.713] Continue movement.

[18:15:24.713] Moving to: [0.000 -2.200 0.000]
[18:15:27.336] Arrived at: [0.000 -2.200 0.000]
[18:15:27.337] Wait 0.000s
[18:15:27.338] Continue movement.

[18:15:27.339] Moving to: [2.200 -2.400 0.000]
[18:15:29.943] Arrived at: [2.200 -2.400 0.000]
[18:15:29.943] Wait 0.000s
[18:15:29.946] Continue movement.

[18:15:29.948] Moving to: [0.000 -2.600 0.000]
[18:15:32.541] Arrived at: [0.000 -2.600 0.000]
[18:15:32.545] Wait 0.000s
[18:15:32.545] Continue movement.

[18:15:32.547] Moving to: [2.200 -2.800 0.000]
[18:15:34.990] Arrived at: [2.200 -2.800 0.000] WARNING!
[18:15:34.990] Wait 0.000s
[18:15:34.991] Continue movement.

[18:15:34.994] Moving to: [0.000 -3.000 0.000]
[18:15:37.595] Arrived at: [0.000 -3.000 0.000]
[18:15:37.595] Wait 0.000s
[18:15:37.601] Continue movement.

[18:15:37.601] Moving to: [2.200 -3.200 0.000]
[18:15:40.214] Arrived at: [2.200 -3.200 0.000]
[18:15:40.219] Wait 0.000s
[18:15:40.221] Continue movement.

[18:15:40.221] Moving to: [0.000 -3.400 0.000]
[18:15:42.663] Arrived at: [0.000 -3.400 0.000]
[18:15:42.663] Wait 0.000s
[18:15:42.663] Continue movement.

[18:15:42.667] Moving to: [2.200 -3.600 0.000]
[18:15:45.286] Arrived at: [2.200 -3.600 0.000]
[18:15:45.286] Wait 0.000s
[18:15:45.286] Continue movement.

[18:15:45.290] Moving to: [0.000 -3.800 0.000]
[18:15:47.915] Arrived at: [0.000 -3.800 0.000] WARNING!
[18:15:47.915] Wait 0.000s
[18:15:47.916] Continue movement.

[18:15:47.919] Moving to: [2.200 -4.000 0.000]
[18:15:50.536] Arrived at: [2.200 -4.000 0.000]
[18:15:50.540] Wait 0.000s
[18:15:50.541] Continue movement.

[18:15:50.541] Moving to: [0.000 -4.200 0.000]
[18:15:53.154] Arrived at: [0.000 -4.200 0.000]
[18:15:53.154] Wait 0.000s
[18:15:53.154] Continue movement.

[18:15:53.158] Moving to: [2.200 -4.400 0.000]
[18:15:55.764] Arrived at: [2.200 -4.400 0.000]
[18:15:55.768] Wait 0.000s
[18:15:55.768] Continue movement.

[18:15:55.768] Moving to: [0.000 -4.600 0.000]
[18:15:58.382] Arrived at: [0.000 -4.600 0.000] WARNING!
[18:15:58.383] Wait 0.000s
[18:15:58.384] Continue movement.

[18:15:58.386] Moving to: [2.200 -4.800 0.000]
[18:16:00.803] Arrived at: [2.200 -4.800 0.000]
[18:16:00.803] Wait 0.000s
[18:16:00.808] Continue movement.

[18:16:00.808] Finished iteration 1

[18:16:00.808] Starting iteration 2
[18:16:00.813] Moving to: [0.000 0.000 0.000]
[18:16:06.595] Arrived at: [0.000 0.000 0.000]
[18:16:06.596] Wait 0.000s
[18:16:06.597] Continue movement.

[18:16:06.597] Moving to: [2.200 0.000 0.000]
[18:16:08.765] Arrived at: [2.200 0.000 0.000]
[18:16:08.765] Wait 0.000s
[18:16:08.769] Continue movement.

[18:16:08.769] Moving to: [0.000 -0.200 0.000]
[18:16:11.367] Arrived at: [0.000 -0.200 0.000]
[18:16:11.367] Wait 0.000s
[18:16:11.371] Continue movement.

[18:16:11.371] Moving to: [2.200 -0.400 0.000]
[18:16:13.990] Arrived at: [2.200 -0.400 0.000]
[18:16:13.991] Wait 0.000s
[18:16:13.992] Continue movement.

[18:16:13.993] Moving to: [0.000 -0.600 0.000]
[18:16:16.599] Arrived at: [0.000 -0.600 0.000]
[18:16:16.599] Wait 0.000s
[18:16:16.604] Continue movement.

[18:16:16.605] Moving to: [2.200 -0.800 0.000]
[18:16:19.199] Arrived at: [2.200 -0.800 0.000]
[18:16:19.199] Wait 0.000s
[18:16:19.204] Continue movement.

[18:16:19.204] Moving to: [0.000 -1.000 0.000]
[18:16:21.819] Arrived at: [0.000 -1.000 0.000]
[18:16:21.821] Wait 0.000s
[18:16:21.822] Continue movement.

[18:16:21.822] Moving to: [2.200 -1.200 0.000]
[18:16:24.423] Arrived at: [2.200 -1.200 0.000]
[18:16:24.423] Wait 0.000s
[18:16:24.427] Continue movement.

[18:16:24.428] Moving to: [0.000 -1.400 0.000]
[18:16:27.030] Arrived at: [0.000 -1.400 0.000] WARNING!
[18:16:27.034] Wait 0.000s
[18:16:27.035] Continue movement.

[18:16:27.038] Moving to: [2.200 -1.600 0.000]
[18:16:29.642] Arrived at: [2.200 -1.600 0.000]
[18:16:29.643] Wait 0.000s
[18:16:29.643] Continue movement.

[18:16:29.643] Moving to: [0.000 -1.800 0.000]
[18:16:32.236] Arrived at: [0.000 -1.800 0.000]
[18:16:32.236] Wait 0.000s
[18:16:32.238] Continue movement.

[18:16:32.239] Moving to: [2.200 -2.000 0.000]
[18:16:34.848] Arrived at: [2.200 -2.000 0.000]
[18:16:34.848] Wait 0.000s
[18:16:34.852] Continue movement.

[18:16:34.852] Moving to: [0.000 -2.200 0.000]
[18:16:37.457] Arrived at: [0.000 -2.200 0.000]
[18:16:37.457] Wait 0.000s
[18:16:37.463] Continue movement.

[18:16:37.463] Moving to: [2.200 -2.400 0.000]
[18:16:40.075] Arrived at: [2.200 -2.400 0.000]
[18:16:40.075] Wait 0.000s
[18:16:40.079] Continue movement.

[18:16:40.079] Moving to: [0.000 -2.600 0.000]
[18:16:42.664] Arrived at: [0.000 -2.600 0.000]
[18:16:42.664] Wait 0.000s
[18:16:42.666] Continue movement.

[18:16:42.667] Moving to: [2.200 -2.800 0.000]
[18:16:45.280] Arrived at: [2.200 -2.800 0.000] WARNING!
[18:16:45.284] Wait 0.000s
[18:16:45.285] Continue movement.

[18:16:45.287] Moving to: [0.000 -3.000 0.000]
[18:16:47.905] Arrived at: [0.000 -3.000 0.000]
[18:16:47.905] Wait 0.000s
[18:16:47.909] Continue movement.

[18:16:47.909] Moving to: [2.200 -3.200 0.000]
[18:16:50.530] Arrived at: [2.200 -3.200 0.000]
[18:16:50.530] Wait 0.000s
[18:16:50.534] Continue movement.

[18:16:50.535] Moving to: [0.000 -3.400 0.000]
[18:16:53.163] Arrived at: [0.000 -3.400 0.000]
[18:16:53.167] Wait 0.000s
[18:16:53.168] Continue movement.

[18:16:53.169] Moving to: [2.200 -3.600 0.000]
[18:16:55.782] Arrived at: [2.200 -3.600 0.000]
[18:16:55.786] Wait 0.000s
[18:16:55.786] Continue movement.

[18:16:55.786] Moving to: [0.000 -3.800 0.000]
[18:16:58.412] Arrived at: [0.000 -3.800 0.000] WARNING!
[18:16:58.412] Wait 0.000s
[18:16:58.415] Continue movement.

[18:16:58.416] Moving to: [2.200 -4.000 0.000]
[18:17:01.040] Arrived at: [2.200 -4.000 0.000]
[18:17:01.041] Wait 0.000s
[18:17:01.042] Continue movement.

[18:17:01.044] Moving to: [0.000 -4.200 0.000]
[18:17:03.650] Arrived at: [0.000 -4.200 0.000]
[18:17:03.650] Wait 0.000s
[18:17:03.654] Continue movement.

[18:17:03.655] Moving to: [2.200 -4.400 0.000]
[18:17:06.255] Arrived at: [2.200 -4.400 0.000]
[18:17:06.256] Wait 0.000s
[18:17:06.258] Continue movement.

[18:17:06.259] Moving to: [0.000 -4.600 0.000]
[18:17:08.869] Arrived at: [0.000 -4.600 0.000] WARNING!
[18:17:08.870] Wait 0.000s
[18:17:08.873] Continue movement.

[18:17:08.873] Moving to: [2.200 -4.800 0.000]
[18:17:11.483] Arrived at: [2.200 -4.800 0.000]
[18:17:11.487] Wait 0.000s
[18:17:11.487] Continue movement.

[18:17:11.487] Finished iteration 2

[18:17:11.487] Plan finished.
