[18:18:05.111] Starting plan irradiation...
	Plan name: Plan de movimiento solo stage
	Plan comment: irradiacionW4.7cm
	Absolut shift from X to (0,0) well: [0.000 0.000 0.000]
[18:18:34.872] Starting iteration 1
[18:18:34.872] Moving to: [0.000 0.000 0.000]
[18:18:40.638] Arrived at: [0.000 0.000 0.000]
[18:18:40.638] Wait 0.000s
[18:18:40.642] Continue movement.

[18:18:40.643] Moving to: [2.200 0.000 0.000]
[18:18:42.814] Arrived at: [2.200 0.000 0.000]
[18:18:42.814] Wait 0.000s
[18:18:42.818] Continue movement.

[18:18:42.819] Moving to: [0.000 -0.200 0.000]
[18:18:45.440] Arrived at: [0.000 -0.200 0.000]
[18:18:45.441] Wait 0.000s
[18:18:45.441] Continue movement.

[18:18:45.441] Moving to: [2.200 -0.400 0.000]
[18:18:47.878] Arrived at: [2.200 -0.400 0.000]
[18:18:47.881] Wait 0.000s
[18:18:47.883] Continue movement.

[18:18:47.883] Moving to: [0.000 -0.600 0.000]
[18:18:50.463] Arrived at: [0.000 -0.600 0.000]
[18:18:50.464] Wait 0.000s
[18:18:50.464] Continue movement.

[18:18:50.464] Moving to: [2.200 -0.800 0.000]
[18:18:52.897] Arrived at: [2.200 -0.800 0.000]
[18:18:52.901] Wait 0.000s
[18:18:52.904] Continue movement.

[18:18:52.904] Moving to: [0.000 -1.000 0.000]
[18:18:55.470] Arrived at: [0.000 -1.000 0.000]
[18:18:55.474] Wait 0.000s
[18:18:55.476] Continue movement.

[18:18:55.476] Moving to: [2.200 -1.200 0.000]
[18:18:58.092] Arrived at: [2.200 -1.200 0.000]
[18:18:58.094] Wait 0.000s
[18:18:58.095] Continue movement.

[18:18:58.097] Moving to: [0.000 -1.400 0.000]
[18:19:00.712] Arrived at: [0.000 -1.400 0.000] WARNING!
[18:19:00.712] Wait 0.000s
[18:19:00.715] Continue movement.

[18:19:00.716] Moving to: [2.200 -1.600 0.000]
[18:19:03.161] Arrived at: [2.200 -1.600 0.000]
[18:19:03.161] Wait 0.000s
[18:19:03.166] Continue movement.

[18:19:03.167] Moving to: [0.000 -1.800 0.000]
[18:19:05.602] Arrived at: [0.000 -1.800 0.000]
[18:19:05.602] Wait 0.000s
[18:19:05.606] Continue movement.

[18:19:05.606] Moving to: [2.200 -2.000 0.000]
[18:19:08.200] Arrived at: [2.200 -2.000 0.000]
[18:19:08.204] Wait 0.000s
[18:19:08.204] Continue movement.

[18:19:08.208] Moving to: [0.000 -2.200 0.000]
[18:19:10.818] Arrived at: [0.000 -2.200 0.000]
[18:19:10.822] Wait 0.000s
[18:19:10.823] Continue movement.

[18:19:10.823] Moving to: [2.200 -2.400 0.000]
[18:19:13.429] Arrived at: [2.200 -2.400 0.000]
[18:19:13.429] Wait 0.000s
[18:19:13.433] Continue movement.

[18:19:13.433] Moving to: [0.000 -2.600 0.000]
[18:19:16.039] Arrived at: [0.000 -2.600 0.000]
[18:19:16.039] Wait 0.000s
[18:19:16.042] Continue movement.

[18:19:16.043] Moving to: [2.200 -2.800 0.000]
[18:19:18.660] Arrived at: [2.200 -2.800 0.000] WARNING!
[18:19:18.660] Wait 0.000s
[18:19:18.666] Continue movement.

[18:19:18.666] Moving to: [0.000 -3.000 0.000]
[18:19:21.287] Arrived at: [0.000 -3.000 0.000]
[18:19:21.287] Wait 0.000s
[18:19:21.287] Continue movement.

[18:19:21.287] Moving to: [2.200 -3.200 0.000]
[18:19:23.896] Arrived at: [2.200 -3.200 0.000]
[18:19:23.896] Wait 0.000s
[18:19:23.896] Continue movement.

[18:19:23.896] Moving to: [0.000 -3.400 0.000]
[18:19:26.490] Arrived at: [0.000 -3.400 0.000]
[18:19:26.490] Wait 0.000s
[18:19:26.495] Continue movement.

[18:19:26.495] Moving to: [2.200 -3.600 0.000]
[18:19:28.922] Arrived at: [2.200 -3.600 0.000]
[18:19:28.922] Wait 0.000s
[18:19:28.926] Continue movement.

[18:19:28.927] Moving to: [0.000 -3.800 0.000]
[18:19:31.532] Arrived at: [0.000 -3.800 0.000] WARNING!
[18:19:31.532] Wait 0.000s
[18:19:31.533] Continue movement.

[18:19:31.536] Moving to: [2.200 -4.000 0.000]
[18:19:34.140] Arrived at: [2.200 -4.000 0.000]
[18:19:34.140] Wait 0.000s
[18:19:34.144] Continue movement.

[18:19:34.144] Moving to: [0.000 -4.200 0.000]
[18:19:36.762] Arrived at: [0.000 -4.200 0.000]
[18:19:36.762] Wait 0.000s
[18:19:36.763] Continue movement.

[18:19:36.763] Moving to: [2.200 -4.400 0.000]
[18:19:39.370] Arrived at: [2.200 -4.400 0.000]
[18:19:39.371] Wait 0.000s
[18:19:39.372] Continue movement.

[18:19:39.373] Moving to: [0.000 -4.600 0.000]
[18:19:41.978] Arrived at: [0.000 -4.600 0.000] WARNING!
[18:19:41.982] Wait 0.000s
[18:19:41.983] Continue movement.

[18:19:41.986] Moving to: [2.200 -4.800 0.000]
[18:19:44.596] Arrived at: [2.200 -4.800 0.000]
[18:19:44.596] Wait 0.000s
[18:19:44.601] Continue movement.

[18:19:44.602] Finished iteration 1

[18:19:44.603] Starting iteration 2
[18:19:44.603] Moving to: [0.000 0.000 0.000]
[18:19:50.380] Arrived at: [0.000 0.000 0.000]
[18:19:50.384] Wait 0.000s
[18:19:50.384] Continue movement.

[18:19:50.384] Moving to: [2.200 0.000 0.000]
[18:19:52.559] Arrived at: [2.200 0.000 0.000]
[18:19:52.559] Wait 0.000s
[18:19:52.559] Continue movement.

[18:19:52.563] Moving to: [0.000 -0.200 0.000]
[18:19:55.173] Arrived at: [0.000 -0.200 0.000]
[18:19:55.177] Wait 0.000s
[18:19:55.177] Continue movement.

[18:19:55.177] Moving to: [2.200 -0.400 0.000]
[18:19:57.789] Arrived at: [2.200 -0.400 0.000]
[18:19:57.789] Wait 0.000s
[18:19:57.793] Continue movement.

[18:19:57.794] Moving to: [0.000 -0.600 0.000]
[18:20:00.396] Arrived at: [0.000 -0.600 0.000]
[18:20:00.396] Wait 0.000s
[18:20:00.396] Continue movement.

[18:20:00.396] Moving to: [2.200 -0.800 0.000]
[18:20:03.004] Arrived at: [2.200 -0.800 0.000]
[18:20:03.004] Wait 0.000s
[18:20:03.008] Continue movement.

[18:20:03.009] Moving to: [0.000 -1.000 0.000]
[18:20:05.603] Arrived at: [0.000 -1.000 0.000]
[18:20:05.603] Wait 0.000s
[18:20:05.603] Continue movement.

[18:20:05.607] Moving to: [2.200 -1.200 0.000]
[18:20:08.222] Arrived at: [2.200 -1.200 0.000]
[18:20:08.223] Wait 0.000s
[18:20:08.225] Continue movement.

[18:20:08.226] Moving to: [0.000 -1.400 0.000]
[18:20:10.856] Arrived at: [0.000 -1.400 0.000] WARNING!
[18:20:10.856] Wait 0.000s
[18:20:10.857] Continue movement.

[18:20:10.858] Moving to: [2.200 -1.600 0.000]
[18:20:13.469] Arrived at: [2.200 -1.600 0.000]
[18:20:13.469] Wait 0.000s
[18:20:13.469] Continue movement.

[18:20:13.469] Moving to: [0.000 -1.800 0.000]
[18:20:15.909] Arrived at: [0.000 -1.800 0.000]
[18:20:15.913] Wait 0.000s
[18:20:15.914] Continue movement.

[18:20:15.914] Moving to: [2.200 -2.000 0.000]
[18:20:18.519] Arrived at: [2.200 -2.000 0.000]
[18:20:18.520] Wait 0.000s
[18:20:18.521] Continue movement.

[18:20:18.521] Moving to: [0.000 -2.200 0.000]
[18:20:20.943] Arrived at: [0.000 -2.200 0.000]
[18:20:20.943] Wait 0.000s
[18:20:20.947] Continue movement.

[18:20:20.947] Moving to: [2.200 -2.400 0.000]
[18:20:23.562] Arrived at: [2.200 -2.400 0.000]
[18:20:23.562] Wait 0.000s
[18:20:23.562] Continue movement.

[18:20:23.562] Moving to: [0.000 -2.600 0.000]
[18:20:25.990] Arrived at: [0.000 -2.600 0.000]
[18:20:25.990] Wait 0.000s
[18:20:25.995] Continue movement.

[18:20:25.996] Moving to: [2.200 -2.800 0.000]
[18:20:28.582] Arrived at: [2.200 -2.800 0.000] WARNING!
[18:20:28.583] Wait 0.000s
[18:20:28.585] Continue movement.

[18:20:28.587] Moving to: [0.000 -3.000 0.000]
[18:20:31.164] Arrived at: [0.000 -3.000 0.000]
[18:20:31.164] Wait 0.000s
[18:20:31.168] Continue movement.

[18:20:31.168] Moving to: [2.200 -3.200 0.000]
[18:20:33.789] Arrived at: [2.200 -3.200 0.000]
[18:20:33.789] Wait 0.000s
[18:20:33.789] Continue movement.

[18:20:33.789] Moving to: [0.000 -3.400 0.000]
[18:20:36.242] Arrived at: [0.000 -3.400 0.000]
[18:20:36.242] Wait 0.000s
[18:20:36.242] Continue movement.

[18:20:36.247] Moving to: [2.200 -3.600 0.000]
[18:20:38.867] Arrived at: [2.200 -3.600 0.000]
[18:20:38.867] Wait 0.000s
[18:20:38.867] Continue movement.

[18:20:38.867] Moving to: [0.000 -3.800 0.000]
[18:20:41.329] Arrived at: [0.000 -3.800 0.000] WARNING!
[18:20:41.330] Wait 0.000s
[18:20:41.330] Continue movement.

[18:20:41.333] Moving to: [2.200 -4.000 0.000]
[18:20:43.949] Arrived at: [2.200 -4.000 0.000]
[18:20:43.949] Wait 0.000s
[18:20:43.950] Continue movement.

[18:20:43.950] Moving to: [0.000 -4.200 0.000]
[18:20:46.564] Arrived at: [0.000 -4.200 0.000]
[18:20:46.564] Wait 0.000s
[18:20:46.566] Continue movement.

[18:20:46.568] Moving to: [2.200 -4.400 0.000]
[18:20:49.191] Arrived at: [2.200 -4.400 0.000]
[18:20:49.191] Wait 0.000s
[18:20:49.195] Continue movement.

[18:20:49.195] Moving to: [0.000 -4.600 0.000]
[18:20:51.807] Arrived at: [0.000 -4.600 0.000] WARNING!
[18:20:51.808] Wait 0.000s
[18:20:51.808] Continue movement.

[18:20:51.811] Moving to: [2.200 -4.800 0.000]
[18:20:54.420] Arrived at: [2.200 -4.800 0.000]
[18:20:54.420] Wait 0.000s
[18:20:54.424] Continue movement.

[18:20:54.425] Finished iteration 2

[18:20:54.425] Plan finished.
