[16:12:57.183] Starting plan irradiation...
	Plan name: Plan de movimiento solo stage
	Plan comment: irradiacion4.7cm
	Absolut shift from X to (0,0) well: [0.000 0.000 0.000]
[16:13:55.765] Starting iteration 1
[16:13:55.765] Moving to: [0.000 0.000 0.000]
[16:14:06.108] Arrived at: [0.000 0.000 0.000]
[16:14:06.110] Wait 5.000s
[16:14:11.114] Continue movement.

[16:14:11.114] Moving to: [10.000 0.000 0.000]
[16:14:18.378] Arrived at: [10.000 0.000 0.000]
[16:14:18.378] Wait 0.000s
[16:14:18.380] Continue movement.

[16:14:18.382] Moving to: [0.000 -0.200 0.000]
[16:14:26.025] Arrived at: [0.000 -0.200 0.000]
[16:14:26.025] Wait 0.000s
[16:14:26.029] Continue movement.

[16:14:26.029] Moving to: [10.000 -0.400 0.000]
[16:14:33.667] Arrived at: [10.000 -0.400 0.000]
[16:14:33.671] Wait 0.000s
[16:14:33.671] Continue movement.

[16:14:33.671] Moving to: [0.000 -0.600 0.000]
[16:14:41.321] Arrived at: [0.000 -0.600 0.000]
[16:14:41.321] Wait 0.000s
[16:14:41.325] Continue movement.

[16:14:41.326] Moving to: [10.000 -0.800 0.000]
[16:14:48.961] Arrived at: [10.000 -0.800 0.000]
[16:14:48.961] Wait 0.000s
[16:14:48.961] Continue movement.

[16:14:48.965] Moving to: [0.000 -1.000 0.000]
[16:14:56.764] Arrived at: [0.000 -1.000 0.000]
[16:14:56.764] Wait 0.000s
[16:14:56.769] Continue movement.

[16:14:56.769] Moving to: [10.000 -1.200 0.000]
[16:15:04.570] Arrived at: [10.000 -1.200 0.000]
[16:15:04.570] Wait 0.000s
[16:15:04.575] Continue movement.

[16:15:04.575] Moving to: [0.000 -1.400 0.000]
[16:15:12.210] Arrived at: [0.000 -1.400 0.000] WARNING!
[16:15:12.210] Wait 0.000s
[16:15:12.212] Continue movement.

[16:15:12.212] Moving to: [10.000 -1.600 0.000]
[16:15:19.867] Arrived at: [10.000 -1.600 0.000]
[16:15:19.868] Wait 0.000s
[16:15:19.870] Continue movement.

[16:15:19.871] Moving to: [0.000 -1.800 0.000]
[16:15:27.510] Arrived at: [0.000 -1.800 0.000]
[16:15:27.510] Wait 0.000s
[16:15:27.514] Continue movement.

[16:15:27.514] Moving to: [10.000 -2.000 0.000]
[16:15:35.165] Arrived at: [10.000 -2.000 0.000]
[16:15:35.165] Wait 0.000s
[16:15:35.170] Continue movement.

[16:15:35.171] Moving to: [0.000 -2.200 0.000]
[16:15:42.960] Arrived at: [0.000 -2.200 0.000]
[16:15:42.961] Wait 0.000s
[16:15:42.963] Continue movement.

[16:15:42.964] Moving to: [10.000 -2.400 0.000]
[16:15:50.766] Arrived at: [10.000 -2.400 0.000]
[16:15:50.767] Wait 0.000s
[16:15:50.769] Continue movement.

[16:15:50.769] Moving to: [0.000 -2.600 0.000]
[16:15:58.542] Arrived at: [0.000 -2.600 0.000]
[16:15:58.542] Wait 0.000s
[16:15:58.544] Continue movement.

[16:15:58.544] Moving to: [10.000 -2.800 0.000]
[16:16:06.170] Arrived at: [10.000 -2.800 0.000] WARNING!
[16:16:06.170] Wait 0.000s
[16:16:06.173] Continue movement.

[16:16:06.174] Moving to: [0.000 -3.000 0.000]
[16:16:13.805] Arrived at: [0.000 -3.000 0.000]
[16:16:13.805] Wait 0.000s
[16:16:13.805] Continue movement.

[16:16:13.805] Moving to: [10.000 -3.200 0.000]
[16:16:21.455] Arrived at: [10.000 -3.200 0.000]
[16:16:21.460] Wait 0.000s
[16:16:21.461] Continue movement.

[16:16:21.462] Moving to: [0.000 -3.400 0.000]
[16:16:29.094] Arrived at: [0.000 -3.400 0.000]
[16:16:29.094] Wait 0.000s
[16:16:29.098] Continue movement.

[16:16:29.099] Moving to: [10.000 -3.600 0.000]
[16:16:36.763] Arrived at: [10.000 -3.600 0.000]
[16:16:36.763] Wait 0.000s
[16:16:36.763] Continue movement.

[16:16:36.768] Moving to: [0.000 -3.800 0.000]
[16:16:44.413] Arrived at: [0.000 -3.800 0.000] WARNING!
[16:16:44.413] Wait 0.000s
[16:16:44.414] Continue movement.

[16:16:44.414] Moving to: [10.000 -4.000 0.000]
[16:16:52.066] Arrived at: [10.000 -4.000 0.000]
[16:16:52.070] Wait 0.000s
[16:16:52.073] Continue movement.

[16:16:52.073] Finished iteration 1

[16:16:52.073] Plan finished.
