[16:15:36.562] Starting plan irradiation...
	Plan name: Plan de movimiento solo stage
	Plan comment: prueba
	Absolut shift from X to (0,0) well: [0.000 0.000 0.000]
[16:16:31.817] Starting iteration 1
[16:16:31.824] Moving to: [-1.000 1.000 0.000]
[16:16:33.997] Arrived at: [-1.000 1.000 0.000]
[16:16:34.001] Wait 0.100s
[16:16:34.108] Continue movement.

[16:16:34.109] Moving to: [-1.000 0.000 0.000]
[16:16:35.442] Arrived at: [-1.000 0.000 0.000]
[16:16:35.442] Wait 0.100s
[16:16:35.546] Continue movement.

[16:16:35.546] Moving to: [0.000 0.000 0.000]
[16:16:36.862] Arrived at: [0.000 0.000 0.000]
[16:16:36.870] Wait 0.100s
[16:16:36.974] Continue movement.

[16:16:36.977] Moving to: [0.000 1.000 0.000]
[16:16:38.267] Arrived at: [0.000 1.000 0.000]
[16:16:38.267] Wait 0.100s
[16:16:38.370] Continue movement.

[16:16:38.370] Moving to: [1.000 1.000 0.000]
[16:16:39.658] Arrived at: [1.000 1.000 0.000]
[16:16:39.658] Wait 0.100s
[16:16:39.762] Continue movement.

[16:16:39.766] Moving to: [1.000 0.000 0.000]
[16:16:41.089] Arrived at: [1.000 0.000 0.000]
[16:16:41.089] Wait 0.100s
[16:16:41.193] Continue movement.

[16:16:41.193] Moving to: [1.000 -1.000 0.000]
[16:16:42.482] Arrived at: [1.000 -1.000 0.000]
[16:16:42.483] Wait 0.100s
[16:16:42.587] Continue movement.

[16:16:42.587] Moving to: [0.000 -1.000 0.000]
[16:16:43.874] Arrived at: [0.000 -1.000 0.000]
[16:16:43.874] Wait 0.100s
[16:16:43.975] Continue movement.

[16:16:43.975] Moving to: [-1.000 -1.000 0.000]
[16:16:45.278] Arrived at: [-1.000 -1.000 0.000]
[16:16:45.278] Wait 0.100s
[16:16:45.380] Continue movement.

[16:16:45.381] Finished iteration 1

[16:16:45.381] Starting iteration 2
[16:16:45.381] Moving to: [-1.000 1.000 0.000]
[16:16:47.446] Arrived at: [-1.000 1.000 0.000]
[16:16:47.446] Wait 0.100s
[16:16:47.550] Continue movement.

[16:16:47.550] Moving to: [-1.000 0.000 0.000]
[16:16:48.832] Arrived at: [-1.000 0.000 0.000]
[16:16:48.832] Wait 0.100s
[16:16:48.936] Continue movement.

[16:16:48.936] Moving to: [0.000 0.000 0.000]
[16:16:50.220] Arrived at: [0.000 0.000 0.000]
[16:16:50.220] Wait 0.100s
[16:16:50.325] Continue movement.

[16:16:50.326] Moving to: [0.000 1.000 0.000]
[16:16:51.607] Arrived at: [0.000 1.000 0.000]
[16:16:51.611] Wait 0.100s
[16:16:51.710] Continue movement.

[16:16:51.714] Moving to: [1.000 1.000 0.000]
[16:16:53.016] Arrived at: [1.000 1.000 0.000]
[16:16:53.016] Wait 0.100s
[16:16:53.121] Continue movement.

[16:16:53.121] Moving to: [1.000 0.000 0.000]
[16:16:54.397] Arrived at: [1.000 0.000 0.000]
[16:16:54.397] Wait 0.100s
[16:16:54.501] Continue movement.

[16:16:54.501] Moving to: [1.000 -1.000 0.000]
[16:16:55.728] Arrived at: [1.000 -1.000 0.000]
[16:16:55.728] Wait 0.100s
[16:16:55.832] Continue movement.

[16:16:55.832] Moving to: [0.000 -1.000 0.000]
[16:16:57.098] Arrived at: [0.000 -1.000 0.000]
[16:16:57.098] Wait 0.100s
[16:16:57.206] Continue movement.

[16:16:57.206] Moving to: [-1.000 -1.000 0.000]
[16:16:58.521] Arrived at: [-1.000 -1.000 0.000]
[16:16:58.521] Wait 0.100s
[16:16:58.628] Continue movement.

[16:16:58.628] Finished iteration 2

[16:16:58.628] Starting iteration 3
[16:16:58.628] Moving to: [-1.000 1.000 0.000]
[16:17:00.688] Arrived at: [-1.000 1.000 0.000]
[16:17:00.689] Wait 0.100s
[16:17:00.792] Continue movement.

[16:17:00.792] Moving to: [-1.000 0.000 0.000]
[16:17:02.019] Arrived at: [-1.000 0.000 0.000]
[16:17:02.024] Wait 0.100s
[16:17:02.124] Continue movement.

[16:17:02.124] Moving to: [0.000 0.000 0.000]
[16:17:03.419] Arrived at: [0.000 0.000 0.000]
[16:17:03.419] Wait 0.100s
[16:17:03.522] Continue movement.

[16:17:03.522] Moving to: [0.000 1.000 0.000]
[16:17:04.800] Arrived at: [0.000 1.000 0.000]
[16:17:04.800] Wait 0.100s
[16:17:04.905] Continue movement.

[16:17:04.905] Moving to: [1.000 1.000 0.000]
[16:17:06.190] Arrived at: [1.000 1.000 0.000]
[16:17:06.190] Wait 0.100s
[16:17:06.290] Continue movement.

[16:17:06.290] Moving to: [1.000 0.000 0.000]
[16:17:07.524] Arrived at: [1.000 0.000 0.000]
[16:17:07.524] Wait 0.100s
[16:17:07.632] Continue movement.

[16:17:07.632] Moving to: [1.000 -1.000 0.000]
[16:17:08.917] Arrived at: [1.000 -1.000 0.000]
[16:17:08.921] Wait 0.100s
[16:17:09.025] Continue movement.

[16:17:09.025] Moving to: [0.000 -1.000 0.000]
[16:17:10.314] Arrived at: [0.000 -1.000 0.000]
[16:17:10.314] Wait 0.100s
[16:17:10.418] Continue movement.

[16:17:10.418] Moving to: [-1.000 -1.000 0.000]
[16:17:11.707] Arrived at: [-1.000 -1.000 0.000]
[16:17:11.707] Wait 0.100s
[16:17:11.811] Continue movement.

[16:17:11.811] Finished iteration 3

[16:17:11.814] Plan finished.
