[15:24:46.425] Starting plan irradiation...
	Plan name: Plan de movimiento solo stage
	Plan comment: medida1
	Absolut shift from X to (0,0) well: [0.000 0.000 0.000]
[15:24:52.812] Starting iteration 1
[15:24:52.814] Moving to: [0.000 0.000 0.000]
[15:24:53.064] Arrived at: [0.000 0.000 0.000]
[15:24:53.068] Wait 5.000s
[15:24:58.074] Continue movement.

[15:24:58.077] Moving to: [10.000 0.000 0.000]
[15:25:05.340] Arrived at: [10.000 0.000 0.000]
[15:25:05.342] Wait 0.000s
[15:25:05.344] Continue movement.

[15:25:05.346] Moving to: [0.000 -0.200 0.000]
[15:25:13.336] Arrived at: [0.004 -0.200 0.000] WARNING!
[15:25:13.338] Wait 0.000s
[15:25:13.341] Continue movement.

[15:25:13.342] Moving to: [10.000 -0.400 0.000]
[15:25:21.141] Arrived at: [10.000 -0.400 0.000]
[15:25:21.141] Wait 0.000s
[15:25:21.145] Continue movement.

[15:25:21.147] Moving to: [0.000 -0.600 0.000]
[15:25:29.015] Arrived at: [0.004 -0.600 0.000] WARNING!
[15:25:29.019] Wait 0.000s
[15:25:29.024] Continue movement.

[15:25:29.027] Moving to: [10.000 -0.800 0.000]
[15:25:36.691] Arrived at: [10.000 -0.800 0.000]
[15:25:36.692] Wait 0.000s
[15:25:36.692] Continue movement.

[15:25:36.692] Moving to: [0.000 -1.000 0.000]
[15:25:44.574] Arrived at: [0.004 -1.000 0.000] WARNING!
[15:25:44.575] Wait 0.000s
[15:25:44.576] Continue movement.

[15:25:44.577] Moving to: [10.000 -1.200 0.000]
[15:25:52.314] Arrived at: [10.000 -1.200 0.000]
[15:25:52.316] Wait 0.000s
[15:25:52.317] Continue movement.

[15:25:52.317] Moving to: [0.000 -1.400 0.000]
[15:26:00.178] Arrived at: [0.004 -1.400 0.000] WARNING!
[15:26:00.179] Wait 0.000s
[15:26:00.180] Continue movement.

[15:26:00.182] Moving to: [10.000 -1.600 0.000]
[15:26:07.817] Arrived at: [10.000 -1.600 0.000]
[15:26:07.817] Wait 0.000s
[15:26:07.821] Continue movement.

[15:26:07.821] Moving to: [0.000 -1.800 0.000]
[15:26:15.617] Arrived at: [0.004 -1.800 0.000] WARNING!
[15:26:15.617] Wait 0.000s
[15:26:15.618] Continue movement.

[15:26:15.618] Moving to: [10.000 -2.000 0.000]
[15:26:23.275] Arrived at: [10.000 -2.000 0.000]
[15:26:23.275] Wait 0.000s
[15:26:23.279] Continue movement.

[15:26:23.280] Moving to: [0.000 -2.200 0.000]
[15:26:31.135] Arrived at: [0.004 -2.200 0.000] WARNING!
[15:26:31.136] Wait 0.000s
[15:26:31.138] Continue movement.

[15:26:31.139] Moving to: [10.000 -2.400 0.000]
[15:26:38.940] Arrived at: [10.000 -2.400 0.000]
[15:26:38.940] Wait 0.000s
[15:26:38.942] Continue movement.

[15:26:38.943] Moving to: [0.000 -2.600 0.000]
[15:26:46.756] Arrived at: [0.004 -2.600 0.000] WARNING!
[15:26:46.756] Wait 0.000s
[15:26:46.760] Continue movement.

[15:26:46.762] Moving to: [10.000 -2.800 0.000]
[15:26:54.407] Arrived at: [10.000 -2.800 0.000] WARNING!
[15:26:54.408] Wait 0.000s
[15:26:54.410] Continue movement.

[15:26:54.411] Moving to: [0.000 -3.000 0.000]
[15:27:02.255] Arrived at: [0.004 -3.000 0.000] WARNING!
[15:27:02.259] Wait 0.000s
[15:27:02.261] Continue movement.

[15:27:02.261] Moving to: [10.000 -3.200 0.000]
[15:27:09.922] Arrived at: [10.000 -3.200 0.000]
[15:27:09.926] Wait 0.000s
[15:27:09.926] Continue movement.

[15:27:09.926] Moving to: [0.000 -3.400 0.000]
[15:27:17.764] Arrived at: [0.004 -3.400 0.000] WARNING!
[15:27:17.764] Wait 0.000s
[15:27:17.764] Continue movement.

[15:27:17.764] Moving to: [10.000 -3.600 0.000]
[15:27:25.406] Arrived at: [10.000 -3.600 0.000]
[15:27:25.406] Wait 0.000s
[15:27:25.406] Continue movement.

[15:27:25.406] Moving to: [0.000 -3.800 0.000]
[15:27:33.260] Arrived at: [0.005 -3.800 0.000] WARNING!
[15:27:33.260] Wait 0.000s
[15:27:33.263] Continue movement.

[15:27:33.264] Moving to: [10.000 -4.000 0.000]
[15:27:40.915] Arrived at: [10.000 -4.000 0.000]
[15:27:40.915] Wait 0.000s
[15:27:40.915] Continue movement.

[15:27:40.919] Moving to: [0.000 -3.800 0.000]
[15:27:48.751] Arrived at: [0.005 -3.800 0.000] WARNING!
[15:27:48.752] Wait 0.000s
[15:27:48.755] Continue movement.

[15:27:48.756] Moving to: [10.000 -3.600 0.000]
[15:27:56.397] Arrived at: [10.000 -3.600 0.000]
[15:27:56.398] Wait 0.000s
[15:27:56.399] Continue movement.

[15:27:56.401] Moving to: [0.000 -3.400 0.000]
[15:28:04.227] Arrived at: [0.004 -3.400 0.000] WARNING!
[15:28:04.228] Wait 0.000s
[15:28:04.231] Continue movement.

[15:28:04.232] Moving to: [10.000 -3.200 0.000]
[15:28:11.889] Arrived at: [10.000 -3.200 0.000]
[15:28:11.889] Wait 0.000s
[15:28:11.889] Continue movement.

[15:28:11.893] Moving to: [0.000 -3.000 0.000]
[15:28:19.714] Arrived at: [0.004 -3.000 0.000] WARNING!
[15:28:19.714] Wait 0.000s
[15:28:19.716] Continue movement.

[15:28:19.717] Moving to: [10.000 -2.800 0.000]
[15:28:27.381] Arrived at: [10.000 -2.800 0.000] WARNING!
[15:28:27.382] Wait 0.000s
[15:28:27.382] Continue movement.

[15:28:27.382] Moving to: [0.000 -2.600 0.000]
[15:28:35.235] Arrived at: [0.005 -2.600 0.000] WARNING!
[15:28:35.235] Wait 0.000s
[15:28:35.236] Continue movement.

[15:28:35.237] Moving to: [10.000 -2.400 0.000]
[15:28:42.881] Arrived at: [10.000 -2.400 0.000]
[15:28:42.882] Wait 0.000s
[15:28:42.884] Continue movement.

[15:28:42.884] Moving to: [0.000 -2.200 0.000]
[15:28:50.738] Arrived at: [0.005 -2.200 0.000] WARNING!
[15:28:50.738] Wait 0.000s
[15:28:50.741] Continue movement.

[15:28:50.741] Moving to: [10.000 -2.000 0.000]
[15:28:58.375] Arrived at: [10.000 -2.000 0.000]
[15:28:58.375] Wait 0.000s
[15:28:58.377] Continue movement.

[15:28:58.378] Moving to: [0.000 -1.800 0.000]
[15:29:06.249] Arrived at: [0.005 -1.800 0.000] WARNING!
[15:29:06.254] Wait 0.000s
[15:29:06.256] Continue movement.

[15:29:06.256] Moving to: [10.000 -1.600 0.000]
[15:29:13.920] Arrived at: [10.000 -1.600 0.000]
[15:29:13.920] Wait 0.000s
[15:29:13.925] Continue movement.

[15:29:13.925] Moving to: [0.000 -1.400 0.000]
[15:29:21.783] Arrived at: [0.005 -1.400 0.000] WARNING!
[15:29:21.783] Wait 0.000s
[15:29:21.787] Continue movement.

[15:29:21.787] Moving to: [10.000 -1.200 0.000]
[15:29:29.614] Arrived at: [10.000 -1.200 0.000]
[15:29:29.615] Wait 0.000s
[15:29:29.617] Continue movement.

[15:29:29.617] Moving to: [0.000 -1.000 0.000]
[15:29:37.461] Arrived at: [0.005 -1.000 0.000] WARNING!
[15:29:37.461] Wait 0.000s
[15:29:37.464] Continue movement.

[15:29:37.465] Moving to: [10.000 -0.800 0.000]
[15:29:45.208] Arrived at: [10.000 -0.800 0.000]
[15:29:45.208] Wait 0.000s
[15:29:45.212] Continue movement.

[15:29:45.212] Moving to: [0.000 -0.600 0.000]
[15:29:53.102] Arrived at: [0.004 -0.600 0.000] WARNING!
[15:29:53.102] Wait 0.000s
[15:29:53.105] Continue movement.

[15:29:53.106] Moving to: [10.000 -0.400 0.000]
[15:30:00.792] Arrived at: [10.000 -0.400 0.000]
[15:30:00.793] Wait 0.000s
[15:30:00.794] Continue movement.

[15:30:00.794] Moving to: [0.000 -0.200 0.000]
[15:30:08.639] Arrived at: [0.005 -0.200 0.000] WARNING!
[15:30:08.639] Wait 0.000s
[15:30:08.642] Continue movement.

[15:30:08.643] Moving to: [10.000 0.000 0.000]
[15:30:16.313] Arrived at: [10.000 0.000 0.000]
[15:30:16.313] Wait 0.000s
[15:30:16.313] Continue movement.

[15:30:16.313] Finished iteration 1

[15:30:16.317] Plan finished.
