[17:53:11.127] Starting plan irradiation...
	Plan name: Plan de movimiento solo stage
	Plan comment: prueba2W
	Absolut shift from X to (0,0) well: [0.000 0.000 0.000]
[17:53:14.685] Starting iteration 1
[17:53:14.685] Moving to: [0.000 0.000 0.000]
[17:53:19.739] Arrived at: [0.000 0.000 0.000]
[17:53:19.739] Wait 5.000s
[17:53:24.746] Continue movement.

[17:53:24.746] Moving to: [2.200 0.000 0.000]
[17:53:26.743] Arrived at: [2.200 0.000 0.000]
[17:53:26.744] Wait 0.000s
[17:53:26.744] Continue movement.

[17:53:26.744] Moving to: [0.000 -0.200 0.000]
[17:53:29.203] Arrived at: [0.000 -0.200 0.000]
[17:53:29.209] Wait 0.000s
[17:53:29.210] Continue movement.

[17:53:29.210] Moving to: [2.200 -0.400 0.000]
[17:53:31.846] Arrived at: [2.200 -0.400 0.000]
[17:53:31.847] Wait 0.000s
[17:53:31.849] Continue movement.

[17:53:31.850] Moving to: [0.000 -0.600 0.000]
[17:53:34.474] Arrived at: [0.000 -0.600 0.000]
[17:53:34.474] Wait 0.000s
[17:53:34.478] Continue movement.

[17:53:34.478] Moving to: [2.200 -0.800 0.000]
[17:53:37.088] Arrived at: [2.200 -0.800 0.000]
[17:53:37.088] Wait 0.000s
[17:53:37.092] Continue movement.

[17:53:37.093] Moving to: [0.000 -1.000 0.000]
[17:53:39.693] Arrived at: [0.000 -1.000 0.000]
[17:53:39.693] Wait 0.000s
[17:53:39.699] Continue movement.

[17:53:39.699] Moving to: [2.200 -1.200 0.000]
[17:53:42.338] Arrived at: [2.200 -1.200 0.000]
[17:53:42.338] Wait 0.000s
[17:53:42.343] Continue movement.

[17:53:42.344] Moving to: [0.000 -1.400 0.000]
[17:53:44.954] Arrived at: [0.000 -1.400 0.000] WARNING!
[17:53:44.958] Wait 0.000s
[17:53:44.959] Continue movement.

[17:53:44.961] Moving to: [2.200 -1.600 0.000]
[17:53:47.569] Arrived at: [2.200 -1.600 0.000]
[17:53:47.569] Wait 0.000s
[17:53:47.569] Continue movement.

[17:53:47.573] Moving to: [0.000 -1.800 0.000]
[17:53:50.195] Arrived at: [0.000 -1.800 0.000]
[17:53:50.195] Wait 0.000s
[17:53:50.197] Continue movement.

[17:53:50.198] Moving to: [2.200 -2.000 0.000]
[17:53:52.814] Arrived at: [2.200 -2.000 0.000]
[17:53:52.814] Wait 0.000s
[17:53:52.817] Continue movement.

[17:53:52.818] Moving to: [0.000 -2.200 0.000]
[17:53:55.419] Arrived at: [0.000 -2.200 0.000]
[17:53:55.420] Wait 0.000s
[17:53:55.421] Continue movement.

[17:53:55.422] Moving to: [2.200 -2.400 0.000]
[17:53:58.037] Arrived at: [2.200 -2.400 0.000]
[17:53:58.037] Wait 0.000s
[17:53:58.039] Continue movement.

[17:53:58.041] Moving to: [0.000 -2.600 0.000]
[17:54:00.639] Arrived at: [0.000 -2.600 0.000]
[17:54:00.639] Wait 0.000s
[17:54:00.643] Continue movement.

[17:54:00.644] Moving to: [2.200 -2.800 0.000]
[17:54:03.248] Arrived at: [2.200 -2.800 0.000] WARNING!
[17:54:03.248] Wait 0.000s
[17:54:03.249] Continue movement.

[17:54:03.252] Moving to: [0.000 -3.000 0.000]
[17:54:05.878] Arrived at: [0.000 -3.000 0.000]
[17:54:05.879] Wait 0.000s
[17:54:05.879] Continue movement.

[17:54:05.879] Moving to: [2.200 -3.200 0.000]
[17:54:08.487] Arrived at: [2.200 -3.200 0.000]
[17:54:08.487] Wait 0.000s
[17:54:08.493] Continue movement.

[17:54:08.493] Moving to: [0.000 -3.400 0.000]
[17:54:11.103] Arrived at: [0.000 -3.400 0.000]
[17:54:11.103] Wait 0.000s
[17:54:11.107] Continue movement.

[17:54:11.108] Moving to: [2.200 -3.600 0.000]
[17:54:13.728] Arrived at: [2.200 -3.600 0.000]
[17:54:13.728] Wait 0.000s
[17:54:13.728] Continue movement.

[17:54:13.728] Moving to: [0.000 -3.800 0.000]
[17:54:16.336] Arrived at: [0.000 -3.800 0.000] WARNING!
[17:54:16.336] Wait 0.000s
[17:54:16.338] Continue movement.

[17:54:16.338] Moving to: [2.200 -4.000 0.000]
[17:54:18.945] Arrived at: [2.200 -4.000 0.000]
[17:54:18.946] Wait 0.000s
[17:54:18.949] Continue movement.

[17:54:18.950] Moving to: [0.000 -4.200 0.000]
[17:54:21.567] Arrived at: [0.000 -4.200 0.000]
[17:54:21.568] Wait 0.000s
[17:54:21.568] Continue movement.

[17:54:21.568] Moving to: [2.200 -4.400 0.000]
[17:54:24.017] Arrived at: [2.200 -4.400 0.000]
[17:54:24.017] Wait 0.000s
[17:54:24.021] Continue movement.

[17:54:24.021] Finished iteration 1

[17:54:24.021] Plan finished.
