[18:02:14.575] Starting plan irradiation...
	Plan name: Plan de movimiento solo stage
	Plan comment: irradiacionW1
	Absolut shift from X to (0,0) well: [0.000 0.000 0.000]
[18:08:49.067] Starting iteration 1
[18:08:49.068] Moving to: [0.000 0.000 0.000]
[18:08:53.490] Arrived at: [1.980 0.000 0.000] WARNING!
[18:08:53.491] Wait 0.000s
[18:08:53.493] Continue movement.

[18:08:53.495] Moving to: [2.200 0.000 0.000]
[18:08:54.194] Arrived at: [2.200 0.000 0.000]
[18:08:54.194] Wait 0.000s
[18:08:54.198] Continue movement.

[18:08:54.198] Moving to: [0.000 -0.200 0.000]
[18:08:56.716] Arrived at: [0.000 -0.200 0.000]
[18:08:56.717] Wait 0.000s
[18:08:56.717] Continue movement.

[18:08:56.717] Moving to: [2.200 -0.400 0.000]
[18:08:59.344] Arrived at: [2.200 -0.400 0.000]
[18:08:59.345] Wait 0.000s
[18:08:59.347] Continue movement.

[18:08:59.347] Moving to: [0.000 -0.600 0.000]
[18:09:01.796] Arrived at: [0.000 -0.600 0.000]
[18:09:01.800] Wait 0.000s
[18:09:01.801] Continue movement.

[18:09:01.801] Moving to: [2.200 -0.800 0.000]
[18:09:04.409] Arrived at: [2.200 -0.800 0.000]
[18:09:04.411] Wait 0.000s
[18:09:04.412] Continue movement.

[18:09:04.413] Moving to: [0.000 -1.000 0.000]
[18:09:06.850] Arrived at: [0.000 -1.000 0.000]
[18:09:06.850] Wait 0.000s
[18:09:06.850] Continue movement.

[18:09:06.850] Moving to: [2.200 -1.200 0.000]
[18:09:09.473] Arrived at: [2.200 -1.200 0.000]
[18:09:09.473] Wait 0.000s
[18:09:09.478] Continue movement.

[18:09:09.478] Moving to: [0.000 -1.400 0.000]
[18:09:11.912] Arrived at: [0.000 -1.400 0.000] WARNING!
[18:09:11.912] Wait 0.000s
[18:09:11.913] Continue movement.

[18:09:11.915] Moving to: [2.200 -1.600 0.000]
[18:09:14.534] Arrived at: [2.200 -1.600 0.000]
[18:09:14.535] Wait 0.000s
[18:09:14.535] Continue movement.

[18:09:14.535] Moving to: [0.000 -1.800 0.000]
[18:09:16.976] Arrived at: [0.000 -1.800 0.000]
[18:09:16.976] Wait 0.000s
[18:09:16.976] Continue movement.

[18:09:16.976] Moving to: [2.200 -2.000 0.000]
[18:09:19.597] Arrived at: [2.200 -2.000 0.000]
[18:09:19.597] Wait 0.000s
[18:09:19.602] Continue movement.

[18:09:19.603] Moving to: [0.000 -2.200 0.000]
[18:09:22.214] Arrived at: [0.000 -2.200 0.000]
[18:09:22.214] Wait 0.000s
[18:09:22.214] Continue movement.

[18:09:22.218] Moving to: [2.200 -2.400 0.000]
[18:09:24.821] Arrived at: [2.200 -2.400 0.000]
[18:09:24.821] Wait 0.000s
[18:09:24.821] Continue movement.

[18:09:24.821] Moving to: [0.000 -2.600 0.000]
[18:09:27.420] Arrived at: [0.000 -2.600 0.000]
[18:09:27.420] Wait 0.000s
[18:09:27.424] Continue movement.

[18:09:27.425] Moving to: [2.200 -2.800 0.000]
[18:09:30.050] Arrived at: [2.200 -2.800 0.000] WARNING!
[18:09:30.050] Wait 0.000s
[18:09:30.056] Continue movement.

[18:09:30.058] Moving to: [0.000 -3.000 0.000]
[18:09:32.669] Arrived at: [0.000 -3.000 0.000]
[18:09:32.669] Wait 0.000s
[18:09:32.673] Continue movement.

[18:09:32.673] Moving to: [2.200 -3.200 0.000]
[18:09:35.282] Arrived at: [2.200 -3.200 0.000]
[18:09:35.286] Wait 0.000s
[18:09:35.286] Continue movement.

[18:09:35.286] Moving to: [0.000 -3.400 0.000]
[18:09:37.919] Arrived at: [0.000 -3.400 0.000]
[18:09:37.920] Wait 0.000s
[18:09:37.920] Continue movement.

[18:09:37.920] Moving to: [2.200 -3.600 0.000]
[18:09:40.371] Arrived at: [2.200 -3.600 0.000]
[18:09:40.371] Wait 0.000s
[18:09:40.371] Continue movement.

[18:09:40.375] Moving to: [0.000 -3.800 0.000]
[18:09:42.977] Arrived at: [0.000 -3.800 0.000] WARNING!
[18:09:42.981] Wait 0.000s
[18:09:42.984] Continue movement.

[18:09:42.985] Moving to: [2.200 -4.000 0.000]
[18:09:45.431] Arrived at: [2.200 -4.000 0.000]
[18:09:45.432] Wait 0.000s
[18:09:45.434] Continue movement.

[18:09:45.435] Moving to: [0.000 -4.200 0.000]
[18:09:48.039] Arrived at: [0.000 -4.200 0.000]
[18:09:48.039] Wait 0.000s
[18:09:48.040] Continue movement.

[18:09:48.040] Moving to: [2.200 -4.400 0.000]
[18:09:50.662] Arrived at: [2.200 -4.400 0.000]
[18:09:50.663] Wait 0.000s
[18:09:50.663] Continue movement.

[18:09:50.663] Moving to: [0.000 -4.600 0.000]
[18:09:53.284] Arrived at: [0.000 -4.600 0.000] WARNING!
[18:09:53.284] Wait 0.000s
[18:09:53.285] Continue movement.

[18:09:53.288] Moving to: [2.200 -4.800 0.000]
[18:09:55.723] Arrived at: [2.200 -4.800 0.000]
[18:09:55.724] Wait 0.000s
[18:09:55.725] Continue movement.

[18:09:55.726] Finished iteration 1

[18:09:55.727] Plan finished.
