[16:34:17.844] Starting plan irradiation...
	Plan name: Plan de movimiento solo stage
	Plan comment: repirradaicion5.7
	Absolut shift from X to (0,0) well: [0.000 0.000 0.000]
[16:35:19.890] Starting iteration 1
[16:35:19.890] Moving to: [0.000 0.000 0.000]
[16:35:30.111] Arrived at: [0.000 0.000 0.000]
[16:35:30.111] Wait 5.000s
[16:35:35.114] Continue movement.

[16:35:35.114] Moving to: [10.000 0.000 0.000]
[16:35:42.320] Arrived at: [10.000 0.000 0.000]
[16:35:42.322] Wait 0.000s
[16:35:42.324] Continue movement.

[16:35:42.325] Moving to: [0.000 -0.200 0.000]
[16:35:49.949] Arrived at: [0.000 -0.200 0.000]
[16:35:49.949] Wait 0.000s
[16:35:49.953] Continue movement.

[16:35:49.953] Moving to: [10.000 -0.400 0.000]
[16:35:57.605] Arrived at: [10.000 -0.400 0.000]
[16:35:57.605] Wait 0.000s
[16:35:57.605] Continue movement.

[16:35:57.609] Moving to: [0.000 -0.600 0.000]
[16:36:05.246] Arrived at: [0.000 -0.600 0.000]
[16:36:05.246] Wait 0.000s
[16:36:05.250] Continue movement.

[16:36:05.250] Moving to: [10.000 -0.800 0.000]
[16:36:12.884] Arrived at: [10.000 -0.800 0.000]
[16:36:12.884] Wait 0.000s
[16:36:12.888] Continue movement.

[16:36:12.888] Moving to: [0.000 -1.000 0.000]
[16:36:20.702] Arrived at: [0.000 -1.000 0.000]
[16:36:20.702] Wait 0.000s
[16:36:20.704] Continue movement.

[16:36:20.704] Moving to: [10.000 -1.200 0.000]
[16:36:28.359] Arrived at: [10.000 -1.200 0.000]
[16:36:28.359] Wait 0.000s
[16:36:28.364] Continue movement.

[16:36:28.364] Moving to: [0.000 -1.400 0.000]
[16:36:36.026] Arrived at: [0.000 -1.400 0.000] WARNING!
[16:36:36.030] Wait 0.000s
[16:36:36.031] Continue movement.

[16:36:36.031] Moving to: [10.000 -1.600 0.000]
[16:36:43.679] Arrived at: [10.000 -1.600 0.000]
[16:36:43.679] Wait 0.000s
[16:36:43.679] Continue movement.

[16:36:43.683] Moving to: [0.000 -1.800 0.000]
[16:36:51.368] Arrived at: [0.000 -1.800 0.000]
[16:36:51.368] Wait 0.000s
[16:36:51.368] Continue movement.

[16:36:51.368] Moving to: [10.000 -2.000 0.000]
[16:36:59.008] Arrived at: [10.000 -2.000 0.000]
[16:36:59.008] Wait 0.000s
[16:36:59.014] Continue movement.

[16:36:59.014] Moving to: [0.000 -2.200 0.000]
[16:37:06.820] Arrived at: [0.000 -2.200 0.000]
[16:37:06.820] Wait 0.000s
[16:37:06.824] Continue movement.

[16:37:06.824] Moving to: [10.000 -2.400 0.000]
[16:37:14.623] Arrived at: [10.000 -2.400 0.000]
[16:37:14.623] Wait 0.000s
[16:37:14.627] Continue movement.

[16:37:14.627] Moving to: [0.000 -2.600 0.000]
[16:37:22.251] Arrived at: [0.000 -2.600 0.000]
[16:37:22.252] Wait 0.000s
[16:37:22.252] Continue movement.

[16:37:22.252] Moving to: [10.000 -2.800 0.000]
[16:37:29.891] Arrived at: [10.000 -2.800 0.000] WARNING!
[16:37:29.891] Wait 0.000s
[16:37:29.897] Continue movement.

[16:37:29.898] Moving to: [0.000 -3.000 0.000]
[16:37:37.697] Arrived at: [0.000 -3.000 0.000]
[16:37:37.697] Wait 0.000s
[16:37:37.699] Continue movement.

[16:37:37.700] Moving to: [10.000 -3.200 0.000]
[16:37:45.356] Arrived at: [10.000 -3.200 0.000]
[16:37:45.357] Wait 0.000s
[16:37:45.359] Continue movement.

[16:37:45.360] Moving to: [0.000 -3.400 0.000]
[16:37:53.024] Arrived at: [0.000 -3.400 0.000]
[16:37:53.028] Wait 0.000s
[16:37:53.028] Continue movement.

[16:37:53.028] Moving to: [10.000 -3.600 0.000]
[16:38:00.673] Arrived at: [10.000 -3.600 0.000]
[16:38:00.673] Wait 0.000s
[16:38:00.673] Continue movement.

[16:38:00.673] Moving to: [0.000 -3.800 0.000]
[16:38:08.341] Arrived at: [0.000 -3.800 0.000] WARNING!
[16:38:08.342] Wait 0.000s
[16:38:08.343] Continue movement.

[16:38:08.344] Moving to: [10.000 -4.000 0.000]
[16:38:16.003] Arrived at: [10.000 -4.000 0.000]
[16:38:16.003] Wait 0.000s
[16:38:16.003] Continue movement.

[16:38:16.003] Finished iteration 1

[16:38:16.007] Plan finished.
