[18:48:42.206] Starting plan irradiation...
	Plan name: Plan de movimiento solo stage
	Plan comment: tungsteno-jmu-1
	Absolut shift from X to (0,0) well: [0.000 0.000 0.000]
[18:49:01.570] Starting iteration 1
[18:49:01.570] Moving to: [0.000 0.000 0.000]
[18:49:01.996] Arrived at: [0.000 0.000 0.000]
[18:49:01.996] Wait 5.000s
[18:49:07.020] Continue movement.

[18:49:07.021] Moving to: [10.000 0.000 0.000]
[18:49:07.766] Arrived at: [0.007 0.000 0.000] WARNING!
[18:49:07.766] Wait 0.000s
[18:49:07.767] Continue movement.

[18:49:07.770] Moving to: [0.000 -0.200 0.000]
[18:49:09.076] Arrived at: [0.000 -0.200 0.000]
[18:49:09.076] Wait 0.000s
[18:49:09.077] Continue movement.

[18:49:09.077] Moving to: [10.000 -0.400 0.000]
[18:49:10.250] Arrived at: [0.007 -0.400 0.000] WARNING!
[18:49:10.250] Wait 0.000s
[18:49:10.251] Continue movement.

[18:49:10.253] Moving to: [0.000 -0.600 0.000]
[18:49:11.471] Arrived at: [0.000 -0.600 0.000]
[18:49:11.475] Wait 0.000s
[18:49:11.475] Continue movement.

[18:49:11.475] Moving to: [10.000 -0.800 0.000]
[18:49:12.652] Arrived at: [0.007 -0.800 0.000] WARNING!
[18:49:12.652] Wait 0.000s
[18:49:12.654] Continue movement.

[18:49:12.655] Moving to: [0.000 -1.000 0.000]
[18:49:13.821] Arrived at: [0.000 -1.000 0.000]
[18:49:13.821] Wait 0.000s
[18:49:13.821] Continue movement.

[18:49:13.821] Moving to: [10.000 -1.200 0.000]
[18:49:15.055] Arrived at: [0.007 -1.200 0.000] WARNING!
[18:49:15.055] Wait 0.000s
[18:49:15.067] Continue movement.

[18:49:15.068] Moving to: [0.000 -1.400 0.000]
[18:49:16.300] Arrived at: [0.000 -1.400 0.000] WARNING!
[18:49:16.300] Wait 0.000s
[18:49:16.301] Continue movement.

[18:49:16.304] Moving to: [10.000 -1.600 0.000]
[18:49:17.487] Arrived at: [0.007 -1.600 0.000] WARNING!
[18:49:17.491] Wait 0.000s
[18:49:17.494] Continue movement.

[18:49:17.495] Moving to: [0.000 -1.800 0.000]
[18:49:18.688] Arrived at: [0.000 -1.800 0.000]
[18:49:18.688] Wait 0.000s
[18:49:18.688] Continue movement.

[18:49:18.688] Moving to: [10.000 -2.000 0.000]
[18:49:19.917] Arrived at: [0.007 -2.000 0.000] WARNING!
[18:49:19.917] Wait 0.000s
[18:49:19.917] Continue movement.

[18:49:19.917] Moving to: [0.000 -2.200 0.000]
[18:49:21.099] Arrived at: [0.000 -2.200 0.000]
[18:49:21.099] Wait 0.000s
[18:49:21.099] Continue movement.

[18:49:21.099] Moving to: [10.000 -2.400 0.000]
[18:49:22.281] Arrived at: [0.007 -2.400 0.000] WARNING!
[18:49:22.281] Wait 0.000s
[18:49:22.281] Continue movement.

[18:49:22.281] Moving to: [0.000 -2.600 0.000]
[18:49:23.497] Arrived at: [0.000 -2.600 0.000]
[18:49:23.497] Wait 0.000s
[18:49:23.497] Continue movement.

[18:49:23.497] Moving to: [10.000 -2.800 0.000]
[18:49:24.673] Arrived at: [0.007 -2.800 0.000] WARNING!
[18:49:24.674] Wait 0.000s
[18:49:24.676] Continue movement.

[18:49:24.678] Moving to: [0.000 -3.000 0.000]
[18:49:25.849] Arrived at: [0.000 -3.000 0.000]
[18:49:25.849] Wait 0.000s
[18:49:25.849] Continue movement.

[18:49:25.849] Moving to: [10.000 -3.200 0.000]
[18:49:27.031] Arrived at: [0.007 -3.200 0.000] WARNING!
[18:49:27.031] Wait 0.000s
[18:49:27.031] Continue movement.

[18:49:27.031] Moving to: [0.000 -3.400 0.000]
[18:49:28.246] Arrived at: [0.000 -3.400 0.000]
[18:49:28.246] Wait 0.000s
[18:49:28.246] Continue movement.

[18:49:28.246] Moving to: [10.000 -3.600 0.000]
[18:49:29.459] Arrived at: [0.007 -3.600 0.000] WARNING!
[18:49:29.459] Wait 0.000s
[18:49:29.470] Continue movement.

[18:49:29.471] Finished iteration 1

[18:49:29.472] Starting iteration 2
[18:49:29.473] Moving to: [0.000 0.000 0.000]
[18:49:33.028] Arrived at: [0.000 0.000 0.000]
[18:49:33.028] Wait 5.000s
[18:49:38.043] Continue movement.

[18:49:38.043] Moving to: [10.000 0.000 0.000]
[18:49:38.770] Arrived at: [0.007 0.000 0.000] WARNING!
[18:49:38.770] Wait 0.000s
[18:49:38.780] Continue movement.

[18:49:38.782] Moving to: [0.000 -0.200 0.000]
[18:49:39.970] Arrived at: [0.000 -0.200 0.000]
[18:49:39.970] Wait 0.000s
[18:49:39.970] Continue movement.

[18:49:39.970] Moving to: [10.000 -0.400 0.000]
[18:49:41.167] Arrived at: [0.007 -0.400 0.000] WARNING!
[18:49:41.167] Wait 0.000s
[18:49:41.176] Continue movement.

[18:49:41.178] Moving to: [0.000 -0.600 0.000]
[18:49:42.401] Arrived at: [0.000 -0.600 0.000]
[18:49:42.401] Wait 0.000s
[18:49:42.401] Continue movement.

[18:49:42.401] Moving to: [10.000 -0.800 0.000]
[18:49:43.626] Arrived at: [0.007 -0.800 0.000] WARNING!
[18:49:43.626] Wait 0.000s
[18:49:43.626] Continue movement.

[18:49:43.638] Moving to: [0.000 -1.000 0.000]
[18:49:44.835] Arrived at: [0.000 -1.000 0.000]
[18:49:44.835] Wait 0.000s
[18:49:44.835] Continue movement.

[18:49:44.851] Moving to: [10.000 -1.200 0.000]
[18:49:46.075] Arrived at: [0.007 -1.200 0.000] WARNING!
[18:49:46.075] Wait 0.000s
[18:49:46.075] Continue movement.

[18:49:46.075] Moving to: [0.000 -1.400 0.000]
[18:49:47.276] Arrived at: [0.000 -1.400 0.000] WARNING!
[18:49:47.276] Wait 0.000s
[18:49:47.276] Continue movement.

[18:49:47.276] Moving to: [10.000 -1.600 0.000]
[18:49:48.506] Arrived at: [0.007 -1.600 0.000] WARNING!
[18:49:48.506] Wait 0.000s
[18:49:48.506] Continue movement.

[18:49:48.506] Moving to: [0.000 -1.800 0.000]
[18:49:49.720] Arrived at: [0.000 -1.800 0.000]
[18:49:49.720] Wait 0.000s
[18:49:49.720] Continue movement.

[18:49:49.720] Moving to: [10.000 -2.000 0.000]
[18:49:50.911] Arrived at: [0.007 -2.000 0.000] WARNING!
[18:49:50.911] Wait 0.000s
[18:49:50.919] Continue movement.

[18:49:50.919] Moving to: [0.000 -2.200 0.000]
[18:49:52.096] Arrived at: [0.000 -2.200 0.000]
[18:49:52.096] Wait 0.000s
[18:49:52.096] Continue movement.

[18:49:52.096] Moving to: [10.000 -2.400 0.000]
[18:49:53.319] Arrived at: [0.007 -2.400 0.000] WARNING!
[18:49:53.319] Wait 0.000s
[18:49:53.319] Continue movement.

[18:49:53.319] Moving to: [0.000 -2.600 0.000]
[18:49:54.524] Arrived at: [0.000 -2.600 0.000]
[18:49:54.524] Wait 0.000s
[18:49:54.524] Continue movement.

[18:49:54.524] Moving to: [10.000 -2.800 0.000]
[18:49:55.790] Arrived at: [0.007 -2.800 0.000] WARNING!
[18:49:55.790] Wait 0.000s
[18:49:55.791] Continue movement.

[18:49:55.793] Moving to: [0.000 -3.000 0.000]
[18:49:56.989] Arrived at: [0.000 -3.000 0.000]
[18:49:56.990] Wait 0.000s
[18:49:56.992] Continue movement.

[18:49:56.992] Moving to: [10.000 -3.200 0.000]
[18:49:58.213] Arrived at: [0.007 -3.200 0.000] WARNING!
[18:49:58.213] Wait 0.000s
[18:49:58.213] Continue movement.

[18:49:58.224] Moving to: [0.000 -3.400 0.000]
[18:49:59.450] Arrived at: [0.000 -3.400 0.000]
[18:49:59.450] Wait 0.000s
[18:49:59.454] Continue movement.

[18:49:59.454] Moving to: [10.000 -3.600 0.000]
[18:50:00.657] Arrived at: [0.007 -3.600 0.000] WARNING!
[18:50:00.657] Wait 0.000s
[18:50:00.669] Continue movement.

[18:50:00.670] Finished iteration 2

[18:50:00.672] Starting iteration 3
[18:50:00.672] Moving to: [0.000 0.000 0.000]
[18:50:04.299] Arrived at: [0.000 0.000 0.000]
[18:50:04.299] Wait 5.000s
[18:50:09.311] Continue movement.

[18:50:09.312] Moving to: [10.000 0.000 0.000]
[18:50:10.046] Arrived at: [0.007 0.000 0.000] WARNING!
[18:50:10.046] Wait 0.000s
[18:50:10.046] Continue movement.

[18:50:10.053] Moving to: [0.000 -0.200 0.000]
[18:50:11.229] Arrived at: [0.000 -0.200 0.000]
[18:50:11.229] Wait 0.000s
[18:50:11.229] Continue movement.

[18:50:11.229] Moving to: [10.000 -0.400 0.000]
[18:50:12.396] Arrived at: [0.007 -0.400 0.000] WARNING!
[18:50:12.396] Wait 0.000s
[18:50:12.396] Continue movement.

[18:50:12.408] Moving to: [0.000 -0.600 0.000]
[18:50:13.600] Arrived at: [0.000 -0.600 0.000]
[18:50:13.600] Wait 0.000s
[18:50:13.600] Continue movement.

[18:50:13.600] Moving to: [10.000 -0.800 0.000]
[18:50:14.810] Arrived at: [0.007 -0.800 0.000] WARNING!
[18:50:14.810] Wait 0.000s
[18:50:14.810] Continue movement.

[18:50:14.822] Moving to: [0.000 -1.000 0.000]
[18:50:16.023] Arrived at: [0.000 -1.000 0.000]
[18:50:16.023] Wait 0.000s
[18:50:16.023] Continue movement.

[18:50:16.023] Moving to: [10.000 -1.200 0.000]
[18:50:17.225] Arrived at: [0.007 -1.200 0.000] WARNING!
[18:50:17.225] Wait 0.000s
[18:50:17.233] Continue movement.

[18:50:17.235] Moving to: [0.000 -1.400 0.000]
[18:50:18.473] Arrived at: [0.000 -1.400 0.000] WARNING!
[18:50:18.473] Wait 0.000s
[18:50:18.486] Continue movement.

[18:50:18.488] Moving to: [10.000 -1.600 0.000]
[18:50:19.687] Arrived at: [0.007 -1.600 0.000] WARNING!
[18:50:19.687] Wait 0.000s
[18:50:19.687] Continue movement.

[18:50:19.699] Moving to: [0.000 -1.800 0.000]
[18:50:21.013] Arrived at: [0.000 -1.800 0.000]
[18:50:21.013] Wait 0.000s
[18:50:21.013] Continue movement.

[18:50:21.013] Moving to: [10.000 -2.000 0.000]
[18:50:22.204] Arrived at: [0.007 -2.000 0.000] WARNING!
[18:50:22.204] Wait 0.000s
[18:50:22.204] Continue movement.

[18:50:22.211] Moving to: [0.000 -2.200 0.000]
[18:50:23.383] Arrived at: [0.000 -2.200 0.000]
[18:50:23.383] Wait 0.000s
[18:50:23.383] Continue movement.

[18:50:23.383] Moving to: [10.000 -2.400 0.000]
[18:50:24.583] Arrived at: [0.007 -2.400 0.000] WARNING!
[18:50:24.583] Wait 0.000s
[18:50:24.583] Continue movement.

[18:50:24.594] Moving to: [0.000 -2.600 0.000]
[18:50:25.796] Arrived at: [0.000 -2.600 0.000]
[18:50:25.796] Wait 0.000s
[18:50:25.796] Continue movement.

[18:50:25.796] Moving to: [10.000 -2.800 0.000]
[18:50:27.019] Arrived at: [0.007 -2.800 0.000] WARNING!
[18:50:27.019] Wait 0.000s
[18:50:27.021] Continue movement.

[18:50:27.021] Moving to: [0.000 -3.000 0.000]
[18:50:28.223] Arrived at: [0.000 -3.000 0.000]
[18:50:28.223] Wait 0.000s
[18:50:28.223] Continue movement.

[18:50:28.223] Moving to: [10.000 -3.200 0.000]
[18:50:29.440] Arrived at: [0.007 -3.200 0.000] WARNING!
[18:50:29.440] Wait 0.000s
[18:50:29.441] Continue movement.

[18:50:29.444] Moving to: [0.000 -3.400 0.000]
[18:50:30.673] Arrived at: [0.000 -3.400 0.000]
[18:50:30.673] Wait 0.000s
[18:50:30.673] Continue movement.

[18:50:30.673] Moving to: [10.000 -3.600 0.000]
[18:50:31.893] Arrived at: [0.007 -3.600 0.000] WARNING!
[18:50:31.893] Wait 0.000s
[18:50:31.893] Continue movement.

[18:50:31.898] Finished iteration 3

[18:50:31.899] Plan finished.
