[16:29:41.572] Starting plan irradiation...
	Plan name: Plan de movimiento con errores
	Plan comment: Prueba errores 2
	Absolut shift from X to (0,0) well: [0.000 0.000 0.000]
[16:29:45.808] Starting iteration 1
[16:29:45.808] Moving to: [-1.000 1.000 0.000]
[16:29:50.735] Arrived at: [-1.000 1.000 0.000]
[16:29:50.735] Wait 0.100s
[16:29:50.841] Continue movement.

[16:29:50.841] Moving to: [-10.000 0.000 0.000]
[16:29:55.470] Arrived at: [-5.312 0.000 0.000]
[16:29:55.470] Wait 0.100s
[16:29:55.592] Continue movement.

[16:29:55.592] Moving to: [0.000 0.000 0.000]
[16:29:59.785] Arrived at: [0.000 0.000 0.000]
[16:29:59.785] Wait 0.100s
[16:29:59.892] Continue movement.

[16:29:59.892] Moving to: [0.000 10.000 0.000]
[16:30:04.234] Arrived at: [0.000 5.299 0.000]
[16:30:04.236] Wait 0.100s
[16:30:04.343] Continue movement.

[16:30:04.347] Moving to: [1.000 1.000 0.000]
[16:30:08.905] Arrived at: [1.000 1.000 0.000]
[16:30:08.905] Wait 0.100s
[16:30:09.027] Continue movement.

[16:30:09.027] Moving to: [1.000 0.000 0.000]
[16:30:10.391] Arrived at: [1.000 0.000 0.000]
[16:30:10.392] Wait 0.100s
[16:30:10.496] Continue movement.

[16:30:10.496] Moving to: [1.000 -1.000 0.000]
[16:30:11.787] Arrived at: [1.000 -1.000 0.000]
[16:30:11.787] Wait 0.100s
[16:30:11.910] Continue movement.

[16:30:11.910] Moving to: [0.000 -1.000 0.000]
[16:30:13.233] Arrived at: [0.000 -1.000 0.000]
[16:30:13.233] Wait 0.100s
[16:30:13.339] Continue movement.

[16:30:13.339] Moving to: [-1.000 -1.000 10.000]
[16:30:17.448] Arrived at: [-1.000 -1.000 3.307]
[16:30:17.448] Wait 0.100s
[16:30:17.557] Continue movement.

[16:30:17.557] Finished iteration 1

[16:30:17.557] Plan finished.
