[19:43:22.219] Starting plan irradiation...
	Plan name: Plan de movimiento solo stage
	Plan comment: pruebaC3
	Absolut shift from X to (0,0) well: [0.000 0.000 0.000]
[19:43:27.726] Starting iteration 1
[19:43:27.727] Moving to: [0.000 0.000 0.000]
[19:43:28.141] Arrived at: [0.000 0.000 0.000]
[19:43:28.141] Wait 0.000s
[19:43:28.145] Continue movement.

[19:43:28.145] Moving to: [2.000 0.000 0.000]
[19:43:29.490] Arrived at: [0.787 0.000 0.000] WARNING!
[19:43:29.490] Wait 0.000s
[19:43:29.492] Continue movement.

[19:43:29.493] Moving to: [0.000 -0.200 0.000]
[19:43:31.062] Arrived at: [0.000 -0.200 0.000]
[19:43:31.062] Wait 0.000s
[19:43:31.066] Continue movement.

[19:43:31.067] Moving to: [2.000 -0.400 0.000]
[19:43:32.855] Arrived at: [0.783 -0.400 0.000] WARNING!
[19:43:32.855] Wait 0.000s
[19:43:32.865] Continue movement.

[19:43:32.866] Moving to: [0.000 -0.600 0.000]
[19:43:34.456] Arrived at: [0.000 -0.600 0.000]
[19:43:34.456] Wait 0.000s
[19:43:34.456] Continue movement.

[19:43:34.456] Moving to: [2.000 -0.800 0.000]
[19:43:36.272] Arrived at: [0.777 -0.800 0.000] WARNING!
[19:43:36.272] Wait 0.000s
[19:43:36.282] Continue movement.

[19:43:36.283] Moving to: [0.000 -1.000 0.000]
[19:43:37.859] Arrived at: [0.000 -1.000 0.000]
[19:43:37.859] Wait 0.000s
[19:43:37.859] Continue movement.

[19:43:37.859] Moving to: [2.000 -1.200 0.000]
[19:43:39.712] Arrived at: [0.773 -1.200 0.000] WARNING!
[19:43:39.714] Wait 0.000s
[19:43:39.719] Continue movement.

[19:43:39.721] Moving to: [0.000 -1.400 0.000]
[19:43:41.372] Arrived at: [0.000 -1.400 0.000] WARNING!
[19:43:41.374] Wait 0.000s
[19:43:41.375] Continue movement.

[19:43:41.376] Moving to: [2.000 -1.600 0.000]
[19:43:43.345] Arrived at: [0.364 -1.600 0.000] WARNING!
[19:43:43.345] Wait 0.000s
[19:43:43.345] Continue movement.

[19:43:43.345] Moving to: [0.000 -1.800 0.000]
[19:43:44.759] Arrived at: [0.000 -1.800 0.000]
[19:43:44.759] Wait 0.000s
[19:43:44.759] Continue movement.

[19:43:44.759] Moving to: [2.000 -2.000 0.000]
[19:43:46.667] Arrived at: [0.769 -2.000 0.000] WARNING!
[19:43:46.667] Wait 0.000s
[19:43:46.667] Continue movement.

[19:43:46.667] Moving to: [0.000 -2.200 0.000]
[19:43:48.297] Arrived at: [0.000 -2.200 0.000]
[19:43:48.297] Wait 0.000s
[19:43:48.305] Continue movement.

[19:43:48.307] Moving to: [2.000 -2.400 0.000]
[19:43:50.040] Arrived at: [0.765 -2.400 0.000] WARNING!
[19:43:50.041] Wait 0.000s
[19:43:50.043] Continue movement.

[19:43:50.044] Moving to: [0.000 -2.600 0.000]
[19:43:51.727] Arrived at: [0.000 -2.600 0.000]
[19:43:51.727] Wait 0.000s
[19:43:51.728] Continue movement.

[19:43:51.730] Moving to: [2.000 -2.800 0.000]
[19:43:53.636] Arrived at: [0.761 -2.800 0.000] WARNING!
[19:43:53.637] Wait 0.000s
[19:43:53.639] Continue movement.

[19:43:53.641] Moving to: [0.000 -3.000 0.000]
[19:43:55.476] Arrived at: [0.000 -3.000 0.000]
[19:43:55.476] Wait 0.000s
[19:43:55.485] Continue movement.

[19:43:55.486] Moving to: [2.000 -3.200 0.000]
[19:43:57.379] Arrived at: [0.757 -3.200 0.000] WARNING!
[19:43:57.379] Wait 0.000s
[19:43:57.391] Continue movement.

[19:43:57.392] Moving to: [0.000 -3.400 0.000]
[19:43:59.002] Arrived at: [0.000 -3.400 0.000]
[19:43:59.003] Wait 0.000s
[19:43:59.010] Continue movement.

[19:43:59.011] Moving to: [2.000 -3.600 0.000]
[19:44:00.887] Arrived at: [0.753 -3.600 0.000] WARNING!
[19:44:00.887] Wait 0.000s
[19:44:00.898] Continue movement.

[19:44:00.898] Moving to: [0.000 -3.800 0.000]
[19:44:02.583] Arrived at: [0.000 -3.800 0.000] WARNING!
[19:44:02.587] Wait 0.000s
[19:44:02.587] Continue movement.

[19:44:02.587] Moving to: [2.000 -4.000 0.000]
[19:44:04.448] Arrived at: [0.749 -4.000 0.000] WARNING!
[19:44:04.448] Wait 0.000s
[19:44:04.460] Continue movement.

[19:44:04.462] Moving to: [0.000 -4.200 0.000]
[19:44:06.147] Arrived at: [0.000 -4.200 0.000]
[19:44:06.147] Wait 0.000s
[19:44:06.147] Continue movement.

[19:44:06.147] Moving to: [2.000 -4.400 0.000]
[19:44:08.013] Arrived at: [0.745 -4.400 0.000] WARNING!
[19:44:08.013] Wait 0.000s
[19:44:08.013] Continue movement.

[19:44:08.013] Finished iteration 1

[19:44:08.013] Plan finished.
