[15:17:32.984] Starting plan irradiation...
	Plan name: Plan de movimiento solo stage
	Plan comment: prueba2
	Absolut shift from X to (0,0) well: [0.000 0.000 0.000]
[15:17:41.694] Starting iteration 1
[15:17:41.695] Moving to: [0.000 0.000 0.000]
[15:17:46.176] Arrived at: [9.000 0.000 0.000] WARNING!
[15:17:46.177] Wait 5.000s
[15:17:51.179] Continue movement.

[15:17:51.179] Moving to: [10.000 0.000 0.000]
[15:17:52.426] Arrived at: [10.000 0.000 0.000]
[15:17:52.430] Wait 0.000s
[15:17:52.430] Continue movement.

[15:17:52.430] Moving to: [0.000 -0.200 0.000]
[15:18:00.080] Arrived at: [0.000 -0.200 0.000]
[15:18:00.080] Wait 0.000s
[15:18:00.081] Continue movement.

[15:18:00.082] Moving to: [10.000 -0.400 0.000]
[15:18:07.896] Arrived at: [10.000 -0.400 0.000]
[15:18:07.896] Wait 0.000s
[15:18:07.901] Continue movement.

[15:18:07.902] Moving to: [0.000 -0.600 0.000]
[15:18:15.570] Arrived at: [0.000 -0.600 0.000]
[15:18:15.570] Wait 0.000s
[15:18:15.575] Continue movement.

[15:18:15.577] Moving to: [10.000 -0.800 0.000]
[15:18:23.381] Arrived at: [10.000 -0.800 0.000]
[15:18:23.382] Wait 0.000s
[15:18:23.382] Continue movement.

[15:18:23.382] Moving to: [0.000 -1.000 0.000]
[15:18:31.068] Arrived at: [0.000 -1.000 0.000]
[15:18:31.068] Wait 0.000s
[15:18:31.073] Continue movement.

[15:18:31.073] Moving to: [10.000 -1.200 0.000]
[15:18:38.736] Arrived at: [10.000 -1.200 0.000]
[15:18:38.737] Wait 0.000s
[15:18:38.739] Continue movement.

[15:18:38.739] Moving to: [0.000 -1.400 0.000]
[15:18:46.405] Arrived at: [0.000 -1.400 0.000] WARNING!
[15:18:46.407] Wait 0.000s
[15:18:46.409] Continue movement.

[15:18:46.412] Moving to: [10.000 -1.600 0.000]
[15:18:54.063] Arrived at: [10.000 -1.600 0.000]
[15:18:54.063] Wait 0.000s
[15:18:54.067] Continue movement.

[15:18:54.067] Moving to: [0.000 -1.800 0.000]
[15:19:01.751] Arrived at: [0.000 -1.800 0.000]
[15:19:01.751] Wait 0.000s
[15:19:01.751] Continue movement.

[15:19:01.751] Moving to: [10.000 -2.000 0.000]
[15:19:09.439] Arrived at: [10.000 -2.000 0.000]
[15:19:09.439] Wait 0.000s
[15:19:09.444] Continue movement.

[15:19:09.444] Moving to: [0.000 -2.200 0.000]
[15:19:17.136] Arrived at: [0.000 -2.200 0.000]
[15:19:17.136] Wait 0.000s
[15:19:17.136] Continue movement.

[15:19:17.136] Moving to: [10.000 -2.400 0.000]
[15:19:24.778] Arrived at: [10.000 -2.400 0.000]
[15:19:24.780] Wait 0.000s
[15:19:24.782] Continue movement.

[15:19:24.782] Moving to: [0.000 -2.600 0.000]
[15:19:32.435] Arrived at: [0.000 -2.600 0.000]
[15:19:32.439] Wait 0.000s
[15:19:32.439] Continue movement.

[15:19:32.439] Moving to: [10.000 -2.800 0.000]
[15:19:40.136] Arrived at: [10.000 -2.800 0.000] WARNING!
[15:19:40.140] Wait 0.000s
[15:19:40.142] Continue movement.

[15:19:40.143] Moving to: [0.000 -3.000 0.000]
[15:19:47.784] Arrived at: [0.000 -3.000 0.000]
[15:19:47.784] Wait 0.000s
[15:19:47.784] Continue movement.

[15:19:47.788] Moving to: [10.000 -3.200 0.000]
[15:19:55.459] Arrived at: [10.000 -3.200 0.000]
[15:19:55.459] Wait 0.000s
[15:19:55.459] Continue movement.

[15:19:55.463] Moving to: [0.000 -3.400 0.000]
[15:20:03.137] Arrived at: [0.000 -3.400 0.000]
[15:20:03.138] Wait 0.000s
[15:20:03.140] Continue movement.

[15:20:03.140] Moving to: [10.000 -3.600 0.000]
[15:20:10.954] Arrived at: [10.000 -3.600 0.000]
[15:20:10.954] Wait 0.000s
[15:20:10.954] Continue movement.

[15:20:10.954] Moving to: [0.000 -3.800 0.000]
[15:20:18.613] Arrived at: [0.000 -3.800 0.000] WARNING!
[15:20:18.618] Wait 0.000s
[15:20:18.620] Continue movement.

[15:20:18.621] Moving to: [10.000 -4.000 0.000]
[15:20:26.311] Arrived at: [10.000 -4.000 0.000]
[15:20:26.313] Wait 0.000s
[15:20:26.315] Continue movement.

[15:20:26.316] Moving to: [0.000 0.000 0.000]
[15:20:36.568] Arrived at: [0.000 0.000 0.000]
[15:20:36.568] Wait 0.000s
[15:20:36.568] Continue movement.

[15:20:36.568] Finished iteration 1

[15:20:36.572] Plan finished.
