[16:27:31.419] Starting plan irradiation...
	Plan name: Plan de movimiento con errores
	Plan comment: Prueba errores
	Absolut shift from X to (0,0) well: [0.000 0.000 0.000]
[16:27:35.002] Starting iteration 1
[16:27:35.002] Moving to: [-1.000 1.000 0.000]
[16:27:36.279] Arrived at: [-1.000 1.000 0.000]
[16:27:36.280] Wait 0.100s
[16:27:36.386] Continue movement.

[16:27:36.386] Moving to: [-10.000 0.000 0.000]
[16:27:41.058] Arrived at: [-5.316 0.000 0.000]
[16:27:41.058] Wait 0.100s
[16:27:41.181] Continue movement.

[16:27:41.181] Moving to: [0.000 0.000 0.000]
[16:27:45.364] Arrived at: [0.000 0.000 0.000]
[16:27:45.364] Wait 0.100s
[16:27:45.486] Continue movement.

[16:27:45.486] Moving to: [0.000 10.000 0.000]
[16:27:49.818] Arrived at: [0.000 5.299 0.000]
[16:27:49.818] Wait 0.100s
[16:27:49.927] Continue movement.

[16:27:49.927] Moving to: [1.000 1.000 0.000]
[16:27:54.494] Arrived at: [1.000 1.000 0.000]
[16:27:54.494] Wait 0.100s
[16:27:54.616] Continue movement.

[16:27:54.616] Moving to: [1.000 0.000 0.000]
[16:27:55.902] Arrived at: [1.000 0.000 0.000]
[16:27:55.902] Wait 0.100s
[16:27:56.008] Continue movement.

[16:27:56.008] Moving to: [1.000 -1.000 0.000]
[16:27:57.280] Arrived at: [1.000 -1.000 0.000]
[16:27:57.280] Wait 0.100s
[16:27:57.388] Continue movement.

[16:27:57.388] Moving to: [0.000 -1.000 0.000]
[16:27:58.672] Arrived at: [0.000 -1.000 0.000]
[16:27:58.672] Wait 0.100s
[16:27:58.796] Continue movement.

[16:27:58.796] Moving to: [-1.000 -10.000 0.000]
[16:28:03.568] Arrived at: [-1.000 -5.307 0.000]
[16:28:03.568] Wait 0.100s
[16:28:03.676] Continue movement.

[16:28:03.676] Finished iteration 1

[16:28:03.676] Plan finished.
