[11:35:04.562] Starting plan irradiation...
	Plan name: Plan de movimiento solo stage
	Plan comment: prueba
	Absolut shift from X to (0,0) well: [0.000 0.000 0.000]
[11:35:08.893] Starting iteration 1
[11:35:08.895] Moving to: [0.000 0.000 0.000]
[11:35:17.089] Arrived at: [0.000 0.000 0.000]
[11:35:17.093] Wait 0.000s
[11:35:17.096] Continue movement.

[11:35:17.098] Moving to: [10.000 0.000 0.000]
[11:35:24.378] Arrived at: [10.000 0.000 0.000]
[11:35:24.382] Wait 0.000s
[11:35:24.383] Continue movement.

[11:35:24.384] Moving to: [0.000 -0.300 0.000]
[11:35:32.277] Arrived at: [0.000 -0.300 0.000]
[11:35:32.285] Wait 0.000s
[11:35:32.285] Continue movement.

[11:35:32.285] Moving to: [10.000 -0.600 0.000]
[11:35:40.147] Arrived at: [10.000 -0.600 0.000]
[11:35:40.152] Wait 0.000s
[11:35:40.154] Continue movement.

[11:35:40.154] Moving to: [0.000 -0.900 0.000]
[11:35:48.004] Arrived at: [0.000 -0.900 0.000]
[11:35:48.004] Wait 0.000s
[11:35:48.004] Continue movement.

[11:35:48.008] Moving to: [10.000 -1.200 0.000]
[11:35:55.860] Arrived at: [10.000 -1.200 0.000]
[11:35:55.860] Wait 0.000s
[11:35:55.865] Continue movement.

[11:35:55.866] Finished iteration 1

[11:35:55.866] Plan finished.
