[18:37:24.745] Starting plan irradiation...
	Plan name: Plan de movimiento solo stage
	Plan comment: prueba-jmu-1
	Absolut shift from X to (0,0) well: [0.000 0.000 0.000]
[18:37:33.075] Starting iteration 1
[18:37:33.077] Moving to: [0.000 0.000 0.000]
[18:37:33.346] Arrived at: [0.000 0.000 0.000]
[18:37:33.346] Wait 5.000s
[18:37:38.379] Continue movement.

[18:37:38.380] Moving to: [10.000 0.000 0.000]
[18:37:39.281] Arrived at: [0.249 0.000 0.000] WARNING!
[18:37:39.291] Wait 0.000s
[18:37:39.292] Continue movement.

[18:37:39.297] Moving to: [0.000 -0.200 0.000]
[18:37:40.560] Arrived at: [0.000 -0.200 0.000]
[18:37:40.560] Wait 0.000s
[18:37:40.560] Continue movement.

[18:37:40.560] Moving to: [10.000 -0.400 0.000]
[18:37:41.997] Arrived at: [0.241 -0.400 0.000] WARNING!
[18:37:41.997] Wait 0.000s
[18:37:41.997] Continue movement.

[18:37:42.009] Moving to: [0.000 -0.600 0.000]
[18:37:43.268] Arrived at: [0.000 -0.600 0.000]
[18:37:43.268] Wait 0.000s
[18:37:43.268] Continue movement.

[18:37:43.268] Moving to: [10.000 -0.800 0.000]
[18:37:44.682] Arrived at: [0.234 -0.800 0.000] WARNING!
[18:37:44.682] Wait 0.000s
[18:37:44.682] Continue movement.

[18:37:44.682] Moving to: [0.000 -1.000 0.000]
[18:37:45.882] Arrived at: [0.000 -1.000 0.000]
[18:37:45.882] Wait 0.000s
[18:37:45.882] Continue movement.

[18:37:45.882] Moving to: [10.000 -1.200 0.000]
[18:37:47.374] Arrived at: [0.228 -1.200 0.000] WARNING!
[18:37:47.374] Wait 0.000s
[18:37:47.392] Continue movement.

[18:37:47.393] Moving to: [0.000 -1.400 0.000]
[18:37:48.595] Arrived at: [0.000 -1.400 0.000] WARNING!
[18:37:48.596] Wait 0.000s
[18:37:48.599] Continue movement.

[18:37:48.601] Moving to: [10.000 -1.600 0.000]
[18:37:49.991] Arrived at: [0.222 -1.600 0.000] WARNING!
[18:37:49.991] Wait 0.000s
[18:37:49.991] Continue movement.

[18:37:49.991] Moving to: [0.000 -1.800 0.000]
[18:37:51.207] Arrived at: [0.000 -1.800 0.000]
[18:37:51.207] Wait 0.000s
[18:37:51.207] Continue movement.

[18:37:51.207] Moving to: [10.000 -2.000 0.000]
[18:37:52.601] Arrived at: [0.215 -2.000 0.000] WARNING!
[18:37:52.601] Wait 0.000s
[18:37:52.601] Continue movement.

[18:37:52.601] Moving to: [0.000 -2.200 0.000]
[18:37:53.827] Arrived at: [0.000 -2.200 0.000]
[18:37:53.827] Wait 0.000s
[18:37:53.827] Continue movement.

[18:37:53.827] Moving to: [10.000 -2.400 0.000]
[18:37:55.255] Arrived at: [0.209 -2.400 0.000] WARNING!
[18:37:55.255] Wait 0.000s
[18:37:55.255] Continue movement.

[18:37:55.255] Moving to: [0.000 -2.600 0.000]
[18:37:56.502] Arrived at: [0.000 -2.600 0.000]
[18:37:56.502] Wait 0.000s
[18:37:56.502] Continue movement.

[18:37:56.502] Moving to: [10.000 -2.800 0.000]
[18:37:57.912] Arrived at: [0.204 -2.800 0.000] WARNING!
[18:37:57.918] Wait 0.000s
[18:37:57.921] Continue movement.

[18:37:57.922] Moving to: [0.000 -3.000 0.000]
[18:37:59.122] Arrived at: [0.000 -3.000 0.000]
[18:37:59.122] Wait 0.000s
[18:37:59.122] Continue movement.

[18:37:59.122] Moving to: [10.000 -3.200 0.000]
[18:38:00.548] Arrived at: [0.197 -3.200 0.000] WARNING!
[18:38:00.548] Wait 0.000s
[18:38:00.558] Continue movement.

[18:38:00.559] Moving to: [0.000 -3.400 0.000]
[18:38:01.742] Arrived at: [0.000 -3.400 0.000]
[18:38:01.742] Wait 0.000s
[18:38:01.742] Continue movement.

[18:38:01.742] Moving to: [10.000 -3.600 0.000]
[18:38:03.144] Arrived at: [0.194 -3.600 0.000] WARNING!
[18:38:03.144] Wait 0.000s
[18:38:03.144] Continue movement.

[18:38:03.150] Finished iteration 1

[18:38:03.151] Starting iteration 2
[18:38:03.151] Moving to: [0.000 0.000 0.000]
[18:38:06.592] Arrived at: [0.000 0.000 0.000]
[18:38:06.592] Wait 5.000s
[18:38:11.601] Continue movement.

[18:38:11.602] Moving to: [10.000 0.000 0.000]
[18:38:12.531] Arrived at: [0.188 0.000 0.000] WARNING!
[18:38:12.531] Wait 0.000s
[18:38:12.531] Continue movement.

[18:38:12.531] Moving to: [0.000 -0.200 0.000]
[18:38:13.729] Arrived at: [0.000 -0.200 0.000]
[18:38:13.730] Wait 0.000s
[18:38:13.730] Continue movement.

[18:38:13.730] Moving to: [10.000 -0.400 0.000]
[18:38:15.185] Arrived at: [0.179 -0.400 0.000] WARNING!
[18:38:15.187] Wait 0.000s
[18:38:15.189] Continue movement.

[18:38:15.190] Moving to: [0.000 -0.600 0.000]
[18:38:16.398] Arrived at: [0.000 -0.600 0.000]
[18:38:16.398] Wait 0.000s
[18:38:16.402] Continue movement.

[18:38:16.402] Moving to: [10.000 -0.800 0.000]
[18:38:17.804] Arrived at: [0.172 -0.800 0.000] WARNING!
[18:38:17.804] Wait 0.000s
[18:38:17.804] Continue movement.

[18:38:17.804] Moving to: [0.000 -1.000 0.000]
[18:38:19.043] Arrived at: [0.000 -1.000 0.000]
[18:38:19.043] Wait 0.000s
[18:38:19.043] Continue movement.

[18:38:19.043] Moving to: [10.000 -1.200 0.000]
[18:38:20.454] Arrived at: [0.166 -1.200 0.000] WARNING!
[18:38:20.454] Wait 0.000s
[18:38:20.465] Continue movement.

[18:38:20.465] Moving to: [0.000 -1.400 0.000]
[18:38:21.653] Arrived at: [0.000 -1.400 0.000] WARNING!
[18:38:21.653] Wait 0.000s
[18:38:21.664] Continue movement.

[18:38:21.665] Moving to: [10.000 -1.600 0.000]
[18:38:23.088] Arrived at: [0.160 -1.600 0.000] WARNING!
[18:38:23.088] Wait 0.000s
[18:38:23.088] Continue movement.

[18:38:23.088] Moving to: [0.000 -1.800 0.000]
[18:38:24.331] Arrived at: [0.000 -1.800 0.000]
[18:38:24.331] Wait 0.000s
[18:38:24.331] Continue movement.

[18:38:24.331] Moving to: [10.000 -2.000 0.000]
[18:38:25.753] Arrived at: [0.153 -2.000 0.000] WARNING!
[18:38:25.753] Wait 0.000s
[18:38:25.761] Continue movement.

[18:38:25.762] Moving to: [0.000 -2.200 0.000]
[18:38:26.976] Arrived at: [0.000 -2.200 0.000]
[18:38:26.976] Wait 0.000s
[18:38:26.976] Continue movement.

[18:38:26.976] Moving to: [10.000 -2.400 0.000]
[18:38:28.368] Arrived at: [0.149 -2.400 0.000] WARNING!
[18:38:28.368] Wait 0.000s
[18:38:28.368] Continue movement.

[18:38:28.368] Moving to: [0.000 -2.600 0.000]
[18:38:29.585] Arrived at: [0.000 -2.600 0.000]
[18:38:29.585] Wait 0.000s
[18:38:29.585] Continue movement.

[18:38:29.585] Moving to: [10.000 -2.800 0.000]
[18:38:31.012] Arrived at: [0.142 -2.800 0.000] WARNING!
[18:38:31.012] Wait 0.000s
[18:38:31.013] Continue movement.

[18:38:31.016] Moving to: [0.000 -3.000 0.000]
[18:38:32.197] Arrived at: [0.000 -3.000 0.000]
[18:38:32.197] Wait 0.000s
[18:38:32.197] Continue movement.

[18:38:32.201] Moving to: [10.000 -3.200 0.000]
[18:38:33.584] Arrived at: [0.134 -3.200 0.000] WARNING!
[18:38:33.584] Wait 0.000s
[18:38:33.584] Continue movement.

[18:38:33.584] Moving to: [0.000 -3.400 0.000]
[18:38:34.843] Arrived at: [0.000 -3.400 0.000]
[18:38:34.843] Wait 0.000s
[18:38:34.843] Continue movement.

[18:38:34.843] Moving to: [10.000 -3.600 0.000]
[18:38:36.252] Arrived at: [0.126 -3.600 0.000] WARNING!
[18:38:36.252] Wait 0.000s
[18:38:36.264] Continue movement.

[18:38:36.266] Finished iteration 2

[18:38:36.267] Starting iteration 3
[18:38:36.270] Moving to: [0.000 0.000 0.000]
[18:38:39.801] Arrived at: [0.000 0.000 0.000]
[18:38:39.801] Wait 5.000s
[18:38:44.818] Continue movement.

[18:38:44.819] Moving to: [10.000 0.000 0.000]
[18:38:45.798] Arrived at: [0.120 0.000 0.000] WARNING!
[18:38:45.798] Wait 0.000s
[18:38:45.798] Continue movement.

[18:38:45.798] Moving to: [0.000 -0.200 0.000]
[18:38:47.016] Arrived at: [0.000 -0.200 0.000]
[18:38:47.016] Wait 0.000s
[18:38:47.016] Continue movement.

[18:38:47.016] Moving to: [10.000 -0.400 0.000]
[18:38:48.425] Arrived at: [0.113 -0.400 0.000] WARNING!
[18:38:48.433] Wait 0.000s
[18:38:48.435] Continue movement.

[18:38:48.436] Moving to: [0.000 -0.600 0.000]
[18:38:49.634] Arrived at: [0.000 -0.600 0.000]
[18:38:49.634] Wait 0.000s
[18:38:49.634] Continue movement.

[18:38:49.634] Moving to: [10.000 -0.800 0.000]
[18:38:51.031] Arrived at: [0.110 -0.800 0.000] WARNING!
[18:38:51.031] Wait 0.000s
[18:38:51.032] Continue movement.

[18:38:51.033] Moving to: [0.000 -1.000 0.000]
[18:38:52.260] Arrived at: [0.000 -1.000 0.000]
[18:38:52.260] Wait 0.000s
[18:38:52.260] Continue movement.

[18:38:52.260] Moving to: [10.000 -1.200 0.000]
[18:38:53.728] Arrived at: [0.103 -1.200 0.000] WARNING!
[18:38:53.728] Wait 0.000s
[18:38:53.728] Continue movement.

[18:38:53.728] Moving to: [0.000 -1.400 0.000]
[18:38:54.918] Arrived at: [0.000 -1.400 0.000] WARNING!
[18:38:54.927] Wait 0.000s
[18:38:54.929] Continue movement.

[18:38:54.930] Moving to: [10.000 -1.600 0.000]
[18:38:56.318] Arrived at: [0.100 -1.600 0.000] WARNING!
[18:38:56.318] Wait 0.000s
[18:38:56.318] Continue movement.

[18:38:56.330] Moving to: [0.000 -1.800 0.000]
[18:38:57.538] Arrived at: [0.000 -1.800 0.000]
[18:38:57.538] Wait 0.000s
[18:38:57.538] Continue movement.

[18:38:57.538] Moving to: [10.000 -2.000 0.000]
[18:38:58.991] Arrived at: [0.093 -2.000 0.000] WARNING!
[18:38:58.991] Wait 0.000s
[18:38:58.991] Continue movement.

[18:38:59.003] Moving to: [0.000 -2.200 0.000]
[18:39:00.244] Arrived at: [0.000 -2.200 0.000]
[18:39:00.244] Wait 0.000s
[18:39:00.244] Continue movement.

[18:39:00.244] Moving to: [10.000 -2.400 0.000]
[18:39:01.662] Arrived at: [0.088 -2.400 0.000] WARNING!
[18:39:01.662] Wait 0.000s
[18:39:01.662] Continue movement.

[18:39:01.673] Moving to: [0.000 -2.600 0.000]
[18:39:02.876] Arrived at: [0.000 -2.600 0.000]
[18:39:02.876] Wait 0.000s
[18:39:02.876] Continue movement.

[18:39:02.876] Moving to: [10.000 -2.800 0.000]
[18:39:04.306] Arrived at: [0.082 -2.800 0.000] WARNING!
[18:39:04.306] Wait 0.000s
[18:39:04.308] Continue movement.

[18:39:04.309] Moving to: [0.000 -3.000 0.000]
[18:39:05.576] Arrived at: [0.000 -3.000 0.000]
[18:39:05.576] Wait 0.000s
[18:39:05.576] Continue movement.

[18:39:05.576] Moving to: [10.000 -3.200 0.000]
[18:39:07.007] Arrived at: [0.075 -3.200 0.000] WARNING!
[18:39:07.007] Wait 0.000s
[18:39:07.007] Continue movement.

[18:39:07.019] Moving to: [0.000 -3.400 0.000]
[18:39:08.282] Arrived at: [0.000 -3.400 0.000]
[18:39:08.282] Wait 0.000s
[18:39:08.282] Continue movement.

[18:39:08.282] Moving to: [10.000 -3.600 0.000]
[18:39:09.719] Arrived at: [0.070 -3.600 0.000] WARNING!
[18:39:09.719] Wait 0.000s
[18:39:09.719] Continue movement.

[18:39:09.731] Finished iteration 3

[18:39:09.732] Starting iteration 4
[18:39:09.734] Moving to: [0.000 0.000 0.000]
[18:39:13.188] Arrived at: [0.000 0.000 0.000]
[18:39:13.188] Wait 5.000s
[18:39:18.195] Continue movement.

[18:39:18.195] Moving to: [10.000 0.000 0.000]
[18:39:19.142] Arrived at: [0.061 0.000 0.000] WARNING!
[18:39:19.150] Wait 0.000s
[18:39:19.151] Continue movement.

[18:39:19.151] Moving to: [0.000 -0.200 0.000]
[18:39:20.374] Arrived at: [0.000 -0.200 0.000]
[18:39:20.374] Wait 0.000s
[18:39:20.374] Continue movement.

[18:39:20.374] Moving to: [10.000 -0.400 0.000]
[18:39:21.817] Arrived at: [0.053 -0.400 0.000] WARNING!
[18:39:21.818] Wait 0.000s
[18:39:21.819] Continue movement.

[18:39:21.821] Moving to: [0.000 -0.600 0.000]
[18:39:23.022] Arrived at: [0.000 -0.600 0.000]
[18:39:23.022] Wait 0.000s
[18:39:23.022] Continue movement.

[18:39:23.022] Moving to: [10.000 -0.800 0.000]
[18:39:24.384] Arrived at: [0.045 -0.800 0.000] WARNING!
[18:39:24.384] Wait 0.000s
[18:39:24.390] Continue movement.

[18:39:24.391] Moving to: [0.000 -1.000 0.000]
[18:39:25.600] Arrived at: [0.000 -1.000 0.000]
[18:39:25.600] Wait 0.000s
[18:39:25.600] Continue movement.

[18:39:25.600] Moving to: [10.000 -1.200 0.000]
[18:39:27.008] Arrived at: [0.040 -1.200 0.000] WARNING!
[18:39:27.010] Wait 0.000s
[18:39:27.012] Continue movement.

[18:39:27.014] Moving to: [0.000 -1.400 0.000]
[18:39:28.218] Arrived at: [0.000 -1.400 0.000] WARNING!
[18:39:28.218] Wait 0.000s
[18:39:28.226] Continue movement.

[18:39:28.228] Moving to: [10.000 -1.600 0.000]
[18:39:29.580] Arrived at: [0.034 -1.600 0.000] WARNING!
[18:39:29.580] Wait 0.000s
[18:39:29.591] Continue movement.

[18:39:29.592] Moving to: [0.000 -1.800 0.000]
[18:39:30.765] Arrived at: [0.000 -1.800 0.000]
[18:39:30.765] Wait 0.000s
[18:39:30.765] Continue movement.

[18:39:30.765] Moving to: [10.000 -2.000 0.000]
[18:39:31.995] Arrived at: [0.026 -2.000 0.000] WARNING!
[18:39:31.996] Wait 0.000s
[18:39:31.996] Continue movement.

[18:39:31.996] Moving to: [0.000 -2.200 0.000]
[18:39:33.194] Arrived at: [0.000 -2.200 0.000]
[18:39:33.194] Wait 0.000s
[18:39:33.194] Continue movement.

[18:39:33.194] Moving to: [10.000 -2.400 0.000]
[18:39:34.395] Arrived at: [0.017 -2.400 0.000] WARNING!
[18:39:34.395] Wait 0.000s
[18:39:34.405] Continue movement.

[18:39:34.406] Moving to: [0.000 -2.600 0.000]
[18:39:35.592] Arrived at: [0.000 -2.600 0.000]
[18:39:35.592] Wait 0.000s
[18:39:35.592] Continue movement.

[18:39:35.592] Moving to: [10.000 -2.800 0.000]
[18:39:36.866] Arrived at: [0.015 -2.800 0.000] WARNING!
[18:39:36.866] Wait 0.000s
[18:39:36.867] Continue movement.

[18:39:36.869] Moving to: [0.000 -3.000 0.000]
[18:39:38.070] Arrived at: [0.000 -3.000 0.000]
[18:39:38.070] Wait 0.000s
[18:39:38.070] Continue movement.

[18:39:38.070] Moving to: [10.000 -3.200 0.000]
[18:39:39.269] Arrived at: [0.011 -3.200 0.000] WARNING!
[18:39:39.269] Wait 0.000s
[18:39:39.278] Continue movement.

[18:39:39.279] Moving to: [0.000 -3.400 0.000]
[18:39:40.501] Arrived at: [0.000 -3.400 0.000]
[18:39:40.501] Wait 0.000s
[18:39:40.501] Continue movement.

[18:39:40.501] Moving to: [10.000 -3.600 0.000]
[18:39:41.700] Arrived at: [0.011 -3.600 0.000] WARNING!
[18:39:41.700] Wait 0.000s
[18:39:41.700] Continue movement.

[18:39:41.700] Finished iteration 4

[18:39:41.714] Starting iteration 5
[18:39:41.720] Moving to: [0.000 0.000 0.000]
[18:39:45.345] Arrived at: [0.000 0.000 0.000]
[18:39:45.345] Wait 5.000s
[18:39:50.359] Continue movement.

[18:39:50.359] Moving to: [10.000 0.000 0.000]
[18:39:51.084] Arrived at: [0.011 0.000 0.000] WARNING!
[18:39:51.084] Wait 0.000s
[18:39:51.094] Continue movement.

[18:39:51.095] Moving to: [0.000 -0.200 0.000]
[18:39:52.301] Arrived at: [0.000 -0.200 0.000]
[18:39:52.301] Wait 0.000s
[18:39:52.301] Continue movement.

[18:39:52.301] Moving to: [10.000 -0.400 0.000]
[18:39:53.522] Arrived at: [0.011 -0.400 0.000] WARNING!
[18:39:53.522] Wait 0.000s
[18:39:53.522] Continue movement.

[18:39:53.530] Moving to: [0.000 -0.600 0.000]
[18:39:54.700] Arrived at: [0.000 -0.600 0.000]
[18:39:54.700] Wait 0.000s
[18:39:54.710] Continue movement.

[18:39:54.711] Moving to: [10.000 -0.800 0.000]
[18:39:55.917] Arrived at: [0.011 -0.800 0.000] WARNING!
[18:39:55.917] Wait 0.000s
[18:39:55.920] Continue movement.

[18:39:55.921] Moving to: [0.000 -1.000 0.000]
[18:39:57.112] Arrived at: [0.000 -1.000 0.000]
[18:39:57.112] Wait 0.000s
[18:39:57.112] Continue movement.

[18:39:57.112] Moving to: [10.000 -1.200 0.000]
[18:39:58.297] Arrived at: [0.011 -1.200 0.000] WARNING!
[18:39:58.297] Wait 0.000s
[18:39:58.308] Continue movement.

[18:39:58.309] Moving to: [0.000 -1.400 0.000]
[18:39:59.497] Arrived at: [0.000 -1.400 0.000] WARNING!
[18:39:59.497] Wait 0.000s
[18:39:59.497] Continue movement.

[18:39:59.497] Moving to: [10.000 -1.600 0.000]
[18:40:00.761] Arrived at: [0.011 -1.600 0.000] WARNING!
[18:40:00.761] Wait 0.000s
[18:40:00.761] Continue movement.

[18:40:00.761] Moving to: [0.000 -1.800 0.000]
[18:40:01.996] Arrived at: [0.000 -1.800 0.000]
[18:40:01.996] Wait 0.000s
[18:40:01.996] Continue movement.

[18:40:01.996] Moving to: [10.000 -2.000 0.000]
[18:40:03.194] Arrived at: [0.009 -2.000 0.000] WARNING!
[18:40:03.194] Wait 0.000s
[18:40:03.194] Continue movement.

[18:40:03.205] Moving to: [0.000 -2.200 0.000]
[18:40:04.437] Arrived at: [0.000 -2.200 0.000]
[18:40:04.437] Wait 0.000s
[18:40:04.437] Continue movement.

[18:40:04.437] Moving to: [10.000 -2.400 0.000]
[18:40:05.674] Arrived at: [0.009 -2.400 0.000] WARNING!
[18:40:05.674] Wait 0.000s
[18:40:05.674] Continue movement.

[18:40:05.680] Moving to: [0.000 -2.600 0.000]
[18:40:06.851] Arrived at: [0.000 -2.600 0.000]
[18:40:06.851] Wait 0.000s
[18:40:06.851] Continue movement.

[18:40:06.851] Moving to: [10.000 -2.800 0.000]
[18:40:08.060] Arrived at: [0.009 -2.800 0.000] WARNING!
[18:40:08.060] Wait 0.000s
[18:40:08.061] Continue movement.

[18:40:08.061] Moving to: [0.000 -3.000 0.000]
[18:40:09.269] Arrived at: [0.000 -3.000 0.000]
[18:40:09.269] Wait 0.000s
[18:40:09.269] Continue movement.

[18:40:09.269] Moving to: [10.000 -3.200 0.000]
[18:40:10.486] Arrived at: [0.007 -3.200 0.000] WARNING!
[18:40:10.486] Wait 0.000s
[18:40:10.498] Continue movement.

[18:40:10.500] Moving to: [0.000 -3.400 0.000]
[18:40:11.666] Arrived at: [0.000 -3.400 0.000]
[18:40:11.666] Wait 0.000s
[18:40:11.666] Continue movement.

[18:40:11.666] Moving to: [10.000 -3.600 0.000]
[18:40:12.836] Arrived at: [0.007 -3.600 0.000] WARNING!
[18:40:12.836] Wait 0.000s
[18:40:12.836] Continue movement.

[18:40:12.847] Finished iteration 5

[18:40:12.847] Starting iteration 6
[18:40:12.847] Moving to: [0.000 0.000 0.000]
[18:40:16.504] Arrived at: [0.000 0.000 0.000]
[18:40:16.504] Wait 5.000s
[18:40:21.522] Continue movement.

[18:40:21.524] Moving to: [10.000 0.000 0.000]
[18:40:22.220] Arrived at: [0.007 0.000 0.000] WARNING!
[18:40:22.220] Wait 0.000s
[18:40:22.220] Continue movement.

[18:40:22.232] Moving to: [0.000 -0.200 0.000]
[18:40:23.434] Arrived at: [0.000 -0.200 0.000]
[18:40:23.434] Wait 0.000s
[18:40:23.434] Continue movement.

[18:40:23.434] Moving to: [10.000 -0.400 0.000]
[18:40:24.645] Arrived at: [0.007 -0.400 0.000] WARNING!
[18:40:24.645] Wait 0.000s
[18:40:24.648] Continue movement.

[18:40:24.649] Moving to: [0.000 -0.600 0.000]
[18:40:25.885] Arrived at: [0.000 -0.600 0.000]
[18:40:25.886] Wait 0.000s
[18:40:25.887] Continue movement.

[18:40:25.887] Moving to: [10.000 -0.800 0.000]
[18:40:27.101] Arrived at: [0.007 -0.800 0.000] WARNING!
[18:40:27.101] Wait 0.000s
[18:40:27.101] Continue movement.

[18:40:27.111] Moving to: [0.000 -1.000 0.000]
[18:40:28.311] Arrived at: [0.000 -1.000 0.000]
[18:40:28.311] Wait 0.000s
[18:40:28.311] Continue movement.

[18:40:28.311] Moving to: [10.000 -1.200 0.000]
[18:40:29.512] Arrived at: [0.007 -1.200 0.000] WARNING!
[18:40:29.512] Wait 0.000s
[18:40:29.522] Continue movement.

[18:40:29.523] Moving to: [0.000 -1.400 0.000]
[18:40:30.744] Arrived at: [0.000 -1.400 0.000] WARNING!
[18:40:30.744] Wait 0.000s
[18:40:30.744] Continue movement.

[18:40:30.757] Moving to: [10.000 -1.600 0.000]
[18:40:31.993] Arrived at: [0.007 -1.600 0.000] WARNING!
[18:40:31.993] Wait 0.000s
[18:40:32.002] Continue movement.

[18:40:32.003] Moving to: [0.000 -1.800 0.000]
[18:40:33.224] Arrived at: [0.000 -1.800 0.000]
[18:40:33.224] Wait 0.000s
[18:40:33.224] Continue movement.

[18:40:33.224] Moving to: [10.000 -2.000 0.000]
[18:40:34.434] Arrived at: [0.007 -2.000 0.000] WARNING!
[18:40:34.434] Wait 0.000s
[18:40:34.434] Continue movement.

[18:40:34.434] Moving to: [0.000 -2.200 0.000]
[18:40:35.652] Arrived at: [0.000 -2.200 0.000]
[18:40:35.652] Wait 0.000s
[18:40:35.652] Continue movement.

[18:40:35.652] Moving to: [10.000 -2.400 0.000]
[18:40:36.828] Arrived at: [0.007 -2.400 0.000] WARNING!
[18:40:36.829] Wait 0.000s
[18:40:36.831] Continue movement.

[18:40:36.833] Moving to: [0.000 -2.600 0.000]
[18:40:38.125] Arrived at: [0.000 -2.600 0.000]
[18:40:38.125] Wait 0.000s
[18:40:38.125] Continue movement.

[18:40:38.125] Moving to: [10.000 -2.800 0.000]
[18:40:39.389] Arrived at: [0.007 -2.800 0.000] WARNING!
[18:40:39.390] Wait 0.000s
[18:40:39.393] Continue movement.

[18:40:39.394] Moving to: [0.000 -3.000 0.000]
[18:40:40.598] Arrived at: [0.000 -3.000 0.000]
[18:40:40.598] Wait 0.000s
[18:40:40.598] Continue movement.

[18:40:40.598] Moving to: [10.000 -3.200 0.000]
[18:40:41.808] Arrived at: [0.007 -3.200 0.000] WARNING!
[18:40:41.808] Wait 0.000s
[18:40:41.808] Continue movement.

[18:40:41.808] Moving to: [0.000 -3.400 0.000]
[18:40:42.996] Arrived at: [0.000 -3.400 0.000]
[18:40:42.996] Wait 0.000s
[18:40:42.996] Continue movement.

[18:40:42.996] Moving to: [10.000 -3.600 0.000]
[18:40:44.222] Arrived at: [0.007 -3.600 0.000] WARNING!
[18:40:44.222] Wait 0.000s
[18:40:44.222] Continue movement.

[18:40:44.222] Finished iteration 6

[18:40:44.235] Starting iteration 7
[18:40:44.235] Moving to: [0.000 0.000 0.000]
[18:40:47.838] Arrived at: [0.000 0.000 0.000]
[18:40:47.838] Wait 5.000s
[18:40:52.857] Continue movement.

[18:40:52.858] Moving to: [10.000 0.000 0.000]
[18:40:53.578] Arrived at: [0.007 0.000 0.000] WARNING!
[18:40:53.578] Wait 0.000s
[18:40:53.578] Continue movement.

[18:40:53.578] Moving to: [0.000 -0.200 0.000]
[18:40:54.841] Arrived at: [0.000 -0.200 0.000]
[18:40:54.841] Wait 0.000s
[18:40:54.841] Continue movement.

[18:40:54.841] Moving to: [10.000 -0.400 0.000]
[18:40:56.037] Arrived at: [0.007 -0.400 0.000] WARNING!
[18:40:56.037] Wait 0.000s
[18:40:56.048] Continue movement.

[18:40:56.048] Moving to: [0.000 -0.600 0.000]
[18:40:57.259] Arrived at: [0.000 -0.600 0.000]
[18:40:57.259] Wait 0.000s
[18:40:57.259] Continue movement.

[18:40:57.259] Moving to: [10.000 -0.800 0.000]
[18:40:58.483] Arrived at: [0.007 -0.800 0.000] WARNING!
[18:40:58.483] Wait 0.000s
[18:40:58.483] Continue movement.

[18:40:58.496] Moving to: [0.000 -1.000 0.000]
[18:40:59.685] Arrived at: [0.000 -1.000 0.000]
[18:40:59.685] Wait 0.000s
[18:40:59.685] Continue movement.

[18:40:59.685] Moving to: [10.000 -1.200 0.000]
[18:41:00.884] Arrived at: [0.007 -1.200 0.000] WARNING!
[18:41:00.884] Wait 0.000s
[18:41:00.892] Continue movement.

[18:41:00.893] Moving to: [0.000 -1.400 0.000]
[18:41:02.100] Arrived at: [0.000 -1.400 0.000] WARNING!
[18:41:02.100] Wait 0.000s
[18:41:02.100] Continue movement.

[18:41:02.112] Moving to: [10.000 -1.600 0.000]
[18:41:03.301] Arrived at: [0.007 -1.600 0.000] WARNING!
[18:41:03.301] Wait 0.000s
[18:41:03.311] Continue movement.

[18:41:03.312] Moving to: [0.000 -1.800 0.000]
[18:41:04.563] Arrived at: [0.000 -1.800 0.000]
[18:41:04.563] Wait 0.000s
[18:41:04.563] Continue movement.

[18:41:04.563] Moving to: [10.000 -2.000 0.000]
[18:41:05.775] Arrived at: [0.007 -2.000 0.000] WARNING!
[18:41:05.775] Wait 0.000s
[18:41:05.787] Continue movement.

[18:41:05.789] Moving to: [0.000 -2.200 0.000]
[18:41:07.018] Arrived at: [0.000 -2.200 0.000]
[18:41:07.018] Wait 0.000s
[18:41:07.018] Continue movement.

[18:41:07.018] Moving to: [10.000 -2.400 0.000]
[18:41:08.193] Arrived at: [0.007 -2.400 0.000] WARNING!
[18:41:08.193] Wait 0.000s
[18:41:08.193] Continue movement.

[18:41:08.207] Moving to: [0.000 -2.600 0.000]
[18:41:09.407] Arrived at: [0.000 -2.600 0.000]
[18:41:09.407] Wait 0.000s
[18:41:09.407] Continue movement.

[18:41:09.407] Moving to: [10.000 -2.800 0.000]
[18:41:10.633] Arrived at: [0.007 -2.800 0.000] WARNING!
[18:41:10.633] Wait 0.000s
[18:41:10.634] Continue movement.

[18:41:10.637] Moving to: [0.000 -3.000 0.000]
[18:41:11.806] Arrived at: [0.000 -3.000 0.000]
[18:41:11.806] Wait 0.000s
[18:41:11.806] Continue movement.

[18:41:11.806] Moving to: [10.000 -3.200 0.000]
[18:41:13.054] Arrived at: [0.007 -3.200 0.000] WARNING!
[18:41:13.054] Wait 0.000s
[18:41:13.054] Continue movement.

[18:41:13.054] Moving to: [0.000 -3.400 0.000]
[18:41:14.253] Arrived at: [0.000 -3.400 0.000]
[18:41:14.253] Wait 0.000s
[18:41:14.253] Continue movement.

[18:41:14.253] Moving to: [10.000 -3.600 0.000]
[18:41:15.471] Arrived at: [0.007 -3.600 0.000] WARNING!
[18:41:15.471] Wait 0.000s
[18:41:15.481] Continue movement.

[18:41:15.481] Finished iteration 7

[18:41:15.481] Starting iteration 8
[18:41:15.481] Moving to: [0.000 0.000 0.000]
[18:41:18.942] Arrived at: [0.000 0.000 0.000]
[18:41:18.942] Wait 5.000s
[18:41:23.959] Continue movement.

[18:41:23.959] Moving to: [10.000 0.000 0.000]
[18:41:24.726] Arrived at: [0.007 0.000 0.000] WARNING!
[18:41:24.726] Wait 0.000s
[18:41:24.726] Continue movement.

[18:41:24.726] Moving to: [0.000 -0.200 0.000]
[18:41:25.929] Arrived at: [0.000 -0.200 0.000]
[18:41:25.929] Wait 0.000s
[18:41:25.929] Continue movement.

[18:41:25.929] Moving to: [10.000 -0.400 0.000]
[18:41:27.125] Arrived at: [0.007 -0.400 0.000] WARNING!
[18:41:27.125] Wait 0.000s
[18:41:27.125] Continue movement.

[18:41:27.137] Moving to: [0.000 -0.600 0.000]
[18:41:28.373] Arrived at: [0.000 -0.600 0.000]
[18:41:28.373] Wait 0.000s
[18:41:28.373] Continue movement.

[18:41:28.373] Moving to: [10.000 -0.800 0.000]
[18:41:29.621] Arrived at: [0.007 -0.800 0.000] WARNING!
[18:41:29.621] Wait 0.000s
[18:41:29.621] Continue movement.

[18:41:29.634] Moving to: [0.000 -1.000 0.000]
[18:41:30.834] Arrived at: [0.000 -1.000 0.000]
[18:41:30.834] Wait 0.000s
[18:41:30.834] Continue movement.

[18:41:30.834] Moving to: [10.000 -1.200 0.000]
[18:41:32.064] Arrived at: [0.007 -1.200 0.000] WARNING!
[18:41:32.064] Wait 0.000s
[18:41:32.068] Continue movement.

[18:41:32.070] Moving to: [0.000 -1.400 0.000]
[18:41:33.257] Arrived at: [0.000 -1.400 0.000] WARNING!
[18:41:33.257] Wait 0.000s
[18:41:33.260] Continue movement.

[18:41:33.261] Moving to: [10.000 -1.600 0.000]
[18:41:34.433] Arrived at: [0.007 -1.600 0.000] WARNING!
[18:41:34.433] Wait 0.000s
[18:41:34.433] Continue movement.

[18:41:34.437] Moving to: [0.000 -1.800 0.000]
[18:41:35.682] Arrived at: [0.000 -1.800 0.000]
[18:41:35.682] Wait 0.000s
[18:41:35.682] Continue movement.

[18:41:35.682] Moving to: [10.000 -2.000 0.000]
[18:41:36.945] Arrived at: [0.007 -2.000 0.000] WARNING!
[18:41:36.946] Wait 0.000s
[18:41:36.948] Continue movement.

[18:41:36.949] Moving to: [0.000 -2.200 0.000]
[18:41:38.177] Arrived at: [0.000 -2.200 0.000]
[18:41:38.177] Wait 0.000s
[18:41:38.182] Continue movement.

[18:41:38.183] Moving to: [10.000 -2.400 0.000]
[18:41:39.393] Arrived at: [0.007 -2.400 0.000] WARNING!
[18:41:39.393] Wait 0.000s
[18:41:39.403] Continue movement.

[18:41:39.404] Moving to: [0.000 -2.600 0.000]
[18:41:40.593] Arrived at: [0.000 -2.600 0.000]
[18:41:40.593] Wait 0.000s
[18:41:40.593] Continue movement.

[18:41:40.598] Moving to: [10.000 -2.800 0.000]
[18:41:41.782] Arrived at: [0.007 -2.800 0.000] WARNING!
[18:41:41.783] Wait 0.000s
[18:41:41.786] Continue movement.

[18:41:41.788] Moving to: [0.000 -3.000 0.000]
[18:41:43.030] Arrived at: [0.000 -3.000 0.000]
[18:41:43.030] Wait 0.000s
[18:41:43.032] Continue movement.

[18:41:43.033] Moving to: [10.000 -3.200 0.000]
[18:41:44.241] Arrived at: [0.007 -3.200 0.000] WARNING!
[18:41:44.241] Wait 0.000s
[18:41:44.242] Continue movement.

[18:41:44.245] Moving to: [0.000 -3.400 0.000]
[18:41:45.471] Arrived at: [0.000 -3.400 0.000]
[18:41:45.471] Wait 0.000s
[18:41:45.471] Continue movement.

[18:41:45.471] Moving to: [10.000 -3.600 0.000]
[18:41:46.661] Arrived at: [0.007 -3.600 0.000] WARNING!
[18:41:46.661] Wait 0.000s
[18:41:46.663] Continue movement.

[18:41:46.665] Finished iteration 8

[18:41:46.665] Starting iteration 9
[18:41:46.666] Moving to: [0.000 0.000 0.000]
[18:41:50.095] Arrived at: [0.000 0.000 0.000]
[18:41:50.095] Wait 5.000s
[18:41:55.116] Continue movement.

[18:41:55.118] Moving to: [10.000 0.000 0.000]
[18:41:55.849] Arrived at: [0.007 0.000 0.000] WARNING!
[18:41:55.849] Wait 0.000s
[18:41:55.854] Continue movement.

[18:41:55.856] Moving to: [0.000 -0.200 0.000]
[18:41:57.078] Arrived at: [0.000 -0.200 0.000]
[18:41:57.082] Wait 0.000s
[18:41:57.083] Continue movement.

[18:41:57.084] Moving to: [10.000 -0.400 0.000]
[18:41:58.305] Arrived at: [0.007 -0.400 0.000] WARNING!
[18:41:58.305] Wait 0.000s
[18:41:58.308] Continue movement.

[18:41:58.310] Moving to: [0.000 -0.600 0.000]
[18:41:59.515] Arrived at: [0.000 -0.600 0.000]
[18:41:59.515] Wait 0.000s
[18:41:59.520] Continue movement.

[18:41:59.521] Moving to: [10.000 -0.800 0.000]
[18:42:00.712] Arrived at: [0.007 -0.800 0.000] WARNING!
[18:42:00.712] Wait 0.000s
[18:42:00.713] Continue movement.

[18:42:00.714] Moving to: [0.000 -1.000 0.000]
[18:42:01.850] Arrived at: [0.000 -1.000 0.000]
[18:42:01.850] Wait 0.000s
[18:42:01.850] Continue movement.

[18:42:01.850] Moving to: [10.000 -1.200 0.000]
[18:42:03.052] Arrived at: [0.007 -1.200 0.000] WARNING!
[18:42:03.052] Wait 0.000s
[18:42:03.052] Continue movement.

[18:42:03.065] Moving to: [0.000 -1.400 0.000]
[18:42:04.278] Arrived at: [0.000 -1.400 0.000] WARNING!
[18:42:04.278] Wait 0.000s
[18:42:04.279] Continue movement.

[18:42:04.282] Moving to: [10.000 -1.600 0.000]
[18:42:05.436] Arrived at: [0.007 -1.600 0.000] WARNING!
[18:42:05.436] Wait 0.000s
[18:42:05.446] Continue movement.

[18:42:05.447] Moving to: [0.000 -1.800 0.000]
[18:42:06.648] Arrived at: [0.000 -1.800 0.000]
[18:42:06.649] Wait 0.000s
[18:42:06.651] Continue movement.

[18:42:06.652] Moving to: [10.000 -2.000 0.000]
[18:42:07.856] Arrived at: [0.007 -2.000 0.000] WARNING!
[18:42:07.856] Wait 0.000s
[18:42:07.865] Continue movement.

[18:42:07.867] Moving to: [0.000 -2.200 0.000]
[18:42:09.084] Arrived at: [0.000 -2.200 0.000]
[18:42:09.084] Wait 0.000s
[18:42:09.099] Continue movement.

[18:42:09.101] Moving to: [10.000 -2.400 0.000]
[18:42:10.271] Arrived at: [0.007 -2.400 0.000] WARNING!
[18:42:10.271] Wait 0.000s
[18:42:10.284] Continue movement.

[18:42:10.286] Moving to: [0.000 -2.600 0.000]
[18:42:11.468] Arrived at: [0.000 -2.600 0.000]
[18:42:11.468] Wait 0.000s
[18:42:11.468] Continue movement.

[18:42:11.468] Moving to: [10.000 -2.800 0.000]
[18:42:12.657] Arrived at: [0.007 -2.800 0.000] WARNING!
[18:42:12.658] Wait 0.000s
[18:42:12.658] Continue movement.

[18:42:12.661] Moving to: [0.000 -3.000 0.000]
[18:42:13.917] Arrived at: [0.000 -3.000 0.000]
[18:42:13.917] Wait 0.000s
[18:42:13.917] Continue movement.

[18:42:13.917] Moving to: [10.000 -3.200 0.000]
[18:42:15.096] Arrived at: [0.007 -3.200 0.000] WARNING!
[18:42:15.096] Wait 0.000s
[18:42:15.107] Continue movement.

[18:42:15.107] Moving to: [0.000 -3.400 0.000]
[18:42:16.296] Arrived at: [0.000 -3.400 0.000]
[18:42:16.296] Wait 0.000s
[18:42:16.296] Continue movement.

[18:42:16.296] Moving to: [10.000 -3.600 0.000]
[18:42:17.499] Arrived at: [0.007 -3.600 0.000] WARNING!
[18:42:17.499] Wait 0.000s
[18:42:17.499] Continue movement.

[18:42:17.499] Finished iteration 9

[18:42:17.511] Starting iteration 10
[18:42:17.512] Moving to: [0.000 0.000 0.000]
[18:42:21.141] Arrived at: [0.000 0.000 0.000]
[18:42:21.141] Wait 5.000s
[18:42:26.160] Continue movement.

[18:42:26.161] Moving to: [10.000 0.000 0.000]
[18:42:26.923] Arrived at: [0.007 0.000 0.000] WARNING!
[18:42:26.923] Wait 0.000s
[18:42:26.931] Continue movement.

[18:42:26.931] Moving to: [0.000 -0.200 0.000]
[18:42:28.127] Arrived at: [0.000 -0.200 0.000]
[18:42:28.127] Wait 0.000s
[18:42:28.127] Continue movement.

[18:42:28.127] Moving to: [10.000 -0.400 0.000]
[18:42:29.323] Arrived at: [0.007 -0.400 0.000] WARNING!
[18:42:29.323] Wait 0.000s
[18:42:29.323] Continue movement.

[18:42:29.334] Moving to: [0.000 -0.600 0.000]
[18:42:30.543] Arrived at: [0.000 -0.600 0.000]
[18:42:30.543] Wait 0.000s
[18:42:30.543] Continue movement.

[18:42:30.543] Moving to: [10.000 -0.800 0.000]
[18:42:31.774] Arrived at: [0.007 -0.800 0.000] WARNING!
[18:42:31.774] Wait 0.000s
[18:42:31.785] Continue movement.

[18:42:31.786] Moving to: [0.000 -1.000 0.000]
[18:42:32.983] Arrived at: [0.000 -1.000 0.000]
[18:42:32.984] Wait 0.000s
[18:42:32.984] Continue movement.

[18:42:32.984] Moving to: [10.000 -1.200 0.000]
[18:42:34.211] Arrived at: [0.007 -1.200 0.000] WARNING!
[18:42:34.211] Wait 0.000s
[18:42:34.211] Continue movement.

[18:42:34.215] Moving to: [0.000 -1.400 0.000]
[18:42:35.725] Arrived at: [0.000 -1.400 0.000] WARNING!
[18:42:35.725] Wait 0.000s
[18:42:35.725] Continue movement.

[18:42:35.735] Moving to: [10.000 -1.600 0.000]
[18:42:36.945] Arrived at: [0.007 -1.600 0.000] WARNING!
[18:42:36.945] Wait 0.000s
[18:42:36.953] Continue movement.

[18:42:36.955] Moving to: [0.000 -1.800 0.000]
[18:42:38.219] Arrived at: [0.000 -1.800 0.000]
[18:42:38.219] Wait 0.000s
[18:42:38.219] Continue movement.

[18:42:38.219] Moving to: [10.000 -2.000 0.000]
[18:42:39.432] Arrived at: [0.007 -2.000 0.000] WARNING!
[18:42:39.432] Wait 0.000s
[18:42:39.432] Continue movement.

[18:42:39.444] Moving to: [0.000 -2.200 0.000]
[18:42:40.634] Arrived at: [0.000 -2.200 0.000]
[18:42:40.634] Wait 0.000s
[18:42:40.634] Continue movement.

[18:42:40.634] Moving to: [10.000 -2.400 0.000]
[18:42:41.833] Arrived at: [0.007 -2.400 0.000] WARNING!
[18:42:41.833] Wait 0.000s
[18:42:41.844] Continue movement.

[18:42:41.845] Moving to: [0.000 -2.600 0.000]
[18:42:43.078] Arrived at: [0.000 -2.600 0.000]
[18:42:43.078] Wait 0.000s
[18:42:43.078] Continue movement.

[18:42:43.078] Moving to: [10.000 -2.800 0.000]
[18:42:44.273] Arrived at: [0.007 -2.800 0.000] WARNING!
[18:42:44.273] Wait 0.000s
[18:42:44.274] Continue movement.

[18:42:44.277] Moving to: [0.000 -3.000 0.000]
[18:42:45.497] Arrived at: [0.000 -3.000 0.000]
[18:42:45.497] Wait 0.000s
[18:42:45.497] Continue movement.

[18:42:45.497] Moving to: [10.000 -3.200 0.000]
[18:42:46.722] Arrived at: [0.007 -3.200 0.000] WARNING!
[18:42:46.722] Wait 0.000s
[18:42:46.735] Continue movement.

[18:42:46.736] Moving to: [0.000 -3.400 0.000]
[18:42:47.925] Arrived at: [0.000 -3.400 0.000]
[18:42:47.925] Wait 0.000s
[18:42:47.925] Continue movement.

[18:42:47.925] Moving to: [10.000 -3.600 0.000]
[18:42:49.128] Arrived at: [0.007 -3.600 0.000] WARNING!
[18:42:49.128] Wait 0.000s
[18:42:49.128] Continue movement.

[18:42:49.128] Finished iteration 10

[18:42:49.139] Plan finished.
