[16:45:56.743] Starting plan irradiation...
	Plan name: Plan de movimiento solo stage
	Plan comment: prueba2
	Absolut shift from X to (0,0) well: [0.000 0.000 0.000]
[16:46:09.164] Starting iteration 1
[16:46:09.165] Moving to: [-1.000 1.000 0.000]
[16:46:11.383] Arrived at: [-1.000 1.000 0.000]
[16:46:11.384] Wait 0.100s
[16:46:11.488] Continue movement.

[16:46:11.488] Moving to: [-1.000 0.000 0.000]
[16:46:12.703] Arrived at: [-1.000 0.000 0.000]
[16:46:12.705] Wait 0.100s
[16:46:12.806] Continue movement.

[16:46:12.808] Moving to: [0.000 0.000 0.000]
[16:46:14.037] Arrived at: [0.000 0.000 0.000]
[16:46:14.044] Wait 0.100s
[16:46:14.146] Continue movement.

[16:46:14.147] Moving to: [0.000 1.000 0.000]
[16:46:15.387] Arrived at: [0.000 1.000 0.000]
[16:46:15.388] Wait 0.100s
[16:46:15.490] Continue movement.

[16:46:15.494] Moving to: [1.000 1.000 0.000]
[16:46:16.717] Arrived at: [1.000 1.000 0.000]
[16:46:16.719] Wait 0.100s
[16:46:16.822] Continue movement.

[16:46:16.825] Moving to: [1.000 0.000 0.000]
[16:46:18.043] Arrived at: [1.000 0.000 0.000]
[16:46:18.044] Wait 0.100s
[16:46:18.145] Continue movement.

[16:46:18.146] Moving to: [1.000 -1.000 0.000]
[16:46:19.376] Arrived at: [1.000 -1.000 0.000]
[16:46:19.377] Wait 0.100s
[16:46:19.478] Continue movement.

[16:46:19.479] Moving to: [0.000 -1.000 0.000]
[16:46:20.696] Arrived at: [0.000 -1.000 0.000]
[16:46:20.696] Wait 0.100s
[16:46:20.798] Continue movement.

[16:46:20.799] Moving to: [-1.000 -1.000 0.000]
[16:46:22.002] Arrived at: [-1.000 -1.000 0.000]
[16:46:22.002] Wait 0.100s
[16:46:22.103] Continue movement.

[16:46:22.103] Finished iteration 1

[16:46:22.104] Starting iteration 2
[16:46:22.104] Moving to: [-1.000 1.000 0.000]
[16:46:24.052] Arrived at: [-1.000 1.000 0.000]
[16:46:24.053] Wait 0.100s
[16:46:24.153] Continue movement.

[16:46:24.154] Moving to: [-1.000 0.000 0.000]
[16:46:25.366] Arrived at: [-1.000 0.000 0.000]
[16:46:25.367] Wait 0.100s
[16:46:25.467] Continue movement.

[16:46:25.468] Moving to: [0.000 0.000 0.000]
[16:46:26.696] Arrived at: [0.000 0.000 0.000]
[16:46:26.696] Wait 0.100s
[16:46:26.798] Continue movement.

[16:46:26.798] Moving to: [0.000 1.000 0.000]
[16:46:27.997] Arrived at: [0.000 1.000 0.000]
[16:46:27.998] Wait 0.100s
[16:46:28.099] Continue movement.

[16:46:28.100] Moving to: [1.000 1.000 0.000]
[16:46:29.302] Arrived at: [1.000 1.000 0.000]
[16:46:29.303] Wait 0.100s
[16:46:29.404] Continue movement.

[16:46:29.405] Moving to: [1.000 0.000 0.000]
[16:46:30.623] Arrived at: [1.000 0.000 0.000]
[16:46:30.624] Wait 0.100s
[16:46:30.725] Continue movement.

[16:46:30.726] Moving to: [1.000 -1.000 0.000]
[16:46:31.936] Arrived at: [1.000 -1.000 0.000]
[16:46:31.936] Wait 0.100s
[16:46:32.037] Continue movement.

[16:46:32.038] Moving to: [0.000 -1.000 0.000]
[16:46:33.266] Arrived at: [0.000 -1.000 0.000]
[16:46:33.267] Wait 0.100s
[16:46:33.368] Continue movement.

[16:46:33.369] Moving to: [-1.000 -1.000 0.000]
[16:46:34.591] Arrived at: [-1.000 -1.000 0.000]
[16:46:34.592] Wait 0.100s
[16:46:34.693] Continue movement.

[16:46:34.693] Finished iteration 2

[16:46:34.695] Starting iteration 3
[16:46:34.696] Moving to: [-1.000 1.000 0.000]
[16:46:36.623] Arrived at: [-1.000 1.000 0.000]
[16:46:36.624] Wait 0.100s
[16:46:36.724] Continue movement.

[16:46:36.725] Moving to: [-1.000 0.000 0.000]
[16:46:38.079] Arrived at: [-1.000 0.000 0.000]
[16:46:38.080] Wait 0.100s
[16:46:38.181] Continue movement.

[16:46:38.182] Moving to: [0.000 0.000 0.000]
[16:46:39.404] Arrived at: [0.000 0.000 0.000]
[16:46:39.405] Wait 0.100s
[16:46:39.506] Continue movement.

[16:46:39.507] Moving to: [0.000 1.000 0.000]
[16:46:40.733] Arrived at: [0.000 1.000 0.000]
[16:46:40.734] Wait 0.100s
[16:46:40.836] Continue movement.

[16:46:40.837] Moving to: [1.000 1.000 0.000]
[16:46:42.058] Arrived at: [1.000 1.000 0.000]
[16:46:42.058] Wait 0.100s
[16:46:42.159] Continue movement.

[16:46:42.159] Moving to: [1.000 0.000 0.000]
[16:46:43.376] Arrived at: [1.000 0.000 0.000]
[16:46:43.377] Wait 0.100s
[16:46:43.478] Continue movement.

[16:46:43.479] Moving to: [1.000 -1.000 0.000]
[16:46:44.681] Arrived at: [1.000 -1.000 0.000]
[16:46:44.682] Wait 0.100s
[16:46:44.783] Continue movement.

[16:46:44.784] Moving to: [0.000 -1.000 0.000]
[16:46:46.017] Arrived at: [0.000 -1.000 0.000]
[16:46:46.018] Wait 0.100s
[16:46:46.119] Continue movement.

[16:46:46.120] Moving to: [-1.000 -1.000 0.000]
[16:46:47.323] Arrived at: [-1.000 -1.000 0.000]
[16:46:47.324] Wait 0.100s
[16:46:47.425] Continue movement.

[16:46:47.426] Finished iteration 3

[16:46:47.427] Plan finished.
