[15:58:08.938] Starting plan irradiation...
	Plan name: Plan de movimiento solo stage
	Plan comment: medida2
	Absolut shift from X to (0,0) well: [0.000 0.000 0.000]
[15:58:39.393] Starting iteration 1
[15:58:39.394] Moving to: [0.000 0.000 0.000]
[15:58:46.616] Arrived at: [0.000 0.000 0.000]
[15:58:46.620] Wait 5.000s
[15:58:51.620] Continue movement.

[15:58:51.620] Moving to: [10.000 0.000 0.000]
[15:58:58.908] Arrived at: [10.000 0.000 0.000]
[15:58:58.909] Wait 0.000s
[15:58:58.911] Continue movement.

[15:58:58.914] Moving to: [0.000 -0.200 0.000]
[15:59:06.566] Arrived at: [0.000 -0.200 0.000]
[15:59:06.572] Wait 0.000s
[15:59:06.572] Continue movement.

[15:59:06.572] Moving to: [10.000 -0.400 0.000]
[15:59:14.214] Arrived at: [10.000 -0.400 0.000]
[15:59:14.214] Wait 0.000s
[15:59:14.218] Continue movement.

[15:59:14.218] Moving to: [0.000 -0.600 0.000]
[15:59:22.030] Arrived at: [0.000 -0.600 0.000]
[15:59:22.031] Wait 0.000s
[15:59:22.033] Continue movement.

[15:59:22.034] Moving to: [10.000 -0.800 0.000]
[15:59:29.710] Arrived at: [10.000 -0.800 0.000]
[15:59:29.710] Wait 0.000s
[15:59:29.711] Continue movement.

[15:59:29.711] Moving to: [0.000 -1.000 0.000]
[15:59:37.340] Arrived at: [0.000 -1.000 0.000]
[15:59:37.341] Wait 0.000s
[15:59:37.343] Continue movement.

[15:59:37.344] Moving to: [10.000 -1.200 0.000]
[15:59:45.162] Arrived at: [10.000 -1.200 0.000]
[15:59:45.162] Wait 0.000s
[15:59:45.166] Continue movement.

[15:59:45.167] Moving to: [0.000 -1.400 0.000]
[15:59:52.820] Arrived at: [0.000 -1.400 0.000] WARNING!
[15:59:52.821] Wait 0.000s
[15:59:52.821] Continue movement.

[15:59:52.824] Moving to: [10.000 -1.600 0.000]
[16:00:00.630] Arrived at: [10.000 -1.600 0.000]
[16:00:00.630] Wait 0.000s
[16:00:00.634] Continue movement.

[16:00:00.634] Moving to: [0.000 -1.800 0.000]
[16:00:08.293] Arrived at: [0.000 -1.800 0.000]
[16:00:08.293] Wait 0.000s
[16:00:08.293] Continue movement.

[16:00:08.293] Moving to: [10.000 -2.000 0.000]
[16:00:15.938] Arrived at: [10.000 -2.000 0.000]
[16:00:15.938] Wait 0.000s
[16:00:15.938] Continue movement.

[16:00:15.938] Moving to: [0.000 -2.200 0.000]
[16:00:23.597] Arrived at: [0.000 -2.200 0.000]
[16:00:23.597] Wait 0.000s
[16:00:23.602] Continue movement.

[16:00:23.602] Moving to: [10.000 -2.400 0.000]
[16:00:31.237] Arrived at: [10.000 -2.400 0.000]
[16:00:31.237] Wait 0.000s
[16:00:31.241] Continue movement.

[16:00:31.241] Moving to: [0.000 -2.600 0.000]
[16:00:38.909] Arrived at: [0.000 -2.600 0.000]
[16:00:38.909] Wait 0.000s
[16:00:38.909] Continue movement.

[16:00:38.914] Moving to: [10.000 -2.800 0.000]
[16:00:46.572] Arrived at: [10.000 -2.800 0.000] WARNING!
[16:00:46.573] Wait 0.000s
[16:00:46.575] Continue movement.

[16:00:46.576] Moving to: [0.000 -3.000 0.000]
[16:00:54.222] Arrived at: [0.000 -3.000 0.000]
[16:00:54.222] Wait 0.000s
[16:00:54.227] Continue movement.

[16:00:54.228] Moving to: [10.000 -3.200 0.000]
[16:01:01.891] Arrived at: [10.000 -3.200 0.000]
[16:01:01.891] Wait 0.000s
[16:01:01.891] Continue movement.

[16:01:01.891] Moving to: [0.000 -3.400 0.000]
[16:01:09.708] Arrived at: [0.000 -3.400 0.000]
[16:01:09.708] Wait 0.000s
[16:01:09.712] Continue movement.

[16:01:09.712] Moving to: [10.000 -3.600 0.000]
[16:01:17.512] Arrived at: [10.000 -3.600 0.000]
[16:01:17.512] Wait 0.000s
[16:01:17.516] Continue movement.

[16:01:17.516] Moving to: [0.000 -3.800 0.000]
[16:01:25.175] Arrived at: [0.000 -3.800 0.000] WARNING!
[16:01:25.177] Wait 0.000s
[16:01:25.179] Continue movement.

[16:01:25.180] Moving to: [10.000 -4.000 0.000]
[16:01:32.816] Arrived at: [10.000 -4.000 0.000]
[16:01:32.816] Wait 0.000s
[16:01:32.821] Continue movement.

[16:01:32.821] Moving to: [0.000 -3.800 0.000]
[16:01:40.459] Arrived at: [0.000 -3.800 0.000] WARNING!
[16:01:40.459] Wait 0.000s
[16:01:40.462] Continue movement.

[16:01:40.463] Moving to: [10.000 -3.600 0.000]
[16:01:48.107] Arrived at: [10.000 -3.600 0.000]
[16:01:48.107] Wait 0.000s
[16:01:48.110] Continue movement.

[16:01:48.110] Moving to: [0.000 -3.400 0.000]
[16:01:55.754] Arrived at: [0.000 -3.400 0.000]
[16:01:55.754] Wait 0.000s
[16:01:55.754] Continue movement.

[16:01:55.754] Moving to: [10.000 -3.200 0.000]
[16:02:03.571] Arrived at: [10.000 -3.200 0.000]
[16:02:03.571] Wait 0.000s
[16:02:03.571] Continue movement.

[16:02:03.571] Moving to: [0.000 -3.000 0.000]
[16:02:11.186] Arrived at: [0.000 -3.000 0.000]
[16:02:11.186] Wait 0.000s
[16:02:11.187] Continue movement.

[16:02:11.188] Moving to: [10.000 -2.800 0.000]
[16:02:18.881] Arrived at: [10.000 -2.800 0.000] WARNING!
[16:02:18.882] Wait 0.000s
[16:02:18.882] Continue movement.

[16:02:18.882] Moving to: [0.000 -2.600 0.000]
[16:02:26.564] Arrived at: [0.000 -2.600 0.000]
[16:02:26.565] Wait 0.000s
[16:02:26.565] Continue movement.

[16:02:26.565] Moving to: [10.000 -2.400 0.000]
[16:02:34.221] Arrived at: [10.000 -2.400 0.000]
[16:02:34.221] Wait 0.000s
[16:02:34.226] Continue movement.

[16:02:34.226] Moving to: [0.000 -2.200 0.000]
[16:02:42.037] Arrived at: [0.000 -2.200 0.000]
[16:02:42.037] Wait 0.000s
[16:02:42.037] Continue movement.

[16:02:42.037] Moving to: [10.000 -2.000 0.000]
[16:02:49.682] Arrived at: [10.000 -2.000 0.000]
[16:02:49.686] Wait 0.000s
[16:02:49.686] Continue movement.

[16:02:49.686] Moving to: [0.000 -1.800 0.000]
[16:02:57.495] Arrived at: [0.000 -1.800 0.000]
[16:02:57.495] Wait 0.000s
[16:02:57.501] Continue movement.

[16:02:57.502] Moving to: [10.000 -1.600 0.000]
[16:03:05.149] Arrived at: [10.000 -1.600 0.000]
[16:03:05.149] Wait 0.000s
[16:03:05.154] Continue movement.

[16:03:05.155] Moving to: [0.000 -1.400 0.000]
[16:03:12.775] Arrived at: [0.000 -1.400 0.000] WARNING!
[16:03:12.779] Wait 0.000s
[16:03:12.782] Continue movement.

[16:03:12.782] Moving to: [10.000 -1.200 0.000]
[16:03:20.447] Arrived at: [10.000 -1.200 0.000]
[16:03:20.447] Wait 0.000s
[16:03:20.447] Continue movement.

[16:03:20.451] Moving to: [0.000 -1.000 0.000]
[16:03:28.129] Arrived at: [0.000 -1.000 0.000]
[16:03:28.129] Wait 0.000s
[16:03:28.129] Continue movement.

[16:03:28.129] Moving to: [10.000 -0.800 0.000]
[16:03:35.988] Arrived at: [10.000 -0.800 0.000]
[16:03:35.992] Wait 0.000s
[16:03:35.993] Continue movement.

[16:03:35.994] Moving to: [0.000 -0.600 0.000]
[16:03:43.743] Arrived at: [0.000 -0.600 0.000]
[16:03:43.744] Wait 0.000s
[16:03:43.744] Continue movement.

[16:03:43.744] Moving to: [10.000 -0.400 0.000]
[16:03:51.436] Arrived at: [10.000 -0.400 0.000]
[16:03:51.436] Wait 0.000s
[16:03:51.436] Continue movement.

[16:03:51.436] Moving to: [0.000 -0.200 0.000]
[16:03:59.113] Arrived at: [0.000 -0.200 0.000]
[16:03:59.113] Wait 0.000s
[16:03:59.113] Continue movement.

[16:03:59.117] Moving to: [10.000 0.000 0.000]
[16:04:06.802] Arrived at: [10.000 0.000 0.000]
[16:04:06.803] Wait 0.000s
[16:04:06.803] Continue movement.

[16:04:06.803] Finished iteration 1

[16:04:06.807] Plan finished.
