[15:13:34.629] Starting plan irradiation...
	Plan name: Plan de movimiento solo stage
	Plan comment: pruebalunes
	Absolut shift from X to (0,0) well: [0.000 0.000 0.000]
[15:13:53.084] Starting iteration 1
[15:13:53.086] Moving to: [0.000 0.000 0.000]
[15:13:53.341] Arrived at: [0.000 0.000 0.000]
[15:13:53.341] Wait 5.000s
[15:13:58.344] Continue movement.

[15:13:58.345] Moving to: [10.000 0.000 0.000]
[15:14:05.720] Arrived at: [10.000 0.000 0.000]
[15:14:05.724] Wait 0.000s
[15:14:05.724] Continue movement.

[15:14:05.729] Moving to: [0.000 -0.200 0.000]
[15:14:13.553] Arrived at: [0.000 -0.200 0.000]
[15:14:13.561] Wait 0.000s
[15:14:13.562] Continue movement.

[15:14:13.562] Moving to: [10.000 -0.400 0.000]
[15:14:21.265] Arrived at: [10.000 -0.400 0.000]
[15:14:21.266] Wait 0.000s
[15:14:21.268] Continue movement.

[15:14:21.268] Moving to: [0.000 -0.600 0.000]
[15:14:29.065] Arrived at: [0.000 -0.600 0.000]
[15:14:29.066] Wait 0.000s
[15:14:29.067] Continue movement.

[15:14:29.068] Moving to: [10.000 -0.800 0.000]
[15:14:36.855] Arrived at: [10.000 -0.800 0.000]
[15:14:36.856] Wait 0.000s
[15:14:36.858] Continue movement.

[15:14:36.858] Moving to: [0.000 -1.000 0.000]
[15:14:44.500] Arrived at: [0.000 -1.000 0.000]
[15:14:44.500] Wait 0.000s
[15:14:44.504] Continue movement.

[15:14:44.505] Moving to: [10.000 -1.200 0.000]
[15:14:52.305] Arrived at: [10.000 -1.200 0.000]
[15:14:52.305] Wait 0.000s
[15:14:52.311] Continue movement.

[15:14:52.312] Moving to: [0.000 -1.400 0.000]
[15:14:59.980] Arrived at: [0.000 -1.400 0.000] WARNING!
[15:14:59.980] Wait 0.000s
[15:14:59.985] Continue movement.

[15:14:59.985] Moving to: [10.000 -1.600 0.000]
[15:15:07.630] Arrived at: [10.000 -1.600 0.000]
[15:15:07.630] Wait 0.000s
[15:15:07.630] Continue movement.

[15:15:07.630] Moving to: [0.000 -1.800 0.000]
[15:15:15.447] Arrived at: [0.000 -1.800 0.000]
[15:15:15.447] Wait 0.000s
[15:15:15.451] Continue movement.

[15:15:15.451] Moving to: [10.000 -2.000 0.000]
[15:15:23.264] Arrived at: [10.000 -2.000 0.000]
[15:15:23.265] Wait 0.000s
[15:15:23.267] Continue movement.

[15:15:23.268] Moving to: [0.000 -2.200 0.000]
[15:15:31.070] Arrived at: [0.000 -2.200 0.000]
[15:15:31.070] Wait 0.000s
[15:15:31.070] Continue movement.

[15:15:31.070] Moving to: [10.000 -2.400 0.000]
[15:15:38.857] Arrived at: [10.000 -2.400 0.000]
[15:15:38.857] Wait 0.000s
[15:15:38.863] Continue movement.

[15:15:38.863] Moving to: [0.000 -2.600 0.000]
[15:15:46.500] Arrived at: [0.000 -2.600 0.000]
[15:15:46.501] Wait 0.000s
[15:15:46.501] Continue movement.

[15:15:46.501] Moving to: [10.000 -2.800 0.000]
[15:15:54.145] Arrived at: [10.000 -2.800 0.000] WARNING!
[15:15:54.145] Wait 0.000s
[15:15:54.145] Continue movement.

[15:15:54.145] Moving to: [0.000 -3.000 0.000]
[15:16:01.916] Arrived at: [0.000 -3.000 0.000]
[15:16:01.917] Wait 0.000s
[15:16:01.919] Continue movement.

[15:16:01.919] Moving to: [10.000 -3.200 0.000]
[15:16:09.563] Arrived at: [10.000 -3.200 0.000]
[15:16:09.563] Wait 0.000s
[15:16:09.567] Continue movement.

[15:16:09.567] Moving to: [0.000 -3.400 0.000]
[15:16:17.378] Arrived at: [0.000 -3.400 0.000]
[15:16:17.378] Wait 0.000s
[15:16:17.378] Continue movement.

[15:16:17.382] Moving to: [10.000 -3.600 0.000]
[15:16:25.021] Arrived at: [10.000 -3.600 0.000]
[15:16:25.021] Wait 0.000s
[15:16:25.022] Continue movement.

[15:16:25.022] Moving to: [0.000 -3.800 0.000]
[15:16:32.664] Arrived at: [0.000 -3.800 0.000] WARNING!
[15:16:32.669] Wait 0.000s
[15:16:32.670] Continue movement.

[15:16:32.670] Moving to: [10.000 -4.000 0.000]
[15:16:40.443] Arrived at: [10.000 -4.000 0.000]
[15:16:40.448] Wait 0.000s
[15:16:40.450] Continue movement.

[15:16:40.451] Finished iteration 1

[15:16:40.452] Plan finished.
