[16:17:20.227] Starting plan irradiation...
	Plan name: Plan de movimiento solo stage
	Plan comment: prueba
	Absolut shift from X to (0,0) well: [0.000 0.000 0.000]
[16:17:43.238] Starting iteration 1
[16:17:43.248] Moving to: [-1.000 1.000 0.000]
[16:17:45.352] Arrived at: [-1.000 1.000 0.000]
[16:17:45.360] Wait 0.100s
[16:17:45.467] Continue movement.

[16:17:45.472] Moving to: [-1.000 0.000 0.000]
[16:17:46.872] Arrived at: [-1.000 0.000 0.000]
[16:17:46.876] Wait 0.100s
[16:17:46.976] Continue movement.

[16:17:46.980] Moving to: [0.000 0.000 0.000]
[16:17:48.352] Arrived at: [0.000 0.000 0.000]
[16:17:48.354] Wait 0.100s
[16:17:48.455] Continue movement.

[16:17:48.459] Moving to: [0.000 1.000 0.000]
[16:17:49.789] Arrived at: [0.000 1.000 0.000]
[16:17:49.794] Wait 0.100s
[16:17:49.895] Continue movement.

[16:17:49.901] Moving to: [1.000 1.000 0.000]
[16:17:51.292] Arrived at: [1.000 1.000 0.000]
[16:17:51.292] Wait 0.100s
[16:17:51.398] Continue movement.

[16:17:51.402] Moving to: [1.000 0.000 0.000]
[16:17:52.750] Arrived at: [1.000 0.000 0.000]
[16:17:52.750] Wait 0.100s
[16:17:52.854] Continue movement.

[16:17:52.854] Moving to: [1.000 -1.000 0.000]
[16:17:54.141] Arrived at: [1.000 -1.000 0.000]
[16:17:54.142] Wait 0.100s
[16:17:54.243] Continue movement.

[16:17:54.243] Moving to: [0.000 -1.000 0.000]
[16:17:55.547] Arrived at: [0.000 -1.000 0.000]
[16:17:55.547] Wait 0.100s
[16:17:55.651] Continue movement.

[16:17:55.651] Moving to: [-1.000 -1.000 0.000]
[16:17:56.944] Arrived at: [-1.000 -1.000 0.000]
[16:17:56.949] Wait 0.100s
[16:17:57.050] Continue movement.

[16:17:57.050] Finished iteration 1

[16:17:57.050] Starting iteration 2
[16:17:57.050] Moving to: [-1.000 1.000 0.000]
[16:17:59.109] Arrived at: [-1.000 1.000 0.000]
[16:17:59.109] Wait 0.100s
[16:17:59.211] Continue movement.

[16:17:59.211] Moving to: [-1.000 0.000 0.000]
[16:18:00.495] Arrived at: [-1.000 0.000 0.000]
[16:18:00.495] Wait 0.100s
[16:18:00.599] Continue movement.

[16:18:00.600] Moving to: [0.000 0.000 0.000]
[16:18:01.898] Arrived at: [0.000 0.000 0.000]
[16:18:01.898] Wait 0.100s
[16:18:02.000] Continue movement.

[16:18:02.000] Moving to: [0.000 1.000 0.000]
[16:18:03.299] Arrived at: [0.000 1.000 0.000]
[16:18:03.299] Wait 0.100s
[16:18:03.404] Continue movement.

[16:18:03.404] Moving to: [1.000 1.000 0.000]
[16:18:04.676] Arrived at: [1.000 1.000 0.000]
[16:18:04.676] Wait 0.100s
[16:18:04.780] Continue movement.

[16:18:04.780] Moving to: [1.000 0.000 0.000]
[16:18:06.088] Arrived at: [1.000 0.000 0.000]
[16:18:06.090] Wait 0.100s
[16:18:06.193] Continue movement.

[16:18:06.193] Moving to: [1.000 -1.000 0.000]
[16:18:07.402] Arrived at: [1.000 -1.000 0.000]
[16:18:07.406] Wait 0.100s
[16:18:07.507] Continue movement.

[16:18:07.507] Moving to: [0.000 -1.000 0.000]
[16:18:08.734] Arrived at: [0.000 -1.000 0.000]
[16:18:08.734] Wait 0.100s
[16:18:08.835] Continue movement.

[16:18:08.836] Moving to: [-1.000 -1.000 0.000]
[16:18:10.100] Arrived at: [-1.000 -1.000 0.000]
[16:18:10.100] Wait 0.100s
[16:18:10.206] Continue movement.

[16:18:10.206] Finished iteration 2

[16:18:10.206] Starting iteration 3
[16:18:10.206] Moving to: [-1.000 1.000 0.000]
[16:18:12.277] Arrived at: [-1.000 1.000 0.000]
[16:18:12.277] Wait 0.100s
[16:18:12.382] Continue movement.

[16:18:12.382] Moving to: [-1.000 0.000 0.000]
[16:18:13.691] Arrived at: [-1.000 0.000 0.000]
[16:18:13.691] Wait 0.100s
[16:18:13.796] Continue movement.

[16:18:13.796] Moving to: [0.000 0.000 0.000]
[16:18:15.101] Arrived at: [0.000 0.000 0.000]
[16:18:15.101] Wait 0.100s
[16:18:15.203] Continue movement.

[16:18:15.203] Moving to: [0.000 1.000 0.000]
[16:18:16.498] Arrived at: [0.000 1.000 0.000]
[16:18:16.498] Wait 0.100s
[16:18:16.603] Continue movement.

[16:18:16.603] Moving to: [1.000 1.000 0.000]
[16:18:17.909] Arrived at: [1.000 1.000 0.000]
[16:18:17.909] Wait 0.100s
[16:18:18.011] Continue movement.

[16:18:18.012] Moving to: [1.000 0.000 0.000]
[16:18:19.269] Arrived at: [1.000 0.000 0.000]
[16:18:19.271] Wait 0.100s
[16:18:19.372] Continue movement.

[16:18:19.372] Moving to: [1.000 -1.000 0.000]
[16:18:20.668] Arrived at: [1.000 -1.000 0.000]
[16:18:20.672] Wait 0.100s
[16:18:20.771] Continue movement.

[16:18:20.775] Moving to: [0.000 -1.000 0.000]
[16:18:22.070] Arrived at: [0.000 -1.000 0.000]
[16:18:22.075] Wait 0.100s
[16:18:22.176] Continue movement.

[16:18:22.176] Moving to: [-1.000 -1.000 0.000]
[16:18:23.460] Arrived at: [-1.000 -1.000 0.000]
[16:18:23.460] Wait 0.100s
[16:18:23.567] Continue movement.

[16:18:23.569] Finished iteration 3

[16:18:23.570] Plan finished.
