[18:58:27.043] Starting plan irradiation...
	Plan name: Plan de movimiento solo stage
	Plan comment: tungsteno-3-largo
	Absolut shift from X to (0,0) well: [0.000 0.000 0.000]
[18:58:33.487] Starting iteration 1
[18:58:33.487] Moving to: [0.000 0.000 0.000]
[18:58:37.122] Arrived at: [0.000 0.000 0.000]
[18:58:37.122] Wait 5.000s
[18:58:42.136] Continue movement.

[18:58:42.137] Moving to: [10.000 0.000 0.000]
[18:58:42.862] Arrived at: [0.007 0.000 0.000] WARNING!
[18:58:42.862] Wait 0.000s
[18:58:42.872] Continue movement.

[18:58:42.873] Moving to: [0.000 -0.200 0.000]
[18:58:44.075] Arrived at: [0.000 -0.200 0.000]
[18:58:44.075] Wait 0.000s
[18:58:44.075] Continue movement.

[18:58:44.075] Moving to: [10.000 -0.400 0.000]
[18:58:45.275] Arrived at: [0.007 -0.400 0.000] WARNING!
[18:58:45.275] Wait 0.000s
[18:58:45.275] Continue movement.

[18:58:45.275] Moving to: [0.000 -0.600 0.000]
[18:58:46.455] Arrived at: [0.000 -0.600 0.000]
[18:58:46.455] Wait 0.000s
[18:58:46.455] Continue movement.

[18:58:46.455] Moving to: [10.000 -0.800 0.000]
[18:58:47.657] Arrived at: [0.007 -0.800 0.000] WARNING!
[18:58:47.657] Wait 0.000s
[18:58:47.657] Continue movement.

[18:58:47.665] Moving to: [0.000 -1.000 0.000]
[18:58:48.856] Arrived at: [0.000 -1.000 0.000]
[18:58:48.856] Wait 0.000s
[18:58:48.856] Continue movement.

[18:58:48.856] Moving to: [10.000 -1.200 0.000]
[18:58:50.054] Arrived at: [0.007 -1.200 0.000] WARNING!
[18:58:50.054] Wait 0.000s
[18:58:50.065] Continue movement.

[18:58:50.067] Moving to: [0.000 -1.400 0.000]
[18:58:51.272] Arrived at: [0.000 -1.400 0.000] WARNING!
[18:58:51.272] Wait 0.000s
[18:58:51.272] Continue movement.

[18:58:51.283] Moving to: [10.000 -1.600 0.000]
[18:58:52.501] Arrived at: [0.007 -1.600 0.000] WARNING!
[18:58:52.501] Wait 0.000s
[18:58:52.512] Continue movement.

[18:58:52.514] Moving to: [0.000 -1.800 0.000]
[18:58:53.653] Arrived at: [0.000 -1.800 0.000]
[18:58:53.653] Wait 0.000s
[18:58:53.653] Continue movement.

[18:58:53.653] Moving to: [10.000 -2.000 0.000]
[18:58:54.904] Arrived at: [0.007 -2.000 0.000] WARNING!
[18:58:54.904] Wait 0.000s
[18:58:54.910] Continue movement.

[18:58:54.910] Moving to: [0.000 -2.200 0.000]
[18:58:56.116] Arrived at: [0.000 -2.200 0.000]
[18:58:56.116] Wait 0.000s
[18:58:56.116] Continue movement.

[18:58:56.116] Moving to: [10.000 -2.400 0.000]
[18:58:57.315] Arrived at: [0.007 -2.400 0.000] WARNING!
[18:58:57.315] Wait 0.000s
[18:58:57.315] Continue movement.

[18:58:57.327] Moving to: [0.000 -2.600 0.000]
[18:58:58.535] Arrived at: [0.000 -2.600 0.000]
[18:58:58.535] Wait 0.000s
[18:58:58.535] Continue movement.

[18:58:58.535] Moving to: [10.000 -2.800 0.000]
[18:58:59.726] Arrived at: [0.007 -2.800 0.000] WARNING!
[18:58:59.726] Wait 0.000s
[18:58:59.727] Continue movement.

[18:58:59.729] Moving to: [0.000 -3.000 0.000]
[18:59:00.930] Arrived at: [0.000 -3.000 0.000]
[18:59:00.930] Wait 0.000s
[18:59:00.930] Continue movement.

[18:59:00.930] Moving to: [10.000 -3.200 0.000]
[18:59:02.113] Arrived at: [0.007 -3.200 0.000] WARNING!
[18:59:02.113] Wait 0.000s
[18:59:02.125] Continue movement.

[18:59:02.126] Moving to: [0.000 -3.400 0.000]
[18:59:03.377] Arrived at: [0.000 -3.400 0.000]
[18:59:03.377] Wait 0.000s
[18:59:03.377] Continue movement.

[18:59:03.377] Moving to: [10.000 -3.600 0.000]
[18:59:04.593] Arrived at: [0.007 -3.600 0.000] WARNING!
[18:59:04.593] Wait 0.000s
[18:59:04.593] Continue movement.

[18:59:04.593] Moving to: [0.000 -3.800 0.000]
[18:59:05.793] Arrived at: [0.000 -3.800 0.000] WARNING!
[18:59:05.793] Wait 0.000s
[18:59:05.793] Continue movement.

[18:59:05.804] Moving to: [10.000 -4.000 0.000]
[18:59:07.008] Arrived at: [0.007 -4.000 0.000] WARNING!
[18:59:07.008] Wait 0.000s
[18:59:07.008] Continue movement.

[18:59:07.012] Moving to: [0.000 -3.800 0.000]
[18:59:08.221] Arrived at: [0.000 -3.800 0.000] WARNING!
[18:59:08.221] Wait 0.000s
[18:59:08.221] Continue movement.

[18:59:08.221] Moving to: [10.000 -3.600 0.000]
[18:59:09.468] Arrived at: [0.007 -3.600 0.000] WARNING!
[18:59:09.468] Wait 0.000s
[18:59:09.478] Continue movement.

[18:59:09.479] Moving to: [0.000 -3.400 0.000]
[18:59:10.718] Arrived at: [0.000 -3.400 0.000]
[18:59:10.718] Wait 0.000s
[18:59:10.718] Continue movement.

[18:59:10.718] Moving to: [10.000 -3.200 0.000]
[18:59:11.936] Arrived at: [0.007 -3.200 0.000] WARNING!
[18:59:11.936] Wait 0.000s
[18:59:11.944] Continue movement.

[18:59:11.945] Moving to: [0.000 -3.000 0.000]
[18:59:13.130] Arrived at: [0.000 -3.000 0.000]
[18:59:13.130] Wait 0.000s
[18:59:13.130] Continue movement.

[18:59:13.130] Moving to: [10.000 -2.800 0.000]
[18:59:14.338] Arrived at: [0.007 -2.800 0.000] WARNING!
[18:59:14.338] Wait 0.000s
[18:59:14.339] Continue movement.

[18:59:14.342] Moving to: [0.000 -2.600 0.000]
[18:59:15.515] Arrived at: [0.000 -2.600 0.000]
[18:59:15.515] Wait 0.000s
[18:59:15.515] Continue movement.

[18:59:15.515] Moving to: [10.000 -2.400 0.000]
[18:59:16.740] Arrived at: [0.007 -2.400 0.000] WARNING!
[18:59:16.741] Wait 0.000s
[18:59:16.744] Continue movement.

[18:59:16.745] Moving to: [0.000 -2.200 0.000]
[18:59:17.992] Arrived at: [0.000 -2.200 0.000]
[18:59:17.992] Wait 0.000s
[18:59:17.992] Continue movement.

[18:59:17.992] Moving to: [10.000 -2.000 0.000]
[18:59:19.209] Arrived at: [0.007 -2.000 0.000] WARNING!
[18:59:19.209] Wait 0.000s
[18:59:19.220] Continue movement.

[18:59:19.222] Moving to: [0.000 -1.800 0.000]
[18:59:20.467] Arrived at: [0.000 -1.800 0.000]
[18:59:20.467] Wait 0.000s
[18:59:20.467] Continue movement.

[18:59:20.467] Moving to: [10.000 -1.600 0.000]
[18:59:21.624] Arrived at: [0.007 -1.600 0.000] WARNING!
[18:59:21.624] Wait 0.000s
[18:59:21.635] Continue movement.

[18:59:21.636] Moving to: [0.000 -1.400 0.000]
[18:59:22.853] Arrived at: [0.000 -1.400 0.000] WARNING!
[18:59:22.853] Wait 0.000s
[18:59:22.860] Continue movement.

[18:59:22.861] Moving to: [10.000 -1.200 0.000]
[18:59:24.051] Arrived at: [0.007 -1.200 0.000] WARNING!
[18:59:24.051] Wait 0.000s
[18:59:24.051] Continue movement.

[18:59:24.062] Moving to: [0.000 -1.000 0.000]
[18:59:25.235] Arrived at: [0.000 -1.000 0.000]
[18:59:25.235] Wait 0.000s
[18:59:25.235] Continue movement.

[18:59:25.235] Moving to: [10.000 -0.800 0.000]
[18:59:26.436] Arrived at: [0.007 -0.800 0.000] WARNING!
[18:59:26.436] Wait 0.000s
[18:59:26.446] Continue movement.

[18:59:26.446] Moving to: [0.000 -0.600 0.000]
[18:59:27.651] Arrived at: [0.000 -0.600 0.000]
[18:59:27.655] Wait 0.000s
[18:59:27.655] Continue movement.

[18:59:27.655] Moving to: [10.000 -0.400 0.000]
[18:59:28.885] Arrived at: [0.007 -0.400 0.000] WARNING!
[18:59:28.885] Wait 0.000s
[18:59:28.891] Continue movement.

[18:59:28.892] Moving to: [0.000 -0.200 0.000]
[18:59:30.074] Arrived at: [0.000 -0.200 0.000]
[18:59:30.075] Wait 0.000s
[18:59:30.078] Continue movement.

[18:59:30.078] Moving to: [10.000 0.000 0.000]
[18:59:31.297] Arrived at: [0.007 0.000 0.000] WARNING!
[18:59:31.297] Wait 0.000s
[18:59:31.303] Continue movement.

[18:59:31.303] Finished iteration 1

[18:59:31.303] Starting iteration 2
[18:59:31.305] Moving to: [0.000 0.000 0.000]
[18:59:32.032] Arrived at: [0.000 0.000 0.000]
[18:59:32.032] Wait 5.000s
[18:59:37.042] Continue movement.

[18:59:37.042] Moving to: [10.000 0.000 0.000]
[18:59:37.777] Arrived at: [0.007 0.000 0.000] WARNING!
[18:59:37.777] Wait 0.000s
[18:59:37.779] Continue movement.

[18:59:37.780] Moving to: [0.000 -0.200 0.000]
[18:59:39.000] Arrived at: [0.000 -0.200 0.000]
[18:59:39.000] Wait 0.000s
[18:59:39.003] Continue movement.

[18:59:39.004] Moving to: [10.000 -0.400 0.000]
[18:59:40.217] Arrived at: [0.007 -0.400 0.000] WARNING!
[18:59:40.217] Wait 0.000s
[18:59:40.222] Continue movement.

[18:59:40.224] Moving to: [0.000 -0.600 0.000]
[18:59:41.459] Arrived at: [0.000 -0.600 0.000]
[18:59:41.460] Wait 0.000s
[18:59:41.462] Continue movement.

[18:59:41.466] Moving to: [10.000 -0.800 0.000]
[18:59:42.720] Arrived at: [0.007 -0.800 0.000] WARNING!
[18:59:42.720] Wait 0.000s
[18:59:42.731] Continue movement.

[18:59:42.733] Moving to: [0.000 -1.000 0.000]
[18:59:43.994] Arrived at: [0.000 -1.000 0.000]
[18:59:44.000] Wait 0.000s
[18:59:44.001] Continue movement.

[18:59:44.001] Moving to: [10.000 -1.200 0.000]
[18:59:45.313] Arrived at: [0.007 -1.200 0.000] WARNING!
[18:59:45.313] Wait 0.000s
[18:59:45.326] Continue movement.

[18:59:45.328] Moving to: [0.000 -1.400 0.000]
[18:59:46.647] Arrived at: [0.000 -1.400 0.000] WARNING!
[18:59:46.649] Wait 0.000s
[18:59:46.652] Continue movement.

[18:59:46.654] Moving to: [10.000 -1.600 0.000]
[18:59:48.035] Arrived at: [0.007 -1.600 0.000] WARNING!
[18:59:48.035] Wait 0.000s
[18:59:48.038] Continue movement.

[18:59:48.039] Moving to: [0.000 -1.800 0.000]
[18:59:49.402] Arrived at: [0.000 -1.800 0.000]
[18:59:49.405] Wait 0.000s
[18:59:49.406] Continue movement.

[18:59:49.407] Moving to: [10.000 -2.000 0.000]
[18:59:50.693] Arrived at: [0.007 -2.000 0.000] WARNING!
[18:59:50.693] Wait 0.000s
[18:59:50.698] Continue movement.

[18:59:50.700] Moving to: [0.000 -2.200 0.000]
[18:59:52.015] Arrived at: [0.000 -2.200 0.000]
[18:59:52.015] Wait 0.000s
[18:59:52.015] Continue movement.

[18:59:52.021] Moving to: [10.000 -2.400 0.000]
[18:59:53.302] Arrived at: [0.007 -2.400 0.000] WARNING!
[18:59:53.303] Wait 0.000s
[18:59:53.304] Continue movement.

[18:59:53.304] Moving to: [0.000 -2.600 0.000]
[18:59:56.301] Arrived at: [0.000 -4.976 0.000] WARNING!
[18:59:56.303] Wait 0.000s
[18:59:56.308] Continue movement.

[18:59:56.310] Moving to: [10.000 -2.800 0.000]
[18:59:58.978] Arrived at: [0.007 -2.800 0.000] WARNING!
[18:59:58.979] Wait 0.000s
[18:59:58.980] Continue movement.

[18:59:58.981] Moving to: [0.000 -3.000 0.000]
[19:00:00.221] Arrived at: [0.000 -3.000 0.000]
[19:00:00.223] Wait 0.000s
[19:00:00.224] Continue movement.

[19:00:00.226] Moving to: [10.000 -3.200 0.000]
[19:00:01.472] Arrived at: [0.007 -3.200 0.000] WARNING!
[19:00:01.474] Wait 0.000s
[19:00:01.478] Continue movement.

[19:00:01.480] Moving to: [0.000 -3.400 0.000]
[19:00:02.722] Arrived at: [0.000 -3.400 0.000]
[19:00:02.722] Wait 0.000s
[19:00:02.722] Continue movement.

[19:00:02.722] Moving to: [10.000 -3.600 0.000]
[19:00:03.894] Arrived at: [0.007 -3.600 0.000] WARNING!
[19:00:03.895] Wait 0.000s
[19:00:03.896] Continue movement.

[19:00:03.898] Moving to: [0.000 -3.800 0.000]
[19:00:05.138] Arrived at: [0.000 -3.800 0.000] WARNING!
[19:00:05.139] Wait 0.000s
[19:00:05.143] Continue movement.

[19:00:05.145] Moving to: [10.000 -4.000 0.000]
[19:00:06.358] Arrived at: [0.007 -4.000 0.000] WARNING!
[19:00:06.359] Wait 0.000s
[19:00:06.361] Continue movement.

[19:00:06.362] Moving to: [0.000 -3.800 0.000]
[19:00:07.608] Arrived at: [0.000 -3.800 0.000] WARNING!
[19:00:07.612] Wait 0.000s
[19:00:07.612] Continue movement.

[19:00:07.612] Moving to: [10.000 -3.600 0.000]
[19:00:08.880] Arrived at: [0.007 -3.600 0.000] WARNING!
[19:00:08.881] Wait 0.000s
[19:00:08.883] Continue movement.

[19:00:08.885] Moving to: [0.000 -3.400 0.000]
[19:00:10.131] Arrived at: [0.000 -3.400 0.000]
[19:00:10.132] Wait 0.000s
[19:00:10.133] Continue movement.

[19:00:10.133] Moving to: [10.000 -3.200 0.000]
[19:00:11.356] Arrived at: [0.007 -3.200 0.000] WARNING!
[19:00:11.356] Wait 0.000s
[19:00:11.356] Continue movement.

[19:00:11.362] Moving to: [0.000 -3.000 0.000]
[19:00:12.584] Arrived at: [0.000 -3.000 0.000]
[19:00:12.584] Wait 0.000s
[19:00:12.584] Continue movement.

[19:00:12.584] Moving to: [10.000 -2.800 0.000]
[19:00:13.830] Arrived at: [0.007 -2.800 0.000] WARNING!
[19:00:13.830] Wait 0.000s
[19:00:13.844] Continue movement.

[19:00:13.844] Moving to: [0.000 -2.600 0.000]
[19:00:15.077] Arrived at: [0.000 -2.600 0.000]
[19:00:15.077] Wait 0.000s
[19:00:15.077] Continue movement.

[19:00:15.077] Moving to: [10.000 -2.400 0.000]
[19:00:16.362] Arrived at: [0.007 -2.400 0.000] WARNING!
[19:00:16.363] Wait 0.000s
[19:00:16.365] Continue movement.

[19:00:16.366] Moving to: [0.000 -2.200 0.000]
[19:00:17.574] Arrived at: [0.000 -2.200 0.000]
[19:00:17.574] Wait 0.000s
[19:00:17.574] Continue movement.

[19:00:17.574] Moving to: [10.000 -2.000 0.000]
[19:00:18.834] Arrived at: [0.007 -2.000 0.000] WARNING!
[19:00:18.834] Wait 0.000s
[19:00:18.834] Continue movement.

[19:00:18.834] Moving to: [0.000 -1.800 0.000]
[19:00:20.115] Arrived at: [0.000 -1.800 0.000]
[19:00:20.115] Wait 0.000s
[19:00:20.115] Continue movement.

[19:00:20.115] Moving to: [10.000 -1.600 0.000]
[19:00:21.314] Arrived at: [0.007 -1.600 0.000] WARNING!
[19:00:21.314] Wait 0.000s
[19:00:21.314] Continue movement.

[19:00:21.314] Moving to: [0.000 -1.400 0.000]
[19:00:22.562] Arrived at: [0.000 -1.400 0.000] WARNING!
[19:00:22.562] Wait 0.000s
[19:00:22.572] Continue movement.

[19:00:22.573] Moving to: [10.000 -1.200 0.000]
[19:00:23.804] Arrived at: [0.007 -1.200 0.000] WARNING!
[19:00:23.804] Wait 0.000s
[19:00:23.804] Continue movement.

[19:00:23.804] Moving to: [0.000 -1.000 0.000]
[19:00:25.033] Arrived at: [0.000 -1.000 0.000]
[19:00:25.033] Wait 0.000s
[19:00:25.033] Continue movement.

[19:00:25.033] Moving to: [10.000 -0.800 0.000]
[19:00:26.240] Arrived at: [0.007 -0.800 0.000] WARNING!
[19:00:26.240] Wait 0.000s
[19:00:26.240] Continue movement.

[19:00:26.240] Moving to: [0.000 -0.600 0.000]
[19:00:27.483] Arrived at: [0.000 -0.600 0.000]
[19:00:27.483] Wait 0.000s
[19:00:27.483] Continue movement.

[19:00:27.483] Moving to: [10.000 -0.400 0.000]
[19:00:28.718] Arrived at: [0.007 -0.400 0.000] WARNING!
[19:00:28.718] Wait 0.000s
[19:00:28.718] Continue movement.

[19:00:28.718] Moving to: [0.000 -0.200 0.000]
[19:00:29.995] Arrived at: [0.000 -0.200 0.000]
[19:00:29.995] Wait 0.000s
[19:00:29.995] Continue movement.

[19:00:29.995] Moving to: [10.000 0.000 0.000]
[19:00:31.193] Arrived at: [0.007 0.000 0.000] WARNING!
[19:00:31.193] Wait 0.000s
[19:00:31.193] Continue movement.

[19:00:31.193] Finished iteration 2

[19:00:31.193] Starting iteration 3
[19:00:31.193] Moving to: [0.000 0.000 0.000]
[19:00:31.928] Arrived at: [0.000 0.000 0.000]
[19:00:31.929] Wait 5.000s
[19:00:36.940] Continue movement.

[19:00:36.942] Moving to: [10.000 0.000 0.000]
[19:00:37.694] Arrived at: [0.007 0.000 0.000] WARNING!
[19:00:37.694] Wait 0.000s
[19:00:37.709] Continue movement.

[19:00:37.711] Moving to: [0.000 -0.200 0.000]
[19:00:38.938] Arrived at: [0.000 -0.200 0.000]
[19:00:38.938] Wait 0.000s
[19:00:38.938] Continue movement.

[19:00:38.938] Moving to: [10.000 -0.400 0.000]
[19:00:40.164] Arrived at: [0.007 -0.400 0.000] WARNING!
[19:00:40.164] Wait 0.000s
[19:00:40.164] Continue movement.

[19:00:40.164] Moving to: [0.000 -0.600 0.000]
[19:00:41.358] Arrived at: [0.000 -0.600 0.000]
[19:00:41.359] Wait 0.000s
[19:00:41.361] Continue movement.

[19:00:41.363] Moving to: [10.000 -0.800 0.000]
[19:00:42.612] Arrived at: [0.007 -0.800 0.000] WARNING!
[19:00:42.612] Wait 0.000s
[19:00:42.612] Continue movement.

[19:00:42.612] Moving to: [0.000 -1.000 0.000]
[19:00:43.862] Arrived at: [0.000 -1.000 0.000]
[19:00:43.862] Wait 0.000s
[19:00:43.862] Continue movement.

[19:00:43.862] Moving to: [10.000 -1.200 0.000]
[19:00:45.100] Arrived at: [0.007 -1.200 0.000] WARNING!
[19:00:45.101] Wait 0.000s
[19:00:45.103] Continue movement.

[19:00:45.104] Moving to: [0.000 -1.400 0.000]
[19:00:46.336] Arrived at: [0.000 -1.400 0.000] WARNING!
[19:00:46.336] Wait 0.000s
[19:00:46.336] Continue movement.

[19:00:46.336] Moving to: [10.000 -1.600 0.000]
[19:00:47.541] Arrived at: [0.007 -1.600 0.000] WARNING!
[19:00:47.541] Wait 0.000s
[19:00:47.552] Continue movement.

[19:00:47.553] Moving to: [0.000 -1.800 0.000]
[19:00:48.801] Arrived at: [0.000 -1.800 0.000]
[19:00:48.802] Wait 0.000s
[19:00:48.802] Continue movement.

[19:00:48.802] Moving to: [10.000 -2.000 0.000]
[19:00:50.017] Arrived at: [0.007 -2.000 0.000] WARNING!
[19:00:50.017] Wait 0.000s
[19:00:50.017] Continue movement.

[19:00:50.017] Moving to: [0.000 -2.200 0.000]
[19:00:51.222] Arrived at: [0.000 -2.200 0.000]
[19:00:51.222] Wait 0.000s
[19:00:51.224] Continue movement.

[19:00:51.225] Moving to: [10.000 -2.400 0.000]
[19:00:52.444] Arrived at: [0.007 -2.400 0.000] WARNING!
[19:00:52.444] Wait 0.000s
[19:00:52.444] Continue movement.

[19:00:52.444] Moving to: [0.000 -2.600 0.000]
[19:00:53.661] Arrived at: [0.000 -2.600 0.000]
[19:00:53.661] Wait 0.000s
[19:00:53.661] Continue movement.

[19:00:53.661] Moving to: [10.000 -2.800 0.000]
[19:00:54.861] Arrived at: [0.007 -2.800 0.000] WARNING!
[19:00:54.861] Wait 0.000s
[19:00:54.861] Continue movement.

[19:00:54.861] Moving to: [0.000 -3.000 0.000]
[19:00:56.092] Arrived at: [0.000 -3.000 0.000]
[19:00:56.092] Wait 0.000s
[19:00:56.092] Continue movement.

[19:00:56.092] Moving to: [10.000 -3.200 0.000]
[19:00:57.253] Arrived at: [0.007 -3.200 0.000] WARNING!
[19:00:57.253] Wait 0.000s
[19:00:57.253] Continue movement.

[19:00:57.269] Moving to: [0.000 -3.400 0.000]
[19:00:58.459] Arrived at: [0.000 -3.400 0.000]
[19:00:58.459] Wait 0.000s
[19:00:58.459] Continue movement.

[19:00:58.459] Moving to: [10.000 -3.600 0.000]
[19:00:59.740] Arrived at: [0.007 -3.600 0.000] WARNING!
[19:00:59.740] Wait 0.000s
[19:00:59.740] Continue movement.

[19:00:59.740] Moving to: [0.000 -3.800 0.000]
[19:01:00.951] Arrived at: [0.000 -3.800 0.000] WARNING!
[19:01:00.951] Wait 0.000s
[19:01:00.951] Continue movement.

[19:01:00.951] Moving to: [10.000 -4.000 0.000]
[19:01:02.135] Arrived at: [0.007 -4.000 0.000] WARNING!
[19:01:02.135] Wait 0.000s
[19:01:02.135] Continue movement.

[19:01:02.135] Moving to: [0.000 -3.800 0.000]
[19:01:03.352] Arrived at: [0.000 -3.800 0.000] WARNING!
[19:01:03.352] Wait 0.000s
[19:01:03.352] Continue movement.

[19:01:03.352] Moving to: [10.000 -3.600 0.000]
[19:01:04.568] Arrived at: [0.007 -3.600 0.000] WARNING!
[19:01:04.568] Wait 0.000s
[19:01:04.580] Continue movement.

[19:01:04.582] Moving to: [0.000 -3.400 0.000]
[19:01:05.780] Arrived at: [0.000 -3.400 0.000]
[19:01:05.780] Wait 0.000s
[19:01:05.780] Continue movement.

[19:01:05.780] Moving to: [10.000 -3.200 0.000]
[19:01:06.999] Arrived at: [0.007 -3.200 0.000] WARNING!
[19:01:06.999] Wait 0.000s
[19:01:06.999] Continue movement.

[19:01:06.999] Moving to: [0.000 -3.000 0.000]
[19:01:08.266] Arrived at: [0.000 -3.000 0.000]
[19:01:08.266] Wait 0.000s
[19:01:08.266] Continue movement.

[19:01:08.266] Moving to: [10.000 -2.800 0.000]
[19:01:09.487] Arrived at: [0.007 -2.800 0.000] WARNING!
[19:01:09.489] Wait 0.000s
[19:01:09.491] Continue movement.

[19:01:09.492] Moving to: [0.000 -2.600 0.000]
[19:01:10.669] Arrived at: [0.000 -2.600 0.000]
[19:01:10.669] Wait 0.000s
[19:01:10.669] Continue movement.

[19:01:10.669] Moving to: [10.000 -2.400 0.000]
[19:01:11.904] Arrived at: [0.007 -2.400 0.000] WARNING!
[19:01:11.904] Wait 0.000s
[19:01:11.904] Continue movement.

[19:01:11.904] Moving to: [0.000 -2.200 0.000]
[19:01:13.170] Arrived at: [0.000 -2.200 0.000]
[19:01:13.170] Wait 0.000s
[19:01:13.170] Continue movement.

[19:01:13.170] Moving to: [10.000 -2.000 0.000]
[19:01:14.449] Arrived at: [0.007 -2.000 0.000] WARNING!
[19:01:14.450] Wait 0.000s
[19:01:14.452] Continue movement.

[19:01:14.452] Moving to: [0.000 -1.800 0.000]
[19:01:15.658] Arrived at: [0.000 -1.800 0.000]
[19:01:15.659] Wait 0.000s
[19:01:15.662] Continue movement.

[19:01:15.663] Moving to: [10.000 -1.600 0.000]
[19:01:16.876] Arrived at: [0.007 -1.600 0.000] WARNING!
[19:01:16.877] Wait 0.000s
[19:01:16.880] Continue movement.

[19:01:16.881] Moving to: [0.000 -1.400 0.000]
[19:01:18.085] Arrived at: [0.000 -1.400 0.000] WARNING!
[19:01:18.085] Wait 0.000s
[19:01:18.085] Continue movement.

[19:01:18.085] Moving to: [10.000 -1.200 0.000]
[19:01:19.262] Arrived at: [0.007 -1.200 0.000] WARNING!
[19:01:19.262] Wait 0.000s
[19:01:19.262] Continue movement.

[19:01:19.262] Moving to: [0.000 -1.000 0.000]
[19:01:20.505] Arrived at: [0.000 -1.000 0.000]
[19:01:20.506] Wait 0.000s
[19:01:20.508] Continue movement.

[19:01:20.509] Moving to: [10.000 -0.800 0.000]
[19:01:21.748] Arrived at: [0.007 -0.800 0.000] WARNING!
[19:01:21.748] Wait 0.000s
[19:01:21.748] Continue movement.

[19:01:21.748] Moving to: [0.000 -0.600 0.000]
[19:01:22.991] Arrived at: [0.000 -0.600 0.000]
[19:01:22.991] Wait 0.000s
[19:01:22.991] Continue movement.

[19:01:22.991] Moving to: [10.000 -0.400 0.000]
[19:01:24.214] Arrived at: [0.007 -0.400 0.000] WARNING!
[19:01:24.216] Wait 0.000s
[19:01:24.220] Continue movement.

[19:01:24.221] Moving to: [0.000 -0.200 0.000]
[19:01:25.432] Arrived at: [0.000 -0.200 0.000]
[19:01:25.432] Wait 0.000s
[19:01:25.432] Continue movement.

[19:01:25.432] Moving to: [10.000 0.000 0.000]
[19:01:26.663] Arrived at: [0.007 0.000 0.000] WARNING!
[19:01:26.663] Wait 0.000s
[19:01:26.664] Continue movement.

[19:01:26.664] Finished iteration 3

[19:01:26.668] Plan finished.
