[21:11:03.840] Starting plan irradiation...
	Plan name: Plan de movimiento solo stage
	Plan comment: irradW5
	Absolut shift from X to (0,0) well: [0.000 0.000 0.000]
[21:11:10.801] Starting iteration 1
[21:11:10.801] Moving to: [0.000 0.000 0.000]
[21:11:15.962] Arrived at: [0.000 0.000 0.000]
[21:11:15.962] Wait 0.000s
[21:11:15.962] Continue movement.

[21:11:15.962] Moving to: [-2.000 0.000 0.000]
[21:11:17.892] Arrived at: [-2.000 0.000 0.000]
[21:11:17.892] Wait 0.000s
[21:11:17.892] Continue movement.

[21:11:17.892] Moving to: [0.000 -0.200 0.000]
[21:11:20.260] Arrived at: [0.000 -0.200 0.000]
[21:11:20.260] Wait 0.000s
[21:11:20.260] Continue movement.

[21:11:20.260] Moving to: [-2.000 -0.400 0.000]
[21:11:22.626] Arrived at: [-2.000 -0.400 0.000]
[21:11:22.626] Wait 0.000s
[21:11:22.626] Continue movement.

[21:11:22.626] Moving to: [0.000 -0.600 0.000]
[21:11:25.187] Arrived at: [0.000 -0.600 0.000]
[21:11:25.187] Wait 0.000s
[21:11:25.187] Continue movement.

[21:11:25.187] Moving to: [-2.000 -0.800 0.000]
[21:11:27.582] Arrived at: [-2.000 -0.800 0.000]
[21:11:27.582] Wait 0.000s
[21:11:27.582] Continue movement.

[21:11:27.582] Moving to: [0.000 -1.000 0.000]
[21:11:30.065] Arrived at: [0.000 -1.000 0.000]
[21:11:30.065] Wait 0.000s
[21:11:30.065] Continue movement.

[21:11:30.065] Moving to: [-2.000 -1.200 0.000]
[21:11:32.428] Arrived at: [-2.000 -1.200 0.000]
[21:11:32.428] Wait 0.000s
[21:11:32.428] Continue movement.

[21:11:32.428] Moving to: [0.000 -1.400 0.000]
[21:11:34.824] Arrived at: [0.000 -1.400 0.000] WARNING!
[21:11:34.824] Wait 0.000s
[21:11:34.827] Continue movement.

[21:11:34.828] Moving to: [-2.000 -1.600 0.000]
[21:11:37.290] Arrived at: [-2.000 -1.600 0.000]
[21:11:37.290] Wait 0.000s
[21:11:37.290] Continue movement.

[21:11:37.290] Moving to: [0.000 -1.800 0.000]
[21:11:39.611] Arrived at: [0.000 -1.800 0.000]
[21:11:39.611] Wait 0.000s
[21:11:39.611] Continue movement.

[21:11:39.611] Moving to: [-2.000 -2.000 0.000]
[21:11:42.045] Arrived at: [-2.000 -2.000 0.000]
[21:11:42.045] Wait 0.000s
[21:11:42.045] Continue movement.

[21:11:42.045] Moving to: [0.000 -2.200 0.000]
[21:11:44.435] Arrived at: [0.000 -2.200 0.000]
[21:11:44.435] Wait 0.000s
[21:11:44.435] Continue movement.

[21:11:44.435] Moving to: [-2.000 -2.400 0.000]
[21:11:46.835] Arrived at: [-2.000 -2.400 0.000]
[21:11:46.835] Wait 0.000s
[21:11:46.835] Continue movement.

[21:11:46.835] Moving to: [0.000 -2.600 0.000]
[21:11:49.282] Arrived at: [0.000 -2.600 0.000]
[21:11:49.282] Wait 0.000s
[21:11:49.282] Continue movement.

[21:11:49.282] Moving to: [-2.000 -2.800 0.000]
[21:11:51.776] Arrived at: [-2.000 -2.800 0.000] WARNING!
[21:11:51.776] Wait 0.000s
[21:11:51.776] Continue movement.

[21:11:51.776] Moving to: [0.000 -3.000 0.000]
[21:11:54.163] Arrived at: [0.000 -3.000 0.000]
[21:11:54.168] Wait 0.000s
[21:11:54.168] Continue movement.

[21:11:54.168] Moving to: [-2.000 -3.200 0.000]
[21:11:56.588] Arrived at: [-2.000 -3.200 0.000]
[21:11:56.588] Wait 0.000s
[21:11:56.588] Continue movement.

[21:11:56.588] Moving to: [0.000 -3.400 0.000]
[21:11:58.976] Arrived at: [0.000 -3.400 0.000]
[21:11:58.980] Wait 0.000s
[21:11:58.980] Continue movement.

[21:11:58.980] Moving to: [-2.000 -3.600 0.000]
[21:12:01.390] Arrived at: [-2.000 -3.600 0.000]
[21:12:01.390] Wait 0.000s
[21:12:01.390] Continue movement.

[21:12:01.390] Moving to: [0.000 -3.800 0.000]
[21:12:03.852] Arrived at: [0.000 -3.800 0.000] WARNING!
[21:12:03.852] Wait 0.000s
[21:12:03.857] Continue movement.

[21:12:03.858] Moving to: [-2.000 -4.000 0.000]
[21:12:06.219] Arrived at: [-2.000 -4.000 0.000]
[21:12:06.219] Wait 0.000s
[21:12:06.219] Continue movement.

[21:12:06.219] Moving to: [0.000 -4.200 0.000]
[21:12:08.798] Arrived at: [0.000 -4.200 0.000]
[21:12:08.798] Wait 0.000s
[21:12:08.798] Continue movement.

[21:12:08.798] Moving to: [-2.000 -4.400 0.000]
[21:12:11.199] Arrived at: [-2.000 -4.400 0.000]
[21:12:11.199] Wait 0.000s
[21:12:11.199] Continue movement.

[21:12:11.199] Finished iteration 1

[21:12:11.199] Starting iteration 2
[21:12:11.199] Moving to: [0.000 0.000 0.000]
[21:12:16.442] Arrived at: [0.000 0.000 0.000]
[21:12:16.442] Wait 0.000s
[21:12:16.442] Continue movement.

[21:12:16.442] Moving to: [-2.000 0.000 0.000]
[21:12:18.359] Arrived at: [-2.000 0.000 0.000]
[21:12:18.359] Wait 0.000s
[21:12:18.359] Continue movement.

[21:12:18.359] Moving to: [0.000 -0.200 0.000]
[21:12:20.817] Arrived at: [0.000 -0.200 0.000]
[21:12:20.817] Wait 0.000s
[21:12:20.817] Continue movement.

[21:12:20.817] Moving to: [-2.000 -0.400 0.000]
[21:12:23.278] Arrived at: [-2.000 -0.400 0.000]
[21:12:23.278] Wait 0.000s
[21:12:23.278] Continue movement.

[21:12:23.278] Moving to: [0.000 -0.600 0.000]
[21:12:25.663] Arrived at: [0.000 -0.600 0.000]
[21:12:25.664] Wait 0.000s
[21:12:25.666] Continue movement.

[21:12:25.667] Moving to: [-2.000 -0.800 0.000]
[21:12:28.073] Arrived at: [-2.000 -0.800 0.000]
[21:12:28.073] Wait 0.000s
[21:12:28.073] Continue movement.

[21:12:28.073] Moving to: [0.000 -1.000 0.000]
[21:12:30.482] Arrived at: [0.000 -1.000 0.000]
[21:12:30.482] Wait 0.000s
[21:12:30.482] Continue movement.

[21:12:30.482] Moving to: [-2.000 -1.200 0.000]
[21:12:32.927] Arrived at: [-2.000 -1.200 0.000]
[21:12:32.931] Wait 0.000s
[21:12:32.932] Continue movement.

[21:12:32.934] Moving to: [0.000 -1.400 0.000]
[21:12:35.344] Arrived at: [0.000 -1.400 0.000] WARNING!
[21:12:35.344] Wait 0.000s
[21:12:35.347] Continue movement.

[21:12:35.348] Moving to: [-2.000 -1.600 0.000]
[21:12:37.784] Arrived at: [-2.000 -1.600 0.000]
[21:12:37.784] Wait 0.000s
[21:12:37.784] Continue movement.

[21:12:37.784] Moving to: [0.000 -1.800 0.000]
[21:12:40.182] Arrived at: [0.000 -1.800 0.000]
[21:12:40.182] Wait 0.000s
[21:12:40.182] Continue movement.

[21:12:40.182] Moving to: [-2.000 -2.000 0.000]
[21:12:42.582] Arrived at: [-2.000 -2.000 0.000]
[21:12:42.582] Wait 0.000s
[21:12:42.582] Continue movement.

[21:12:42.582] Moving to: [0.000 -2.200 0.000]
[21:12:44.946] Arrived at: [0.000 -2.200 0.000]
[21:12:44.946] Wait 0.000s
[21:12:44.946] Continue movement.

[21:12:44.946] Moving to: [-2.000 -2.400 0.000]
[21:12:47.343] Arrived at: [-2.000 -2.400 0.000]
[21:12:47.343] Wait 0.000s
[21:12:47.343] Continue movement.

[21:12:47.343] Moving to: [0.000 -2.600 0.000]
[21:12:49.811] Arrived at: [0.000 -2.600 0.000]
[21:12:49.815] Wait 0.000s
[21:12:49.816] Continue movement.

[21:12:49.816] Moving to: [-2.000 -2.800 0.000]
[21:12:52.222] Arrived at: [-2.000 -2.800 0.000] WARNING!
[21:12:52.222] Wait 0.000s
[21:12:52.233] Continue movement.

[21:12:52.235] Moving to: [0.000 -3.000 0.000]
[21:12:54.635] Arrived at: [0.000 -3.000 0.000]
[21:12:54.635] Wait 0.000s
[21:12:54.635] Continue movement.

[21:12:54.635] Moving to: [-2.000 -3.200 0.000]
[21:12:57.071] Arrived at: [-2.000 -3.200 0.000]
[21:12:57.071] Wait 0.000s
[21:12:57.071] Continue movement.

[21:12:57.071] Moving to: [0.000 -3.400 0.000]
[21:12:59.517] Arrived at: [0.000 -3.400 0.000]
[21:12:59.517] Wait 0.000s
[21:12:59.517] Continue movement.

[21:12:59.517] Moving to: [-2.000 -3.600 0.000]
[21:13:01.944] Arrived at: [-2.000 -3.600 0.000]
[21:13:01.944] Wait 0.000s
[21:13:01.944] Continue movement.

[21:13:01.944] Moving to: [0.000 -3.800 0.000]
[21:13:04.342] Arrived at: [0.000 -3.800 0.000] WARNING!
[21:13:04.342] Wait 0.000s
[21:13:04.342] Continue movement.

[21:13:04.342] Moving to: [-2.000 -4.000 0.000]
[21:13:06.731] Arrived at: [-2.000 -4.000 0.000]
[21:13:06.731] Wait 0.000s
[21:13:06.735] Continue movement.

[21:13:06.736] Moving to: [0.000 -4.200 0.000]
[21:13:09.128] Arrived at: [0.000 -4.200 0.000]
[21:13:09.132] Wait 0.000s
[21:13:09.132] Continue movement.

[21:13:09.132] Moving to: [-2.000 -4.400 0.000]
[21:13:11.507] Arrived at: [-2.000 -4.400 0.000]
[21:13:11.507] Wait 0.000s
[21:13:11.507] Continue movement.

[21:13:11.507] Finished iteration 2

[21:13:11.507] Starting iteration 3
[21:13:11.507] Moving to: [0.000 0.000 0.000]
[21:13:17.015] Arrived at: [0.000 0.000 0.000]
[21:13:17.016] Wait 0.000s
[21:13:17.016] Continue movement.

[21:13:17.016] Moving to: [-2.000 0.000 0.000]
[21:13:18.916] Arrived at: [-2.000 0.000 0.000]
[21:13:18.916] Wait 0.000s
[21:13:18.916] Continue movement.

[21:13:18.916] Moving to: [0.000 -0.200 0.000]
[21:13:21.303] Arrived at: [0.000 -0.200 0.000]
[21:13:21.304] Wait 0.000s
[21:13:21.306] Continue movement.

[21:13:21.307] Moving to: [-2.000 -0.400 0.000]
[21:13:23.731] Arrived at: [-2.000 -0.400 0.000]
[21:13:23.731] Wait 0.000s
[21:13:23.731] Continue movement.

[21:13:23.731] Moving to: [0.000 -0.600 0.000]
[21:13:26.093] Arrived at: [0.000 -0.600 0.000]
[21:13:26.098] Wait 0.000s
[21:13:26.099] Continue movement.

[21:13:26.099] Moving to: [-2.000 -0.800 0.000]
[21:13:28.527] Arrived at: [-2.000 -0.800 0.000]
[21:13:28.527] Wait 0.000s
[21:13:28.531] Continue movement.

[21:13:28.531] Moving to: [0.000 -1.000 0.000]
[21:13:30.959] Arrived at: [0.000 -1.000 0.000]
[21:13:30.959] Wait 0.000s
[21:13:30.959] Continue movement.

[21:13:30.959] Moving to: [-2.000 -1.200 0.000]
[21:13:33.546] Arrived at: [-2.000 -1.200 0.000]
[21:13:33.546] Wait 0.000s
[21:13:33.546] Continue movement.

[21:13:33.546] Moving to: [0.000 -1.400 0.000]
[21:13:35.916] Arrived at: [0.000 -1.400 0.000] WARNING!
[21:13:35.916] Wait 0.000s
[21:13:35.916] Continue movement.

[21:13:35.924] Moving to: [-2.000 -1.600 0.000]
[21:13:38.343] Arrived at: [-2.000 -1.600 0.000]
[21:13:38.343] Wait 0.000s
[21:13:38.343] Continue movement.

[21:13:38.343] Moving to: [0.000 -1.800 0.000]
[21:13:40.718] Arrived at: [0.000 -1.800 0.000]
[21:13:40.718] Wait 0.000s
[21:13:40.718] Continue movement.

[21:13:40.718] Moving to: [-2.000 -2.000 0.000]
[21:13:43.200] Arrived at: [-2.000 -2.000 0.000]
[21:13:43.200] Wait 0.000s
[21:13:43.200] Continue movement.

[21:13:43.200] Moving to: [0.000 -2.200 0.000]
[21:13:45.567] Arrived at: [0.000 -2.200 0.000]
[21:13:45.567] Wait 0.000s
[21:13:45.567] Continue movement.

[21:13:45.567] Moving to: [-2.000 -2.400 0.000]
[21:13:47.992] Arrived at: [-2.000 -2.400 0.000]
[21:13:47.992] Wait 0.000s
[21:13:47.992] Continue movement.

[21:13:47.992] Moving to: [0.000 -2.600 0.000]
[21:13:50.399] Arrived at: [0.000 -2.600 0.000]
[21:13:50.399] Wait 0.000s
[21:13:50.399] Continue movement.

[21:13:50.399] Moving to: [-2.000 -2.800 0.000]
[21:13:52.828] Arrived at: [-2.000 -2.800 0.000] WARNING!
[21:13:52.828] Wait 0.000s
[21:13:52.828] Continue movement.

[21:13:52.840] Moving to: [0.000 -3.000 0.000]
[21:13:55.403] Arrived at: [0.000 -3.000 0.000]
[21:13:55.403] Wait 0.000s
[21:13:55.403] Continue movement.

[21:13:55.403] Moving to: [-2.000 -3.200 0.000]
[21:13:57.790] Arrived at: [-2.000 -3.200 0.000]
[21:13:57.790] Wait 0.000s
[21:13:57.790] Continue movement.

[21:13:57.790] Moving to: [0.000 -3.400 0.000]
[21:14:00.201] Arrived at: [0.000 -3.400 0.000]
[21:14:00.201] Wait 0.000s
[21:14:00.201] Continue movement.

[21:14:00.201] Moving to: [-2.000 -3.600 0.000]
[21:14:02.585] Arrived at: [-2.000 -3.600 0.000]
[21:14:02.585] Wait 0.000s
[21:14:02.585] Continue movement.

[21:14:02.585] Moving to: [0.000 -3.800 0.000]
[21:14:05.011] Arrived at: [0.000 -3.800 0.000] WARNING!
[21:14:05.011] Wait 0.000s
[21:14:05.011] Continue movement.

[21:14:05.011] Moving to: [-2.000 -4.000 0.000]
[21:14:07.444] Arrived at: [-2.000 -4.000 0.000]
[21:14:07.444] Wait 0.000s
[21:14:07.444] Continue movement.

[21:14:07.444] Moving to: [0.000 -4.200 0.000]
[21:14:09.841] Arrived at: [0.000 -4.200 0.000]
[21:14:09.841] Wait 0.000s
[21:14:09.841] Continue movement.

[21:14:09.841] Moving to: [-2.000 -4.400 0.000]
[21:14:12.227] Arrived at: [-2.000 -4.400 0.000]
[21:14:12.227] Wait 0.000s
[21:14:12.227] Continue movement.

[21:14:12.227] Finished iteration 3

[21:14:12.227] Starting iteration 4
[21:14:12.227] Moving to: [0.000 0.000 0.000]
[21:14:17.601] Arrived at: [0.000 0.000 0.000]
[21:14:17.601] Wait 0.000s
[21:14:17.601] Continue movement.

[21:14:17.601] Moving to: [-2.000 0.000 0.000]
[21:14:19.558] Arrived at: [-2.000 0.000 0.000]
[21:14:19.558] Wait 0.000s
[21:14:19.558] Continue movement.

[21:14:19.558] Moving to: [0.000 -0.200 0.000]
[21:14:21.979] Arrived at: [0.000 -0.200 0.000]
[21:14:21.979] Wait 0.000s
[21:14:21.979] Continue movement.

[21:14:21.979] Moving to: [-2.000 -0.400 0.000]
[21:14:24.426] Arrived at: [-2.000 -0.400 0.000]
[21:14:24.426] Wait 0.000s
[21:14:24.426] Continue movement.

[21:14:24.426] Moving to: [0.000 -0.600 0.000]
[21:14:26.777] Arrived at: [0.000 -0.600 0.000]
[21:14:26.777] Wait 0.000s
[21:14:26.777] Continue movement.

[21:14:26.777] Moving to: [-2.000 -0.800 0.000]
[21:14:29.180] Arrived at: [-2.000 -0.800 0.000]
[21:14:29.180] Wait 0.000s
[21:14:29.180] Continue movement.

[21:14:29.180] Moving to: [0.000 -1.000 0.000]
[21:14:31.609] Arrived at: [0.000 -1.000 0.000]
[21:14:31.609] Wait 0.000s
[21:14:31.611] Continue movement.

[21:14:31.611] Moving to: [-2.000 -1.200 0.000]
[21:14:33.992] Arrived at: [-2.000 -1.200 0.000]
[21:14:33.992] Wait 0.000s
[21:14:33.992] Continue movement.

[21:14:33.992] Moving to: [0.000 -1.400 0.000]
[21:14:36.391] Arrived at: [0.000 -1.400 0.000] WARNING!
[21:14:36.391] Wait 0.000s
[21:14:36.402] Continue movement.

[21:14:36.403] Moving to: [-2.000 -1.600 0.000]
[21:14:38.826] Arrived at: [-2.000 -1.600 0.000]
[21:14:38.826] Wait 0.000s
[21:14:38.826] Continue movement.

[21:14:38.826] Moving to: [0.000 -1.800 0.000]
[21:14:41.227] Arrived at: [0.000 -1.800 0.000]
[21:14:41.227] Wait 0.000s
[21:14:41.227] Continue movement.

[21:14:41.227] Moving to: [-2.000 -2.000 0.000]
[21:14:43.694] Arrived at: [-2.000 -2.000 0.000]
[21:14:43.694] Wait 0.000s
[21:14:43.694] Continue movement.

[21:14:43.694] Moving to: [0.000 -2.200 0.000]
[21:14:46.059] Arrived at: [0.000 -2.200 0.000]
[21:14:46.059] Wait 0.000s
[21:14:46.059] Continue movement.

[21:14:46.059] Moving to: [-2.000 -2.400 0.000]
[21:14:48.476] Arrived at: [-2.000 -2.400 0.000]
[21:14:48.476] Wait 0.000s
[21:14:48.476] Continue movement.

[21:14:48.476] Moving to: [0.000 -2.600 0.000]
[21:14:50.875] Arrived at: [0.000 -2.600 0.000]
[21:14:50.875] Wait 0.000s
[21:14:50.875] Continue movement.

[21:14:50.875] Moving to: [-2.000 -2.800 0.000]
[21:14:53.228] Arrived at: [-2.000 -2.800 0.000] WARNING!
[21:14:53.228] Wait 0.000s
[21:14:53.228] Continue movement.

[21:14:53.238] Moving to: [0.000 -3.000 0.000]
[21:14:55.625] Arrived at: [0.000 -3.000 0.000]
[21:14:55.625] Wait 0.000s
[21:14:55.625] Continue movement.

[21:14:55.625] Moving to: [-2.000 -3.200 0.000]
[21:14:58.039] Arrived at: [-2.000 -3.200 0.000]
[21:14:58.039] Wait 0.000s
[21:14:58.039] Continue movement.

[21:14:58.039] Moving to: [0.000 -3.400 0.000]
[21:15:00.439] Arrived at: [0.000 -3.400 0.000]
[21:15:00.439] Wait 0.000s
[21:15:00.439] Continue movement.

[21:15:00.439] Moving to: [-2.000 -3.600 0.000]
[21:15:02.870] Arrived at: [-2.000 -3.600 0.000]
[21:15:02.870] Wait 0.000s
[21:15:02.870] Continue movement.

[21:15:02.870] Moving to: [0.000 -3.800 0.000]
[21:15:05.314] Arrived at: [0.000 -3.800 0.000] WARNING!
[21:15:05.314] Wait 0.000s
[21:15:05.324] Continue movement.

[21:15:05.325] Moving to: [-2.000 -4.000 0.000]
[21:15:07.697] Arrived at: [-2.000 -4.000 0.000]
[21:15:07.697] Wait 0.000s
[21:15:07.697] Continue movement.

[21:15:07.697] Moving to: [0.000 -4.200 0.000]
[21:15:10.099] Arrived at: [0.000 -4.200 0.000]
[21:15:10.099] Wait 0.000s
[21:15:10.099] Continue movement.

[21:15:10.099] Moving to: [-2.000 -4.400 0.000]
[21:15:12.564] Arrived at: [-2.000 -4.400 0.000]
[21:15:12.564] Wait 0.000s
[21:15:12.564] Continue movement.

[21:15:12.564] Finished iteration 4

[21:15:12.564] Starting iteration 5
[21:15:12.564] Moving to: [0.000 0.000 0.000]
[21:15:17.712] Arrived at: [0.000 0.000 0.000]
[21:15:17.712] Wait 0.000s
[21:15:17.712] Continue movement.

[21:15:17.712] Moving to: [-2.000 0.000 0.000]
[21:15:19.690] Arrived at: [-2.000 0.000 0.000]
[21:15:19.690] Wait 0.000s
[21:15:19.690] Continue movement.

[21:15:19.690] Moving to: [0.000 -0.200 0.000]
[21:15:22.129] Arrived at: [0.000 -0.200 0.000]
[21:15:22.129] Wait 0.000s
[21:15:22.133] Continue movement.

[21:15:22.134] Moving to: [-2.000 -0.400 0.000]
[21:15:24.544] Arrived at: [-2.000 -0.400 0.000]
[21:15:24.544] Wait 0.000s
[21:15:24.544] Continue movement.

[21:15:24.544] Moving to: [0.000 -0.600 0.000]
[21:15:26.991] Arrived at: [0.000 -0.600 0.000]
[21:15:26.991] Wait 0.000s
[21:15:26.991] Continue movement.

[21:15:26.991] Moving to: [-2.000 -0.800 0.000]
[21:15:29.363] Arrived at: [-2.000 -0.800 0.000]
[21:15:29.363] Wait 0.000s
[21:15:29.363] Continue movement.

[21:15:29.363] Moving to: [0.000 -1.000 0.000]
[21:15:31.746] Arrived at: [0.000 -1.000 0.000]
[21:15:31.746] Wait 0.000s
[21:15:31.746] Continue movement.

[21:15:31.746] Moving to: [-2.000 -1.200 0.000]
[21:15:34.163] Arrived at: [-2.000 -1.200 0.000]
[21:15:34.163] Wait 0.000s
[21:15:34.163] Continue movement.

[21:15:34.163] Moving to: [0.000 -1.400 0.000]
[21:15:36.598] Arrived at: [0.000 -1.400 0.000] WARNING!
[21:15:36.606] Wait 0.000s
[21:15:36.607] Continue movement.

[21:15:36.608] Moving to: [-2.000 -1.600 0.000]
[21:15:38.975] Arrived at: [-2.000 -1.600 0.000]
[21:15:38.975] Wait 0.000s
[21:15:38.975] Continue movement.

[21:15:38.975] Moving to: [0.000 -1.800 0.000]
[21:15:41.396] Arrived at: [0.000 -1.800 0.000]
[21:15:41.396] Wait 0.000s
[21:15:41.396] Continue movement.

[21:15:41.396] Moving to: [-2.000 -2.000 0.000]
[21:15:43.791] Arrived at: [-2.000 -2.000 0.000]
[21:15:43.791] Wait 0.000s
[21:15:43.791] Continue movement.

[21:15:43.791] Moving to: [0.000 -2.200 0.000]
[21:15:46.210] Arrived at: [0.000 -2.200 0.000]
[21:15:46.210] Wait 0.000s
[21:15:46.210] Continue movement.

[21:15:46.210] Moving to: [-2.000 -2.400 0.000]
[21:15:48.590] Arrived at: [-2.000 -2.400 0.000]
[21:15:48.590] Wait 0.000s
[21:15:48.590] Continue movement.

[21:15:48.590] Moving to: [0.000 -2.600 0.000]
[21:15:50.927] Arrived at: [0.000 -2.600 0.000]
[21:15:50.931] Wait 0.000s
[21:15:50.932] Continue movement.

[21:15:50.933] Moving to: [-2.000 -2.800 0.000]
[21:15:53.320] Arrived at: [-2.000 -2.800 0.000] WARNING!
[21:15:53.320] Wait 0.000s
[21:15:53.330] Continue movement.

[21:15:53.331] Moving to: [0.000 -3.000 0.000]
[21:15:55.736] Arrived at: [0.000 -3.000 0.000]
[21:15:55.740] Wait 0.000s
[21:15:55.740] Continue movement.

[21:15:55.740] Moving to: [-2.000 -3.200 0.000]
[21:15:58.164] Arrived at: [-2.000 -3.200 0.000]
[21:15:58.164] Wait 0.000s
[21:15:58.164] Continue movement.

[21:15:58.164] Moving to: [0.000 -3.400 0.000]
[21:16:00.612] Arrived at: [0.000 -3.400 0.000]
[21:16:00.612] Wait 0.000s
[21:16:00.612] Continue movement.

[21:16:00.612] Moving to: [-2.000 -3.600 0.000]
[21:16:02.981] Arrived at: [-2.000 -3.600 0.000]
[21:16:02.981] Wait 0.000s
[21:16:02.981] Continue movement.

[21:16:02.981] Moving to: [0.000 -3.800 0.000]
[21:16:05.396] Arrived at: [0.000 -3.800 0.000] WARNING!
[21:16:05.396] Wait 0.000s
[21:16:05.397] Continue movement.

[21:16:05.398] Moving to: [-2.000 -4.000 0.000]
[21:16:08.111] Arrived at: [-2.000 -4.000 0.000]
[21:16:08.111] Wait 0.000s
[21:16:08.111] Continue movement.

[21:16:08.111] Moving to: [0.000 -4.200 0.000]
[21:16:10.495] Arrived at: [0.000 -4.200 0.000]
[21:16:10.495] Wait 0.000s
[21:16:10.495] Continue movement.

[21:16:10.495] Moving to: [-2.000 -4.400 0.000]
[21:16:12.865] Arrived at: [-2.000 -4.400 0.000]
[21:16:12.865] Wait 0.000s
[21:16:12.865] Continue movement.

[21:16:12.865] Finished iteration 5

[21:16:12.865] Starting iteration 6
[21:16:12.865] Moving to: [0.000 0.000 0.000]
[21:16:18.108] Arrived at: [0.000 0.000 0.000]
[21:16:18.108] Wait 0.000s
[21:16:18.108] Continue movement.

[21:16:18.108] Moving to: [-2.000 0.000 0.000]
[21:16:20.073] Arrived at: [-2.000 0.000 0.000]
[21:16:20.073] Wait 0.000s
[21:16:20.073] Continue movement.

[21:16:20.073] Moving to: [0.000 -0.200 0.000]
[21:16:22.450] Arrived at: [0.000 -0.200 0.000]
[21:16:22.452] Wait 0.000s
[21:16:22.453] Continue movement.

[21:16:22.453] Moving to: [-2.000 -0.400 0.000]
[21:16:24.931] Arrived at: [-2.000 -0.400 0.000]
[21:16:24.931] Wait 0.000s
[21:16:24.935] Continue movement.

[21:16:24.937] Moving to: [0.000 -0.600 0.000]
[21:16:27.328] Arrived at: [0.000 -0.600 0.000]
[21:16:27.328] Wait 0.000s
[21:16:27.328] Continue movement.

[21:16:27.328] Moving to: [-2.000 -0.800 0.000]
[21:16:29.738] Arrived at: [-2.000 -0.800 0.000]
[21:16:29.738] Wait 0.000s
[21:16:29.745] Continue movement.

[21:16:29.745] Moving to: [0.000 -1.000 0.000]
[21:16:32.138] Arrived at: [0.000 -1.000 0.000]
[21:16:32.138] Wait 0.000s
[21:16:32.138] Continue movement.

[21:16:32.142] Moving to: [-2.000 -1.200 0.000]
[21:16:34.542] Arrived at: [-2.000 -1.200 0.000]
[21:16:34.542] Wait 0.000s
[21:16:34.542] Continue movement.

[21:16:34.542] Moving to: [0.000 -1.400 0.000]
[21:16:36.963] Arrived at: [0.000 -1.400 0.000] WARNING!
[21:16:36.963] Wait 0.000s
[21:16:36.963] Continue movement.

[21:16:36.963] Moving to: [-2.000 -1.600 0.000]
[21:16:39.450] Arrived at: [-2.000 -1.600 0.000]
[21:16:39.451] Wait 0.000s
[21:16:39.451] Continue movement.

[21:16:39.451] Moving to: [0.000 -1.800 0.000]
[21:16:41.867] Arrived at: [0.000 -1.800 0.000]
[21:16:41.867] Wait 0.000s
[21:16:41.867] Continue movement.

[21:16:41.871] Moving to: [-2.000 -2.000 0.000]
[21:16:44.304] Arrived at: [-2.000 -2.000 0.000]
[21:16:44.304] Wait 0.000s
[21:16:44.308] Continue movement.

[21:16:44.308] Moving to: [0.000 -2.200 0.000]
[21:16:46.759] Arrived at: [0.000 -2.200 0.000]
[21:16:46.759] Wait 0.000s
[21:16:46.759] Continue movement.

[21:16:46.759] Moving to: [-2.000 -2.400 0.000]
[21:16:49.164] Arrived at: [-2.000 -2.400 0.000]
[21:16:49.164] Wait 0.000s
[21:16:49.166] Continue movement.

[21:16:49.166] Moving to: [0.000 -2.600 0.000]
[21:16:51.586] Arrived at: [0.000 -2.600 0.000]
[21:16:51.586] Wait 0.000s
[21:16:51.586] Continue movement.

[21:16:51.586] Moving to: [-2.000 -2.800 0.000]
[21:16:54.003] Arrived at: [-2.000 -2.800 0.000] WARNING!
[21:16:54.003] Wait 0.000s
[21:16:54.008] Continue movement.

[21:16:54.009] Moving to: [0.000 -3.000 0.000]
[21:16:56.460] Arrived at: [0.000 -3.000 0.000]
[21:16:56.464] Wait 0.000s
[21:16:56.464] Continue movement.

[21:16:56.464] Moving to: [-2.000 -3.200 0.000]
[21:16:58.893] Arrived at: [-2.000 -3.200 0.000]
[21:16:58.893] Wait 0.000s
[21:16:58.893] Continue movement.

[21:16:58.893] Moving to: [0.000 -3.400 0.000]
[21:17:01.300] Arrived at: [0.000 -3.400 0.000]
[21:17:01.300] Wait 0.000s
[21:17:01.300] Continue movement.

[21:17:01.300] Moving to: [-2.000 -3.600 0.000]
[21:17:03.774] Arrived at: [-2.000 -3.600 0.000]
[21:17:03.775] Wait 0.000s
[21:17:03.776] Continue movement.

[21:17:03.776] Moving to: [0.000 -3.800 0.000]
[21:17:06.305] Arrived at: [0.000 -3.800 0.000] WARNING!
[21:17:06.305] Wait 0.000s
[21:17:06.312] Continue movement.

[21:17:06.312] Moving to: [-2.000 -4.000 0.000]
[21:17:08.740] Arrived at: [-2.000 -4.000 0.000]
[21:17:08.741] Wait 0.000s
[21:17:08.741] Continue movement.

[21:17:08.741] Moving to: [0.000 -4.200 0.000]
[21:17:11.194] Arrived at: [0.000 -4.200 0.000]
[21:17:11.194] Wait 0.000s
[21:17:11.194] Continue movement.

[21:17:11.194] Moving to: [-2.000 -4.400 0.000]
[21:17:13.562] Arrived at: [-2.000 -4.400 0.000]
[21:17:13.562] Wait 0.000s
[21:17:13.562] Continue movement.

[21:17:13.562] Finished iteration 6

[21:17:13.562] Starting iteration 7
[21:17:13.562] Moving to: [0.000 0.000 0.000]
[21:17:19.028] Arrived at: [0.000 0.000 0.000]
[21:17:19.030] Wait 0.000s
[21:17:19.032] Continue movement.

[21:17:19.033] Moving to: [-2.000 0.000 0.000]
[21:17:20.983] Arrived at: [-2.000 0.000 0.000]
[21:17:20.983] Wait 0.000s
[21:17:20.991] Continue movement.

[21:17:20.991] Moving to: [0.000 -0.200 0.000]
[21:17:23.581] Arrived at: [0.000 -0.200 0.000]
[21:17:23.581] Wait 0.000s
[21:17:23.581] Continue movement.

[21:17:23.581] Moving to: [-2.000 -0.400 0.000]
[21:17:26.003] Arrived at: [-2.000 -0.400 0.000]
[21:17:26.003] Wait 0.000s
[21:17:26.003] Continue movement.

[21:17:26.012] Moving to: [0.000 -0.600 0.000]
[21:17:28.400] Arrived at: [0.000 -0.600 0.000]
[21:17:28.400] Wait 0.000s
[21:17:28.400] Continue movement.

[21:17:28.400] Moving to: [-2.000 -0.800 0.000]
[21:17:30.821] Arrived at: [-2.000 -0.800 0.000]
[21:17:30.821] Wait 0.000s
[21:17:30.821] Continue movement.

[21:17:30.821] Moving to: [0.000 -1.000 0.000]
[21:17:33.216] Arrived at: [0.000 -1.000 0.000]
[21:17:33.216] Wait 0.000s
[21:17:33.216] Continue movement.

[21:17:33.216] Moving to: [-2.000 -1.200 0.000]
[21:17:35.728] Arrived at: [-2.000 -1.200 0.000]
[21:17:35.728] Wait 0.000s
[21:17:35.729] Continue movement.

[21:17:35.729] Moving to: [0.000 -1.400 0.000]
[21:17:38.265] Arrived at: [0.000 -1.400 0.000] WARNING!
[21:17:38.265] Wait 0.000s
[21:17:38.265] Continue movement.

[21:17:38.274] Moving to: [-2.000 -1.600 0.000]
[21:17:40.635] Arrived at: [-2.000 -1.600 0.000]
[21:17:40.635] Wait 0.000s
[21:17:40.635] Continue movement.

[21:17:40.635] Moving to: [0.000 -1.800 0.000]
[21:17:43.133] Arrived at: [0.000 -1.800 0.000]
[21:17:43.133] Wait 0.000s
[21:17:43.133] Continue movement.

[21:17:43.133] Moving to: [-2.000 -2.000 0.000]
[21:17:45.525] Arrived at: [-2.000 -2.000 0.000]
[21:17:45.525] Wait 0.000s
[21:17:45.525] Continue movement.

[21:17:45.525] Moving to: [0.000 -2.200 0.000]
[21:17:47.877] Arrived at: [0.000 -2.200 0.000]
[21:17:47.877] Wait 0.000s
[21:17:47.877] Continue movement.

[21:17:47.877] Moving to: [-2.000 -2.400 0.000]
[21:17:50.391] Arrived at: [-2.000 -2.400 0.000]
[21:17:50.391] Wait 0.000s
[21:17:50.391] Continue movement.

[21:17:50.391] Moving to: [0.000 -2.600 0.000]
[21:17:52.856] Arrived at: [0.000 -2.600 0.000]
[21:17:52.856] Wait 0.000s
[21:17:52.857] Continue movement.

[21:17:52.857] Moving to: [-2.000 -2.800 0.000]
[21:17:55.252] Arrived at: [-2.000 -2.800 0.000] WARNING!
[21:17:55.252] Wait 0.000s
[21:17:55.257] Continue movement.

[21:17:55.258] Moving to: [0.000 -3.000 0.000]
[21:17:57.767] Arrived at: [0.000 -3.000 0.000]
[21:17:57.767] Wait 0.000s
[21:17:57.768] Continue movement.

[21:17:57.769] Moving to: [-2.000 -3.200 0.000]
[21:18:00.275] Arrived at: [-2.000 -3.200 0.000]
[21:18:00.275] Wait 0.000s
[21:18:00.275] Continue movement.

[21:18:00.275] Moving to: [0.000 -3.400 0.000]
[21:18:02.593] Arrived at: [0.000 -3.400 0.000]
[21:18:02.593] Wait 0.000s
[21:18:02.593] Continue movement.

[21:18:02.593] Moving to: [-2.000 -3.600 0.000]
[21:18:05.106] Arrived at: [-2.000 -3.600 0.000]
[21:18:05.106] Wait 0.000s
[21:18:05.107] Continue movement.

[21:18:05.108] Moving to: [0.000 -3.800 0.000]
[21:18:07.580] Arrived at: [0.000 -3.800 0.000] WARNING!
[21:18:07.580] Wait 0.000s
[21:18:07.588] Continue movement.

[21:18:07.589] Moving to: [-2.000 -4.000 0.000]
[21:18:10.172] Arrived at: [-2.000 -4.000 0.000]
[21:18:10.172] Wait 0.000s
[21:18:10.172] Continue movement.

[21:18:10.172] Moving to: [0.000 -4.200 0.000]
[21:18:12.617] Arrived at: [0.000 -4.200 0.000]
[21:18:12.617] Wait 0.000s
[21:18:12.617] Continue movement.

[21:18:12.617] Moving to: [-2.000 -4.400 0.000]
[21:18:15.073] Arrived at: [-2.000 -4.400 0.000]
[21:18:15.073] Wait 0.000s
[21:18:15.073] Continue movement.

[21:18:15.073] Finished iteration 7

[21:18:15.073] Starting iteration 8
[21:18:15.073] Moving to: [0.000 0.000 0.000]
[21:18:20.338] Arrived at: [0.000 0.000 0.000]
[21:18:20.338] Wait 0.000s
[21:18:20.342] Continue movement.

[21:18:20.342] Moving to: [-2.000 0.000 0.000]
[21:18:22.299] Arrived at: [-2.000 0.000 0.000]
[21:18:22.299] Wait 0.000s
[21:18:22.299] Continue movement.

[21:18:22.299] Moving to: [0.000 -0.200 0.000]
[21:18:24.815] Arrived at: [0.000 -0.200 0.000]
[21:18:24.815] Wait 0.000s
[21:18:24.819] Continue movement.

[21:18:24.820] Moving to: [-2.000 -0.400 0.000]
[21:18:27.206] Arrived at: [-2.000 -0.400 0.000]
[21:18:27.206] Wait 0.000s
[21:18:27.206] Continue movement.

[21:18:27.206] Moving to: [0.000 -0.600 0.000]
[21:18:29.748] Arrived at: [0.000 -0.600 0.000]
[21:18:29.748] Wait 0.000s
[21:18:29.748] Continue movement.

[21:18:29.748] Moving to: [-2.000 -0.800 0.000]
[21:18:32.259] Arrived at: [-2.000 -0.800 0.000]
[21:18:32.259] Wait 0.000s
[21:18:32.259] Continue movement.

[21:18:32.259] Moving to: [0.000 -1.000 0.000]
[21:18:34.681] Arrived at: [0.000 -1.000 0.000]
[21:18:34.682] Wait 0.000s
[21:18:34.685] Continue movement.

[21:18:34.686] Moving to: [-2.000 -1.200 0.000]
[21:18:37.112] Arrived at: [-2.000 -1.200 0.000]
[21:18:37.113] Wait 0.000s
[21:18:37.114] Continue movement.

[21:18:37.115] Moving to: [0.000 -1.400 0.000]
[21:18:39.559] Arrived at: [0.000 -1.400 0.000] WARNING!
[21:18:39.559] Wait 0.000s
[21:18:39.559] Continue movement.

[21:18:39.559] Moving to: [-2.000 -1.600 0.000]
[21:18:42.022] Arrived at: [-2.000 -1.600 0.000]
[21:18:42.022] Wait 0.000s
[21:18:42.022] Continue movement.

[21:18:42.022] Moving to: [0.000 -1.800 0.000]
[21:18:44.477] Arrived at: [0.000 -1.800 0.000]
[21:18:44.477] Wait 0.000s
[21:18:44.477] Continue movement.

[21:18:44.477] Moving to: [-2.000 -2.000 0.000]
[21:18:46.872] Arrived at: [-2.000 -2.000 0.000]
[21:18:46.872] Wait 0.000s
[21:18:46.872] Continue movement.

[21:18:46.872] Moving to: [0.000 -2.200 0.000]
[21:18:49.341] Arrived at: [0.000 -2.200 0.000]
[21:18:49.341] Wait 0.000s
[21:18:49.345] Continue movement.

[21:18:49.346] Moving to: [-2.000 -2.400 0.000]
[21:18:51.797] Arrived at: [-2.000 -2.400 0.000]
[21:18:51.797] Wait 0.000s
[21:18:51.800] Continue movement.

[21:18:51.800] Moving to: [0.000 -2.600 0.000]
[21:18:54.229] Arrived at: [0.000 -2.600 0.000]
[21:18:54.229] Wait 0.000s
[21:18:54.229] Continue movement.

[21:18:54.229] Moving to: [-2.000 -2.800 0.000]
[21:18:56.698] Arrived at: [-2.000 -2.800 0.000] WARNING!
[21:18:56.700] Wait 0.000s
[21:18:56.701] Continue movement.

[21:18:56.701] Moving to: [0.000 -3.000 0.000]
[21:18:59.104] Arrived at: [0.000 -3.000 0.000]
[21:18:59.104] Wait 0.000s
[21:18:59.104] Continue movement.

[21:18:59.104] Moving to: [-2.000 -3.200 0.000]
[21:19:01.541] Arrived at: [-2.000 -3.200 0.000]
[21:19:01.541] Wait 0.000s
[21:19:01.541] Continue movement.

[21:19:01.541] Moving to: [0.000 -3.400 0.000]
[21:19:03.944] Arrived at: [0.000 -3.400 0.000]
[21:19:03.945] Wait 0.000s
[21:19:03.947] Continue movement.

[21:19:03.947] Moving to: [-2.000 -3.600 0.000]
[21:19:06.407] Arrived at: [-2.000 -3.600 0.000]
[21:19:06.411] Wait 0.000s
[21:19:06.411] Continue movement.

[21:19:06.411] Moving to: [0.000 -3.800 0.000]
[21:19:08.972] Arrived at: [0.000 -3.800 0.000] WARNING!
[21:19:08.972] Wait 0.000s
[21:19:08.974] Continue movement.

[21:19:08.975] Moving to: [-2.000 -4.000 0.000]
[21:19:11.362] Arrived at: [-2.000 -4.000 0.000]
[21:19:11.363] Wait 0.000s
[21:19:11.365] Continue movement.

[21:19:11.366] Moving to: [0.000 -4.200 0.000]
[21:19:13.835] Arrived at: [0.000 -4.200 0.000]
[21:19:13.835] Wait 0.000s
[21:19:13.835] Continue movement.

[21:19:13.835] Moving to: [-2.000 -4.400 0.000]
[21:19:16.286] Arrived at: [-2.000 -4.400 0.000]
[21:19:16.286] Wait 0.000s
[21:19:16.286] Continue movement.

[21:19:16.286] Finished iteration 8

[21:19:16.286] Starting iteration 9
[21:19:16.286] Moving to: [0.000 0.000 0.000]
[21:19:21.610] Arrived at: [0.000 0.000 0.000]
[21:19:21.610] Wait 0.000s
[21:19:21.615] Continue movement.

[21:19:21.616] Moving to: [-2.000 0.000 0.000]
[21:19:23.591] Arrived at: [-2.000 0.000 0.000]
[21:19:23.591] Wait 0.000s
[21:19:23.591] Continue movement.

[21:19:23.591] Moving to: [0.000 -0.200 0.000]
[21:19:25.975] Arrived at: [0.000 -0.200 0.000]
[21:19:25.976] Wait 0.000s
[21:19:25.978] Continue movement.

[21:19:25.978] Moving to: [-2.000 -0.400 0.000]
[21:19:28.442] Arrived at: [-2.000 -0.400 0.000]
[21:19:28.442] Wait 0.000s
[21:19:28.442] Continue movement.

[21:19:28.442] Moving to: [0.000 -0.600 0.000]
[21:19:30.895] Arrived at: [0.000 -0.600 0.000]
[21:19:30.895] Wait 0.000s
[21:19:30.895] Continue movement.

[21:19:30.895] Moving to: [-2.000 -0.800 0.000]
[21:19:33.319] Arrived at: [-2.000 -0.800 0.000]
[21:19:33.320] Wait 0.000s
[21:19:33.322] Continue movement.

[21:19:33.323] Moving to: [0.000 -1.000 0.000]
[21:19:35.748] Arrived at: [0.000 -1.000 0.000]
[21:19:35.748] Wait 0.000s
[21:19:35.751] Continue movement.

[21:19:35.751] Moving to: [-2.000 -1.200 0.000]
[21:19:38.211] Arrived at: [-2.000 -1.200 0.000]
[21:19:38.211] Wait 0.000s
[21:19:38.212] Continue movement.

[21:19:38.214] Moving to: [0.000 -1.400 0.000]
[21:19:40.694] Arrived at: [0.000 -1.400 0.000] WARNING!
[21:19:40.694] Wait 0.000s
[21:19:40.708] Continue movement.

[21:19:40.708] Moving to: [-2.000 -1.600 0.000]
[21:19:43.107] Arrived at: [-2.000 -1.600 0.000]
[21:19:43.107] Wait 0.000s
[21:19:43.107] Continue movement.

[21:19:43.107] Moving to: [0.000 -1.800 0.000]
[21:19:45.545] Arrived at: [0.000 -1.800 0.000]
[21:19:45.545] Wait 0.000s
[21:19:45.545] Continue movement.

[21:19:45.545] Moving to: [-2.000 -2.000 0.000]
[21:19:48.016] Arrived at: [-2.000 -2.000 0.000]
[21:19:48.016] Wait 0.000s
[21:19:48.016] Continue movement.

[21:19:48.016] Moving to: [0.000 -2.200 0.000]
[21:19:50.486] Arrived at: [0.000 -2.200 0.000]
[21:19:50.486] Wait 0.000s
[21:19:50.486] Continue movement.

[21:19:50.486] Moving to: [-2.000 -2.400 0.000]
[21:19:52.940] Arrived at: [-2.000 -2.400 0.000]
[21:19:52.942] Wait 0.000s
[21:19:52.943] Continue movement.

[21:19:52.943] Moving to: [0.000 -2.600 0.000]
[21:19:55.424] Arrived at: [0.000 -2.600 0.000]
[21:19:55.424] Wait 0.000s
[21:19:55.424] Continue movement.

[21:19:55.424] Moving to: [-2.000 -2.800 0.000]
[21:19:57.853] Arrived at: [-2.000 -2.800 0.000] WARNING!
[21:19:57.853] Wait 0.000s
[21:19:57.853] Continue movement.

[21:19:57.865] Moving to: [0.000 -3.000 0.000]
[21:20:00.314] Arrived at: [0.000 -3.000 0.000]
[21:20:00.314] Wait 0.000s
[21:20:00.324] Continue movement.

[21:20:00.324] Moving to: [-2.000 -3.200 0.000]
[21:20:02.744] Arrived at: [-2.000 -3.200 0.000]
[21:20:02.744] Wait 0.000s
[21:20:02.744] Continue movement.

[21:20:02.744] Moving to: [0.000 -3.400 0.000]
[21:20:05.212] Arrived at: [0.000 -3.400 0.000]
[21:20:05.212] Wait 0.000s
[21:20:05.212] Continue movement.

[21:20:05.212] Moving to: [-2.000 -3.600 0.000]
[21:20:07.706] Arrived at: [-2.000 -3.600 0.000]
[21:20:07.706] Wait 0.000s
[21:20:07.706] Continue movement.

[21:20:07.706] Moving to: [0.000 -3.800 0.000]
[21:20:10.146] Arrived at: [0.000 -3.800 0.000] WARNING!
[21:20:10.146] Wait 0.000s
[21:20:10.146] Continue movement.

[21:20:10.146] Moving to: [-2.000 -4.000 0.000]
[21:20:12.545] Arrived at: [-2.000 -4.000 0.000]
[21:20:12.545] Wait 0.000s
[21:20:12.545] Continue movement.

[21:20:12.545] Moving to: [0.000 -4.200 0.000]
[21:20:15.003] Arrived at: [0.000 -4.200 0.000]
[21:20:15.003] Wait 0.000s
[21:20:15.003] Continue movement.

[21:20:15.003] Moving to: [-2.000 -4.400 0.000]
[21:20:17.461] Arrived at: [-2.000 -4.400 0.000]
[21:20:17.461] Wait 0.000s
[21:20:17.461] Continue movement.

[21:20:17.470] Finished iteration 9

[21:20:17.470] Starting iteration 10
[21:20:17.470] Moving to: [0.000 0.000 0.000]
[21:20:22.758] Arrived at: [0.000 0.000 0.000]
[21:20:22.758] Wait 0.000s
[21:20:22.758] Continue movement.

[21:20:22.758] Moving to: [-2.000 0.000 0.000]
[21:20:24.738] Arrived at: [-2.000 0.000 0.000]
[21:20:24.738] Wait 0.000s
[21:20:24.743] Continue movement.

[21:20:24.743] Moving to: [0.000 -0.200 0.000]
[21:20:27.179] Arrived at: [0.000 -0.200 0.000]
[21:20:27.179] Wait 0.000s
[21:20:27.179] Continue movement.

[21:20:27.179] Moving to: [-2.000 -0.400 0.000]
[21:20:29.603] Arrived at: [-2.000 -0.400 0.000]
[21:20:29.603] Wait 0.000s
[21:20:29.603] Continue movement.

[21:20:29.603] Moving to: [0.000 -0.600 0.000]
[21:20:32.061] Arrived at: [0.000 -0.600 0.000]
[21:20:32.061] Wait 0.000s
[21:20:32.061] Continue movement.

[21:20:32.061] Moving to: [-2.000 -0.800 0.000]
[21:20:34.549] Arrived at: [-2.000 -0.800 0.000]
[21:20:34.549] Wait 0.000s
[21:20:34.553] Continue movement.

[21:20:34.554] Moving to: [0.000 -1.000 0.000]
[21:20:36.968] Arrived at: [0.000 -1.000 0.000]
[21:20:36.972] Wait 0.000s
[21:20:36.972] Continue movement.

[21:20:36.972] Moving to: [-2.000 -1.200 0.000]
[21:20:39.387] Arrived at: [-2.000 -1.200 0.000]
[21:20:39.387] Wait 0.000s
[21:20:39.387] Continue movement.

[21:20:39.387] Moving to: [0.000 -1.400 0.000]
[21:20:41.930] Arrived at: [0.000 -1.400 0.000] WARNING!
[21:20:41.931] Wait 0.000s
[21:20:41.934] Continue movement.

[21:20:41.935] Moving to: [-2.000 -1.600 0.000]
[21:20:44.335] Arrived at: [-2.000 -1.600 0.000]
[21:20:44.340] Wait 0.000s
[21:20:44.340] Continue movement.

[21:20:44.340] Moving to: [0.000 -1.800 0.000]
[21:20:46.745] Arrived at: [0.000 -1.800 0.000]
[21:20:46.745] Wait 0.000s
[21:20:46.745] Continue movement.

[21:20:46.745] Moving to: [-2.000 -2.000 0.000]
[21:20:49.183] Arrived at: [-2.000 -2.000 0.000]
[21:20:49.183] Wait 0.000s
[21:20:49.183] Continue movement.

[21:20:49.183] Moving to: [0.000 -2.200 0.000]
[21:20:51.602] Arrived at: [0.000 -2.200 0.000]
[21:20:51.602] Wait 0.000s
[21:20:51.602] Continue movement.

[21:20:51.602] Moving to: [-2.000 -2.400 0.000]
[21:20:54.134] Arrived at: [-2.000 -2.400 0.000]
[21:20:54.139] Wait 0.000s
[21:20:54.140] Continue movement.

[21:20:54.140] Moving to: [0.000 -2.600 0.000]
[21:20:56.579] Arrived at: [0.000 -2.600 0.000]
[21:20:56.579] Wait 0.000s
[21:20:56.579] Continue movement.

[21:20:56.579] Moving to: [-2.000 -2.800 0.000]
[21:20:59.026] Arrived at: [-2.000 -2.800 0.000] WARNING!
[21:20:59.026] Wait 0.000s
[21:20:59.026] Continue movement.

[21:20:59.026] Moving to: [0.000 -3.000 0.000]
[21:21:01.601] Arrived at: [0.000 -3.000 0.000]
[21:21:01.601] Wait 0.000s
[21:21:01.601] Continue movement.

[21:21:01.601] Moving to: [-2.000 -3.200 0.000]
[21:21:04.022] Arrived at: [-2.000 -3.200 0.000]
[21:21:04.022] Wait 0.000s
[21:21:04.022] Continue movement.

[21:21:04.022] Moving to: [0.000 -3.400 0.000]
[21:21:06.473] Arrived at: [0.000 -3.400 0.000]
[21:21:06.473] Wait 0.000s
[21:21:06.473] Continue movement.

[21:21:06.473] Moving to: [-2.000 -3.600 0.000]
[21:21:08.913] Arrived at: [-2.000 -3.600 0.000]
[21:21:08.915] Wait 0.000s
[21:21:08.917] Continue movement.

[21:21:08.918] Moving to: [0.000 -3.800 0.000]
[21:21:11.363] Arrived at: [0.000 -3.800 0.000] WARNING!
[21:21:11.363] Wait 0.000s
[21:21:11.377] Continue movement.

[21:21:11.378] Moving to: [-2.000 -4.000 0.000]
[21:21:13.823] Arrived at: [-2.000 -4.000 0.000]
[21:21:13.823] Wait 0.000s
[21:21:13.823] Continue movement.

[21:21:13.823] Moving to: [0.000 -4.200 0.000]
[21:21:16.301] Arrived at: [0.000 -4.200 0.000]
[21:21:16.301] Wait 0.000s
[21:21:16.301] Continue movement.

[21:21:16.301] Moving to: [-2.000 -4.400 0.000]
[21:21:18.708] Arrived at: [-2.000 -4.400 0.000]
[21:21:18.708] Wait 0.000s
[21:21:18.708] Continue movement.

[21:21:18.708] Finished iteration 10

[21:21:18.708] Starting iteration 11
[21:21:18.708] Moving to: [0.000 0.000 0.000]
[21:21:23.944] Arrived at: [0.000 0.000 0.000]
[21:21:23.944] Wait 0.000s
[21:21:23.944] Continue movement.

[21:21:23.944] Moving to: [-2.000 0.000 0.000]
[21:21:25.943] Arrived at: [-2.000 0.000 0.000]
[21:21:25.945] Wait 0.000s
[21:21:25.946] Continue movement.

[21:21:25.948] Moving to: [0.000 -0.200 0.000]
[21:21:28.408] Arrived at: [0.000 -0.200 0.000]
[21:21:28.408] Wait 0.000s
[21:21:28.408] Continue movement.

[21:21:28.408] Moving to: [-2.000 -0.400 0.000]
[21:21:30.872] Arrived at: [-2.000 -0.400 0.000]
[21:21:30.872] Wait 0.000s
[21:21:30.872] Continue movement.

[21:21:30.872] Moving to: [0.000 -0.600 0.000]
[21:21:33.277] Arrived at: [0.000 -0.600 0.000]
[21:21:33.277] Wait 0.000s
[21:21:33.277] Continue movement.

[21:21:33.277] Moving to: [-2.000 -0.800 0.000]
[21:21:35.707] Arrived at: [-2.000 -0.800 0.000]
[21:21:35.707] Wait 0.000s
[21:21:35.707] Continue movement.

[21:21:35.707] Moving to: [0.000 -1.000 0.000]
[21:21:38.114] Arrived at: [0.000 -1.000 0.000]
[21:21:38.114] Wait 0.000s
[21:21:38.114] Continue movement.

[21:21:38.114] Moving to: [-2.000 -1.200 0.000]
[21:21:40.543] Arrived at: [-2.000 -1.200 0.000]
[21:21:40.543] Wait 0.000s
[21:21:40.543] Continue movement.

[21:21:40.543] Moving to: [0.000 -1.400 0.000]
[21:21:43.010] Arrived at: [0.000 -1.400 0.000] WARNING!
[21:21:43.021] Wait 0.000s
[21:21:43.022] Continue movement.

[21:21:43.026] Moving to: [-2.000 -1.600 0.000]
[21:21:45.528] Arrived at: [-2.000 -1.600 0.000]
[21:21:45.528] Wait 0.000s
[21:21:45.534] Continue movement.

[21:21:45.534] Moving to: [0.000 -1.800 0.000]
[21:21:48.008] Arrived at: [0.000 -1.800 0.000]
[21:21:48.012] Wait 0.000s
[21:21:48.012] Continue movement.

[21:21:48.017] Moving to: [-2.000 -2.000 0.000]
[21:21:50.407] Arrived at: [-2.000 -2.000 0.000]
[21:21:50.408] Wait 0.000s
[21:21:50.410] Continue movement.

[21:21:50.411] Moving to: [0.000 -2.200 0.000]
[21:21:52.809] Arrived at: [0.000 -2.200 0.000]
[21:21:52.809] Wait 0.000s
[21:21:52.809] Continue movement.

[21:21:52.809] Moving to: [-2.000 -2.400 0.000]
[21:21:55.259] Arrived at: [-2.000 -2.400 0.000]
[21:21:55.259] Wait 0.000s
[21:21:55.259] Continue movement.

[21:21:55.259] Moving to: [0.000 -2.600 0.000]
[21:21:57.736] Arrived at: [0.000 -2.600 0.000]
[21:21:57.736] Wait 0.000s
[21:21:57.740] Continue movement.

[21:21:57.740] Moving to: [-2.000 -2.800 0.000]
[21:22:00.300] Arrived at: [-2.000 -2.800 0.000] WARNING!
[21:22:00.300] Wait 0.000s
[21:22:00.307] Continue movement.

[21:22:00.309] Moving to: [0.000 -3.000 0.000]
[21:22:02.738] Arrived at: [0.000 -3.000 0.000]
[21:22:02.739] Wait 0.000s
[21:22:02.739] Continue movement.

[21:22:02.739] Moving to: [-2.000 -3.200 0.000]
[21:22:05.212] Arrived at: [-2.000 -3.200 0.000]
[21:22:05.212] Wait 0.000s
[21:22:05.212] Continue movement.

[21:22:05.212] Moving to: [0.000 -3.400 0.000]
[21:22:07.656] Arrived at: [0.000 -3.400 0.000]
[21:22:07.656] Wait 0.000s
[21:22:07.656] Continue movement.

[21:22:07.656] Moving to: [-2.000 -3.600 0.000]
[21:22:10.161] Arrived at: [-2.000 -3.600 0.000]
[21:22:10.161] Wait 0.000s
[21:22:10.161] Continue movement.

[21:22:10.161] Moving to: [0.000 -3.800 0.000]
[21:22:12.614] Arrived at: [0.000 -3.800 0.000] WARNING!
[21:22:12.614] Wait 0.000s
[21:22:12.626] Continue movement.

[21:22:12.627] Moving to: [-2.000 -4.000 0.000]
[21:22:15.068] Arrived at: [-2.000 -4.000 0.000]
[21:22:15.068] Wait 0.000s
[21:22:15.068] Continue movement.

[21:22:15.068] Moving to: [0.000 -4.200 0.000]
[21:22:17.474] Arrived at: [0.000 -4.200 0.000]
[21:22:17.478] Wait 0.000s
[21:22:17.479] Continue movement.

[21:22:17.479] Moving to: [-2.000 -4.400 0.000]
[21:22:19.868] Arrived at: [-2.000 -4.400 0.000]
[21:22:19.868] Wait 0.000s
[21:22:19.868] Continue movement.

[21:22:19.868] Finished iteration 11

[21:22:19.868] Starting iteration 12
[21:22:19.868] Moving to: [0.000 0.000 0.000]
[21:22:25.264] Arrived at: [0.000 0.000 0.000]
[21:22:25.264] Wait 0.000s
[21:22:25.264] Continue movement.

[21:22:25.264] Moving to: [-2.000 0.000 0.000]
[21:22:27.203] Arrived at: [-2.000 0.000 0.000]
[21:22:27.204] Wait 0.000s
[21:22:27.206] Continue movement.

[21:22:27.206] Moving to: [0.000 -0.200 0.000]
[21:22:29.595] Arrived at: [0.000 -0.200 0.000]
[21:22:29.595] Wait 0.000s
[21:22:29.595] Continue movement.

[21:22:29.595] Moving to: [-2.000 -0.400 0.000]
[21:22:32.019] Arrived at: [-2.000 -0.400 0.000]
[21:22:32.019] Wait 0.000s
[21:22:32.019] Continue movement.

[21:22:32.019] Moving to: [0.000 -0.600 0.000]
[21:22:34.470] Arrived at: [0.000 -0.600 0.000]
[21:22:34.470] Wait 0.000s
[21:22:34.470] Continue movement.

[21:22:34.470] Moving to: [-2.000 -0.800 0.000]
[21:22:36.987] Arrived at: [-2.000 -0.800 0.000]
[21:22:36.987] Wait 0.000s
[21:22:36.987] Continue movement.

[21:22:36.987] Moving to: [0.000 -1.000 0.000]
[21:22:39.515] Arrived at: [0.000 -1.000 0.000]
[21:22:39.515] Wait 0.000s
[21:22:39.515] Continue movement.

[21:22:39.515] Moving to: [-2.000 -1.200 0.000]
[21:22:41.936] Arrived at: [-2.000 -1.200 0.000]
[21:22:41.940] Wait 0.000s
[21:22:41.940] Continue movement.

[21:22:41.940] Moving to: [0.000 -1.400 0.000]
[21:22:44.336] Arrived at: [0.000 -1.400 0.000] WARNING!
[21:22:44.336] Wait 0.000s
[21:22:44.341] Continue movement.

[21:22:44.343] Moving to: [-2.000 -1.600 0.000]
[21:22:46.791] Arrived at: [-2.000 -1.600 0.000]
[21:22:46.791] Wait 0.000s
[21:22:46.791] Continue movement.

[21:22:46.791] Moving to: [0.000 -1.800 0.000]
[21:22:49.190] Arrived at: [0.000 -1.800 0.000]
[21:22:49.191] Wait 0.000s
[21:22:49.192] Continue movement.

[21:22:49.193] Moving to: [-2.000 -2.000 0.000]
[21:22:51.628] Arrived at: [-2.000 -2.000 0.000]
[21:22:51.628] Wait 0.000s
[21:22:51.628] Continue movement.

[21:22:51.628] Moving to: [0.000 -2.200 0.000]
[21:22:54.162] Arrived at: [0.000 -2.200 0.000]
[21:22:54.162] Wait 0.000s
[21:22:54.162] Continue movement.

[21:22:54.162] Moving to: [-2.000 -2.400 0.000]
[21:22:56.614] Arrived at: [-2.000 -2.400 0.000]
[21:22:56.614] Wait 0.000s
[21:22:56.614] Continue movement.

[21:22:56.614] Moving to: [0.000 -2.600 0.000]
[21:22:59.082] Arrived at: [0.000 -2.600 0.000]
[21:22:59.082] Wait 0.000s
[21:22:59.082] Continue movement.

[21:22:59.082] Moving to: [-2.000 -2.800 0.000]
[21:23:01.593] Arrived at: [-2.000 -2.800 0.000] WARNING!
[21:23:01.593] Wait 0.000s
[21:23:01.605] Continue movement.

[21:23:01.607] Moving to: [0.000 -3.000 0.000]
[21:23:04.003] Arrived at: [0.000 -3.000 0.000]
[21:23:04.003] Wait 0.000s
[21:23:04.003] Continue movement.

[21:23:04.003] Moving to: [-2.000 -3.200 0.000]
[21:23:06.394] Arrived at: [-2.000 -3.200 0.000]
[21:23:06.394] Wait 0.000s
[21:23:06.394] Continue movement.

[21:23:06.394] Moving to: [0.000 -3.400 0.000]
[21:23:08.868] Arrived at: [0.000 -3.400 0.000]
[21:23:08.868] Wait 0.000s
[21:23:08.868] Continue movement.

[21:23:08.868] Moving to: [-2.000 -3.600 0.000]
[21:23:11.297] Arrived at: [-2.000 -3.600 0.000]
[21:23:11.297] Wait 0.000s
[21:23:11.297] Continue movement.

[21:23:11.297] Moving to: [0.000 -3.800 0.000]
[21:23:13.700] Arrived at: [0.000 -3.800 0.000] WARNING!
[21:23:13.700] Wait 0.000s
[21:23:13.702] Continue movement.

[21:23:13.702] Moving to: [-2.000 -4.000 0.000]
[21:23:16.077] Arrived at: [-2.000 -4.000 0.000]
[21:23:16.077] Wait 0.000s
[21:23:16.077] Continue movement.

[21:23:16.077] Moving to: [0.000 -4.200 0.000]
[21:23:18.586] Arrived at: [0.000 -4.200 0.000]
[21:23:18.586] Wait 0.000s
[21:23:18.586] Continue movement.

[21:23:18.586] Moving to: [-2.000 -4.400 0.000]
[21:23:21.071] Arrived at: [-2.000 -4.400 0.000]
[21:23:21.071] Wait 0.000s
[21:23:21.071] Continue movement.

[21:23:21.071] Finished iteration 12

[21:23:21.071] Starting iteration 13
[21:23:21.071] Moving to: [0.000 0.000 0.000]
[21:23:26.340] Arrived at: [0.000 0.000 0.000]
[21:23:26.340] Wait 0.000s
[21:23:26.340] Continue movement.

[21:23:26.340] Moving to: [-2.000 0.000 0.000]
[21:23:28.296] Arrived at: [-2.000 0.000 0.000]
[21:23:28.296] Wait 0.000s
[21:23:28.296] Continue movement.

[21:23:28.296] Moving to: [0.000 -0.200 0.000]
[21:23:30.728] Arrived at: [0.000 -0.200 0.000]
[21:23:30.728] Wait 0.000s
[21:23:30.732] Continue movement.

[21:23:30.732] Moving to: [-2.000 -0.400 0.000]
[21:23:33.176] Arrived at: [-2.000 -0.400 0.000]
[21:23:33.176] Wait 0.000s
[21:23:33.176] Continue movement.

[21:23:33.176] Moving to: [0.000 -0.600 0.000]
[21:23:35.569] Arrived at: [0.000 -0.600 0.000]
[21:23:35.569] Wait 0.000s
[21:23:35.569] Continue movement.

[21:23:35.569] Moving to: [-2.000 -0.800 0.000]
[21:23:37.988] Arrived at: [-2.000 -0.800 0.000]
[21:23:37.988] Wait 0.000s
[21:23:37.988] Continue movement.

[21:23:37.988] Moving to: [0.000 -1.000 0.000]
[21:23:40.440] Arrived at: [0.000 -1.000 0.000]
[21:23:40.440] Wait 0.000s
[21:23:40.440] Continue movement.

[21:23:40.440] Moving to: [-2.000 -1.200 0.000]
[21:23:42.881] Arrived at: [-2.000 -1.200 0.000]
[21:23:42.882] Wait 0.000s
[21:23:42.885] Continue movement.

[21:23:42.887] Moving to: [0.000 -1.400 0.000]
[21:23:45.291] Arrived at: [0.000 -1.400 0.000] WARNING!
[21:23:45.291] Wait 0.000s
[21:23:45.292] Continue movement.

[21:23:45.293] Moving to: [-2.000 -1.600 0.000]
[21:23:47.788] Arrived at: [-2.000 -1.600 0.000]
[21:23:47.789] Wait 0.000s
[21:23:47.790] Continue movement.

[21:23:47.790] Moving to: [0.000 -1.800 0.000]
[21:23:50.138] Arrived at: [0.000 -1.800 0.000]
[21:23:50.138] Wait 0.000s
[21:23:50.138] Continue movement.

[21:23:50.138] Moving to: [-2.000 -2.000 0.000]
[21:23:52.661] Arrived at: [-2.000 -2.000 0.000]
[21:23:52.661] Wait 0.000s
[21:23:52.661] Continue movement.

[21:23:52.661] Moving to: [0.000 -2.200 0.000]
[21:23:55.177] Arrived at: [0.000 -2.200 0.000]
[21:23:55.177] Wait 0.000s
[21:23:55.178] Continue movement.

[21:23:55.179] Moving to: [-2.000 -2.400 0.000]
[21:23:57.666] Arrived at: [-2.000 -2.400 0.000]
[21:23:57.666] Wait 0.000s
[21:23:57.669] Continue movement.

[21:23:57.670] Moving to: [0.000 -2.600 0.000]
[21:24:00.172] Arrived at: [0.000 -2.600 0.000]
[21:24:00.173] Wait 0.000s
[21:24:00.173] Continue movement.

[21:24:00.173] Moving to: [-2.000 -2.800 0.000]
[21:24:02.642] Arrived at: [-2.000 -2.800 0.000] WARNING!
[21:24:02.642] Wait 0.000s
[21:24:02.643] Continue movement.

[21:24:02.644] Moving to: [0.000 -3.000 0.000]
[21:24:05.167] Arrived at: [0.000 -3.000 0.000]
[21:24:05.167] Wait 0.000s
[21:24:05.167] Continue movement.

[21:24:05.167] Moving to: [-2.000 -3.200 0.000]
[21:24:07.716] Arrived at: [-2.000 -3.200 0.000]
[21:24:07.716] Wait 0.000s
[21:24:07.716] Continue movement.

[21:24:07.716] Moving to: [0.000 -3.400 0.000]
[21:25:15.956] Arrived at: [0.000 -0.900 0.000] WARNING!
[21:25:15.963] Wait 0.000s
[21:25:15.965] Continue movement.

[21:25:15.968] Moving to: [-2.000 -3.600 0.000]
[21:25:19.942] Arrived at: [-2.000 -3.600 0.000]
[21:25:19.942] Wait 0.000s
[21:25:19.942] Continue movement.

[21:25:19.942] Moving to: [0.000 -3.800 0.000]
[21:25:22.471] Arrived at: [0.000 -3.800 0.000] WARNING!
[21:25:22.471] Wait 0.000s
[21:25:22.480] Continue movement.

[21:25:22.482] Moving to: [-2.000 -4.000 0.000]
[21:25:24.931] Arrived at: [-2.000 -4.000 0.000]
[21:25:24.936] Wait 0.000s
[21:25:24.938] Continue movement.

[21:25:24.938] Moving to: [0.000 -4.200 0.000]
[21:25:27.395] Arrived at: [0.000 -4.200 0.000]
[21:25:27.395] Wait 0.000s
[21:25:27.395] Continue movement.

[21:25:27.395] Moving to: [-2.000 -4.400 0.000]
[21:25:29.919] Arrived at: [-2.000 -4.400 0.000]
[21:25:29.920] Wait 0.000s
[21:25:29.923] Continue movement.

[21:25:29.924] Finished iteration 13

[21:25:29.927] Starting iteration 14
[21:25:29.932] Moving to: [0.000 0.000 0.000]
[21:25:35.247] Arrived at: [0.000 0.000 0.000]
[21:25:35.247] Wait 0.000s
[21:25:35.247] Continue movement.

[21:25:35.247] Moving to: [-2.000 0.000 0.000]
[21:25:37.197] Arrived at: [-2.000 0.000 0.000]
[21:25:37.197] Wait 0.000s
[21:25:37.197] Continue movement.

[21:25:37.197] Moving to: [0.000 -0.200 0.000]
[21:25:39.613] Arrived at: [0.000 -0.200 0.000]
[21:25:39.613] Wait 0.000s
[21:25:39.613] Continue movement.

[21:25:39.613] Moving to: [-2.000 -0.400 0.000]
[21:25:41.974] Arrived at: [-2.000 -0.400 0.000]
[21:25:41.975] Wait 0.000s
[21:25:41.976] Continue movement.

[21:25:41.977] Moving to: [0.000 -0.600 0.000]
[21:25:44.507] Arrived at: [0.000 -0.600 0.000]
[21:25:44.507] Wait 0.000s
[21:25:44.507] Continue movement.

[21:25:44.507] Moving to: [-2.000 -0.800 0.000]
[21:25:46.840] Arrived at: [-2.000 -0.800 0.000]
[21:25:46.840] Wait 0.000s
[21:25:46.840] Continue movement.

[21:25:46.840] Moving to: [0.000 -1.000 0.000]
[21:25:49.429] Arrived at: [0.000 -1.000 0.000]
[21:25:49.429] Wait 0.000s
[21:25:49.429] Continue movement.

[21:25:49.429] Moving to: [-2.000 -1.200 0.000]
[21:25:58.006] Arrived at: [-2.000 -1.200 0.000]
[21:25:58.094] Wait 0.000s
[21:25:58.094] Continue movement.

[21:25:58.094] Moving to: [0.000 -1.400 0.000]
[21:26:05.421] Arrived at: [0.000 -1.400 0.000] WARNING!
[21:26:05.445] Wait 0.000s
[21:26:05.445] Continue movement.

[21:26:05.459] Moving to: [-2.000 -1.600 0.000]
[21:26:07.853] Arrived at: [-2.000 -1.600 0.000]
[21:26:07.853] Wait 0.000s
[21:26:07.853] Continue movement.

[21:26:07.853] Moving to: [0.000 -1.800 0.000]
[21:26:10.453] Arrived at: [0.000 -1.800 0.000]
[21:26:10.454] Wait 0.000s
[21:26:10.456] Continue movement.

[21:26:10.457] Moving to: [-2.000 -2.000 0.000]
[21:26:12.889] Arrived at: [-2.000 -2.000 0.000]
[21:26:12.889] Wait 0.000s
[21:26:12.889] Continue movement.

[21:26:12.889] Moving to: [0.000 -2.200 0.000]
[21:26:15.261] Arrived at: [0.000 -2.200 0.000]
[21:26:15.261] Wait 0.000s
[21:26:15.261] Continue movement.

[21:26:15.261] Moving to: [-2.000 -2.400 0.000]
[21:26:17.839] Arrived at: [-2.000 -2.400 0.000]
[21:26:17.839] Wait 0.000s
[21:26:17.840] Continue movement.

[21:26:17.841] Moving to: [0.000 -2.600 0.000]
[21:26:20.373] Arrived at: [0.000 -2.600 0.000]
[21:26:20.373] Wait 0.000s
[21:26:20.373] Continue movement.

[21:26:20.373] Moving to: [-2.000 -2.800 0.000]
[21:26:22.800] Arrived at: [-2.000 -2.800 0.000] WARNING!
[21:26:22.800] Wait 0.000s
[21:26:22.806] Continue movement.

[21:26:22.807] Moving to: [0.000 -3.000 0.000]
[21:26:25.381] Arrived at: [0.000 -3.000 0.000]
[21:26:25.382] Wait 0.000s
[21:26:25.383] Continue movement.

[21:26:25.384] Moving to: [-2.000 -3.200 0.000]
[21:26:28.374] Arrived at: [-1.141 -3.200 0.000] WARNING!
[21:26:28.378] Wait 0.000s
[21:26:28.378] Continue movement.

[21:26:28.382] Moving to: [0.000 -3.400 0.000]
[21:26:30.312] Arrived at: [0.000 -3.400 0.000]
[21:26:30.312] Wait 0.000s
[21:26:30.313] Continue movement.

[21:26:30.313] Moving to: [-2.000 -3.600 0.000]
[21:26:32.797] Arrived at: [-2.000 -3.600 0.000]
[21:26:32.798] Wait 0.000s
[21:26:32.805] Continue movement.

[21:26:32.805] Moving to: [0.000 -3.800 0.000]
[21:26:35.379] Arrived at: [-0.789 -3.800 0.000] WARNING!
[21:26:35.379] Wait 0.000s
[21:26:35.388] Continue movement.

[21:26:35.389] Moving to: [-2.000 -4.000 0.000]
[21:26:37.424] Arrived at: [-2.000 -4.000 0.000]
[21:26:37.426] Wait 0.000s
[21:26:37.426] Continue movement.

[21:26:37.427] Moving to: [0.000 -4.200 0.000]
[21:26:39.903] Arrived at: [0.000 -4.200 0.000]
[21:26:39.903] Wait 0.000s
[21:26:39.903] Continue movement.

[21:26:39.903] Moving to: [-2.000 -4.400 0.000]
[21:26:42.363] Arrived at: [-2.000 -4.400 0.000]
[21:26:42.363] Wait 0.000s
[21:26:42.363] Continue movement.

[21:26:42.363] Finished iteration 14

[21:26:42.363] Starting iteration 15
[21:26:42.363] Moving to: [0.000 0.000 0.000]
[21:26:47.823] Arrived at: [0.000 0.000 0.000]
[21:26:47.824] Wait 0.000s
[21:26:47.826] Continue movement.

[21:26:47.826] Moving to: [-2.000 0.000 0.000]
[21:26:49.780] Arrived at: [-2.000 0.000 0.000]
[21:26:49.780] Wait 0.000s
[21:26:49.780] Continue movement.

[21:26:49.780] Moving to: [0.000 -0.200 0.000]
[21:26:52.157] Arrived at: [0.000 -0.200 0.000]
[21:26:52.157] Wait 0.000s
[21:26:52.158] Continue movement.

[21:26:52.159] Moving to: [-2.000 -0.400 0.000]
[21:26:54.613] Arrived at: [-2.000 -0.400 0.000]
[21:26:54.613] Wait 0.000s
[21:26:54.614] Continue movement.

[21:26:54.615] Moving to: [0.000 -0.600 0.000]
[21:26:56.978] Arrived at: [0.000 -0.600 0.000]
[21:26:56.979] Wait 0.000s
[21:26:56.981] Continue movement.

[21:26:56.981] Moving to: [-2.000 -0.800 0.000]
[21:26:59.420] Arrived at: [-2.000 -0.800 0.000]
[21:26:59.420] Wait 0.000s
[21:26:59.420] Continue movement.

[21:26:59.420] Moving to: [0.000 -1.000 0.000]
[21:27:01.919] Arrived at: [0.000 -1.000 0.000]
[21:27:01.921] Wait 0.000s
[21:27:01.922] Continue movement.

[21:27:01.922] Moving to: [-2.000 -1.200 0.000]
[21:27:04.247] Arrived at: [-2.000 -1.200 0.000]
[21:27:04.248] Wait 0.000s
[21:27:04.249] Continue movement.

[21:27:04.249] Moving to: [0.000 -1.400 0.000]
[21:27:06.584] Arrived at: [0.000 -1.400 0.000] WARNING!
[21:27:06.585] Wait 0.000s
[21:27:06.586] Continue movement.

[21:27:06.586] Moving to: [-2.000 -1.600 0.000]
[21:27:09.056] Arrived at: [-2.000 -1.600 0.000]
[21:27:09.057] Wait 0.000s
[21:27:09.058] Continue movement.

[21:27:09.059] Moving to: [0.000 -1.800 0.000]
[21:27:11.425] Arrived at: [0.000 -1.800 0.000]
[21:27:11.426] Wait 0.000s
[21:27:11.427] Continue movement.

[21:27:11.428] Moving to: [-2.000 -2.000 0.000]
[21:27:13.781] Arrived at: [-2.000 -2.000 0.000]
[21:27:13.782] Wait 0.000s
[21:27:13.783] Continue movement.

[21:27:13.783] Moving to: [0.000 -2.200 0.000]
[21:27:16.218] Arrived at: [0.000 -2.200 0.000]
[21:27:16.219] Wait 0.000s
[21:27:16.220] Continue movement.

[21:27:16.220] Moving to: [-2.000 -2.400 0.000]
[21:27:18.651] Arrived at: [-2.000 -2.400 0.000]
[21:27:18.652] Wait 0.000s
[21:27:18.652] Continue movement.

[21:27:18.653] Moving to: [0.000 -2.600 0.000]
[21:27:21.161] Arrived at: [0.000 -2.600 0.000]
[21:27:21.161] Wait 0.000s
[21:27:21.162] Continue movement.

[21:27:21.163] Moving to: [-2.000 -2.800 0.000]
[21:27:23.602] Arrived at: [-2.000 -2.800 0.000] WARNING!
[21:27:23.602] Wait 0.000s
[21:27:23.605] Continue movement.

[21:27:23.605] Moving to: [0.000 -3.000 0.000]
[21:27:25.986] Arrived at: [0.000 -3.000 0.000]
[21:27:25.987] Wait 0.000s
[21:27:25.988] Continue movement.

[21:27:25.989] Moving to: [-2.000 -3.200 0.000]
[21:27:28.476] Arrived at: [-2.000 -3.200 0.000]
[21:27:28.476] Wait 0.000s
[21:27:28.480] Continue movement.

[21:27:28.480] Moving to: [0.000 -3.400 0.000]
[21:27:30.963] Arrived at: [0.000 -3.400 0.000]
[21:27:30.963] Wait 0.000s
[21:27:30.964] Continue movement.

[21:27:30.964] Moving to: [-2.000 -3.600 0.000]
[21:27:33.410] Arrived at: [-2.000 -3.600 0.000]
[21:27:33.410] Wait 0.000s
[21:27:33.411] Continue movement.

[21:27:33.413] Moving to: [0.000 -3.800 0.000]
[21:27:35.857] Arrived at: [0.000 -3.800 0.000] WARNING!
[21:27:35.858] Wait 0.000s
[21:27:35.859] Continue movement.

[21:27:35.860] Moving to: [-2.000 -4.000 0.000]
[21:27:38.310] Arrived at: [-2.000 -4.000 0.000]
[21:27:38.310] Wait 0.000s
[21:27:38.311] Continue movement.

[21:27:38.311] Moving to: [0.000 -4.200 0.000]
[21:27:40.795] Arrived at: [0.000 -4.200 0.000]
[21:27:40.795] Wait 0.000s
[21:27:40.797] Continue movement.

[21:27:40.798] Moving to: [-2.000 -4.400 0.000]
[21:27:43.257] Arrived at: [-2.000 -4.400 0.000]
[21:27:43.257] Wait 0.000s
[21:27:43.257] Continue movement.

[21:27:43.257] Finished iteration 15

[21:27:43.257] Starting iteration 16
[21:27:43.257] Moving to: [0.000 0.000 0.000]
[21:27:48.599] Arrived at: [0.000 0.000 0.000]
[21:27:48.599] Wait 0.000s
[21:27:48.601] Continue movement.

[21:27:48.601] Moving to: [-2.000 0.000 0.000]
[21:27:50.535] Arrived at: [-2.000 0.000 0.000]
[21:27:50.535] Wait 0.000s
[21:27:50.539] Continue movement.

[21:27:50.539] Moving to: [0.000 -0.200 0.000]
[21:27:52.915] Arrived at: [0.000 -0.200 0.000]
[21:27:52.915] Wait 0.000s
[21:27:52.915] Continue movement.

[21:27:52.915] Moving to: [-2.000 -0.400 0.000]
[21:27:55.522] Arrived at: [-2.000 -0.400 0.000]
[21:27:55.522] Wait 0.000s
[21:27:55.522] Continue movement.

[21:27:55.522] Moving to: [0.000 -0.600 0.000]
[21:27:57.984] Arrived at: [0.000 -0.600 0.000]
[21:27:57.985] Wait 0.000s
[21:27:57.986] Continue movement.

[21:27:57.986] Moving to: [-2.000 -0.800 0.000]
[21:28:00.380] Arrived at: [-2.000 -0.800 0.000]
[21:28:00.380] Wait 0.000s
[21:28:00.380] Continue movement.

[21:28:00.380] Moving to: [0.000 -1.000 0.000]
[21:28:02.841] Arrived at: [0.000 -1.000 0.000]
[21:28:02.842] Wait 0.000s
[21:28:02.845] Continue movement.

[21:28:02.848] Moving to: [-2.000 -1.200 0.000]
[21:28:05.277] Arrived at: [-2.000 -1.200 0.000]
[21:28:05.281] Wait 0.000s
[21:28:05.281] Continue movement.

[21:28:05.281] Moving to: [0.000 -1.400 0.000]
[21:28:07.672] Arrived at: [0.000 -1.400 0.000] WARNING!
[21:28:07.672] Wait 0.000s
[21:28:07.672] Continue movement.

[21:28:07.683] Moving to: [-2.000 -1.600 0.000]
[21:28:10.246] Arrived at: [-2.000 -1.600 0.000]
[21:28:10.246] Wait 0.000s
[21:28:10.246] Continue movement.

[21:28:10.246] Moving to: [0.000 -1.800 0.000]
[21:28:12.762] Arrived at: [0.000 -1.800 0.000]
[21:28:12.762] Wait 0.000s
[21:28:12.763] Continue movement.

[21:28:12.763] Moving to: [-2.000 -2.000 0.000]
[21:28:15.328] Arrived at: [-2.000 -2.000 0.000]
[21:28:15.328] Wait 0.000s
[21:28:15.331] Continue movement.

[21:28:15.332] Moving to: [0.000 -2.200 0.000]
[21:28:17.735] Arrived at: [0.000 -2.200 0.000]
[21:28:17.736] Wait 0.000s
[21:28:17.738] Continue movement.

[21:28:17.739] Moving to: [-2.000 -2.400 0.000]
[21:28:20.157] Arrived at: [-2.000 -2.400 0.000]
[21:28:20.158] Wait 0.000s
[21:28:20.159] Continue movement.

[21:28:20.159] Moving to: [0.000 -2.600 0.000]
[21:28:22.546] Arrived at: [0.000 -2.600 0.000]
[21:28:22.546] Wait 0.000s
[21:28:22.546] Continue movement.

[21:28:22.546] Moving to: [-2.000 -2.800 0.000]
[21:28:24.971] Arrived at: [-2.000 -2.800 0.000] WARNING!
[21:28:24.971] Wait 0.000s
[21:28:24.973] Continue movement.

[21:28:24.975] Moving to: [0.000 -3.000 0.000]
[21:28:27.455] Arrived at: [0.000 -3.000 0.000]
[21:28:27.455] Wait 0.000s
[21:28:27.455] Continue movement.

[21:28:27.455] Moving to: [-2.000 -3.200 0.000]
[21:28:29.904] Arrived at: [-2.000 -3.200 0.000]
[21:28:29.904] Wait 0.000s
[21:28:29.904] Continue movement.

[21:28:29.904] Moving to: [0.000 -3.400 0.000]
[21:28:32.362] Arrived at: [0.000 -3.400 0.000]
[21:28:32.362] Wait 0.000s
[21:28:32.362] Continue movement.

[21:28:32.362] Moving to: [-2.000 -3.600 0.000]
[21:28:34.778] Arrived at: [-2.000 -3.600 0.000]
[21:28:34.778] Wait 0.000s
[21:28:34.781] Continue movement.

[21:28:34.781] Moving to: [0.000 -3.800 0.000]
[21:28:37.244] Arrived at: [0.000 -3.800 0.000] WARNING!
[21:28:37.244] Wait 0.000s
[21:28:37.247] Continue movement.

[21:28:37.248] Moving to: [-2.000 -4.000 0.000]
[21:28:39.638] Arrived at: [-2.000 -4.000 0.000]
[21:28:39.638] Wait 0.000s
[21:28:39.638] Continue movement.

[21:28:39.638] Moving to: [0.000 -4.200 0.000]
[21:28:42.069] Arrived at: [0.000 -4.200 0.000]
[21:28:42.069] Wait 0.000s
[21:28:42.069] Continue movement.

[21:28:42.069] Moving to: [-2.000 -4.400 0.000]
[21:28:44.599] Arrived at: [-2.000 -4.400 0.000]
[21:28:44.599] Wait 0.000s
[21:28:44.599] Continue movement.

[21:28:44.599] Finished iteration 16

[21:28:44.599] Starting iteration 17
[21:28:44.599] Moving to: [0.000 0.000 0.000]
[21:28:50.133] Arrived at: [0.000 0.000 0.000]
[21:28:50.133] Wait 0.000s
[21:28:50.139] Continue movement.

[21:28:50.139] Moving to: [-2.000 0.000 0.000]
[21:28:52.138] Arrived at: [-2.000 0.000 0.000]
[21:28:52.138] Wait 0.000s
[21:28:52.138] Continue movement.

[21:28:52.138] Moving to: [0.000 -0.200 0.000]
[21:28:54.653] Arrived at: [0.000 -0.200 0.000]
[21:28:54.653] Wait 0.000s
[21:28:54.664] Continue movement.

[21:28:54.664] Moving to: [-2.000 -0.400 0.000]
[21:28:57.113] Arrived at: [-2.000 -0.400 0.000]
[21:28:57.113] Wait 0.000s
[21:28:57.113] Continue movement.

[21:28:57.113] Moving to: [0.000 -0.600 0.000]
[21:28:59.535] Arrived at: [0.000 -0.600 0.000]
[21:28:59.535] Wait 0.000s
[21:28:59.539] Continue movement.

[21:28:59.539] Moving to: [-2.000 -0.800 0.000]
[21:29:01.960] Arrived at: [-2.000 -0.800 0.000]
[21:29:01.960] Wait 0.000s
[21:29:01.960] Continue movement.

[21:29:01.960] Moving to: [0.000 -1.000 0.000]
[21:29:04.394] Arrived at: [0.000 -1.000 0.000]
[21:29:04.394] Wait 0.000s
[21:29:04.394] Continue movement.

[21:29:04.394] Moving to: [-2.000 -1.200 0.000]
[21:29:06.812] Arrived at: [-2.000 -1.200 0.000]
[21:29:06.816] Wait 0.000s
[21:29:06.816] Continue movement.

[21:29:06.816] Moving to: [0.000 -1.400 0.000]
[21:29:09.397] Arrived at: [0.000 -1.400 0.000] WARNING!
[21:29:09.397] Wait 0.000s
[21:29:09.407] Continue movement.

[21:29:09.408] Moving to: [-2.000 -1.600 0.000]
[21:29:11.875] Arrived at: [-2.000 -1.600 0.000]
[21:29:11.875] Wait 0.000s
[21:29:11.875] Continue movement.

[21:29:11.875] Moving to: [0.000 -1.800 0.000]
[21:29:14.269] Arrived at: [0.000 -1.800 0.000]
[21:29:14.269] Wait 0.000s
[21:29:14.269] Continue movement.

[21:29:14.269] Moving to: [-2.000 -2.000 0.000]
[21:29:16.738] Arrived at: [-2.000 -2.000 0.000]
[21:29:16.738] Wait 0.000s
[21:29:16.742] Continue movement.

[21:29:16.742] Moving to: [0.000 -2.200 0.000]
[21:29:19.329] Arrived at: [0.000 -2.200 0.000]
[21:29:19.329] Wait 0.000s
[21:29:19.333] Continue movement.

[21:29:19.333] Moving to: [-2.000 -2.400 0.000]
[21:29:21.781] Arrived at: [-2.000 -2.400 0.000]
[21:29:21.781] Wait 0.000s
[21:29:21.786] Continue movement.

[21:29:21.787] Moving to: [0.000 -2.600 0.000]
[21:29:24.173] Arrived at: [0.000 -2.600 0.000]
[21:29:24.173] Wait 0.000s
[21:29:24.173] Continue movement.

[21:29:24.173] Moving to: [-2.000 -2.800 0.000]
[21:29:26.591] Arrived at: [-2.000 -2.800 0.000] WARNING!
[21:29:26.591] Wait 0.000s
[21:29:26.593] Continue movement.

[21:29:26.593] Moving to: [0.000 -3.000 0.000]
[21:29:28.969] Arrived at: [0.000 -3.000 0.000]
[21:29:28.969] Wait 0.000s
[21:29:28.969] Continue movement.

[21:29:28.969] Moving to: [-2.000 -3.200 0.000]
[21:29:31.397] Arrived at: [-2.000 -3.200 0.000]
[21:29:31.397] Wait 0.000s
[21:29:31.397] Continue movement.

[21:29:31.397] Moving to: [0.000 -3.400 0.000]
[21:29:33.852] Arrived at: [0.000 -3.400 0.000]
[21:29:33.852] Wait 0.000s
[21:29:33.852] Continue movement.

[21:29:33.852] Moving to: [-2.000 -3.600 0.000]
[21:29:36.291] Arrived at: [-2.000 -3.600 0.000]
[21:29:36.291] Wait 0.000s
[21:29:36.291] Continue movement.

[21:29:36.291] Moving to: [0.000 -3.800 0.000]
[21:29:38.703] Arrived at: [0.000 -3.800 0.000] WARNING!
[21:29:38.703] Wait 0.000s
[21:29:38.703] Continue movement.

[21:29:38.703] Moving to: [-2.000 -4.000 0.000]
[21:29:41.120] Arrived at: [-2.000 -4.000 0.000]
[21:29:41.120] Wait 0.000s
[21:29:41.120] Continue movement.

[21:29:41.120] Moving to: [0.000 -4.200 0.000]
[21:29:43.563] Arrived at: [0.000 -4.200 0.000]
[21:29:43.563] Wait 0.000s
[21:29:43.563] Continue movement.

[21:29:43.563] Moving to: [-2.000 -4.400 0.000]
[21:29:46.013] Arrived at: [-2.000 -4.400 0.000]
[21:29:46.013] Wait 0.000s
[21:29:46.013] Continue movement.

[21:29:46.013] Finished iteration 17

[21:29:46.013] Starting iteration 18
[21:29:46.013] Moving to: [0.000 0.000 0.000]
[21:29:51.290] Arrived at: [0.000 0.000 0.000]
[21:29:51.290] Wait 0.000s
[21:29:51.290] Continue movement.

[21:29:51.290] Moving to: [-2.000 0.000 0.000]
[21:29:53.260] Arrived at: [-2.000 0.000 0.000]
[21:29:53.260] Wait 0.000s
[21:29:53.260] Continue movement.

[21:29:53.260] Moving to: [0.000 -0.200 0.000]
[21:29:55.621] Arrived at: [0.000 -0.200 0.000]
[21:29:55.621] Wait 0.000s
[21:29:55.621] Continue movement.

[21:29:55.621] Moving to: [-2.000 -0.400 0.000]
[21:29:58.024] Arrived at: [-2.000 -0.400 0.000]
[21:29:58.024] Wait 0.000s
[21:29:58.024] Continue movement.

[21:29:58.024] Moving to: [0.000 -0.600 0.000]
[21:30:00.375] Arrived at: [0.000 -0.600 0.000]
[21:30:00.375] Wait 0.000s
[21:30:00.375] Continue movement.

[21:30:00.375] Moving to: [-2.000 -0.800 0.000]
[21:30:02.795] Arrived at: [-2.000 -0.800 0.000]
[21:30:02.795] Wait 0.000s
[21:30:02.795] Continue movement.

[21:30:02.795] Moving to: [0.000 -1.000 0.000]
[21:30:05.236] Arrived at: [0.000 -1.000 0.000]
[21:30:05.236] Wait 0.000s
[21:30:05.236] Continue movement.

[21:30:05.236] Moving to: [-2.000 -1.200 0.000]
[21:30:07.712] Arrived at: [-2.000 -1.200 0.000]
[21:30:07.712] Wait 0.000s
[21:30:07.712] Continue movement.

[21:30:07.712] Moving to: [0.000 -1.400 0.000]
[21:30:10.108] Arrived at: [0.000 -1.400 0.000] WARNING!
[21:30:10.108] Wait 0.000s
[21:30:10.118] Continue movement.

[21:30:10.119] Moving to: [-2.000 -1.600 0.000]
[21:30:12.485] Arrived at: [-2.000 -1.600 0.000]
[21:30:12.485] Wait 0.000s
[21:30:12.485] Continue movement.

[21:30:12.485] Moving to: [0.000 -1.800 0.000]
[21:30:16.168] Arrived at: [-0.285 -1.661 0.000] WARNING!
[21:30:16.168] Wait 0.000s
[21:30:16.168] Continue movement.

[21:30:16.168] Moving to: [-2.000 -2.000 0.000]
[21:30:18.829] Arrived at: [-2.000 -2.000 0.000]
[21:30:18.831] Wait 0.000s
[21:30:18.831] Continue movement.

[21:30:18.834] Moving to: [0.000 -2.200 0.000]
[21:30:21.375] Arrived at: [0.000 -2.200 0.000]
[21:30:21.375] Wait 0.000s
[21:30:21.375] Continue movement.

[21:30:21.375] Moving to: [-2.000 -2.400 0.000]
[21:30:23.902] Arrived at: [-2.000 -2.400 0.000]
[21:30:23.902] Wait 0.000s
[21:30:23.902] Continue movement.

[21:30:23.902] Moving to: [0.000 -2.600 0.000]
[21:30:26.435] Arrived at: [0.000 -2.600 0.000]
[21:30:26.437] Wait 0.000s
[21:30:26.439] Continue movement.

[21:30:26.440] Moving to: [-2.000 -2.800 0.000]
[21:30:28.962] Arrived at: [-2.000 -2.800 0.000] WARNING!
[21:30:28.962] Wait 0.000s
[21:30:28.962] Continue movement.

[21:30:28.962] Moving to: [0.000 -3.000 0.000]
[21:30:31.473] Arrived at: [0.000 -3.000 0.000]
[21:30:31.473] Wait 0.000s
[21:30:31.473] Continue movement.

[21:30:31.473] Moving to: [-2.000 -3.200 0.000]
[21:30:34.031] Arrived at: [-2.000 -3.200 0.000]
[21:30:34.031] Wait 0.000s
[21:30:34.031] Continue movement.

[21:30:34.031] Moving to: [0.000 -3.400 0.000]
[21:30:36.559] Arrived at: [0.000 -3.400 0.000]
[21:30:36.559] Wait 0.000s
[21:30:36.559] Continue movement.

[21:30:36.559] Moving to: [-2.000 -3.600 0.000]
[21:30:39.025] Arrived at: [-2.000 -3.600 0.000]
[21:30:39.025] Wait 0.000s
[21:30:39.025] Continue movement.

[21:30:39.025] Moving to: [0.000 -3.800 0.000]
[21:30:41.403] Arrived at: [0.000 -3.800 0.000] WARNING!
[21:30:41.403] Wait 0.000s
[21:30:41.403] Continue movement.

[21:30:41.403] Moving to: [-2.000 -4.000 0.000]
[21:30:43.840] Arrived at: [-2.000 -4.000 0.000]
[21:30:43.840] Wait 0.000s
[21:30:43.840] Continue movement.

[21:30:43.847] Moving to: [0.000 -4.200 0.000]
[21:30:46.249] Arrived at: [0.000 -4.200 0.000]
[21:30:46.249] Wait 0.000s
[21:30:46.249] Continue movement.

[21:30:46.249] Moving to: [-2.000 -4.400 0.000]
[21:30:48.793] Arrived at: [-1.051 -4.400 0.000] WARNING!
[21:30:48.793] Wait 0.000s
[21:30:48.807] Continue movement.

[21:30:48.807] Finished iteration 18

[21:30:48.810] Starting iteration 19
[21:30:48.811] Moving to: [0.000 0.000 0.000]
[21:30:54.341] Arrived at: [0.000 0.000 0.000]
[21:30:54.342] Wait 0.000s
[21:30:54.342] Continue movement.

[21:30:54.342] Moving to: [-2.000 0.000 0.000]
[21:30:56.413] Arrived at: [-2.000 0.000 0.000]
[21:30:56.413] Wait 0.000s
[21:30:56.413] Continue movement.

[21:30:56.413] Moving to: [0.000 -0.200 0.000]
[21:30:58.936] Arrived at: [0.000 -0.200 0.000]
[21:30:58.937] Wait 0.000s
[21:30:58.940] Continue movement.

[21:30:58.941] Moving to: [-2.000 -0.400 0.000]
[21:31:01.475] Arrived at: [-2.000 -0.400 0.000]
[21:31:01.475] Wait 0.000s
[21:31:01.475] Continue movement.

[21:31:01.490] Moving to: [0.000 -0.600 0.000]
[21:31:04.033] Arrived at: [0.000 -0.600 0.000]
[21:31:04.033] Wait 0.000s
[21:31:04.033] Continue movement.

[21:31:04.033] Moving to: [-2.000 -0.800 0.000]
[21:31:06.561] Arrived at: [-2.000 -0.800 0.000]
[21:31:06.561] Wait 0.000s
[21:31:06.561] Continue movement.

[21:31:06.561] Moving to: [0.000 -1.000 0.000]
[21:31:09.043] Arrived at: [0.000 -1.000 0.000]
[21:31:09.047] Wait 0.000s
[21:31:09.049] Continue movement.

[21:31:09.049] Moving to: [-2.000 -1.200 0.000]
[21:31:11.545] Arrived at: [-2.000 -1.200 0.000]
[21:31:11.545] Wait 0.000s
[21:31:11.545] Continue movement.

[21:31:11.545] Moving to: [0.000 -1.400 0.000]
[21:31:13.978] Arrived at: [0.000 -1.400 0.000] WARNING!
[21:31:13.978] Wait 0.000s
[21:31:13.978] Continue movement.

[21:31:13.978] Moving to: [-2.000 -1.600 0.000]
[21:31:16.404] Arrived at: [-2.000 -1.600 0.000]
[21:31:16.405] Wait 0.000s
[21:31:16.406] Continue movement.

[21:31:16.406] Moving to: [0.000 -1.800 0.000]
[21:31:18.788] Arrived at: [0.000 -1.800 0.000]
[21:31:18.788] Wait 0.000s
[21:31:18.788] Continue movement.

[21:31:18.788] Moving to: [-2.000 -2.000 0.000]
[21:31:21.202] Arrived at: [-2.000 -2.000 0.000]
[21:31:21.202] Wait 0.000s
[21:31:21.202] Continue movement.

[21:31:21.202] Moving to: [0.000 -2.200 0.000]
[21:31:23.588] Arrived at: [0.000 -2.200 0.000]
[21:31:23.592] Wait 0.000s
[21:31:23.592] Continue movement.

[21:31:23.592] Moving to: [-2.000 -2.400 0.000]
[21:31:26.001] Arrived at: [-2.000 -2.400 0.000]
[21:31:26.002] Wait 0.000s
[21:31:26.004] Continue movement.

[21:31:26.005] Moving to: [0.000 -2.600 0.000]
[21:31:33.508] Arrived at: [0.000 -2.600 0.000]
[21:31:33.547] Wait 0.000s
[21:31:33.547] Continue movement.

[21:31:33.547] Moving to: [-2.000 -2.800 0.000]
[21:31:36.076] Arrived at: [-2.000 -2.800 0.000] WARNING!
[21:31:36.076] Wait 0.000s
[21:31:36.092] Continue movement.

[21:31:36.093] Moving to: [0.000 -3.000 0.000]
[21:31:38.576] Arrived at: [0.000 -3.000 0.000]
[21:31:38.576] Wait 0.000s
[21:31:38.576] Continue movement.

[21:31:38.576] Moving to: [-2.000 -3.200 0.000]
[21:31:41.138] Arrived at: [-2.000 -3.200 0.000]
[21:31:41.138] Wait 0.000s
[21:31:41.142] Continue movement.

[21:31:41.142] Moving to: [0.000 -3.400 0.000]
[21:31:43.673] Arrived at: [0.000 -3.400 0.000]
[21:31:43.673] Wait 0.000s
[21:31:43.685] Continue movement.

[21:31:43.685] Moving to: [-2.000 -3.600 0.000]
[21:31:46.128] Arrived at: [-2.000 -3.600 0.000]
[21:31:46.128] Wait 0.000s
[21:31:46.132] Continue movement.

[21:31:46.132] Moving to: [0.000 -3.800 0.000]
[21:31:48.563] Arrived at: [0.000 -3.800 0.000] WARNING!
[21:31:48.563] Wait 0.000s
[21:31:48.563] Continue movement.

[21:31:48.577] Moving to: [-2.000 -4.000 0.000]
[21:31:51.098] Arrived at: [-2.000 -4.000 0.000]
[21:31:51.098] Wait 0.000s
[21:31:51.098] Continue movement.

[21:31:51.098] Moving to: [0.000 -4.200 0.000]
[21:31:53.493] Arrived at: [0.000 -4.200 0.000]
[21:31:53.493] Wait 0.000s
[21:31:53.493] Continue movement.

[21:31:53.493] Moving to: [-2.000 -4.400 0.000]
[21:31:56.000] Arrived at: [-2.000 -4.400 0.000]
[21:31:56.000] Wait 0.000s
[21:31:56.000] Continue movement.

[21:31:56.000] Finished iteration 19

[21:31:56.000] Starting iteration 20
[21:31:56.018] Moving to: [0.000 0.000 0.000]
[21:32:01.285] Arrived at: [0.000 0.000 0.000]
[21:32:01.285] Wait 0.000s
[21:32:01.287] Continue movement.

[21:32:01.287] Moving to: [-2.000 0.000 0.000]
[21:32:03.435] Arrived at: [-2.000 0.000 0.000]
[21:32:03.435] Wait 0.000s
[21:32:03.435] Continue movement.

[21:32:03.435] Moving to: [0.000 -0.200 0.000]
[21:32:05.905] Arrived at: [0.000 -0.200 0.000]
[21:32:05.906] Wait 0.000s
[21:32:05.908] Continue movement.

[21:32:05.909] Moving to: [-2.000 -0.400 0.000]
[21:32:08.312] Arrived at: [-2.000 -0.400 0.000]
[21:32:08.312] Wait 0.000s
[21:32:08.312] Continue movement.

[21:32:08.312] Moving to: [0.000 -0.600 0.000]
[21:32:10.789] Arrived at: [0.000 -0.600 0.000]
[21:32:10.789] Wait 0.000s
[21:32:10.790] Continue movement.

[21:32:10.790] Moving to: [-2.000 -0.800 0.000]
[21:32:13.216] Arrived at: [-2.000 -0.800 0.000]
[21:32:13.217] Wait 0.000s
[21:32:13.219] Continue movement.

[21:32:13.220] Moving to: [0.000 -1.000 0.000]
[21:32:15.685] Arrived at: [0.000 -1.000 0.000]
[21:32:15.685] Wait 0.000s
[21:32:15.685] Continue movement.

[21:32:15.685] Moving to: [-2.000 -1.200 0.000]
[21:32:18.100] Arrived at: [-2.000 -1.200 0.000]
[21:32:18.100] Wait 0.000s
[21:32:18.100] Continue movement.

[21:32:18.100] Moving to: [0.000 -1.400 0.000]
[21:32:20.539] Arrived at: [0.000 -1.400 0.000] WARNING!
[21:32:20.539] Wait 0.000s
[21:32:20.542] Continue movement.

[21:32:20.543] Moving to: [-2.000 -1.600 0.000]
[21:32:22.985] Arrived at: [-2.000 -1.600 0.000]
[21:32:22.986] Wait 0.000s
[21:32:22.988] Continue movement.

[21:32:22.989] Moving to: [0.000 -1.800 0.000]
