[11:29:23.068] Starting plan irradiation...
	Plan name: Plan de movimiento solo stage
	Plan comment: prueba Acero
	Absolut shift from X to (0,0) well: [0.000 0.000 0.000]
[11:29:30.576] Starting iteration 1
[11:29:30.578] Moving to: [0.000 0.000 0.000]
[11:29:38.845] Arrived at: [0.000 0.000 0.000]
[11:29:38.849] Wait 0.000s
[11:29:38.855] Continue movement.

[11:29:38.859] Moving to: [10.000 0.000 0.000]
[11:29:46.067] Arrived at: [10.000 0.000 0.000]
[11:29:46.071] Wait 0.000s
[11:29:46.075] Continue movement.

[11:29:46.077] Moving to: [10.000 -0.500 0.000]
[11:29:46.962] Arrived at: [10.000 -0.500 0.000]
[11:29:46.968] Wait 0.000s
[11:29:46.968] Continue movement.

[11:29:46.972] Moving to: [0.000 -0.500 0.000]
[11:29:54.207] Arrived at: [0.000 -0.500 0.000]
[11:29:54.208] Wait 0.000s
[11:29:54.208] Continue movement.

[11:29:54.212] Moving to: [0.000 -1.000 0.000]
[11:29:55.114] Arrived at: [0.000 -1.000 0.000]
[11:29:55.118] Wait 0.000s
[11:29:55.119] Continue movement.

[11:29:55.124] Moving to: [10.000 -1.000 0.000]
[11:30:02.321] Arrived at: [10.000 -1.000 0.000]
[11:30:02.321] Wait 0.000s
[11:30:02.325] Continue movement.

[11:30:02.325] Finished iteration 1

[11:30:02.325] Starting iteration 2
[11:30:02.329] Moving to: [0.000 0.000 0.000]
[11:30:10.562] Arrived at: [0.000 0.000 0.000]
[11:30:10.562] Wait 0.000s
[11:30:10.566] Continue movement.

[11:30:10.567] Moving to: [10.000 0.000 0.000]
[11:30:17.824] Arrived at: [10.000 0.000 0.000]
[11:30:17.824] Wait 0.000s
[11:30:17.829] Continue movement.

[11:30:17.829] Moving to: [10.000 -0.500 0.000]
[11:30:18.714] Arrived at: [10.000 -0.500 0.000]
[11:30:18.715] Wait 0.000s
[11:30:18.715] Continue movement.

[11:30:18.715] Moving to: [0.000 -0.500 0.000]
[11:30:25.963] Arrived at: [0.000 -0.500 0.000]
[11:30:25.963] Wait 0.000s
[11:30:25.968] Continue movement.

[11:30:25.968] Moving to: [0.000 -1.000 0.000]
[11:30:26.843] Arrived at: [0.000 -1.000 0.000]
[11:30:26.843] Wait 0.000s
[11:30:26.843] Continue movement.

[11:30:26.843] Moving to: [10.000 -1.000 0.000]
[11:30:34.072] Arrived at: [10.000 -1.000 0.000]
[11:30:34.072] Wait 0.000s
[11:30:34.072] Continue movement.

[11:30:34.076] Finished iteration 2

[11:30:34.077] Plan finished.
