[19:51:13.548] Starting plan irradiation...
	Plan name: Plan de movimiento solo stage
	Plan comment: irraW2
	Absolut shift from X to (0,0) well: [0.000 0.000 0.000]
[19:51:20.968] Starting iteration 1
[19:51:20.968] Moving to: [0.000 0.000 0.000]
[19:51:26.331] Arrived at: [0.000 0.000 0.000]
[19:51:26.331] Wait 0.000s
[19:51:26.335] Continue movement.

[19:51:26.335] Moving to: [-2.000 0.000 0.000]
[19:51:28.220] Arrived at: [-2.000 0.000 0.000]
[19:51:28.220] Wait 0.000s
[19:51:28.220] Continue movement.

[19:51:28.220] Moving to: [0.000 -0.200 0.000]
[19:51:30.629] Arrived at: [0.000 -0.200 0.000]
[19:51:30.641] Wait 0.000s
[19:51:30.641] Continue movement.

[19:51:30.641] Moving to: [-2.000 -0.400 0.000]
[19:51:33.044] Arrived at: [-2.000 -0.400 0.000]
[19:51:33.044] Wait 0.000s
[19:51:33.044] Continue movement.

[19:51:33.044] Moving to: [0.000 -0.600 0.000]
[19:51:35.425] Arrived at: [0.000 -0.600 0.000]
[19:51:35.425] Wait 0.000s
[19:51:35.425] Continue movement.

[19:51:35.425] Moving to: [-2.000 -0.800 0.000]
[19:51:37.822] Arrived at: [-2.000 -0.800 0.000]
[19:51:37.822] Wait 0.000s
[19:51:37.822] Continue movement.

[19:51:37.822] Moving to: [0.000 -1.000 0.000]
[19:51:40.238] Arrived at: [0.000 -1.000 0.000]
[19:51:40.238] Wait 0.000s
[19:51:40.238] Continue movement.

[19:51:40.238] Moving to: [-2.000 -1.200 0.000]
[19:51:42.643] Arrived at: [-2.000 -1.200 0.000]
[19:51:42.643] Wait 0.000s
[19:51:42.643] Continue movement.

[19:51:42.643] Moving to: [0.000 -1.400 0.000]
[19:51:45.164] Arrived at: [0.000 -1.400 0.000] WARNING!
[19:51:45.164] Wait 0.000s
[19:51:45.176] Continue movement.

[19:51:45.176] Moving to: [-2.000 -1.600 0.000]
[19:51:47.734] Arrived at: [-2.000 -1.600 0.000]
[19:51:47.734] Wait 0.000s
[19:51:47.736] Continue movement.

[19:51:47.736] Moving to: [0.000 -1.800 0.000]
[19:51:50.106] Arrived at: [0.000 -1.800 0.000]
[19:51:50.106] Wait 0.000s
[19:51:50.106] Continue movement.

[19:51:50.106] Moving to: [-2.000 -2.000 0.000]
[19:51:52.543] Arrived at: [-2.000 -2.000 0.000]
[19:51:52.543] Wait 0.000s
[19:51:52.543] Continue movement.

[19:51:52.543] Moving to: [0.000 -2.200 0.000]
[19:51:54.949] Arrived at: [0.000 -2.200 0.000]
[19:51:54.950] Wait 0.000s
[19:51:54.950] Continue movement.

[19:51:54.950] Moving to: [-2.000 -2.400 0.000]
[19:51:57.535] Arrived at: [-2.000 -2.400 0.000]
[19:51:57.535] Wait 0.000s
[19:51:57.535] Continue movement.

[19:51:57.540] Moving to: [0.000 -2.600 0.000]
[19:51:59.902] Arrived at: [0.000 -2.600 0.000]
[19:51:59.902] Wait 0.000s
[19:51:59.902] Continue movement.

[19:51:59.902] Moving to: [-2.000 -2.800 0.000]
[19:52:02.327] Arrived at: [-2.000 -2.800 0.000] WARNING!
[19:52:02.327] Wait 0.000s
[19:52:02.331] Continue movement.

[19:52:02.332] Moving to: [0.000 -3.000 0.000]
[19:52:04.792] Arrived at: [0.000 -3.000 0.000]
[19:52:04.792] Wait 0.000s
[19:52:04.792] Continue movement.

[19:52:04.792] Moving to: [-2.000 -3.200 0.000]
[19:52:07.175] Arrived at: [-2.000 -3.200 0.000]
[19:52:07.175] Wait 0.000s
[19:52:07.175] Continue movement.

[19:52:07.175] Moving to: [0.000 -3.400 0.000]
[19:52:09.611] Arrived at: [0.000 -3.400 0.000]
[19:52:09.611] Wait 0.000s
[19:52:09.611] Continue movement.

[19:52:09.611] Moving to: [-2.000 -3.600 0.000]
[19:52:11.985] Arrived at: [-2.000 -3.600 0.000]
[19:52:11.986] Wait 0.000s
[19:52:11.988] Continue movement.

[19:52:11.989] Moving to: [0.000 -3.800 0.000]
[19:52:14.361] Arrived at: [0.000 -3.800 0.000] WARNING!
[19:52:14.361] Wait 0.000s
[19:52:14.369] Continue movement.

[19:52:14.370] Moving to: [-2.000 -4.000 0.000]
[19:52:16.777] Arrived at: [-2.000 -4.000 0.000]
[19:52:16.777] Wait 0.000s
[19:52:16.777] Continue movement.

[19:52:16.777] Moving to: [0.000 -4.200 0.000]
[19:52:19.193] Arrived at: [0.000 -4.200 0.000]
[19:52:19.193] Wait 0.000s
[19:52:19.193] Continue movement.

[19:52:19.193] Moving to: [-2.000 -4.400 0.000]
[19:52:21.562] Arrived at: [-2.000 -4.400 0.000]
[19:52:21.562] Wait 0.000s
[19:52:21.562] Continue movement.

[19:52:21.562] Finished iteration 1

[19:52:21.562] Starting iteration 2
[19:52:21.562] Moving to: [0.000 0.000 0.000]
[19:52:26.736] Arrived at: [0.000 0.000 0.000]
[19:52:26.736] Wait 0.000s
[19:52:26.736] Continue movement.

[19:52:26.741] Moving to: [-2.000 0.000 0.000]
[19:52:28.851] Arrived at: [-2.000 0.000 0.000]
[19:52:28.851] Wait 0.000s
[19:52:28.851] Continue movement.

[19:52:28.851] Moving to: [0.000 -0.200 0.000]
[19:52:31.398] Arrived at: [0.000 -0.200 0.000]
[19:52:31.398] Wait 0.000s
[19:52:31.398] Continue movement.

[19:52:31.398] Moving to: [-2.000 -0.400 0.000]
[19:52:33.971] Arrived at: [-2.000 -0.400 0.000]
[19:52:33.971] Wait 0.000s
[19:52:33.971] Continue movement.

[19:52:33.971] Moving to: [0.000 -0.600 0.000]
[19:52:36.343] Arrived at: [0.000 -0.600 0.000]
[19:52:36.343] Wait 0.000s
[19:52:36.343] Continue movement.

[19:52:36.343] Moving to: [-2.000 -0.800 0.000]
[19:52:38.780] Arrived at: [-2.000 -0.800 0.000]
[19:52:38.780] Wait 0.000s
[19:52:38.780] Continue movement.

[19:52:38.780] Moving to: [0.000 -1.000 0.000]
[19:52:41.213] Arrived at: [0.000 -1.000 0.000]
[19:52:41.213] Wait 0.000s
[19:52:41.213] Continue movement.

[19:52:41.213] Moving to: [-2.000 -1.200 0.000]
[19:52:43.769] Arrived at: [-2.000 -1.200 0.000]
[19:52:43.769] Wait 0.000s
[19:52:43.769] Continue movement.

[19:52:43.769] Moving to: [0.000 -1.400 0.000]
[19:52:46.334] Arrived at: [0.000 -1.400 0.000] WARNING!
[19:52:46.334] Wait 0.000s
[19:52:46.339] Continue movement.

[19:52:46.340] Moving to: [-2.000 -1.600 0.000]
[19:52:48.732] Arrived at: [-2.000 -1.600 0.000]
[19:52:48.732] Wait 0.000s
[19:52:48.732] Continue movement.

[19:52:48.736] Moving to: [0.000 -1.800 0.000]
[19:52:51.111] Arrived at: [0.000 -1.800 0.000]
[19:52:51.111] Wait 0.000s
[19:52:51.111] Continue movement.

[19:52:51.111] Moving to: [-2.000 -2.000 0.000]
[19:52:53.461] Arrived at: [-2.000 -2.000 0.000]
[19:52:53.461] Wait 0.000s
[19:52:53.461] Continue movement.

[19:52:53.461] Moving to: [0.000 -2.200 0.000]
[19:52:55.923] Arrived at: [0.000 -2.200 0.000]
[19:52:55.923] Wait 0.000s
[19:52:55.923] Continue movement.

[19:52:55.923] Moving to: [-2.000 -2.400 0.000]
[19:52:58.332] Arrived at: [-2.000 -2.400 0.000]
[19:52:58.333] Wait 0.000s
[19:52:58.335] Continue movement.

[19:52:58.337] Moving to: [0.000 -2.600 0.000]
[19:53:00.744] Arrived at: [0.000 -2.600 0.000]
[19:53:00.744] Wait 0.000s
[19:53:00.744] Continue movement.

[19:53:00.744] Moving to: [-2.000 -2.800 0.000]
[19:53:03.193] Arrived at: [-2.000 -2.800 0.000] WARNING!
[19:53:03.193] Wait 0.000s
[19:53:03.195] Continue movement.

[19:53:03.196] Moving to: [0.000 -3.000 0.000]
[19:53:05.617] Arrived at: [0.000 -3.000 0.000]
[19:53:05.617] Wait 0.000s
[19:53:05.617] Continue movement.

[19:53:05.617] Moving to: [-2.000 -3.200 0.000]
[19:53:08.061] Arrived at: [-2.000 -3.200 0.000]
[19:53:08.061] Wait 0.000s
[19:53:08.061] Continue movement.

[19:53:08.061] Moving to: [0.000 -3.400 0.000]
[19:53:10.427] Arrived at: [0.000 -3.400 0.000]
[19:53:10.427] Wait 0.000s
[19:53:10.427] Continue movement.

[19:53:10.427] Moving to: [-2.000 -3.600 0.000]
[19:53:12.863] Arrived at: [-2.000 -3.600 0.000]
[19:53:12.863] Wait 0.000s
[19:53:12.863] Continue movement.

[19:53:12.863] Moving to: [0.000 -3.800 0.000]
[19:53:15.239] Arrived at: [0.000 -3.800 0.000] WARNING!
[19:53:15.239] Wait 0.000s
[19:53:15.239] Continue movement.

[19:53:15.239] Moving to: [-2.000 -4.000 0.000]
[19:53:17.633] Arrived at: [-2.000 -4.000 0.000]
[19:53:17.633] Wait 0.000s
[19:53:17.637] Continue movement.

[19:53:17.638] Moving to: [0.000 -4.200 0.000]
[19:53:20.067] Arrived at: [0.000 -4.200 0.000]
[19:53:20.068] Wait 0.000s
[19:53:20.068] Continue movement.

[19:53:20.068] Moving to: [-2.000 -4.400 0.000]
[19:53:22.435] Arrived at: [-2.000 -4.400 0.000]
[19:53:22.435] Wait 0.000s
[19:53:22.435] Continue movement.

[19:53:22.435] Finished iteration 2

[19:53:22.435] Starting iteration 3
[19:53:22.435] Moving to: [0.000 0.000 0.000]
[19:53:27.652] Arrived at: [0.000 0.000 0.000]
[19:53:27.652] Wait 0.000s
[19:53:27.652] Continue movement.

[19:53:27.652] Moving to: [-2.000 0.000 0.000]
[19:53:29.596] Arrived at: [-2.000 0.000 0.000]
[19:53:29.596] Wait 0.000s
[19:53:29.596] Continue movement.

[19:53:29.596] Moving to: [0.000 -0.200 0.000]
[19:53:32.018] Arrived at: [0.000 -0.200 0.000]
[19:53:32.018] Wait 0.000s
[19:53:32.018] Continue movement.

[19:53:32.018] Moving to: [-2.000 -0.400 0.000]
[19:53:34.429] Arrived at: [-2.000 -0.400 0.000]
[19:53:34.429] Wait 0.000s
[19:53:34.429] Continue movement.

[19:53:34.429] Moving to: [0.000 -0.600 0.000]
[19:53:36.844] Arrived at: [0.000 -0.600 0.000]
[19:53:36.844] Wait 0.000s
[19:53:36.844] Continue movement.

[19:53:36.844] Moving to: [-2.000 -0.800 0.000]
[19:53:39.427] Arrived at: [-2.000 -0.800 0.000]
[19:53:39.432] Wait 0.000s
[19:53:39.433] Continue movement.

[19:53:39.433] Moving to: [0.000 -1.000 0.000]
[19:53:41.833] Arrived at: [0.000 -1.000 0.000]
[19:53:41.833] Wait 0.000s
[19:53:41.833] Continue movement.

[19:53:41.833] Moving to: [-2.000 -1.200 0.000]
[19:53:44.220] Arrived at: [-2.000 -1.200 0.000]
[19:53:44.220] Wait 0.000s
[19:53:44.220] Continue movement.

[19:53:44.220] Moving to: [0.000 -1.400 0.000]
[19:53:46.586] Arrived at: [0.000 -1.400 0.000] WARNING!
[19:53:46.586] Wait 0.000s
[19:53:46.595] Continue movement.

[19:53:46.596] Moving to: [-2.000 -1.600 0.000]
[19:53:49.030] Arrived at: [-2.000 -1.600 0.000]
[19:53:49.030] Wait 0.000s
[19:53:49.030] Continue movement.

[19:53:49.030] Moving to: [0.000 -1.800 0.000]
[19:53:51.414] Arrived at: [0.000 -1.800 0.000]
[19:53:51.414] Wait 0.000s
[19:53:51.414] Continue movement.

[19:53:51.414] Moving to: [-2.000 -2.000 0.000]
[19:53:53.792] Arrived at: [-2.000 -2.000 0.000]
[19:53:53.792] Wait 0.000s
[19:53:53.792] Continue movement.

[19:53:53.792] Moving to: [0.000 -2.200 0.000]
[19:53:56.195] Arrived at: [0.000 -2.200 0.000]
[19:53:56.195] Wait 0.000s
[19:53:56.195] Continue movement.

[19:53:56.195] Moving to: [-2.000 -2.400 0.000]
[19:53:58.610] Arrived at: [-2.000 -2.400 0.000]
[19:53:58.610] Wait 0.000s
[19:53:58.610] Continue movement.

[19:53:58.610] Moving to: [0.000 -2.600 0.000]
[19:54:01.164] Arrived at: [0.000 -2.600 0.000]
[19:54:01.164] Wait 0.000s
[19:54:01.164] Continue movement.

[19:54:01.164] Moving to: [-2.000 -2.800 0.000]
[19:54:03.546] Arrived at: [-2.000 -2.800 0.000] WARNING!
[19:54:03.547] Wait 0.000s
[19:54:03.547] Continue movement.

[19:54:03.547] Moving to: [0.000 -3.000 0.000]
[19:54:05.976] Arrived at: [0.000 -3.000 0.000]
[19:54:05.976] Wait 0.000s
[19:54:05.976] Continue movement.

[19:54:05.976] Moving to: [-2.000 -3.200 0.000]
[19:54:08.344] Arrived at: [-2.000 -3.200 0.000]
[19:54:08.344] Wait 0.000s
[19:54:08.346] Continue movement.

[19:54:08.346] Moving to: [0.000 -3.400 0.000]
[19:54:10.762] Arrived at: [0.000 -3.400 0.000]
[19:54:10.762] Wait 0.000s
[19:54:10.762] Continue movement.

[19:54:10.762] Moving to: [-2.000 -3.600 0.000]
[19:54:13.205] Arrived at: [-2.000 -3.600 0.000]
[19:54:13.205] Wait 0.000s
[19:54:13.205] Continue movement.

[19:54:13.205] Moving to: [0.000 -3.800 0.000]
[19:54:15.597] Arrived at: [0.000 -3.800 0.000] WARNING!
[19:54:15.597] Wait 0.000s
[19:54:15.606] Continue movement.

[19:54:15.606] Moving to: [-2.000 -4.000 0.000]
[19:54:17.960] Arrived at: [-2.000 -4.000 0.000]
[19:54:17.960] Wait 0.000s
[19:54:17.960] Continue movement.

[19:54:17.960] Moving to: [0.000 -4.200 0.000]
[19:54:20.373] Arrived at: [0.000 -4.200 0.000]
[19:54:20.373] Wait 0.000s
[19:54:20.373] Continue movement.

[19:54:20.373] Moving to: [-2.000 -4.400 0.000]
[19:54:22.768] Arrived at: [-2.000 -4.400 0.000]
[19:54:22.768] Wait 0.000s
[19:54:22.768] Continue movement.

[19:54:22.768] Finished iteration 3

[19:54:22.768] Starting iteration 4
[19:54:22.768] Moving to: [0.000 0.000 0.000]
[19:54:28.032] Arrived at: [0.000 0.000 0.000]
[19:54:28.032] Wait 0.000s
[19:54:28.032] Continue movement.

[19:54:28.032] Moving to: [-2.000 0.000 0.000]
[19:54:30.112] Arrived at: [-2.000 0.000 0.000]
[19:54:30.112] Wait 0.000s
[19:54:30.112] Continue movement.

[19:54:30.112] Moving to: [0.000 -0.200 0.000]
[19:54:32.510] Arrived at: [0.000 -0.200 0.000]
[19:54:32.510] Wait 0.000s
[19:54:32.510] Continue movement.

[19:54:32.510] Moving to: [-2.000 -0.400 0.000]
[19:54:34.916] Arrived at: [-2.000 -0.400 0.000]
[19:54:34.916] Wait 0.000s
[19:54:34.916] Continue movement.

[19:54:34.916] Moving to: [0.000 -0.600 0.000]
[19:54:37.328] Arrived at: [0.000 -0.600 0.000]
[19:54:37.332] Wait 0.000s
[19:54:37.332] Continue movement.

[19:54:37.332] Moving to: [-2.000 -0.800 0.000]
[19:54:39.712] Arrived at: [-2.000 -0.800 0.000]
[19:54:39.713] Wait 0.000s
[19:54:39.713] Continue movement.

[19:54:39.714] Moving to: [0.000 -1.000 0.000]
[19:54:42.138] Arrived at: [0.000 -1.000 0.000]
[19:54:42.142] Wait 0.000s
[19:54:42.144] Continue movement.

[19:54:42.144] Moving to: [-2.000 -1.200 0.000]
[19:54:44.623] Arrived at: [-2.000 -1.200 0.000]
[19:54:44.623] Wait 0.000s
[19:54:44.623] Continue movement.

[19:54:44.623] Moving to: [0.000 -1.400 0.000]
[19:54:47.044] Arrived at: [0.000 -1.400 0.000] WARNING!
[19:54:47.044] Wait 0.000s
[19:54:47.058] Continue movement.

[19:54:47.061] Moving to: [-2.000 -1.600 0.000]
[19:54:49.440] Arrived at: [-2.000 -1.600 0.000]
[19:54:49.440] Wait 0.000s
[19:54:49.440] Continue movement.

[19:54:49.440] Moving to: [0.000 -1.800 0.000]
[19:54:51.992] Arrived at: [0.000 -1.800 0.000]
[19:54:51.992] Wait 0.000s
[19:54:51.992] Continue movement.

[19:54:51.992] Moving to: [-2.000 -2.000 0.000]
[19:54:54.387] Arrived at: [-2.000 -2.000 0.000]
[19:54:54.387] Wait 0.000s
[19:54:54.387] Continue movement.

[19:54:54.387] Moving to: [0.000 -2.200 0.000]
[19:54:56.800] Arrived at: [0.000 -2.200 0.000]
[19:54:56.800] Wait 0.000s
[19:54:56.800] Continue movement.

[19:54:56.804] Moving to: [-2.000 -2.400 0.000]
[19:54:59.236] Arrived at: [-2.000 -2.400 0.000]
[19:54:59.236] Wait 0.000s
[19:54:59.236] Continue movement.

[19:54:59.236] Moving to: [0.000 -2.600 0.000]
[19:55:01.603] Arrived at: [0.000 -2.600 0.000]
[19:55:01.603] Wait 0.000s
[19:55:01.603] Continue movement.

[19:55:01.603] Moving to: [-2.000 -2.800 0.000]
[19:55:03.997] Arrived at: [-2.000 -2.800 0.000] WARNING!
[19:55:03.997] Wait 0.000s
[19:55:04.007] Continue movement.

[19:55:04.008] Moving to: [0.000 -3.000 0.000]
[19:55:06.375] Arrived at: [0.000 -3.000 0.000]
[19:55:06.375] Wait 0.000s
[19:55:06.375] Continue movement.

[19:55:06.375] Moving to: [-2.000 -3.200 0.000]
[19:55:08.873] Arrived at: [-2.000 -3.200 0.000]
[19:55:08.873] Wait 0.000s
[19:55:08.873] Continue movement.

[19:55:08.873] Moving to: [0.000 -3.400 0.000]
[19:55:11.272] Arrived at: [0.000 -3.400 0.000]
[19:55:11.272] Wait 0.000s
[19:55:11.272] Continue movement.

[19:55:11.272] Moving to: [-2.000 -3.600 0.000]
[19:55:13.808] Arrived at: [-2.000 -3.600 0.000]
[19:55:13.808] Wait 0.000s
[19:55:13.811] Continue movement.

[19:55:13.812] Moving to: [0.000 -3.800 0.000]
[19:55:16.199] Arrived at: [0.000 -3.800 0.000] WARNING!
[19:55:16.199] Wait 0.000s
[19:55:16.199] Continue movement.

[19:55:16.209] Moving to: [-2.000 -4.000 0.000]
[19:55:18.594] Arrived at: [-2.000 -4.000 0.000]
[19:55:18.594] Wait 0.000s
[19:55:18.594] Continue movement.

[19:55:18.594] Moving to: [0.000 -4.200 0.000]
[19:55:21.000] Arrived at: [0.000 -4.200 0.000]
[19:55:21.000] Wait 0.000s
[19:55:21.000] Continue movement.

[19:55:21.000] Moving to: [-2.000 -4.400 0.000]
[19:55:23.460] Arrived at: [-2.000 -4.400 0.000]
[19:55:23.460] Wait 0.000s
[19:55:23.460] Continue movement.

[19:55:23.460] Finished iteration 4

[19:55:23.460] Starting iteration 5
[19:55:23.460] Moving to: [0.000 0.000 0.000]
[19:55:28.698] Arrived at: [0.000 0.000 0.000]
[19:55:28.698] Wait 0.000s
[19:55:28.698] Continue movement.

[19:55:28.698] Moving to: [-2.000 0.000 0.000]
[19:55:30.667] Arrived at: [-2.000 0.000 0.000]
[19:55:30.667] Wait 0.000s
[19:55:30.667] Continue movement.

[19:55:30.667] Moving to: [0.000 -0.200 0.000]
[19:55:33.051] Arrived at: [0.000 -0.200 0.000]
[19:55:33.051] Wait 0.000s
[19:55:33.051] Continue movement.

[19:55:33.051] Moving to: [-2.000 -0.400 0.000]
[19:55:35.449] Arrived at: [-2.000 -0.400 0.000]
[19:55:35.449] Wait 0.000s
[19:55:35.449] Continue movement.

[19:55:35.449] Moving to: [0.000 -0.600 0.000]
[19:55:37.873] Arrived at: [0.000 -0.600 0.000]
[19:55:37.874] Wait 0.000s
[19:55:37.877] Continue movement.

[19:55:37.877] Moving to: [-2.000 -0.800 0.000]
[19:55:40.477] Arrived at: [-2.000 -0.800 0.000]
[19:55:40.477] Wait 0.000s
[19:55:40.477] Continue movement.

[19:55:40.477] Moving to: [0.000 -1.000 0.000]
[19:55:42.881] Arrived at: [0.000 -1.000 0.000]
[19:55:42.881] Wait 0.000s
[19:55:42.881] Continue movement.

[19:55:42.881] Moving to: [-2.000 -1.200 0.000]
[19:55:45.315] Arrived at: [-2.000 -1.200 0.000]
[19:55:45.315] Wait 0.000s
[19:55:45.315] Continue movement.

[19:55:45.315] Moving to: [0.000 -1.400 0.000]
[19:55:47.685] Arrived at: [0.000 -1.400 0.000] WARNING!
[19:55:47.686] Wait 0.000s
[19:55:47.687] Continue movement.

[19:55:47.687] Moving to: [-2.000 -1.600 0.000]
[19:55:50.049] Arrived at: [-2.000 -1.600 0.000]
[19:55:50.049] Wait 0.000s
[19:55:50.049] Continue movement.

[19:55:50.049] Moving to: [0.000 -1.800 0.000]
[19:55:52.425] Arrived at: [0.000 -1.800 0.000]
[19:55:52.429] Wait 0.000s
[19:55:52.430] Continue movement.

[19:55:52.430] Moving to: [-2.000 -2.000 0.000]
[19:55:54.829] Arrived at: [-2.000 -2.000 0.000]
[19:55:54.829] Wait 0.000s
[19:55:54.829] Continue movement.

[19:55:54.829] Moving to: [0.000 -2.200 0.000]
[19:55:57.244] Arrived at: [0.000 -2.200 0.000]
[19:55:57.244] Wait 0.000s
[19:55:57.244] Continue movement.

[19:55:57.244] Moving to: [-2.000 -2.400 0.000]
[19:55:59.643] Arrived at: [-2.000 -2.400 0.000]
[19:55:59.643] Wait 0.000s
[19:55:59.643] Continue movement.

[19:55:59.643] Moving to: [0.000 -2.600 0.000]
[19:56:02.056] Arrived at: [0.000 -2.600 0.000]
[19:56:02.056] Wait 0.000s
[19:56:02.056] Continue movement.

[19:56:02.056] Moving to: [-2.000 -2.800 0.000]
[19:56:04.518] Arrived at: [-2.000 -2.800 0.000] WARNING!
[19:56:04.518] Wait 0.000s
[19:56:04.519] Continue movement.

[19:56:04.521] Moving to: [0.000 -3.000 0.000]
[19:56:06.922] Arrived at: [0.000 -3.000 0.000]
[19:56:06.922] Wait 0.000s
[19:56:06.922] Continue movement.

[19:56:06.922] Moving to: [-2.000 -3.200 0.000]
[19:56:09.318] Arrived at: [-2.000 -3.200 0.000]
[19:56:09.318] Wait 0.000s
[19:56:09.318] Continue movement.

[19:56:09.318] Moving to: [0.000 -3.400 0.000]
[19:56:11.700] Arrived at: [0.000 -3.400 0.000]
[19:56:11.700] Wait 0.000s
[19:56:11.700] Continue movement.

[19:56:11.700] Moving to: [-2.000 -3.600 0.000]
[19:56:14.074] Arrived at: [-2.000 -3.600 0.000]
[19:56:14.074] Wait 0.000s
[19:56:14.077] Continue movement.

[19:56:14.077] Moving to: [0.000 -3.800 0.000]
[19:56:16.447] Arrived at: [0.000 -3.800 0.000] WARNING!
[19:56:16.447] Wait 0.000s
[19:56:16.460] Continue movement.

[19:56:16.461] Moving to: [-2.000 -4.000 0.000]
[19:56:19.141] Arrived at: [-2.000 -4.000 0.000]
[19:56:19.141] Wait 0.000s
[19:56:19.141] Continue movement.

[19:56:19.146] Moving to: [0.000 -4.200 0.000]
[19:56:21.737] Arrived at: [0.000 -4.200 0.000]
[19:56:21.737] Wait 0.000s
[19:56:21.742] Continue movement.

[19:56:21.742] Moving to: [-2.000 -4.400 0.000]
[19:56:24.135] Arrived at: [-2.000 -4.400 0.000]
[19:56:24.137] Wait 0.000s
[19:56:24.138] Continue movement.

[19:56:24.140] Finished iteration 5

[19:56:24.141] Starting iteration 6
[19:56:24.142] Moving to: [0.000 0.000 0.000]
[19:56:29.523] Arrived at: [0.000 0.000 0.000]
[19:56:29.523] Wait 0.000s
[19:56:29.523] Continue movement.

[19:56:29.523] Moving to: [-2.000 0.000 0.000]
[19:56:31.418] Arrived at: [-2.000 0.000 0.000]
[19:56:31.418] Wait 0.000s
[19:56:31.418] Continue movement.

[19:56:31.418] Moving to: [0.000 -0.200 0.000]
[19:56:33.835] Arrived at: [0.000 -0.200 0.000]
[19:56:33.835] Wait 0.000s
[19:56:33.835] Continue movement.

[19:56:33.835] Moving to: [-2.000 -0.400 0.000]
[19:56:36.315] Arrived at: [-2.000 -0.400 0.000]
[19:56:36.315] Wait 0.000s
[19:56:36.315] Continue movement.

[19:56:36.315] Moving to: [0.000 -0.600 0.000]
[19:56:38.728] Arrived at: [0.000 -0.600 0.000]
[19:56:38.728] Wait 0.000s
[19:56:38.730] Continue movement.

[19:56:38.731] Moving to: [-2.000 -0.800 0.000]
[19:56:41.125] Arrived at: [-2.000 -0.800 0.000]
[19:56:41.129] Wait 0.000s
[19:56:41.130] Continue movement.

[19:56:41.130] Moving to: [0.000 -1.000 0.000]
[19:56:43.580] Arrived at: [0.000 -1.000 0.000]
[19:56:43.580] Wait 0.000s
[19:56:43.580] Continue movement.

[19:56:43.580] Moving to: [-2.000 -1.200 0.000]
[19:56:45.980] Arrived at: [-2.000 -1.200 0.000]
[19:56:45.980] Wait 0.000s
[19:56:45.980] Continue movement.

[19:56:45.980] Moving to: [0.000 -1.400 0.000]
[19:56:48.445] Arrived at: [0.000 -1.400 0.000] WARNING!
[19:56:48.445] Wait 0.000s
[19:56:48.446] Continue movement.

[19:56:48.446] Moving to: [-2.000 -1.600 0.000]
[19:56:50.830] Arrived at: [-2.000 -1.600 0.000]
[19:56:50.830] Wait 0.000s
[19:56:50.834] Continue movement.

[19:56:50.834] Moving to: [0.000 -1.800 0.000]
[19:56:53.393] Arrived at: [0.000 -1.800 0.000]
[19:56:53.393] Wait 0.000s
[19:56:53.393] Continue movement.

[19:56:53.393] Moving to: [-2.000 -2.000 0.000]
[19:56:55.839] Arrived at: [-2.000 -2.000 0.000]
[19:56:55.839] Wait 0.000s
[19:56:55.839] Continue movement.

[19:56:55.839] Moving to: [0.000 -2.200 0.000]
[19:56:58.266] Arrived at: [0.000 -2.200 0.000]
[19:56:58.266] Wait 0.000s
[19:56:58.266] Continue movement.

[19:56:58.266] Moving to: [-2.000 -2.400 0.000]
[19:57:00.632] Arrived at: [-2.000 -2.400 0.000]
[19:57:00.632] Wait 0.000s
[19:57:00.632] Continue movement.

[19:57:00.632] Moving to: [0.000 -2.600 0.000]
[19:57:03.052] Arrived at: [0.000 -2.600 0.000]
[19:57:03.052] Wait 0.000s
[19:57:03.052] Continue movement.

[19:57:03.052] Moving to: [-2.000 -2.800 0.000]
[19:57:05.432] Arrived at: [-2.000 -2.800 0.000] WARNING!
[19:57:05.437] Wait 0.000s
[19:57:05.440] Continue movement.

[19:57:05.441] Moving to: [0.000 -3.000 0.000]
[19:57:07.858] Arrived at: [0.000 -3.000 0.000]
[19:57:07.862] Wait 0.000s
[19:57:07.862] Continue movement.

[19:57:07.862] Moving to: [-2.000 -3.200 0.000]
[19:57:10.243] Arrived at: [-2.000 -3.200 0.000]
[19:57:10.243] Wait 0.000s
[19:57:10.248] Continue movement.

[19:57:10.248] Moving to: [0.000 -3.400 0.000]
[19:57:12.661] Arrived at: [0.000 -3.400 0.000]
[19:57:12.661] Wait 0.000s
[19:57:12.666] Continue movement.

[19:57:12.666] Moving to: [-2.000 -3.600 0.000]
[19:57:15.057] Arrived at: [-2.000 -3.600 0.000]
[19:57:15.057] Wait 0.000s
[19:57:15.057] Continue movement.

[19:57:15.057] Moving to: [0.000 -3.800 0.000]
[19:57:17.459] Arrived at: [0.000 -3.800 0.000] WARNING!
[19:57:17.459] Wait 0.000s
[19:57:17.466] Continue movement.

[19:57:17.466] Moving to: [-2.000 -4.000 0.000]
[19:57:19.854] Arrived at: [-2.000 -4.000 0.000]
[19:57:19.854] Wait 0.000s
[19:57:19.854] Continue movement.

[19:57:19.854] Moving to: [0.000 -4.200 0.000]
[19:57:22.236] Arrived at: [0.000 -4.200 0.000]
[19:57:22.236] Wait 0.000s
[19:57:22.236] Continue movement.

[19:57:22.236] Moving to: [-2.000 -4.400 0.000]
[19:57:24.621] Arrived at: [-2.000 -4.400 0.000]
[19:57:24.621] Wait 0.000s
[19:57:24.621] Continue movement.

[19:57:24.621] Finished iteration 6

[19:57:24.621] Starting iteration 7
[19:57:24.621] Moving to: [0.000 0.000 0.000]
[19:57:29.847] Arrived at: [0.000 0.000 0.000]
[19:57:29.847] Wait 0.000s
[19:57:29.847] Continue movement.

[19:57:29.847] Moving to: [-2.000 0.000 0.000]
[19:57:31.780] Arrived at: [-2.000 0.000 0.000]
[19:57:31.780] Wait 0.000s
[19:57:31.780] Continue movement.

[19:57:31.780] Moving to: [0.000 -0.200 0.000]
[19:57:34.262] Arrived at: [0.000 -0.200 0.000]
[19:57:34.262] Wait 0.000s
[19:57:34.262] Continue movement.

[19:57:34.262] Moving to: [-2.000 -0.400 0.000]
[19:57:36.659] Arrived at: [-2.000 -0.400 0.000]
[19:57:36.659] Wait 0.000s
[19:57:36.659] Continue movement.

[19:57:36.659] Moving to: [0.000 -0.600 0.000]
[19:57:39.010] Arrived at: [0.000 -0.600 0.000]
[19:57:39.010] Wait 0.000s
[19:57:39.010] Continue movement.

[19:57:39.010] Moving to: [-2.000 -0.800 0.000]
[19:57:41.442] Arrived at: [-2.000 -0.800 0.000]
[19:57:41.442] Wait 0.000s
[19:57:41.442] Continue movement.

[19:57:41.442] Moving to: [0.000 -1.000 0.000]
[19:57:43.840] Arrived at: [0.000 -1.000 0.000]
[19:57:43.840] Wait 0.000s
[19:57:43.840] Continue movement.

[19:57:43.840] Moving to: [-2.000 -1.200 0.000]
[19:57:46.241] Arrived at: [-2.000 -1.200 0.000]
[19:57:46.252] Wait 0.000s
[19:57:46.253] Continue movement.

[19:57:46.253] Moving to: [0.000 -1.400 0.000]
[19:57:48.636] Arrived at: [0.000 -1.400 0.000] WARNING!
[19:57:48.636] Wait 0.000s
[19:57:48.637] Continue movement.

[19:57:48.637] Moving to: [-2.000 -1.600 0.000]
[19:57:51.228] Arrived at: [-2.000 -1.600 0.000]
[19:57:51.228] Wait 0.000s
[19:57:51.228] Continue movement.

[19:57:51.228] Moving to: [0.000 -1.800 0.000]
[19:57:53.603] Arrived at: [0.000 -1.800 0.000]
[19:57:53.603] Wait 0.000s
[19:57:53.603] Continue movement.

[19:57:53.603] Moving to: [-2.000 -2.000 0.000]
[19:57:56.009] Arrived at: [-2.000 -2.000 0.000]
[19:57:56.009] Wait 0.000s
[19:57:56.009] Continue movement.

[19:57:56.009] Moving to: [0.000 -2.200 0.000]
[19:57:58.397] Arrived at: [0.000 -2.200 0.000]
[19:57:58.397] Wait 0.000s
[19:57:58.397] Continue movement.

[19:57:58.397] Moving to: [-2.000 -2.400 0.000]
[19:58:00.761] Arrived at: [-2.000 -2.400 0.000]
[19:58:00.761] Wait 0.000s
[19:58:00.761] Continue movement.

[19:58:00.761] Moving to: [0.000 -2.600 0.000]
[19:58:03.175] Arrived at: [0.000 -2.600 0.000]
[19:58:03.176] Wait 0.000s
[19:58:03.176] Continue movement.

[19:58:03.176] Moving to: [-2.000 -2.800 0.000]
[19:58:05.564] Arrived at: [-2.000 -2.800 0.000] WARNING!
[19:58:05.564] Wait 0.000s
[19:58:05.575] Continue movement.

[19:58:05.576] Moving to: [0.000 -3.000 0.000]
[19:58:07.992] Arrived at: [0.000 -3.000 0.000]
[19:58:07.992] Wait 0.000s
[19:58:07.992] Continue movement.

[19:58:07.992] Moving to: [-2.000 -3.200 0.000]
[19:58:10.375] Arrived at: [-2.000 -3.200 0.000]
[19:58:10.375] Wait 0.000s
[19:58:10.377] Continue movement.

[19:58:10.378] Moving to: [0.000 -3.400 0.000]
[19:58:12.780] Arrived at: [0.000 -3.400 0.000]
[19:58:12.780] Wait 0.000s
[19:58:12.780] Continue movement.

[19:58:12.780] Moving to: [-2.000 -3.600 0.000]
[19:58:15.132] Arrived at: [-2.000 -3.600 0.000]
[19:58:15.132] Wait 0.000s
[19:58:15.137] Continue movement.

[19:58:15.137] Moving to: [0.000 -3.800 0.000]
[19:58:17.520] Arrived at: [0.000 -3.800 0.000] WARNING!
[19:58:17.520] Wait 0.000s
[19:58:17.520] Continue movement.

[19:58:17.520] Moving to: [-2.000 -4.000 0.000]
[19:58:20.010] Arrived at: [-2.000 -4.000 0.000]
[19:58:20.010] Wait 0.000s
[19:58:20.010] Continue movement.

[19:58:20.010] Moving to: [0.000 -4.200 0.000]
[19:58:22.561] Arrived at: [0.000 -4.200 0.000]
[19:58:22.561] Wait 0.000s
[19:58:22.561] Continue movement.

[19:58:22.561] Moving to: [-2.000 -4.400 0.000]
[19:58:24.930] Arrived at: [-2.000 -4.400 0.000]
[19:58:24.930] Wait 0.000s
[19:58:24.930] Continue movement.

[19:58:24.930] Finished iteration 7

[19:58:24.935] Starting iteration 8
[19:58:24.936] Moving to: [0.000 0.000 0.000]
[19:58:30.118] Arrived at: [0.000 0.000 0.000]
[19:58:30.118] Wait 0.000s
[19:58:30.118] Continue movement.

[19:58:30.118] Moving to: [-2.000 0.000 0.000]
[19:58:32.027] Arrived at: [-2.000 0.000 0.000]
[19:58:32.027] Wait 0.000s
[19:58:32.027] Continue movement.

[19:58:32.027] Moving to: [0.000 -0.200 0.000]
[19:58:34.391] Arrived at: [0.000 -0.200 0.000]
[19:58:34.391] Wait 0.000s
[19:58:34.391] Continue movement.

[19:58:34.391] Moving to: [-2.000 -0.400 0.000]
[19:58:36.792] Arrived at: [-2.000 -0.400 0.000]
[19:58:36.792] Wait 0.000s
[19:58:36.792] Continue movement.

[19:58:36.792] Moving to: [0.000 -0.600 0.000]
[19:58:39.159] Arrived at: [0.000 -0.600 0.000]
[19:58:39.159] Wait 0.000s
[19:58:39.159] Continue movement.

[19:58:39.159] Moving to: [-2.000 -0.800 0.000]
[19:58:41.582] Arrived at: [-2.000 -0.800 0.000]
[19:58:41.582] Wait 0.000s
[19:58:41.582] Continue movement.

[19:58:41.582] Moving to: [0.000 -1.000 0.000]
[19:58:44.030] Arrived at: [0.000 -1.000 0.000]
[19:58:44.030] Wait 0.000s
[19:58:44.030] Continue movement.

[19:58:44.030] Moving to: [-2.000 -1.200 0.000]
[19:58:46.433] Arrived at: [-2.000 -1.200 0.000]
[19:58:46.433] Wait 0.000s
[19:58:46.433] Continue movement.

[19:58:46.433] Moving to: [0.000 -1.400 0.000]
[19:58:48.842] Arrived at: [0.000 -1.400 0.000] WARNING!
[19:58:48.842] Wait 0.000s
[19:58:48.842] Continue movement.

[19:58:48.851] Moving to: [-2.000 -1.600 0.000]
[19:58:51.239] Arrived at: [-2.000 -1.600 0.000]
[19:58:51.239] Wait 0.000s
[19:58:51.239] Continue movement.

[19:58:51.239] Moving to: [0.000 -1.800 0.000]
[19:58:53.796] Arrived at: [0.000 -1.800 0.000]
[19:58:53.796] Wait 0.000s
[19:58:53.796] Continue movement.

[19:58:53.796] Moving to: [-2.000 -2.000 0.000]
[19:58:56.233] Arrived at: [-2.000 -2.000 0.000]
[19:58:56.233] Wait 0.000s
[19:58:56.233] Continue movement.

[19:58:56.233] Moving to: [0.000 -2.200 0.000]
[19:58:58.626] Arrived at: [0.000 -2.200 0.000]
[19:58:58.626] Wait 0.000s
[19:58:58.626] Continue movement.

[19:58:58.626] Moving to: [-2.000 -2.400 0.000]
[19:59:00.981] Arrived at: [-2.000 -2.400 0.000]
[19:59:00.981] Wait 0.000s
[19:59:00.981] Continue movement.

[19:59:00.981] Moving to: [0.000 -2.600 0.000]
[19:59:03.379] Arrived at: [0.000 -2.600 0.000]
[19:59:03.379] Wait 0.000s
[19:59:03.379] Continue movement.

[19:59:03.379] Moving to: [-2.000 -2.800 0.000]
[19:59:05.759] Arrived at: [-2.000 -2.800 0.000] WARNING!
[19:59:05.759] Wait 0.000s
[19:59:05.771] Continue movement.

[19:59:05.772] Moving to: [0.000 -3.000 0.000]
[19:59:08.110] Arrived at: [0.000 -3.000 0.000]
[19:59:08.110] Wait 0.000s
[19:59:08.110] Continue movement.

[19:59:08.110] Moving to: [-2.000 -3.200 0.000]
[19:59:10.463] Arrived at: [-2.000 -3.200 0.000]
[19:59:10.463] Wait 0.000s
[19:59:10.463] Continue movement.

[19:59:10.463] Moving to: [0.000 -3.400 0.000]
[19:59:12.876] Arrived at: [0.000 -3.400 0.000]
[19:59:12.876] Wait 0.000s
[19:59:12.876] Continue movement.

[19:59:12.876] Moving to: [-2.000 -3.600 0.000]
[19:59:15.345] Arrived at: [-2.000 -3.600 0.000]
[19:59:15.345] Wait 0.000s
[19:59:15.345] Continue movement.

[19:59:15.345] Moving to: [0.000 -3.800 0.000]
[19:59:17.735] Arrived at: [0.000 -3.800 0.000] WARNING!
[19:59:17.735] Wait 0.000s
[19:59:17.739] Continue movement.

[19:59:17.740] Moving to: [-2.000 -4.000 0.000]
[19:59:20.169] Arrived at: [-2.000 -4.000 0.000]
[19:59:20.169] Wait 0.000s
[19:59:20.169] Continue movement.

[19:59:20.169] Moving to: [0.000 -4.200 0.000]
[19:59:22.569] Arrived at: [0.000 -4.200 0.000]
[19:59:22.569] Wait 0.000s
[19:59:22.569] Continue movement.

[19:59:22.569] Moving to: [-2.000 -4.400 0.000]
[19:59:24.982] Arrived at: [-2.000 -4.400 0.000]
[19:59:24.982] Wait 0.000s
[19:59:24.982] Continue movement.

[19:59:24.982] Finished iteration 8

[19:59:24.982] Starting iteration 9
[19:59:24.982] Moving to: [0.000 0.000 0.000]
[19:59:30.178] Arrived at: [0.000 0.000 0.000]
[19:59:30.178] Wait 0.000s
[19:59:30.178] Continue movement.

[19:59:30.178] Moving to: [-2.000 0.000 0.000]
[19:59:32.097] Arrived at: [-2.000 0.000 0.000]
[19:59:32.097] Wait 0.000s
[19:59:32.097] Continue movement.

[19:59:32.097] Moving to: [0.000 -0.200 0.000]
[19:59:34.560] Arrived at: [0.000 -0.200 0.000]
[19:59:34.560] Wait 0.000s
[19:59:34.560] Continue movement.

[19:59:34.560] Moving to: [-2.000 -0.400 0.000]
[19:59:36.972] Arrived at: [-2.000 -0.400 0.000]
[19:59:36.972] Wait 0.000s
[19:59:36.972] Continue movement.

[19:59:36.972] Moving to: [0.000 -0.600 0.000]
[19:59:39.333] Arrived at: [0.000 -0.600 0.000]
[19:59:39.333] Wait 0.000s
[19:59:39.333] Continue movement.

[19:59:39.333] Moving to: [-2.000 -0.800 0.000]
[19:59:41.797] Arrived at: [-2.000 -0.800 0.000]
[19:59:41.797] Wait 0.000s
[19:59:41.797] Continue movement.

[19:59:41.797] Moving to: [0.000 -1.000 0.000]
[19:59:44.172] Arrived at: [0.000 -1.000 0.000]
[19:59:44.172] Wait 0.000s
[19:59:44.172] Continue movement.

[19:59:44.172] Moving to: [-2.000 -1.200 0.000]
[19:59:46.576] Arrived at: [-2.000 -1.200 0.000]
[19:59:46.576] Wait 0.000s
[19:59:46.576] Continue movement.

[19:59:46.576] Moving to: [0.000 -1.400 0.000]
[19:59:48.937] Arrived at: [0.000 -1.400 0.000] WARNING!
[19:59:48.937] Wait 0.000s
[19:59:48.939] Continue movement.

[19:59:48.940] Moving to: [-2.000 -1.600 0.000]
[19:59:51.333] Arrived at: [-2.000 -1.600 0.000]
[19:59:51.337] Wait 0.000s
[19:59:51.337] Continue movement.

[19:59:51.337] Moving to: [0.000 -1.800 0.000]
[19:59:53.765] Arrived at: [0.000 -1.800 0.000]
[19:59:53.765] Wait 0.000s
[19:59:53.765] Continue movement.

[19:59:53.765] Moving to: [-2.000 -2.000 0.000]
[19:59:56.165] Arrived at: [-2.000 -2.000 0.000]
[19:59:56.165] Wait 0.000s
[19:59:56.165] Continue movement.

[19:59:56.165] Moving to: [0.000 -2.200 0.000]
[19:59:58.576] Arrived at: [0.000 -2.200 0.000]
[19:59:58.576] Wait 0.000s
[19:59:58.576] Continue movement.

[19:59:58.576] Moving to: [-2.000 -2.400 0.000]
[20:00:00.994] Arrived at: [-2.000 -2.400 0.000]
[20:00:00.994] Wait 0.000s
[20:00:00.994] Continue movement.

[20:00:00.994] Moving to: [0.000 -2.600 0.000]
[20:00:03.390] Arrived at: [0.000 -2.600 0.000]
[20:00:03.390] Wait 0.000s
[20:00:03.390] Continue movement.

[20:00:03.390] Moving to: [-2.000 -2.800 0.000]
[20:00:05.808] Arrived at: [-2.000 -2.800 0.000] WARNING!
[20:00:05.808] Wait 0.000s
[20:00:05.817] Continue movement.

[20:00:05.819] Moving to: [0.000 -3.000 0.000]
[20:00:08.203] Arrived at: [0.000 -3.000 0.000]
[20:00:08.203] Wait 0.000s
[20:00:08.203] Continue movement.

[20:00:08.203] Moving to: [-2.000 -3.200 0.000]
[20:00:10.598] Arrived at: [-2.000 -3.200 0.000]
[20:00:10.598] Wait 0.000s
[20:00:10.598] Continue movement.

[20:00:10.598] Moving to: [0.000 -3.400 0.000]
[20:00:13.053] Arrived at: [0.000 -3.400 0.000]
[20:00:13.053] Wait 0.000s
[20:00:13.053] Continue movement.

[20:00:13.053] Moving to: [-2.000 -3.600 0.000]
[20:00:15.497] Arrived at: [-2.000 -3.600 0.000]
[20:00:15.497] Wait 0.000s
[20:00:15.497] Continue movement.

[20:00:15.497] Moving to: [0.000 -3.800 0.000]
[20:00:17.917] Arrived at: [0.000 -3.800 0.000] WARNING!
[20:00:17.917] Wait 0.000s
[20:00:17.926] Continue movement.

[20:00:17.926] Moving to: [-2.000 -4.000 0.000]
[20:00:20.310] Arrived at: [-2.000 -4.000 0.000]
[20:00:20.310] Wait 0.000s
[20:00:20.310] Continue movement.

[20:00:20.310] Moving to: [0.000 -4.200 0.000]
[20:00:22.687] Arrived at: [0.000 -4.200 0.000]
[20:00:22.687] Wait 0.000s
[20:00:22.687] Continue movement.

[20:00:22.687] Moving to: [-2.000 -4.400 0.000]
[20:00:25.135] Arrived at: [-2.000 -4.400 0.000]
[20:00:25.136] Wait 0.000s
[20:00:25.137] Continue movement.

[20:00:25.137] Finished iteration 9

[20:00:25.137] Starting iteration 10
[20:00:25.137] Moving to: [0.000 0.000 0.000]
[20:00:30.523] Arrived at: [0.000 0.000 0.000]
[20:00:30.525] Wait 0.000s
[20:00:30.526] Continue movement.

[20:00:30.526] Moving to: [-2.000 0.000 0.000]
[20:00:32.690] Arrived at: [-2.000 0.000 0.000]
[20:00:32.690] Wait 0.000s
[20:00:32.690] Continue movement.

[20:00:32.690] Moving to: [0.000 -0.200 0.000]
[20:00:35.203] Arrived at: [0.000 -0.200 0.000]
[20:00:35.203] Wait 0.000s
[20:00:35.203] Continue movement.

[20:00:35.203] Moving to: [-2.000 -0.400 0.000]
[20:00:37.564] Arrived at: [-2.000 -0.400 0.000]
[20:00:37.564] Wait 0.000s
[20:00:37.564] Continue movement.

[20:00:37.564] Moving to: [0.000 -0.600 0.000]
[20:00:39.979] Arrived at: [0.000 -0.600 0.000]
[20:00:39.979] Wait 0.000s
[20:00:39.979] Continue movement.

[20:00:39.979] Moving to: [-2.000 -0.800 0.000]
[20:00:42.411] Arrived at: [-2.000 -0.800 0.000]
[20:00:42.411] Wait 0.000s
[20:00:42.411] Continue movement.

[20:00:42.411] Moving to: [0.000 -1.000 0.000]
[20:00:44.857] Arrived at: [0.000 -1.000 0.000]
[20:00:44.862] Wait 0.000s
[20:00:44.863] Continue movement.

[20:00:44.863] Moving to: [-2.000 -1.200 0.000]
[20:00:47.273] Arrived at: [-2.000 -1.200 0.000]
[20:00:47.273] Wait 0.000s
[20:00:47.273] Continue movement.

[20:00:47.273] Moving to: [0.000 -1.400 0.000]
[20:00:49.798] Arrived at: [0.000 -1.400 0.000] WARNING!
[20:00:49.798] Wait 0.000s
[20:00:49.810] Continue movement.

[20:00:49.813] Moving to: [-2.000 -1.600 0.000]
[20:00:52.247] Arrived at: [-2.000 -1.600 0.000]
[20:00:52.247] Wait 0.000s
[20:00:52.247] Continue movement.

[20:00:52.247] Moving to: [0.000 -1.800 0.000]
[20:00:54.704] Arrived at: [0.000 -1.800 0.000]
[20:00:54.704] Wait 0.000s
[20:00:54.704] Continue movement.

[20:00:54.704] Moving to: [-2.000 -2.000 0.000]
[20:00:57.169] Arrived at: [-2.000 -2.000 0.000]
[20:00:57.169] Wait 0.000s
[20:00:57.169] Continue movement.

[20:00:57.169] Moving to: [0.000 -2.200 0.000]
[20:00:59.590] Arrived at: [0.000 -2.200 0.000]
[20:00:59.590] Wait 0.000s
[20:00:59.590] Continue movement.

[20:00:59.590] Moving to: [-2.000 -2.400 0.000]
[20:01:02.000] Arrived at: [-2.000 -2.400 0.000]
[20:01:02.000] Wait 0.000s
[20:01:02.000] Continue movement.

[20:01:02.000] Moving to: [0.000 -2.600 0.000]
[20:01:04.422] Arrived at: [0.000 -2.600 0.000]
[20:01:04.422] Wait 0.000s
[20:01:04.422] Continue movement.

[20:01:04.422] Moving to: [-2.000 -2.800 0.000]
[20:01:06.937] Arrived at: [-2.000 -2.800 0.000] WARNING!
[20:01:06.941] Wait 0.000s
[20:01:06.942] Continue movement.

[20:01:06.943] Moving to: [0.000 -3.000 0.000]
[20:01:09.355] Arrived at: [0.000 -3.000 0.000]
[20:01:09.359] Wait 0.000s
[20:01:09.362] Continue movement.

[20:01:09.364] Moving to: [-2.000 -3.200 0.000]
[20:01:11.785] Arrived at: [-2.000 -3.200 0.000]
[20:01:11.789] Wait 0.000s
[20:01:11.789] Continue movement.

[20:01:11.789] Moving to: [0.000 -3.400 0.000]
[20:01:14.169] Arrived at: [0.000 -3.400 0.000]
[20:01:14.169] Wait 0.000s
[20:01:14.169] Continue movement.

[20:01:14.169] Moving to: [-2.000 -3.600 0.000]
[20:01:16.790] Arrived at: [-2.000 -3.600 0.000]
[20:01:16.790] Wait 0.000s
[20:01:16.790] Continue movement.

[20:01:16.790] Moving to: [0.000 -3.800 0.000]
[20:01:19.205] Arrived at: [0.000 -3.800 0.000] WARNING!
[20:01:19.205] Wait 0.000s
[20:01:19.213] Continue movement.

[20:01:19.215] Moving to: [-2.000 -4.000 0.000]
[20:01:21.700] Arrived at: [-2.000 -4.000 0.000]
[20:01:21.700] Wait 0.000s
[20:01:21.712] Continue movement.

[20:01:21.712] Moving to: [0.000 -4.200 0.000]
[20:01:24.201] Arrived at: [0.000 -4.200 0.000]
[20:01:24.201] Wait 0.000s
[20:01:24.201] Continue movement.

[20:01:24.201] Moving to: [-2.000 -4.400 0.000]
[20:01:26.661] Arrived at: [-2.000 -4.400 0.000]
[20:01:26.661] Wait 0.000s
[20:01:26.661] Continue movement.

[20:01:26.661] Finished iteration 10

[20:01:26.661] Starting iteration 11
[20:01:26.661] Moving to: [0.000 0.000 0.000]
[20:01:31.972] Arrived at: [0.000 0.000 0.000]
[20:01:31.972] Wait 0.000s
[20:01:31.972] Continue movement.

[20:01:31.972] Moving to: [-2.000 0.000 0.000]
[20:01:33.944] Arrived at: [-2.000 0.000 0.000]
[20:01:33.944] Wait 0.000s
[20:01:33.945] Continue movement.

[20:01:33.945] Moving to: [0.000 -0.200 0.000]
[20:01:36.340] Arrived at: [0.000 -0.200 0.000]
[20:01:36.341] Wait 0.000s
[20:01:36.343] Continue movement.

[20:01:36.344] Moving to: [-2.000 -0.400 0.000]
[20:01:38.750] Arrived at: [-2.000 -0.400 0.000]
[20:01:38.750] Wait 0.000s
[20:01:38.750] Continue movement.

[20:01:38.750] Moving to: [0.000 -0.600 0.000]
[20:01:41.197] Arrived at: [0.000 -0.600 0.000]
[20:01:41.197] Wait 0.000s
[20:01:41.197] Continue movement.

[20:01:41.197] Moving to: [-2.000 -0.800 0.000]
[20:01:43.659] Arrived at: [-2.000 -0.800 0.000]
[20:01:43.659] Wait 0.000s
[20:01:43.659] Continue movement.

[20:01:43.659] Moving to: [0.000 -1.000 0.000]
[20:01:46.092] Arrived at: [0.000 -1.000 0.000]
[20:01:46.092] Wait 0.000s
[20:01:46.092] Continue movement.

[20:01:46.092] Moving to: [-2.000 -1.200 0.000]
[20:01:48.533] Arrived at: [-2.000 -1.200 0.000]
[20:01:48.534] Wait 0.000s
[20:01:48.536] Continue movement.

[20:01:48.537] Moving to: [0.000 -1.400 0.000]
[20:01:50.946] Arrived at: [0.000 -1.400 0.000] WARNING!
[20:01:50.946] Wait 0.000s
[20:01:50.946] Continue movement.

[20:01:50.946] Moving to: [-2.000 -1.600 0.000]
[20:01:53.461] Arrived at: [-2.000 -1.600 0.000]
[20:01:53.462] Wait 0.000s
[20:01:53.463] Continue movement.

[20:01:53.464] Moving to: [0.000 -1.800 0.000]
[20:01:55.830] Arrived at: [0.000 -1.800 0.000]
[20:01:55.830] Wait 0.000s
[20:01:55.830] Continue movement.

[20:01:55.830] Moving to: [-2.000 -2.000 0.000]
[20:01:58.243] Arrived at: [-2.000 -2.000 0.000]
[20:01:58.243] Wait 0.000s
[20:01:58.243] Continue movement.

[20:01:58.243] Moving to: [0.000 -2.200 0.000]
[20:02:00.665] Arrived at: [0.000 -2.200 0.000]
[20:02:00.667] Wait 0.000s
[20:02:00.668] Continue movement.

[20:02:00.670] Moving to: [-2.000 -2.400 0.000]
[20:02:03.089] Arrived at: [-2.000 -2.400 0.000]
[20:02:03.089] Wait 0.000s
[20:02:03.089] Continue movement.

[20:02:03.089] Moving to: [0.000 -2.600 0.000]
[20:02:05.474] Arrived at: [0.000 -2.600 0.000]
[20:02:05.474] Wait 0.000s
[20:02:05.474] Continue movement.

[20:02:05.474] Moving to: [-2.000 -2.800 0.000]
[20:02:07.849] Arrived at: [-2.000 -2.800 0.000] WARNING!
[20:02:07.849] Wait 0.000s
[20:02:07.849] Continue movement.

[20:02:07.861] Moving to: [0.000 -3.000 0.000]
[20:02:10.286] Arrived at: [0.000 -3.000 0.000]
[20:02:10.286] Wait 0.000s
[20:02:10.286] Continue movement.

[20:02:10.286] Moving to: [-2.000 -3.200 0.000]
[20:02:12.722] Arrived at: [-2.000 -3.200 0.000]
[20:02:12.723] Wait 0.000s
[20:02:12.725] Continue movement.

[20:02:12.725] Moving to: [0.000 -3.400 0.000]
[20:02:15.176] Arrived at: [0.000 -3.400 0.000]
[20:02:15.176] Wait 0.000s
[20:02:15.176] Continue movement.

[20:02:15.176] Moving to: [-2.000 -3.600 0.000]
[20:02:17.765] Arrived at: [-2.000 -3.600 0.000]
[20:02:17.765] Wait 0.000s
[20:02:17.765] Continue movement.

[20:02:17.765] Moving to: [0.000 -3.800 0.000]
[20:02:20.201] Arrived at: [0.000 -3.800 0.000] WARNING!
[20:02:20.201] Wait 0.000s
[20:02:20.201] Continue movement.

[20:02:20.201] Moving to: [-2.000 -4.000 0.000]
[20:02:22.666] Arrived at: [-2.000 -4.000 0.000]
[20:02:22.667] Wait 0.000s
[20:02:22.669] Continue movement.

[20:02:22.669] Moving to: [0.000 -4.200 0.000]
[20:02:25.075] Arrived at: [0.000 -4.200 0.000]
[20:02:25.075] Wait 0.000s
[20:02:25.075] Continue movement.

[20:02:25.075] Moving to: [-2.000 -4.400 0.000]
[20:02:27.544] Arrived at: [-2.000 -4.400 0.000]
[20:02:27.544] Wait 0.000s
[20:02:27.544] Continue movement.

[20:02:27.544] Finished iteration 11

[20:02:27.544] Starting iteration 12
[20:02:27.544] Moving to: [0.000 0.000 0.000]
[20:02:32.856] Arrived at: [0.000 0.000 0.000]
[20:02:32.857] Wait 0.000s
[20:02:32.859] Continue movement.

[20:02:32.860] Moving to: [-2.000 0.000 0.000]
[20:02:34.799] Arrived at: [-2.000 0.000 0.000]
[20:02:34.799] Wait 0.000s
[20:02:34.808] Continue movement.

[20:02:34.808] Moving to: [0.000 -0.200 0.000]
[20:02:37.210] Arrived at: [0.000 -0.200 0.000]
[20:02:37.210] Wait 0.000s
[20:02:37.210] Continue movement.

[20:02:37.210] Moving to: [-2.000 -0.400 0.000]
[20:02:39.625] Arrived at: [-2.000 -0.400 0.000]
[20:02:39.625] Wait 0.000s
[20:02:39.625] Continue movement.

[20:02:39.625] Moving to: [0.000 -0.600 0.000]
[20:02:42.029] Arrived at: [0.000 -0.600 0.000]
[20:02:42.029] Wait 0.000s
[20:02:42.029] Continue movement.

[20:02:42.029] Moving to: [-2.000 -0.800 0.000]
[20:02:44.529] Arrived at: [-2.000 -0.800 0.000]
[20:02:44.529] Wait 0.000s
[20:02:44.533] Continue movement.

[20:02:44.534] Moving to: [0.000 -1.000 0.000]
[20:02:46.998] Arrived at: [0.000 -1.000 0.000]
[20:02:46.998] Wait 0.000s
[20:02:46.998] Continue movement.

[20:02:46.998] Moving to: [-2.000 -1.200 0.000]
[20:02:49.392] Arrived at: [-2.000 -1.200 0.000]
[20:02:49.392] Wait 0.000s
[20:02:49.392] Continue movement.

[20:02:49.392] Moving to: [0.000 -1.400 0.000]
[20:02:51.796] Arrived at: [0.000 -1.400 0.000] WARNING!
[20:02:51.796] Wait 0.000s
[20:02:51.810] Continue movement.

[20:02:51.810] Moving to: [-2.000 -1.600 0.000]
[20:02:54.200] Arrived at: [-2.000 -1.600 0.000]
[20:02:54.201] Wait 0.000s
[20:02:54.201] Continue movement.

[20:02:54.202] Moving to: [0.000 -1.800 0.000]
[20:02:56.643] Arrived at: [0.000 -1.800 0.000]
[20:02:56.643] Wait 0.000s
[20:02:56.643] Continue movement.

[20:02:56.643] Moving to: [-2.000 -2.000 0.000]
[20:02:59.114] Arrived at: [-2.000 -2.000 0.000]
[20:02:59.114] Wait 0.000s
[20:02:59.114] Continue movement.

[20:02:59.114] Moving to: [0.000 -2.200 0.000]
[20:03:01.544] Arrived at: [0.000 -2.200 0.000]
[20:03:01.544] Wait 0.000s
[20:03:01.544] Continue movement.

[20:03:01.544] Moving to: [-2.000 -2.400 0.000]
[20:03:04.007] Arrived at: [-2.000 -2.400 0.000]
[20:03:04.007] Wait 0.000s
[20:03:04.007] Continue movement.

[20:03:04.007] Moving to: [0.000 -2.600 0.000]
[20:03:06.506] Arrived at: [0.000 -2.600 0.000]
[20:03:06.506] Wait 0.000s
[20:03:06.506] Continue movement.

[20:03:06.506] Moving to: [-2.000 -2.800 0.000]
[20:03:08.931] Arrived at: [-2.000 -2.800 0.000] WARNING!
[20:03:08.932] Wait 0.000s
[20:03:08.934] Continue movement.

[20:03:08.934] Moving to: [0.000 -3.000 0.000]
[20:03:11.299] Arrived at: [0.000 -3.000 0.000]
[20:03:11.299] Wait 0.000s
[20:03:11.299] Continue movement.

[20:03:11.299] Moving to: [-2.000 -3.200 0.000]
[20:03:13.769] Arrived at: [-2.000 -3.200 0.000]
[20:03:13.769] Wait 0.000s
[20:03:13.769] Continue movement.

[20:03:13.769] Moving to: [0.000 -3.400 0.000]
[20:03:16.213] Arrived at: [0.000 -3.400 0.000]
[20:03:16.213] Wait 0.000s
[20:03:16.213] Continue movement.

[20:03:16.213] Moving to: [-2.000 -3.600 0.000]
[20:03:18.652] Arrived at: [-2.000 -3.600 0.000]
[20:03:18.652] Wait 0.000s
[20:03:18.652] Continue movement.

[20:03:18.652] Moving to: [0.000 -3.800 0.000]
[20:03:21.073] Arrived at: [0.000 -3.800 0.000] WARNING!
[20:03:21.073] Wait 0.000s
[20:03:21.074] Continue movement.

[20:03:21.078] Moving to: [-2.000 -4.000 0.000]
[20:03:23.496] Arrived at: [-2.000 -4.000 0.000]
[20:03:23.496] Wait 0.000s
[20:03:23.496] Continue movement.

[20:03:23.496] Moving to: [0.000 -4.200 0.000]
[20:03:25.948] Arrived at: [0.000 -4.200 0.000]
[20:03:25.948] Wait 0.000s
[20:03:25.948] Continue movement.

[20:03:25.948] Moving to: [-2.000 -4.400 0.000]
[20:03:28.383] Arrived at: [-2.000 -4.400 0.000]
[20:03:28.383] Wait 0.000s
[20:03:28.383] Continue movement.

[20:03:28.383] Finished iteration 12

[20:03:28.383] Starting iteration 13
[20:03:28.383] Moving to: [0.000 0.000 0.000]
[20:03:33.628] Arrived at: [0.000 0.000 0.000]
[20:03:33.628] Wait 0.000s
[20:03:33.628] Continue movement.

[20:03:33.628] Moving to: [-2.000 0.000 0.000]
[20:03:35.676] Arrived at: [-2.000 0.000 0.000]
[20:03:35.676] Wait 0.000s
[20:03:35.676] Continue movement.

[20:03:35.676] Moving to: [0.000 -0.200 0.000]
[20:03:38.123] Arrived at: [0.000 -0.200 0.000]
[20:03:38.123] Wait 0.000s
[20:03:38.123] Continue movement.

[20:03:38.123] Moving to: [-2.000 -0.400 0.000]
[20:03:40.522] Arrived at: [-2.000 -0.400 0.000]
[20:03:40.522] Wait 0.000s
[20:03:40.522] Continue movement.

[20:03:40.522] Moving to: [0.000 -0.600 0.000]
[20:03:42.961] Arrived at: [0.000 -0.600 0.000]
[20:03:42.961] Wait 0.000s
[20:03:42.961] Continue movement.

[20:03:42.961] Moving to: [-2.000 -0.800 0.000]
[20:03:45.400] Arrived at: [-2.000 -0.800 0.000]
[20:03:45.400] Wait 0.000s
[20:03:45.400] Continue movement.

[20:03:45.400] Moving to: [0.000 -1.000 0.000]
[20:03:47.856] Arrived at: [0.000 -1.000 0.000]
[20:03:47.856] Wait 0.000s
[20:03:47.856] Continue movement.

[20:03:47.856] Moving to: [-2.000 -1.200 0.000]
[20:03:50.344] Arrived at: [-2.000 -1.200 0.000]
[20:03:50.345] Wait 0.000s
[20:03:50.347] Continue movement.

[20:03:50.347] Moving to: [0.000 -1.400 0.000]
[20:03:52.857] Arrived at: [0.000 -1.400 0.000] WARNING!
[20:03:52.858] Wait 0.000s
[20:03:52.859] Continue movement.

[20:03:52.859] Moving to: [-2.000 -1.600 0.000]
[20:03:55.283] Arrived at: [-2.000 -1.600 0.000]
[20:03:55.287] Wait 0.000s
[20:03:55.289] Continue movement.

[20:03:55.289] Moving to: [0.000 -1.800 0.000]
[20:03:57.678] Arrived at: [0.000 -1.800 0.000]
[20:03:57.678] Wait 0.000s
[20:03:57.678] Continue movement.

[20:03:57.678] Moving to: [-2.000 -2.000 0.000]
[20:04:00.141] Arrived at: [-2.000 -2.000 0.000]
[20:04:00.141] Wait 0.000s
[20:04:00.146] Continue movement.

[20:04:00.146] Moving to: [0.000 -2.200 0.000]
[20:04:02.546] Arrived at: [0.000 -2.200 0.000]
[20:04:02.546] Wait 0.000s
[20:04:02.546] Continue movement.

[20:04:02.550] Moving to: [-2.000 -2.400 0.000]
[20:04:05.006] Arrived at: [-2.000 -2.400 0.000]
[20:04:05.006] Wait 0.000s
[20:04:05.011] Continue movement.

[20:04:05.012] Moving to: [0.000 -2.600 0.000]
[20:04:07.399] Arrived at: [0.000 -2.600 0.000]
[20:04:07.399] Wait 0.000s
[20:04:07.404] Continue movement.

[20:04:07.404] Moving to: [-2.000 -2.800 0.000]
[20:04:09.849] Arrived at: [-2.000 -2.800 0.000] WARNING!
[20:04:09.849] Wait 0.000s
[20:04:09.849] Continue movement.

[20:04:09.863] Moving to: [0.000 -3.000 0.000]
[20:04:12.262] Arrived at: [0.000 -3.000 0.000]
[20:04:12.262] Wait 0.000s
[20:04:12.262] Continue movement.

[20:04:12.262] Moving to: [-2.000 -3.200 0.000]
[20:04:14.668] Arrived at: [-2.000 -3.200 0.000]
[20:04:14.670] Wait 0.000s
[20:04:14.671] Continue movement.

[20:04:14.671] Moving to: [0.000 -3.400 0.000]
[20:04:17.079] Arrived at: [0.000 -3.400 0.000]
[20:04:17.079] Wait 0.000s
[20:04:17.079] Continue movement.

[20:04:17.079] Moving to: [-2.000 -3.600 0.000]
[20:04:19.574] Arrived at: [-2.000 -3.600 0.000]
[20:04:19.574] Wait 0.000s
[20:04:19.574] Continue movement.

[20:04:19.574] Moving to: [0.000 -3.800 0.000]
[20:04:21.961] Arrived at: [0.000 -3.800 0.000] WARNING!
[20:04:21.963] Wait 0.000s
[20:04:21.965] Continue movement.

[20:04:21.966] Moving to: [-2.000 -4.000 0.000]
[20:04:24.400] Arrived at: [-2.000 -4.000 0.000]
[20:04:24.400] Wait 0.000s
[20:04:24.402] Continue movement.

[20:04:24.402] Moving to: [0.000 -4.200 0.000]
[20:04:26.802] Arrived at: [0.000 -4.200 0.000]
[20:04:26.802] Wait 0.000s
[20:04:26.807] Continue movement.

[20:04:26.808] Moving to: [-2.000 -4.400 0.000]
[20:04:29.237] Arrived at: [-2.000 -4.400 0.000]
[20:04:29.238] Wait 0.000s
[20:04:29.238] Continue movement.

[20:04:29.238] Finished iteration 13

[20:04:29.238] Starting iteration 14
[20:04:29.238] Moving to: [0.000 0.000 0.000]
[20:04:34.533] Arrived at: [0.000 0.000 0.000]
[20:04:34.533] Wait 0.000s
[20:04:34.533] Continue movement.

[20:04:34.533] Moving to: [-2.000 0.000 0.000]
[20:04:36.484] Arrived at: [-2.000 0.000 0.000]
[20:04:36.484] Wait 0.000s
[20:04:36.484] Continue movement.

[20:04:36.484] Moving to: [0.000 -0.200 0.000]
[20:04:38.911] Arrived at: [0.000 -0.200 0.000]
[20:04:38.911] Wait 0.000s
[20:04:38.911] Continue movement.

[20:04:38.911] Moving to: [-2.000 -0.400 0.000]
[20:04:41.339] Arrived at: [-2.000 -0.400 0.000]
[20:04:41.343] Wait 0.000s
[20:04:41.344] Continue movement.

[20:04:41.344] Moving to: [0.000 -0.600 0.000]
[20:04:43.826] Arrived at: [0.000 -0.600 0.000]
[20:04:43.826] Wait 0.000s
[20:04:43.826] Continue movement.

[20:04:43.826] Moving to: [-2.000 -0.800 0.000]
[20:04:46.320] Arrived at: [-2.000 -0.800 0.000]
[20:04:46.320] Wait 0.000s
[20:04:46.320] Continue movement.

[20:04:46.320] Moving to: [0.000 -1.000 0.000]
[20:04:48.810] Arrived at: [0.000 -1.000 0.000]
[20:04:48.811] Wait 0.000s
[20:04:48.813] Continue movement.

[20:04:48.814] Moving to: [-2.000 -1.200 0.000]
[20:04:51.263] Arrived at: [-2.000 -1.200 0.000]
[20:04:51.263] Wait 0.000s
[20:04:51.263] Continue movement.

[20:04:51.263] Moving to: [0.000 -1.400 0.000]
[20:04:53.708] Arrived at: [0.000 -1.400 0.000] WARNING!
[20:04:53.719] Wait 0.000s
[20:04:53.720] Continue movement.

[20:04:53.722] Moving to: [-2.000 -1.600 0.000]
[20:04:56.087] Arrived at: [-2.000 -1.600 0.000]
[20:04:56.087] Wait 0.000s
[20:04:56.087] Continue movement.

[20:04:56.087] Moving to: [0.000 -1.800 0.000]
[20:04:58.463] Arrived at: [0.000 -1.800 0.000]
[20:04:58.463] Wait 0.000s
[20:04:58.463] Continue movement.

[20:04:58.463] Moving to: [-2.000 -2.000 0.000]
[20:05:00.871] Arrived at: [-2.000 -2.000 0.000]
[20:05:00.872] Wait 0.000s
[20:05:00.872] Continue movement.

[20:05:00.872] Moving to: [0.000 -2.200 0.000]
[20:05:03.333] Arrived at: [0.000 -2.200 0.000]
[20:05:03.333] Wait 0.000s
[20:05:03.339] Continue movement.

[20:05:03.339] Moving to: [-2.000 -2.400 0.000]
[20:05:05.745] Arrived at: [-2.000 -2.400 0.000]
[20:05:05.745] Wait 0.000s
[20:05:05.745] Continue movement.

[20:05:05.745] Moving to: [0.000 -2.600 0.000]
[20:05:08.137] Arrived at: [0.000 -2.600 0.000]
[20:05:08.142] Wait 0.000s
[20:05:08.143] Continue movement.

[20:05:08.144] Moving to: [-2.000 -2.800 0.000]
[20:05:10.570] Arrived at: [-2.000 -2.800 0.000] WARNING!
[20:05:10.571] Wait 0.000s
[20:05:10.573] Continue movement.

[20:05:10.575] Moving to: [0.000 -3.000 0.000]
[20:05:12.956] Arrived at: [0.000 -3.000 0.000]
[20:05:12.956] Wait 0.000s
[20:05:12.956] Continue movement.

[20:05:12.956] Moving to: [-2.000 -3.200 0.000]
[20:05:15.338] Arrived at: [-2.000 -3.200 0.000]
[20:05:15.338] Wait 0.000s
[20:05:15.338] Continue movement.

[20:05:15.338] Moving to: [0.000 -3.400 0.000]
[20:05:17.743] Arrived at: [0.000 -3.400 0.000]
[20:05:17.743] Wait 0.000s
[20:05:17.743] Continue movement.

[20:05:17.743] Moving to: [-2.000 -3.600 0.000]
[20:05:20.195] Arrived at: [-2.000 -3.600 0.000]
[20:05:20.195] Wait 0.000s
[20:05:20.195] Continue movement.

[20:05:20.195] Moving to: [0.000 -3.800 0.000]
[20:05:22.677] Arrived at: [0.000 -3.800 0.000] WARNING!
[20:05:22.679] Wait 0.000s
[20:05:22.681] Continue movement.

[20:05:22.682] Moving to: [-2.000 -4.000 0.000]
[20:05:25.087] Arrived at: [-2.000 -4.000 0.000]
[20:05:25.087] Wait 0.000s
[20:05:25.087] Continue movement.

[20:05:25.087] Moving to: [0.000 -4.200 0.000]
[20:05:27.476] Arrived at: [0.000 -4.200 0.000]
[20:05:27.476] Wait 0.000s
[20:05:27.476] Continue movement.

[20:05:27.476] Moving to: [-2.000 -4.400 0.000]
[20:05:29.953] Arrived at: [-2.000 -4.400 0.000]
[20:05:29.954] Wait 0.000s
[20:05:29.955] Continue movement.

[20:05:29.955] Finished iteration 14

[20:05:29.955] Starting iteration 15
[20:05:29.955] Moving to: [0.000 0.000 0.000]
[20:05:35.298] Arrived at: [0.000 0.000 0.000]
[20:05:35.298] Wait 0.000s
[20:05:35.298] Continue movement.

[20:05:35.298] Moving to: [-2.000 0.000 0.000]
[20:05:37.278] Arrived at: [-2.000 0.000 0.000]
[20:05:37.278] Wait 0.000s
[20:05:37.280] Continue movement.

[20:05:37.280] Moving to: [0.000 -0.200 0.000]
[20:05:39.637] Arrived at: [0.000 -0.200 0.000]
[20:05:39.637] Wait 0.000s
[20:05:39.637] Continue movement.

[20:05:39.637] Moving to: [-2.000 -0.400 0.000]
[20:05:42.124] Arrived at: [-2.000 -0.400 0.000]
[20:05:42.124] Wait 0.000s
[20:05:42.124] Continue movement.

[20:05:42.124] Moving to: [0.000 -0.600 0.000]
[20:05:44.639] Arrived at: [0.000 -0.600 0.000]
[20:05:44.639] Wait 0.000s
[20:05:44.639] Continue movement.

[20:05:44.639] Moving to: [-2.000 -0.800 0.000]
[20:05:47.151] Arrived at: [-2.000 -0.800 0.000]
[20:05:47.152] Wait 0.000s
[20:05:47.155] Continue movement.

[20:05:47.156] Moving to: [0.000 -1.000 0.000]
[20:05:49.524] Arrived at: [0.000 -1.000 0.000]
[20:05:49.524] Wait 0.000s
[20:05:49.524] Continue movement.

[20:05:49.524] Moving to: [-2.000 -1.200 0.000]
[20:05:51.928] Arrived at: [-2.000 -1.200 0.000]
[20:05:51.928] Wait 0.000s
[20:05:51.933] Continue movement.

[20:05:51.934] Moving to: [0.000 -1.400 0.000]
[20:05:54.397] Arrived at: [0.000 -1.400 0.000] WARNING!
[20:05:54.405] Wait 0.000s
[20:05:54.406] Continue movement.

[20:05:54.406] Moving to: [-2.000 -1.600 0.000]
[20:05:56.874] Arrived at: [-2.000 -1.600 0.000]
[20:05:56.874] Wait 0.000s
[20:05:56.874] Continue movement.

[20:05:56.874] Moving to: [0.000 -1.800 0.000]
[20:05:59.342] Arrived at: [0.000 -1.800 0.000]
[20:05:59.346] Wait 0.000s
[20:05:59.346] Continue movement.

[20:05:59.347] Moving to: [-2.000 -2.000 0.000]
[20:06:01.832] Arrived at: [-2.000 -2.000 0.000]
[20:06:01.832] Wait 0.000s
[20:06:01.832] Continue movement.

[20:06:01.832] Moving to: [0.000 -2.200 0.000]
[20:06:04.344] Arrived at: [0.000 -2.200 0.000]
[20:06:04.344] Wait 0.000s
[20:06:04.344] Continue movement.

[20:06:04.344] Moving to: [-2.000 -2.400 0.000]
[20:06:06.833] Arrived at: [-2.000 -2.400 0.000]
[20:06:06.833] Wait 0.000s
[20:06:06.833] Continue movement.

[20:06:06.833] Moving to: [0.000 -2.600 0.000]
[20:06:09.263] Arrived at: [0.000 -2.600 0.000]
[20:06:09.263] Wait 0.000s
[20:06:09.263] Continue movement.

[20:06:09.263] Moving to: [-2.000 -2.800 0.000]
[20:06:11.709] Arrived at: [-2.000 -2.800 0.000] WARNING!
[20:06:11.709] Wait 0.000s
[20:06:11.709] Continue movement.

[20:06:11.709] Moving to: [0.000 -3.000 0.000]
[20:06:14.198] Arrived at: [0.000 -3.000 0.000]
[20:06:14.198] Wait 0.000s
[20:06:14.198] Continue movement.

[20:06:14.198] Moving to: [-2.000 -3.200 0.000]
[20:06:16.673] Arrived at: [-2.000 -3.200 0.000]
[20:06:16.677] Wait 0.000s
[20:06:16.678] Continue movement.

[20:06:16.678] Moving to: [0.000 -3.400 0.000]
[20:06:19.106] Arrived at: [0.000 -3.400 0.000]
[20:06:19.106] Wait 0.000s
[20:06:19.106] Continue movement.

[20:06:19.111] Moving to: [-2.000 -3.600 0.000]
[20:06:21.617] Arrived at: [-2.000 -3.600 0.000]
[20:06:21.617] Wait 0.000s
[20:06:21.617] Continue movement.

[20:06:21.617] Moving to: [0.000 -3.800 0.000]
[20:06:24.133] Arrived at: [0.000 -3.800 0.000] WARNING!
[20:06:24.134] Wait 0.000s
[20:06:24.137] Continue movement.

[20:06:24.138] Moving to: [-2.000 -4.000 0.000]
[20:06:26.545] Arrived at: [-2.000 -4.000 0.000]
[20:06:26.546] Wait 0.000s
[20:06:26.548] Continue movement.

[20:06:26.548] Moving to: [0.000 -4.200 0.000]
[20:06:29.000] Arrived at: [0.000 -4.200 0.000]
[20:06:29.000] Wait 0.000s
[20:06:29.000] Continue movement.

[20:06:29.000] Moving to: [-2.000 -4.400 0.000]
[20:06:31.440] Arrived at: [-2.000 -4.400 0.000]
[20:06:31.440] Wait 0.000s
[20:06:31.440] Continue movement.

[20:06:31.440] Finished iteration 15

[20:06:31.440] Starting iteration 16
[20:06:31.440] Moving to: [0.000 0.000 0.000]
[20:06:36.671] Arrived at: [0.000 0.000 0.000]
[20:06:36.671] Wait 0.000s
[20:06:36.671] Continue movement.

[20:06:36.671] Moving to: [-2.000 0.000 0.000]
[20:06:38.600] Arrived at: [-2.000 0.000 0.000]
[20:06:38.600] Wait 0.000s
[20:06:38.600] Continue movement.

[20:06:38.600] Moving to: [0.000 -0.200 0.000]
[20:06:41.095] Arrived at: [0.000 -0.200 0.000]
[20:06:41.096] Wait 0.000s
[20:06:41.098] Continue movement.

[20:06:41.099] Moving to: [-2.000 -0.400 0.000]
[20:06:43.542] Arrived at: [-2.000 -0.400 0.000]
[20:06:43.542] Wait 0.000s
[20:06:43.542] Continue movement.

[20:06:43.542] Moving to: [0.000 -0.600 0.000]
[20:06:45.967] Arrived at: [0.000 -0.600 0.000]
[20:06:45.967] Wait 0.000s
[20:06:45.967] Continue movement.

[20:06:45.967] Moving to: [-2.000 -0.800 0.000]
[20:06:48.401] Arrived at: [-2.000 -0.800 0.000]
[20:06:48.401] Wait 0.000s
[20:06:48.401] Continue movement.

[20:06:48.401] Moving to: [0.000 -1.000 0.000]
[20:06:50.775] Arrived at: [0.000 -1.000 0.000]
[20:06:50.775] Wait 0.000s
[20:06:50.775] Continue movement.

[20:06:50.775] Moving to: [-2.000 -1.200 0.000]
[20:06:53.201] Arrived at: [-2.000 -1.200 0.000]
[20:06:53.201] Wait 0.000s
[20:06:53.201] Continue movement.

[20:06:53.201] Moving to: [0.000 -1.400 0.000]
[20:06:55.629] Arrived at: [0.000 -1.400 0.000] WARNING!
[20:06:55.629] Wait 0.000s
[20:06:55.629] Continue movement.

[20:06:55.629] Moving to: [-2.000 -1.600 0.000]
[20:06:58.073] Arrived at: [-2.000 -1.600 0.000]
[20:06:58.073] Wait 0.000s
[20:06:58.073] Continue movement.

[20:06:58.073] Moving to: [0.000 -1.800 0.000]
[20:07:00.472] Arrived at: [0.000 -1.800 0.000]
[20:07:00.472] Wait 0.000s
[20:07:00.472] Continue movement.

[20:07:00.472] Moving to: [-2.000 -2.000 0.000]
[20:07:02.854] Arrived at: [-2.000 -2.000 0.000]
[20:07:02.854] Wait 0.000s
[20:07:02.854] Continue movement.

[20:07:02.854] Moving to: [0.000 -2.200 0.000]
[20:07:05.284] Arrived at: [0.000 -2.200 0.000]
[20:07:05.284] Wait 0.000s
[20:07:05.284] Continue movement.

[20:07:05.284] Moving to: [-2.000 -2.400 0.000]
[20:07:07.779] Arrived at: [-2.000 -2.400 0.000]
[20:07:07.779] Wait 0.000s
[20:07:07.779] Continue movement.

[20:07:07.779] Moving to: [0.000 -2.600 0.000]
[20:07:10.270] Arrived at: [0.000 -2.600 0.000]
[20:07:10.270] Wait 0.000s
[20:07:10.270] Continue movement.

[20:07:10.270] Moving to: [-2.000 -2.800 0.000]
[20:07:12.666] Arrived at: [-2.000 -2.800 0.000] WARNING!
[20:07:12.666] Wait 0.000s
[20:07:12.669] Continue movement.

[20:07:12.670] Moving to: [0.000 -3.000 0.000]
[20:07:15.117] Arrived at: [0.000 -3.000 0.000]
[20:07:15.117] Wait 0.000s
[20:07:15.117] Continue movement.

[20:07:15.117] Moving to: [-2.000 -3.200 0.000]
[20:07:17.514] Arrived at: [-2.000 -3.200 0.000]
[20:07:17.514] Wait 0.000s
[20:07:17.514] Continue movement.

[20:07:17.514] Moving to: [0.000 -3.400 0.000]
[20:07:19.907] Arrived at: [0.000 -3.400 0.000]
[20:07:19.907] Wait 0.000s
[20:07:19.907] Continue movement.

[20:07:19.907] Moving to: [-2.000 -3.600 0.000]
[20:07:22.342] Arrived at: [-2.000 -3.600 0.000]
[20:07:22.342] Wait 0.000s
[20:07:22.342] Continue movement.

[20:07:22.342] Moving to: [0.000 -3.800 0.000]
[20:07:24.774] Arrived at: [0.000 -3.800 0.000] WARNING!
[20:07:24.774] Wait 0.000s
[20:07:24.785] Continue movement.

[20:07:24.787] Moving to: [-2.000 -4.000 0.000]
[20:07:27.183] Arrived at: [-2.000 -4.000 0.000]
[20:07:27.183] Wait 0.000s
[20:07:27.183] Continue movement.

[20:07:27.183] Moving to: [0.000 -4.200 0.000]
[20:07:29.596] Arrived at: [0.000 -4.200 0.000]
[20:07:29.596] Wait 0.000s
[20:07:29.596] Continue movement.

[20:07:29.596] Moving to: [-2.000 -4.400 0.000]
[20:07:32.014] Arrived at: [-2.000 -4.400 0.000]
[20:07:32.015] Wait 0.000s
[20:07:32.015] Continue movement.

[20:07:32.015] Finished iteration 16

[20:07:32.015] Starting iteration 17
[20:07:32.015] Moving to: [0.000 0.000 0.000]
[20:07:37.267] Arrived at: [0.000 0.000 0.000]
[20:07:37.267] Wait 0.000s
[20:07:37.267] Continue movement.

[20:07:37.267] Moving to: [-2.000 0.000 0.000]
[20:07:39.274] Arrived at: [-2.000 0.000 0.000]
[20:07:39.274] Wait 0.000s
[20:07:39.274] Continue movement.

[20:07:39.274] Moving to: [0.000 -0.200 0.000]
[20:07:41.664] Arrived at: [0.000 -0.200 0.000]
[20:07:41.664] Wait 0.000s
[20:07:41.664] Continue movement.

[20:07:41.664] Moving to: [-2.000 -0.400 0.000]
[20:07:44.245] Arrived at: [-2.000 -0.400 0.000]
[20:07:44.246] Wait 0.000s
[20:07:44.248] Continue movement.

[20:07:44.249] Moving to: [0.000 -0.600 0.000]
[20:07:46.667] Arrived at: [0.000 -0.600 0.000]
[20:07:46.667] Wait 0.000s
[20:07:46.667] Continue movement.

[20:07:46.667] Moving to: [-2.000 -0.800 0.000]
[20:07:49.099] Arrived at: [-2.000 -0.800 0.000]
[20:07:49.099] Wait 0.000s
[20:07:49.099] Continue movement.

[20:07:49.099] Moving to: [0.000 -1.000 0.000]
[20:07:51.542] Arrived at: [0.000 -1.000 0.000]
[20:07:51.543] Wait 0.000s
[20:07:51.546] Continue movement.

[20:07:51.546] Moving to: [-2.000 -1.200 0.000]
[20:07:54.013] Arrived at: [-2.000 -1.200 0.000]
[20:07:54.013] Wait 0.000s
[20:07:54.013] Continue movement.

[20:07:54.013] Moving to: [0.000 -1.400 0.000]
[20:07:56.392] Arrived at: [0.000 -1.400 0.000] WARNING!
[20:07:56.392] Wait 0.000s
[20:07:56.393] Continue movement.

[20:07:56.393] Moving to: [-2.000 -1.600 0.000]
[20:07:58.808] Arrived at: [-2.000 -1.600 0.000]
[20:07:58.808] Wait 0.000s
[20:07:58.808] Continue movement.

[20:07:58.808] Moving to: [0.000 -1.800 0.000]
[20:08:01.238] Arrived at: [0.000 -1.800 0.000]
[20:08:01.238] Wait 0.000s
[20:08:01.238] Continue movement.

[20:08:01.238] Moving to: [-2.000 -2.000 0.000]
[20:08:03.666] Arrived at: [-2.000 -2.000 0.000]
[20:08:03.666] Wait 0.000s
[20:08:03.666] Continue movement.

[20:08:03.666] Moving to: [0.000 -2.200 0.000]
[20:08:06.139] Arrived at: [0.000 -2.200 0.000]
[20:08:06.139] Wait 0.000s
[20:08:06.139] Continue movement.

[20:08:06.143] Moving to: [-2.000 -2.400 0.000]
[20:08:08.561] Arrived at: [-2.000 -2.400 0.000]
[20:08:08.561] Wait 0.000s
[20:08:08.561] Continue movement.

[20:08:08.561] Moving to: [0.000 -2.600 0.000]
[20:08:11.070] Arrived at: [0.000 -2.600 0.000]
[20:08:11.070] Wait 0.000s
[20:08:11.070] Continue movement.

[20:08:11.070] Moving to: [-2.000 -2.800 0.000]
[20:08:13.479] Arrived at: [-2.000 -2.800 0.000] WARNING!
[20:08:13.479] Wait 0.000s
[20:08:13.485] Continue movement.

[20:08:13.487] Moving to: [0.000 -3.000 0.000]
[20:08:15.942] Arrived at: [0.000 -3.000 0.000]
[20:08:15.942] Wait 0.000s
[20:08:15.942] Continue movement.

[20:08:15.942] Moving to: [-2.000 -3.200 0.000]
[20:08:18.362] Arrived at: [-2.000 -3.200 0.000]
[20:08:18.362] Wait 0.000s
[20:08:18.362] Continue movement.

[20:08:18.362] Moving to: [0.000 -3.400 0.000]
[20:08:20.794] Arrived at: [0.000 -3.400 0.000]
[20:08:20.794] Wait 0.000s
[20:08:20.794] Continue movement.

[20:08:20.794] Moving to: [-2.000 -3.600 0.000]
[20:08:23.276] Arrived at: [-2.000 -3.600 0.000]
[20:09:44.009] Arrived at: [0.000 -0.200 0.000]
[20:09:44.009] Wait 0.000s
[20:09:44.009] Continue movement.

[20:09:44.009] Moving to: [-2.000 -0.400 0.000]
[20:09:46.455] Arrived at: [-2.000 -0.400 0.000]
[20:09:46.455] Wait 0.000s
[20:09:46.455] Continue movement.

[20:09:46.455] Moving to: [0.000 -0.600 0.000]
[20:09:48.913] Arrived at: [0.000 -0.600 0.000]
[20:09:48.913] Wait 0.000s
[20:09:48.913] Continue movement.

[20:09:48.913] Moving to: [-2.000 -0.800 0.000]
[20:09:51.379] Arrived at: [-2.000 -0.800 0.000]
[20:09:51.379] Wait 0.000s
[20:09:51.379] Continue movement.

[20:09:51.379] Moving to: [0.000 -1.000 0.000]
[20:09:53.814] Arrived at: [0.000 -1.000 0.000]
[20:09:53.814] Wait 0.000s
[20:09:53.814] Continue movement.

[20:09:53.814] Moving to: [-2.000 -1.200 0.000]
[20:09:56.281] Arrived at: [-2.000 -1.200 0.000]
[20:09:56.281] Wait 0.000s
[20:09:56.281] Continue movement.

[20:09:56.281] Moving to: [0.000 -1.400 0.000]
[20:09:58.709] Arrived at: [0.000 -1.400 0.000] WARNING!
[20:09:58.709] Wait 0.000s
[20:09:58.721] Continue movement.

[20:09:58.722] Moving to: [-2.000 -1.600 0.000]
[20:10:01.184] Arrived at: [-2.000 -1.600 0.000]
[20:10:01.184] Wait 0.000s
[20:10:01.184] Continue movement.

[20:10:01.184] Moving to: [0.000 -1.800 0.000]
[20:10:03.665] Arrived at: [0.000 -1.800 0.000]
[20:10:03.669] Wait 0.000s
[20:10:03.669] Continue movement.

[20:10:03.669] Moving to: [-2.000 -2.000 0.000]
[20:10:06.137] Arrived at: [-2.000 -2.000 0.000]
[20:10:06.141] Wait 0.000s
[20:10:06.141] Continue movement.

[20:10:06.141] Moving to: [0.000 -2.200 0.000]
[20:10:08.574] Arrived at: [0.000 -2.200 0.000]
[20:10:08.574] Wait 0.000s
[20:10:08.578] Continue movement.

[20:10:08.578] Moving to: [-2.000 -2.400 0.000]
[20:10:11.002] Arrived at: [-2.000 -2.400 0.000]
[20:10:11.003] Wait 0.000s
[20:10:11.004] Continue movement.

[20:10:11.005] Moving to: [0.000 -2.600 0.000]
[20:10:13.438] Arrived at: [0.000 -2.600 0.000]
[20:10:13.438] Wait 0.000s
[20:10:13.438] Continue movement.

[20:10:13.438] Moving to: [-2.000 -2.800 0.000]
[20:10:15.910] Arrived at: [-2.000 -2.800 0.000] WARNING!
[20:10:15.910] Wait 0.000s
[20:10:15.910] Continue movement.

[20:10:15.919] Moving to: [0.000 -3.000 0.000]
[20:10:18.338] Arrived at: [0.000 -3.000 0.000]
[20:10:18.338] Wait 0.000s
[20:10:18.342] Continue movement.

[20:10:18.342] Moving to: [-2.000 -3.200 0.000]
[20:10:20.782] Arrived at: [-2.000 -3.200 0.000]
[20:10:20.782] Wait 0.000s
[20:10:20.784] Continue movement.

[20:10:20.784] Moving to: [0.000 -3.400 0.000]
[20:10:23.207] Arrived at: [0.000 -3.400 0.000]
[20:10:23.207] Wait 0.000s
[20:10:23.207] Continue movement.

[20:10:23.207] Moving to: [-2.000 -3.600 0.000]
[20:10:25.692] Arrived at: [-2.000 -3.600 0.000]
[20:10:25.692] Wait 0.000s
[20:10:25.692] Continue movement.

[20:10:25.692] Moving to: [0.000 -3.800 0.000]
[20:10:28.210] Arrived at: [0.000 -3.800 0.000] WARNING!
[20:10:28.210] Wait 0.000s
[20:10:28.210] Continue movement.

[20:10:28.210] Moving to: [-2.000 -4.000 0.000]
[20:10:30.604] Arrived at: [-2.000 -4.000 0.000]
[20:10:30.604] Wait 0.000s
[20:10:30.604] Continue movement.

[20:10:30.604] Moving to: [0.000 -4.200 0.000]
[20:10:33.066] Arrived at: [0.000 -4.200 0.000]
[20:10:33.066] Wait 0.000s
[20:10:33.066] Continue movement.

[20:10:33.066] Moving to: [-2.000 -4.400 0.000]
[20:10:35.547] Arrived at: [-2.000 -4.400 0.000]
[20:10:35.547] Wait 0.000s
[20:10:35.547] Continue movement.

[20:10:35.547] Finished iteration 19

[20:10:35.547] Starting iteration 20
[20:10:35.547] Moving to: [0.000 0.000 0.000]
[20:10:40.839] Arrived at: [0.000 0.000 0.000]
[20:10:40.839] Wait 0.000s
[20:10:40.839] Continue movement.

[20:10:40.839] Moving to: [-2.000 0.000 0.000]
[20:10:42.854] Arrived at: [-2.000 0.000 0.000]
[20:10:42.854] Wait 0.000s
[20:10:42.854] Continue movement.

[20:10:42.854] Moving to: [0.000 -0.200 0.000]
[20:10:45.275] Arrived at: [0.000 -0.200 0.000]
[20:10:45.275] Wait 0.000s
[20:10:45.275] Continue movement.

[20:10:45.275] Moving to: [-2.000 -0.400 0.000]
[20:10:47.699] Arrived at: [-2.000 -0.400 0.000]
[20:10:47.699] Wait 0.000s
[20:10:47.699] Continue movement.

[20:10:47.699] Moving to: [0.000 -0.600 0.000]
[20:10:50.146] Arrived at: [0.000 -0.600 0.000]
[20:10:50.146] Wait 0.000s
[20:10:50.146] Continue movement.

[20:10:50.146] Moving to: [-2.000 -0.800 0.000]
[20:10:52.609] Arrived at: [-2.000 -0.800 0.000]
[20:10:52.609] Wait 0.000s
[20:10:52.609] Continue movement.

[20:10:52.609] Moving to: [0.000 -1.000 0.000]
[20:10:54.995] Arrived at: [0.000 -1.000 0.000]
[20:10:54.995] Wait 0.000s
[20:10:54.995] Continue movement.

[20:10:55.005] Moving to: [-2.000 -1.200 0.000]
[20:10:57.427] Arrived at: [-2.000 -1.200 0.000]
[20:10:57.427] Wait 0.000s
[20:10:57.427] Continue movement.

[20:10:57.427] Moving to: [0.000 -1.400 0.000]
[20:10:59.943] Arrived at: [0.000 -1.400 0.000] WARNING!
[20:10:59.943] Wait 0.000s
[20:10:59.949] Continue movement.

[20:10:59.949] Moving to: [-2.000 -1.600 0.000]
[20:11:02.387] Arrived at: [-2.000 -1.600 0.000]
[20:11:02.387] Wait 0.000s
[20:11:02.387] Continue movement.

[20:11:02.387] Moving to: [0.000 -1.800 0.000]
[20:11:04.833] Arrived at: [0.000 -1.800 0.000]
[20:11:04.833] Wait 0.000s
[20:11:04.833] Continue movement.

[20:11:04.833] Moving to: [-2.000 -2.000 0.000]
[20:11:07.368] Arrived at: [-2.000 -2.000 0.000]
[20:11:07.368] Wait 0.000s
[20:11:07.368] Continue movement.

[20:11:07.368] Moving to: [0.000 -2.200 0.000]
[20:11:09.841] Arrived at: [0.000 -2.200 0.000]
[20:11:09.841] Wait 0.000s
[20:11:09.841] Continue movement.

[20:11:09.841] Moving to: [-2.000 -2.400 0.000]
[20:11:12.278] Arrived at: [-2.000 -2.400 0.000]
[20:11:12.278] Wait 0.000s
[20:11:12.278] Continue movement.

[20:11:12.278] Moving to: [0.000 -2.600 0.000]
[20:11:14.744] Arrived at: [0.000 -2.600 0.000]
[20:11:14.744] Wait 0.000s
[20:11:14.744] Continue movement.

[20:11:14.744] Moving to: [-2.000 -2.800 0.000]
[20:11:17.275] Arrived at: [-2.000 -2.800 0.000] WARNING!
[20:11:17.275] Wait 0.000s
[20:11:17.275] Continue movement.

[20:11:17.288] Moving to: [0.000 -3.000 0.000]
[20:11:19.775] Arrived at: [0.000 -3.000 0.000]
[20:11:19.775] Wait 0.000s
[20:11:19.775] Continue movement.

[20:11:19.775] Moving to: [-2.000 -3.200 0.000]
[20:11:22.169] Arrived at: [-2.000 -3.200 0.000]
[20:11:22.169] Wait 0.000s
[20:11:22.169] Continue movement.

[20:11:22.169] Moving to: [0.000 -3.400 0.000]
[20:11:24.543] Arrived at: [0.000 -3.400 0.000]
[20:11:24.543] Wait 0.000s
[20:11:24.543] Continue movement.

[20:11:24.543] Moving to: [-2.000 -3.600 0.000]
[20:11:26.919] Arrived at: [-2.000 -3.600 0.000]
[20:11:26.919] Wait 0.000s
[20:11:26.919] Continue movement.

[20:11:26.919] Moving to: [0.000 -3.800 0.000]
[20:11:29.333] Arrived at: [0.000 -3.800 0.000] WARNING!
[20:11:29.334] Wait 0.000s
[20:11:29.336] Continue movement.

[20:11:29.337] Moving to: [-2.000 -4.000 0.000]
[20:11:31.934] Arrived at: [-2.000 -4.000 0.000]
[20:11:31.934] Wait 0.000s
[20:11:31.934] Continue movement.

[20:11:31.936] Moving to: [0.000 -4.200 0.000]
[20:11:34.492] Arrived at: [0.000 -4.200 0.000]
[20:11:34.493] Wait 0.000s
[20:11:34.495] Continue movement.

[20:11:34.496] Moving to: [-2.000 -4.400 0.000]
[20:11:36.968] Arrived at: [-2.000 -4.400 0.000]
[20:11:36.968] Wait 0.000s
[20:11:36.968] Continue movement.

[20:11:36.968] Finished iteration 20

[20:11:36.968] Plan finished.
