[16:32:21.042] Starting plan irradiation...
	Plan name: Plan de movimiento con errores
	Plan comment: Prueba errores 3
	Absolut shift from X to (0,0) well: [0.000 0.000 0.000]
[16:32:25.456] Starting iteration 1
[16:32:25.456] Moving to: [-1.000 1.000 0.000]
[16:32:30.075] Arrived at: [-1.000 1.000 0.000]
[16:32:30.075] Wait 0.100s
[16:32:30.181] Continue movement.

[16:32:30.181] Moving to: [-10.000 0.000 0.000]
[16:32:34.797] Arrived at: [-5.306 0.000 0.000] WARNING!
[16:32:34.797] Wait 0.100s
[16:32:34.919] Continue movement.

[16:32:34.919] Moving to: [0.000 0.000 0.000]
[16:32:39.059] Arrived at: [0.000 0.000 0.000]
[16:32:39.059] Wait 0.100s
[16:32:39.167] Continue movement.

[16:32:39.167] Moving to: [0.000 10.000 0.000]
[16:32:43.545] Arrived at: [0.000 5.293 0.000] WARNING!
[16:32:43.546] Wait 0.100s
[16:32:43.653] Continue movement.

[16:32:43.653] Moving to: [1.000 1.000 0.000]
[16:32:48.160] Arrived at: [1.000 1.000 0.000]
[16:32:48.161] Wait 0.100s
[16:32:48.271] Continue movement.

[16:32:48.271] Moving to: [1.000 0.000 0.000]
[16:32:49.593] Arrived at: [1.000 0.000 0.000]
[16:32:49.593] Wait 0.100s
[16:32:49.717] Continue movement.

[16:32:49.717] Moving to: [1.000 -1.000 0.000]
[16:32:50.967] Arrived at: [1.000 -1.000 0.000]
[16:32:50.967] Wait 0.100s
[16:32:51.073] Continue movement.

[16:32:51.073] Moving to: [0.000 -1.000 0.000]
[16:32:52.357] Arrived at: [0.000 -1.000 0.000]
[16:32:52.357] Wait 0.100s
[16:32:52.463] Continue movement.

[16:32:52.463] Moving to: [-1.000 -1.000 10.000]
[16:32:56.500] Arrived at: [-1.000 -1.000 3.303] WARNING!
[16:32:56.500] Wait 0.100s
[16:32:56.617] Continue movement.

[16:32:56.617] Finished iteration 1

[16:32:56.617] Plan finished.
