[11:40:03.331] Starting plan irradiation...
	Plan name: Plan de movimiento solo stage
	Plan comment: prueba laser
	Absolut shift from X to (0,0) well: [0.000 0.000 0.000]
[11:40:10.218] Starting iteration 1
[11:40:10.218] Moving to: [0.000 0.000 0.000]
[11:40:18.645] Arrived at: [0.000 0.000 0.000]
[11:40:18.645] Wait 0.000s
[11:40:18.651] Continue movement.

[11:40:18.652] Moving to: [10.000 0.000 0.000]
[11:40:25.891] Arrived at: [10.000 0.000 0.000]
[11:40:25.891] Wait 0.000s
[11:40:25.891] Continue movement.

[11:40:25.895] Moving to: [0.000 -0.200 0.000]
[11:40:33.598] Arrived at: [0.000 -0.200 0.000]
[11:40:33.604] Wait 0.000s
[11:40:33.606] Continue movement.

[11:40:33.607] Moving to: [10.000 -0.400 0.000]
[11:40:41.278] Arrived at: [10.000 -0.400 0.000]
[11:40:41.278] Wait 0.000s
[11:40:41.282] Continue movement.

[11:40:41.282] Moving to: [0.000 -0.600 0.000]
[11:40:48.966] Arrived at: [0.000 -0.600 0.000]
[11:40:48.967] Wait 0.000s
[11:40:48.969] Continue movement.

[11:40:48.970] Moving to: [10.000 -0.800 0.000]
[11:40:56.759] Arrived at: [10.000 -0.800 0.000]
[11:40:56.759] Wait 0.000s
[11:40:56.760] Continue movement.

[11:40:56.760] Moving to: [0.000 -1.000 0.000]
[11:41:04.579] Arrived at: [0.000 -1.000 0.000]
[11:41:04.580] Wait 0.000s
[11:41:04.582] Continue movement.

[11:41:04.583] Moving to: [10.000 -1.200 0.000]
[11:41:12.238] Arrived at: [10.000 -1.200 0.000]
[11:41:12.238] Wait 0.000s
[11:41:12.238] Continue movement.

[11:41:12.238] Moving to: [0.000 -1.400 0.000]
[11:41:20.051] Arrived at: [0.000 -1.400 0.000] WARNING!
[11:41:20.053] Wait 0.000s
[11:41:20.055] Continue movement.

[11:41:20.056] Moving to: [10.000 -1.600 0.000]
[11:41:27.728] Arrived at: [10.000 -1.600 0.000]
[11:41:27.728] Wait 0.000s
[11:41:27.728] Continue movement.

[11:41:27.732] Moving to: [0.000 -1.800 0.000]
[11:41:35.404] Arrived at: [0.000 -1.800 0.000]
[11:41:35.404] Wait 0.000s
[11:41:35.408] Continue movement.

[11:41:35.408] Moving to: [10.000 -2.000 0.000]
[11:41:43.081] Arrived at: [10.000 -2.000 0.000]
[11:41:43.081] Wait 0.000s
[11:41:43.085] Continue movement.

[11:41:43.086] Moving to: [0.000 -2.200 0.000]
[11:41:50.789] Arrived at: [0.000 -2.200 0.000]
[11:41:50.789] Wait 0.000s
[11:41:50.793] Continue movement.

[11:41:50.794] Moving to: [10.000 -2.400 0.000]
[11:41:58.471] Arrived at: [10.000 -2.400 0.000]
[11:41:58.471] Wait 0.000s
[11:41:58.475] Continue movement.

[11:41:58.475] Moving to: [0.000 -2.600 0.000]
[11:42:06.291] Arrived at: [0.000 -2.600 0.000]
[11:42:06.291] Wait 0.000s
[11:42:06.295] Continue movement.

[11:42:06.295] Moving to: [10.000 -2.800 0.000]
[11:42:13.945] Arrived at: [10.000 -2.800 0.000] WARNING!
[11:42:13.946] Wait 0.000s
[11:42:13.946] Continue movement.

[11:42:13.946] Moving to: [0.000 -3.000 0.000]
[11:42:21.652] Arrived at: [0.000 -3.000 0.000]
[11:42:21.652] Wait 0.000s
[11:42:21.656] Continue movement.

[11:42:21.656] Moving to: [10.000 -3.200 0.000]
[11:42:29.414] Arrived at: [10.000 -3.200 0.000]
[11:42:29.414] Wait 0.000s
[11:42:29.418] Continue movement.

[11:42:29.419] Moving to: [0.000 -3.400 0.000]
[11:42:37.210] Arrived at: [0.000 -3.400 0.000]
[11:42:37.214] Wait 0.000s
[11:42:37.214] Continue movement.

[11:42:37.214] Moving to: [10.000 -3.600 0.000]
[11:42:44.924] Arrived at: [10.000 -3.600 0.000]
[11:42:44.924] Wait 0.000s
[11:42:44.924] Continue movement.

[11:42:44.924] Moving to: [0.000 -3.800 0.000]
[11:42:52.578] Arrived at: [0.000 -3.800 0.000] WARNING!
[11:42:52.582] Wait 0.000s
[11:42:52.585] Continue movement.

[11:42:52.586] Moving to: [10.000 -4.000 0.000]
[11:43:00.271] Arrived at: [10.000 -4.000 0.000]
[11:43:00.271] Wait 0.000s
[11:43:00.276] Continue movement.

[11:43:00.277] Moving to: [0.000 -4.200 0.000]
[11:43:07.964] Arrived at: [0.000 -4.200 0.000]
[11:43:07.964] Wait 0.000s
[11:43:07.968] Continue movement.

[11:43:07.968] Finished iteration 1

[11:43:07.969] Plan finished.
