[19:02:03.508] Starting plan irradiation...
	Plan name: Plan de movimiento solo stage
	Plan comment: tungestno-largo-2
	Absolut shift from X to (0,0) well: [0.000 0.000 0.000]
[19:02:09.775] Starting iteration 1
[19:02:09.776] Moving to: [0.000 0.000 0.000]
[19:02:10.493] Arrived at: [0.000 0.000 0.000]
[19:02:10.493] Wait 5.000s
[19:02:15.508] Continue movement.

[19:02:15.509] Moving to: [10.000 0.000 0.000]
[19:02:16.235] Arrived at: [0.007 0.000 0.000] WARNING!
[19:02:16.235] Wait 0.000s
[19:02:16.235] Continue movement.

[19:02:16.235] Moving to: [0.000 -0.200 0.000]
[19:02:17.437] Arrived at: [0.000 -0.200 0.000]
[19:02:17.437] Wait 0.000s
[19:02:17.437] Continue movement.

[19:02:17.437] Moving to: [10.000 -0.400 0.000]
[19:02:18.617] Arrived at: [0.007 -0.400 0.000] WARNING!
[19:02:18.617] Wait 0.000s
[19:02:18.633] Continue movement.

[19:02:18.635] Moving to: [0.000 -0.600 0.000]
[19:02:19.835] Arrived at: [0.000 -0.600 0.000]
[19:02:19.835] Wait 0.000s
[19:02:19.835] Continue movement.

[19:02:19.835] Moving to: [10.000 -0.800 0.000]
[19:02:21.035] Arrived at: [0.007 -0.800 0.000] WARNING!
[19:02:21.035] Wait 0.000s
[19:02:21.035] Continue movement.

[19:02:21.048] Moving to: [0.000 -1.000 0.000]
[19:02:22.245] Arrived at: [0.000 -1.000 0.000]
[19:02:22.246] Wait 0.000s
[19:02:22.249] Continue movement.

[19:02:22.250] Moving to: [10.000 -1.200 0.000]
[19:02:23.462] Arrived at: [0.007 -1.200 0.000] WARNING!
[19:02:23.462] Wait 0.000s
[19:02:23.475] Continue movement.

[19:02:23.476] Moving to: [0.000 -1.400 0.000]
[19:02:24.698] Arrived at: [0.000 -1.400 0.000] WARNING!
[19:02:24.698] Wait 0.000s
[19:02:24.711] Continue movement.

[19:02:24.712] Moving to: [10.000 -1.600 0.000]
[19:02:25.929] Arrived at: [0.007 -1.600 0.000] WARNING!
[19:02:25.929] Wait 0.000s
[19:02:25.929] Continue movement.

[19:02:25.941] Moving to: [0.000 -1.800 0.000]
[19:02:27.174] Arrived at: [0.000 -1.800 0.000]
[19:02:27.174] Wait 0.000s
[19:02:27.174] Continue movement.

[19:02:27.174] Moving to: [10.000 -2.000 0.000]
[19:02:28.392] Arrived at: [0.007 -2.000 0.000] WARNING!
[19:02:28.392] Wait 0.000s
[19:02:28.392] Continue movement.

[19:02:28.392] Moving to: [0.000 -2.200 0.000]
[19:02:29.588] Arrived at: [0.000 -2.200 0.000]
[19:02:29.588] Wait 0.000s
[19:02:29.588] Continue movement.

[19:02:29.588] Moving to: [10.000 -2.400 0.000]
[19:02:30.772] Arrived at: [0.007 -2.400 0.000] WARNING!
[19:02:30.772] Wait 0.000s
[19:02:30.772] Continue movement.

[19:02:30.786] Moving to: [0.000 -2.600 0.000]
[19:02:31.983] Arrived at: [0.000 -2.600 0.000]
[19:02:31.984] Wait 0.000s
[19:02:31.986] Continue movement.

[19:02:31.987] Moving to: [10.000 -2.800 0.000]
[19:02:33.192] Arrived at: [0.007 -2.800 0.000] WARNING!
[19:02:33.193] Wait 0.000s
[19:02:33.194] Continue movement.

[19:02:33.194] Moving to: [0.000 -3.000 0.000]
[19:02:34.355] Arrived at: [0.000 -3.000 0.000]
[19:02:34.355] Wait 0.000s
[19:02:34.355] Continue movement.

[19:02:34.355] Moving to: [10.000 -3.200 0.000]
[19:02:35.552] Arrived at: [0.007 -3.200 0.000] WARNING!
[19:02:35.552] Wait 0.000s
[19:02:35.552] Continue movement.

[19:02:35.552] Moving to: [0.000 -3.400 0.000]
[19:02:36.830] Arrived at: [0.000 -3.400 0.000]
[19:02:36.830] Wait 0.000s
[19:02:36.830] Continue movement.

[19:02:36.830] Moving to: [10.000 -3.600 0.000]
[19:02:38.051] Arrived at: [0.007 -3.600 0.000] WARNING!
[19:02:38.051] Wait 0.000s
[19:02:38.052] Continue movement.

[19:02:38.053] Moving to: [0.000 -3.800 0.000]
[19:02:39.229] Arrived at: [0.000 -3.800 0.000] WARNING!
[19:02:39.229] Wait 0.000s
[19:02:39.229] Continue movement.

[19:02:39.241] Moving to: [10.000 -4.000 0.000]
[19:02:40.429] Arrived at: [0.007 -4.000 0.000] WARNING!
[19:02:40.429] Wait 0.000s
[19:02:40.441] Continue movement.

[19:02:40.442] Moving to: [0.000 -3.800 0.000]
[19:02:41.647] Arrived at: [0.000 -3.800 0.000] WARNING!
[19:02:41.647] Wait 0.000s
[19:02:41.647] Continue movement.

[19:02:41.647] Moving to: [10.000 -3.600 0.000]
[19:02:42.854] Arrived at: [0.007 -3.600 0.000] WARNING!
[19:02:42.854] Wait 0.000s
[19:02:42.856] Continue movement.

[19:02:42.857] Moving to: [0.000 -3.400 0.000]
[19:02:44.069] Arrived at: [0.000 -3.400 0.000]
[19:02:44.069] Wait 0.000s
[19:02:44.072] Continue movement.

[19:02:44.073] Moving to: [10.000 -3.200 0.000]
[19:02:45.279] Arrived at: [0.007 -3.200 0.000] WARNING!
[19:02:45.279] Wait 0.000s
[19:02:45.279] Continue movement.

[19:02:45.279] Moving to: [0.000 -3.000 0.000]
[19:02:46.503] Arrived at: [0.000 -3.000 0.000]
[19:02:46.503] Wait 0.000s
[19:02:46.504] Continue movement.

[19:02:46.505] Moving to: [10.000 -2.800 0.000]
[19:02:47.747] Arrived at: [0.007 -2.800 0.000] WARNING!
[19:02:47.748] Wait 0.000s
[19:02:47.751] Continue movement.

[19:02:47.752] Moving to: [0.000 -2.600 0.000]
[19:02:48.922] Arrived at: [0.000 -2.600 0.000]
[19:02:48.922] Wait 0.000s
[19:02:48.922] Continue movement.

[19:02:48.922] Moving to: [10.000 -2.400 0.000]
[19:02:50.144] Arrived at: [0.007 -2.400 0.000] WARNING!
[19:02:50.145] Wait 0.000s
[19:02:50.147] Continue movement.

[19:02:50.148] Moving to: [0.000 -2.200 0.000]
[19:02:51.370] Arrived at: [0.000 -2.200 0.000]
[19:02:51.370] Wait 0.000s
[19:02:51.370] Continue movement.

[19:02:51.370] Moving to: [10.000 -2.000 0.000]
[19:02:52.615] Arrived at: [0.007 -2.000 0.000] WARNING!
[19:02:52.615] Wait 0.000s
[19:02:52.615] Continue movement.

[19:02:52.615] Moving to: [0.000 -1.800 0.000]
[19:02:53.846] Arrived at: [0.000 -1.800 0.000]
[19:02:53.846] Wait 0.000s
[19:02:53.846] Continue movement.

[19:02:53.846] Moving to: [10.000 -1.600 0.000]
[19:02:55.052] Arrived at: [0.007 -1.600 0.000] WARNING!
[19:02:55.056] Wait 0.000s
[19:02:55.058] Continue movement.

[19:02:55.059] Moving to: [0.000 -1.400 0.000]
[19:02:56.258] Arrived at: [0.000 -1.400 0.000] WARNING!
[19:02:56.258] Wait 0.000s
[19:02:56.269] Continue movement.

[19:02:56.270] Moving to: [10.000 -1.200 0.000]
[19:02:57.519] Arrived at: [0.007 -1.200 0.000] WARNING!
[19:02:57.519] Wait 0.000s
[19:02:57.522] Continue movement.

[19:02:57.524] Moving to: [0.000 -1.000 0.000]
[19:02:58.708] Arrived at: [0.000 -1.000 0.000]
[19:02:58.708] Wait 0.000s
[19:02:58.708] Continue movement.

[19:02:58.708] Moving to: [10.000 -0.800 0.000]
[19:02:59.876] Arrived at: [0.007 -0.800 0.000] WARNING!
[19:02:59.876] Wait 0.000s
[19:02:59.876] Continue movement.

[19:02:59.876] Moving to: [0.000 -0.600 0.000]
[19:03:01.075] Arrived at: [0.000 -0.600 0.000]
[19:03:01.075] Wait 0.000s
[19:03:01.075] Continue movement.

[19:03:01.075] Moving to: [10.000 -0.400 0.000]
[19:03:02.242] Arrived at: [0.007 -0.400 0.000] WARNING!
[19:03:02.242] Wait 0.000s
[19:03:02.242] Continue movement.

[19:03:02.252] Moving to: [0.000 -0.200 0.000]
[19:03:03.434] Arrived at: [0.000 -0.200 0.000]
[19:03:03.434] Wait 0.000s
[19:03:03.434] Continue movement.

[19:03:03.434] Moving to: [10.000 0.000 0.000]
[19:03:04.648] Arrived at: [0.007 0.000 0.000] WARNING!
[19:03:04.648] Wait 0.000s
[19:03:04.653] Continue movement.

[19:03:04.655] Finished iteration 1

[19:03:04.656] Starting iteration 2
[19:03:04.657] Moving to: [0.000 0.000 0.000]
[19:03:05.375] Arrived at: [0.000 0.000 0.000]
[19:03:05.375] Wait 5.000s
[19:03:10.393] Continue movement.

[19:03:10.393] Moving to: [10.000 0.000 0.000]
[19:03:11.117] Arrived at: [0.007 0.000 0.000] WARNING!
[19:03:11.117] Wait 0.000s
[19:03:11.129] Continue movement.

[19:03:11.129] Moving to: [0.000 -0.200 0.000]
[19:03:12.331] Arrived at: [0.000 -0.200 0.000]
[19:03:12.331] Wait 0.000s
[19:03:12.331] Continue movement.

[19:03:12.331] Moving to: [10.000 -0.400 0.000]
[19:03:13.534] Arrived at: [0.007 -0.400 0.000] WARNING!
[19:03:13.534] Wait 0.000s
[19:03:13.543] Continue movement.

[19:03:13.544] Moving to: [0.000 -0.600 0.000]
[19:03:14.793] Arrived at: [0.000 -0.600 0.000]
[19:03:14.793] Wait 0.000s
[19:03:14.796] Continue movement.

[19:03:14.796] Moving to: [10.000 -0.800 0.000]
[19:03:16.020] Arrived at: [0.007 -0.800 0.000] WARNING!
[19:03:16.022] Wait 0.000s
[19:03:16.026] Continue movement.

[19:03:16.027] Moving to: [0.000 -1.000 0.000]
[19:03:17.230] Arrived at: [0.000 -1.000 0.000]
[19:03:17.231] Wait 0.000s
[19:03:17.233] Continue movement.

[19:03:17.233] Moving to: [10.000 -1.200 0.000]
[19:03:18.412] Arrived at: [0.007 -1.200 0.000] WARNING!
[19:03:18.412] Wait 0.000s
[19:03:18.412] Continue movement.

[19:03:18.412] Moving to: [0.000 -1.400 0.000]
[19:03:19.618] Arrived at: [0.000 -1.400 0.000] WARNING!
[19:03:19.619] Wait 0.000s
[19:03:19.622] Continue movement.

[19:03:19.623] Moving to: [10.000 -1.600 0.000]
[19:03:20.846] Arrived at: [0.007 -1.600 0.000] WARNING!
[19:03:20.846] Wait 0.000s
[19:03:20.846] Continue movement.

[19:03:20.853] Moving to: [0.000 -1.800 0.000]
[19:03:22.056] Arrived at: [0.000 -1.800 0.000]
[19:03:22.056] Wait 0.000s
[19:03:22.058] Continue movement.

[19:03:22.058] Moving to: [10.000 -2.000 0.000]
[19:03:23.236] Arrived at: [0.007 -2.000 0.000] WARNING!
[19:03:23.237] Wait 0.000s
[19:03:23.238] Continue movement.

[19:03:23.240] Moving to: [0.000 -2.200 0.000]
[19:03:24.504] Arrived at: [0.000 -2.200 0.000]
[19:03:24.504] Wait 0.000s
[19:03:24.504] Continue movement.

[19:03:24.504] Moving to: [10.000 -2.400 0.000]
[19:03:25.742] Arrived at: [0.007 -2.400 0.000] WARNING!
[19:03:25.744] Wait 0.000s
[19:03:25.746] Continue movement.

[19:03:25.748] Moving to: [0.000 -2.600 0.000]
[19:03:27.079] Arrived at: [0.000 -2.600 0.000]
[19:03:27.079] Wait 0.000s
[19:03:27.085] Continue movement.

[19:03:27.086] Moving to: [10.000 -2.800 0.000]
[19:03:28.411] Arrived at: [0.007 -2.800 0.000] WARNING!
[19:03:28.412] Wait 0.000s
[19:03:28.416] Continue movement.

[19:03:28.418] Moving to: [0.000 -3.000 0.000]
[19:03:29.751] Arrived at: [0.000 -3.000 0.000]
[19:03:29.752] Wait 0.000s
[19:03:29.755] Continue movement.

[19:03:29.756] Moving to: [10.000 -3.200 0.000]
[19:03:31.012] Arrived at: [0.007 -3.200 0.000] WARNING!
[19:03:31.012] Wait 0.000s
[19:03:31.012] Continue movement.

[19:03:31.017] Moving to: [0.000 -3.400 0.000]
[19:03:32.367] Arrived at: [0.000 -3.400 0.000]
[19:03:32.369] Wait 0.000s
[19:03:32.370] Continue movement.

[19:03:32.370] Moving to: [10.000 -3.600 0.000]
[19:03:33.586] Arrived at: [0.007 -3.600 0.000] WARNING!
[19:03:33.586] Wait 0.000s
[19:03:33.587] Continue movement.

[19:03:33.588] Moving to: [0.000 -3.800 0.000]
[19:03:34.793] Arrived at: [0.000 -3.800 0.000] WARNING!
[19:03:34.794] Wait 0.000s
[19:03:34.795] Continue movement.

[19:03:34.795] Moving to: [10.000 -4.000 0.000]
[19:03:36.159] Arrived at: [0.007 -4.000 0.000] WARNING!
[19:03:36.160] Wait 0.000s
[19:03:36.162] Continue movement.

[19:03:36.163] Moving to: [0.000 -3.800 0.000]
[19:03:37.418] Arrived at: [0.000 -3.800 0.000] WARNING!
[19:03:37.419] Wait 0.000s
[19:03:37.419] Continue movement.

[19:03:37.419] Moving to: [10.000 -3.600 0.000]
[19:03:38.709] Arrived at: [0.007 -3.600 0.000] WARNING!
[19:03:38.709] Wait 0.000s
[19:03:38.709] Continue movement.

[19:03:38.716] Moving to: [0.000 -3.400 0.000]
[19:03:40.019] Arrived at: [0.000 -3.400 0.000]
[19:03:40.020] Wait 0.000s
[19:03:40.022] Continue movement.

[19:03:40.023] Moving to: [10.000 -3.200 0.000]
[19:03:41.251] Arrived at: [0.007 -3.200 0.000] WARNING!
[19:03:41.251] Wait 0.000s
[19:03:41.263] Continue movement.

[19:03:41.264] Moving to: [0.000 -3.000 0.000]
[19:03:42.527] Arrived at: [0.000 -3.000 0.000]
[19:03:42.527] Wait 0.000s
[19:03:42.527] Continue movement.

[19:03:42.527] Moving to: [10.000 -2.800 0.000]
[19:03:43.723] Arrived at: [0.007 -2.800 0.000] WARNING!
[19:03:43.723] Wait 0.000s
[19:03:43.723] Continue movement.

[19:03:43.723] Moving to: [0.000 -2.600 0.000]
[19:03:44.969] Arrived at: [0.000 -2.600 0.000]
[19:03:44.969] Wait 0.000s
[19:03:44.969] Continue movement.

[19:03:44.969] Moving to: [10.000 -2.400 0.000]
[19:03:46.224] Arrived at: [0.007 -2.400 0.000] WARNING!
[19:03:46.225] Wait 0.000s
[19:03:46.227] Continue movement.

[19:03:46.228] Moving to: [0.000 -2.200 0.000]
[19:03:47.483] Arrived at: [0.000 -2.200 0.000]
[19:03:47.483] Wait 0.000s
[19:03:47.483] Continue movement.

[19:03:47.483] Moving to: [10.000 -2.000 0.000]
[19:03:48.680] Arrived at: [0.007 -2.000 0.000] WARNING!
[19:03:48.680] Wait 0.000s
[19:03:48.680] Continue movement.

[19:03:48.680] Moving to: [0.000 -1.800 0.000]
[19:03:49.890] Arrived at: [0.000 -1.800 0.000]
[19:03:49.890] Wait 0.000s
[19:03:49.890] Continue movement.

[19:03:49.890] Moving to: [10.000 -1.600 0.000]
[19:03:51.148] Arrived at: [0.007 -1.600 0.000] WARNING!
[19:03:51.149] Wait 0.000s
[19:03:51.151] Continue movement.

[19:03:51.153] Moving to: [0.000 -1.400 0.000]
[19:03:52.335] Arrived at: [0.000 -1.400 0.000] WARNING!
[19:03:52.336] Wait 0.000s
[19:03:52.338] Continue movement.

[19:03:52.339] Moving to: [10.000 -1.200 0.000]
[19:03:53.616] Arrived at: [0.007 -1.200 0.000] WARNING!
[19:03:53.616] Wait 0.000s
[19:03:53.616] Continue movement.

[19:03:53.616] Moving to: [0.000 -1.000 0.000]
[19:03:54.853] Arrived at: [0.000 -1.000 0.000]
[19:03:54.854] Wait 0.000s
[19:03:54.857] Continue movement.

[19:03:54.857] Moving to: [10.000 -0.800 0.000]
[19:03:56.082] Arrived at: [0.007 -0.800 0.000] WARNING!
[19:03:56.082] Wait 0.000s
[19:03:56.082] Continue movement.

[19:03:56.082] Moving to: [0.000 -0.600 0.000]
[19:03:57.284] Arrived at: [0.000 -0.600 0.000]
[19:03:57.284] Wait 0.000s
[19:03:57.285] Continue movement.

[19:03:57.286] Moving to: [10.000 -0.400 0.000]
[19:03:58.494] Arrived at: [0.007 -0.400 0.000] WARNING!
[19:03:58.494] Wait 0.000s
[19:03:58.494] Continue movement.

[19:03:58.494] Moving to: [0.000 -0.200 0.000]
[19:03:59.687] Arrived at: [0.000 -0.200 0.000]
[19:03:59.687] Wait 0.000s
[19:03:59.689] Continue movement.

[19:03:59.690] Moving to: [10.000 0.000 0.000]
[19:04:00.916] Arrived at: [0.007 0.000 0.000] WARNING!
[19:04:00.916] Wait 0.000s
[19:04:00.924] Continue movement.

[19:04:00.926] Finished iteration 2

[19:04:00.926] Starting iteration 3
[19:04:00.927] Moving to: [0.000 0.000 0.000]
[19:04:01.663] Arrived at: [0.000 0.000 0.000]
[19:04:01.663] Wait 5.000s
[19:04:06.679] Continue movement.

[19:04:06.680] Moving to: [10.000 0.000 0.000]
[19:04:07.435] Arrived at: [0.007 0.000 0.000] WARNING!
[19:04:07.442] Wait 0.000s
[19:04:07.443] Continue movement.

[19:04:07.444] Moving to: [0.000 -0.200 0.000]
[19:04:08.641] Arrived at: [0.000 -0.200 0.000]
[19:04:08.641] Wait 0.000s
[19:04:08.641] Continue movement.

[19:04:08.641] Moving to: [10.000 -0.400 0.000]
[19:04:09.903] Arrived at: [0.007 -0.400 0.000] WARNING!
[19:04:09.903] Wait 0.000s
[19:04:09.903] Continue movement.

[19:04:09.903] Moving to: [0.000 -0.600 0.000]
[19:04:11.184] Arrived at: [0.000 -0.600 0.000]
[19:04:11.184] Wait 0.000s
[19:04:11.186] Continue movement.

[19:04:11.187] Moving to: [10.000 -0.800 0.000]
[19:04:12.409] Arrived at: [0.007 -0.800 0.000] WARNING!
[19:04:12.409] Wait 0.000s
[19:04:12.409] Continue movement.

[19:04:12.409] Moving to: [0.000 -1.000 0.000]
[19:04:13.622] Arrived at: [0.000 -1.000 0.000]
[19:04:13.622] Wait 0.000s
[19:04:13.622] Continue movement.

[19:04:13.622] Moving to: [10.000 -1.200 0.000]
[19:04:14.866] Arrived at: [0.007 -1.200 0.000] WARNING!
[19:04:14.867] Wait 0.000s
[19:04:14.870] Continue movement.

[19:04:14.871] Moving to: [0.000 -1.400 0.000]
[19:04:16.087] Arrived at: [0.000 -1.400 0.000] WARNING!
[19:04:16.087] Wait 0.000s
[19:04:16.099] Continue movement.

[19:04:16.100] Moving to: [10.000 -1.600 0.000]
[19:04:17.319] Arrived at: [0.007 -1.600 0.000] WARNING!
[19:04:17.319] Wait 0.000s
[19:04:17.319] Continue movement.

[19:04:17.319] Moving to: [0.000 -1.800 0.000]
[19:04:18.550] Arrived at: [0.000 -1.800 0.000]
[19:04:18.550] Wait 0.000s
[19:04:18.550] Continue movement.

[19:04:18.550] Moving to: [10.000 -2.000 0.000]
[19:04:19.754] Arrived at: [0.007 -2.000 0.000] WARNING!
[19:04:19.754] Wait 0.000s
[19:04:19.754] Continue movement.

[19:04:19.754] Moving to: [0.000 -2.200 0.000]
[19:04:21.002] Arrived at: [0.000 -2.200 0.000]
[19:04:21.002] Wait 0.000s
[19:04:21.002] Continue movement.

[19:04:21.002] Moving to: [10.000 -2.400 0.000]
[19:04:22.218] Arrived at: [0.007 -2.400 0.000] WARNING!
[19:04:22.218] Wait 0.000s
[19:04:22.218] Continue movement.

[19:04:22.218] Moving to: [0.000 -2.600 0.000]
[19:04:23.507] Arrived at: [0.000 -2.600 0.000]
[19:04:23.507] Wait 0.000s
[19:04:23.507] Continue movement.

[19:04:23.507] Moving to: [10.000 -2.800 0.000]
[19:04:24.742] Arrived at: [0.007 -2.800 0.000] WARNING!
[19:04:24.742] Wait 0.000s
[19:04:24.745] Continue movement.

[19:04:24.747] Moving to: [0.000 -3.000 0.000]
[19:04:25.989] Arrived at: [0.000 -3.000 0.000]
[19:04:25.989] Wait 0.000s
[19:04:25.993] Continue movement.

[19:04:25.994] Moving to: [10.000 -3.200 0.000]
[19:04:27.268] Arrived at: [0.007 -3.200 0.000] WARNING!
[19:04:27.268] Wait 0.000s
[19:04:27.271] Continue movement.

[19:04:27.272] Moving to: [0.000 -3.400 0.000]
[19:04:28.469] Arrived at: [0.000 -3.400 0.000]
[19:04:28.469] Wait 0.000s
[19:04:28.471] Continue movement.

[19:04:28.472] Moving to: [10.000 -3.600 0.000]
[19:04:29.643] Arrived at: [0.007 -3.600 0.000] WARNING!
[19:04:29.643] Wait 0.000s
[19:04:29.643] Continue movement.

[19:04:29.643] Moving to: [0.000 -3.800 0.000]
[19:04:30.874] Arrived at: [0.000 -3.800 0.000] WARNING!
[19:04:30.874] Wait 0.000s
[19:04:30.874] Continue movement.

[19:04:30.874] Moving to: [10.000 -4.000 0.000]
[19:04:32.179] Arrived at: [0.007 -4.000 0.000] WARNING!
[19:04:32.181] Wait 0.000s
[19:04:32.182] Continue movement.

[19:04:32.184] Moving to: [0.000 -3.800 0.000]
[19:04:33.389] Arrived at: [0.000 -3.800 0.000] WARNING!
[19:04:33.389] Wait 0.000s
[19:04:33.392] Continue movement.

[19:04:33.392] Moving to: [10.000 -3.600 0.000]
[19:04:34.737] Arrived at: [0.007 -3.600 0.000] WARNING!
[19:04:34.737] Wait 0.000s
[19:04:34.740] Continue movement.

[19:04:34.741] Moving to: [0.000 -3.400 0.000]
[19:04:36.069] Arrived at: [0.000 -3.400 0.000]
[19:04:36.070] Wait 0.000s
[19:04:36.070] Continue movement.

[19:04:36.070] Moving to: [10.000 -3.200 0.000]
[19:04:37.397] Arrived at: [0.007 -3.200 0.000] WARNING!
[19:04:37.398] Wait 0.000s
[19:04:37.400] Continue movement.

[19:04:37.401] Moving to: [0.000 -3.000 0.000]
[19:04:38.745] Arrived at: [0.000 -3.000 0.000]
[19:04:38.745] Wait 0.000s
[19:04:38.745] Continue movement.

[19:04:38.745] Moving to: [10.000 -2.800 0.000]
[19:04:39.953] Arrived at: [0.007 -2.800 0.000] WARNING!
[19:04:39.954] Wait 0.000s
[19:04:39.954] Continue movement.

[19:04:39.956] Moving to: [0.000 -2.600 0.000]
[19:04:41.223] Arrived at: [0.000 -2.600 0.000]
[19:04:41.223] Wait 0.000s
[19:04:41.223] Continue movement.

[19:04:41.223] Moving to: [10.000 -2.400 0.000]
[19:04:42.469] Arrived at: [0.007 -2.400 0.000] WARNING!
[19:04:42.470] Wait 0.000s
[19:04:42.473] Continue movement.

[19:04:42.475] Moving to: [0.000 -2.200 0.000]
[19:04:43.757] Arrived at: [0.000 -2.200 0.000]
[19:04:43.757] Wait 0.000s
[19:04:43.757] Continue movement.

[19:04:43.757] Moving to: [10.000 -2.000 0.000]
[19:04:45.031] Arrived at: [0.007 -2.000 0.000] WARNING!
[19:04:45.031] Wait 0.000s
[19:04:45.031] Continue movement.

[19:04:45.031] Moving to: [0.000 -1.800 0.000]
[19:04:46.325] Arrived at: [0.000 -1.800 0.000]
[19:04:46.344] Wait 0.000s
[19:04:46.347] Continue movement.

[19:04:46.349] Moving to: [10.000 -1.600 0.000]
[19:04:47.619] Arrived at: [0.007 -1.600 0.000] WARNING!
[19:04:47.619] Wait 0.000s
[19:04:47.619] Continue movement.

[19:04:47.634] Moving to: [0.000 -1.400 0.000]
[19:04:48.815] Arrived at: [0.000 -1.400 0.000] WARNING!
[19:04:48.816] Wait 0.000s
[19:04:48.816] Continue movement.

[19:04:48.819] Moving to: [10.000 -1.200 0.000]
[19:04:50.036] Arrived at: [0.007 -1.200 0.000] WARNING!
[19:04:50.036] Wait 0.000s
[19:04:50.047] Continue movement.

[19:04:50.047] Moving to: [0.000 -1.000 0.000]
[19:04:51.254] Arrived at: [0.000 -1.000 0.000]
[19:04:51.254] Wait 0.000s
[19:04:51.254] Continue movement.

[19:04:51.258] Moving to: [10.000 -0.800 0.000]
[19:04:52.445] Arrived at: [0.007 -0.800 0.000] WARNING!
[19:04:52.445] Wait 0.000s
[19:04:52.457] Continue movement.

[19:04:52.458] Moving to: [0.000 -0.600 0.000]
[19:04:53.653] Arrived at: [0.000 -0.600 0.000]
[19:04:53.657] Wait 0.000s
[19:04:53.657] Continue movement.

[19:04:53.657] Moving to: [10.000 -0.400 0.000]
[19:04:54.878] Arrived at: [0.007 -0.400 0.000] WARNING!
[19:04:54.878] Wait 0.000s
[19:04:54.888] Continue movement.

[19:04:54.889] Moving to: [0.000 -0.200 0.000]
[19:04:56.127] Arrived at: [0.000 -0.200 0.000]
[19:04:56.127] Wait 0.000s
[19:04:56.127] Continue movement.

[19:04:56.127] Moving to: [10.000 0.000 0.000]
[19:04:57.308] Arrived at: [0.007 0.000 0.000] WARNING!
[19:04:57.308] Wait 0.000s
[19:04:57.308] Continue movement.

[19:04:57.317] Finished iteration 3

[19:04:57.317] Plan finished.
