[18:23:36.045] Starting plan irradiation...
	Plan name: Plan de movimiento solo stage
	Plan comment: irradiacionW15.7cm
	Absolut shift from X to (0,0) well: [0.000 0.000 0.000]
[18:23:51.952] Starting iteration 1
[18:23:51.952] Moving to: [0.000 0.000 0.000]
[18:23:57.687] Arrived at: [0.000 0.000 0.000]
[18:23:57.687] Wait 0.000s
[18:23:57.692] Continue movement.

[18:23:57.693] Moving to: [2.200 0.000 0.000]
[18:23:59.702] Arrived at: [2.200 0.000 0.000]
[18:23:59.702] Wait 0.000s
[18:23:59.707] Continue movement.

[18:23:59.708] Moving to: [0.000 -0.200 0.000]
[18:24:02.159] Arrived at: [0.000 -0.200 0.000]
[18:24:02.159] Wait 0.000s
[18:24:02.163] Continue movement.

[18:24:02.163] Moving to: [2.200 -0.400 0.000]
[18:24:04.602] Arrived at: [2.200 -0.400 0.000]
[18:24:04.603] Wait 0.000s
[18:24:04.604] Continue movement.

[18:24:04.605] Moving to: [0.000 -0.600 0.000]
[18:24:07.220] Arrived at: [0.000 -0.600 0.000]
[18:24:07.220] Wait 0.000s
[18:24:07.224] Continue movement.

[18:24:07.225] Moving to: [2.200 -0.800 0.000]
[18:24:09.663] Arrived at: [2.200 -0.800 0.000]
[18:24:09.663] Wait 0.000s
[18:24:09.663] Continue movement.

[18:24:09.667] Moving to: [0.000 -1.000 0.000]
[18:24:12.285] Arrived at: [0.000 -1.000 0.000]
[18:24:12.289] Wait 0.000s
[18:24:12.289] Continue movement.

[18:24:12.289] Moving to: [2.200 -1.200 0.000]
[18:24:14.905] Arrived at: [2.200 -1.200 0.000]
[18:24:14.905] Wait 0.000s
[18:24:14.909] Continue movement.

[18:24:14.909] Moving to: [0.000 -1.400 0.000]
[18:24:17.350] Arrived at: [0.000 -1.400 0.000] WARNING!
[18:24:17.350] Wait 0.000s
[18:24:17.351] Continue movement.

[18:24:17.351] Moving to: [2.200 -1.600 0.000]
[18:24:19.954] Arrived at: [2.200 -1.600 0.000]
[18:24:19.955] Wait 0.000s
[18:24:19.957] Continue movement.

[18:24:19.958] Moving to: [0.000 -1.800 0.000]
[18:24:22.557] Arrived at: [0.000 -1.800 0.000]
[18:24:22.557] Wait 0.000s
[18:24:22.562] Continue movement.

[18:24:22.562] Moving to: [2.200 -2.000 0.000]
[18:24:25.181] Arrived at: [2.200 -2.000 0.000]
[18:24:25.181] Wait 0.000s
[18:24:25.181] Continue movement.

[18:24:25.181] Moving to: [0.000 -2.200 0.000]
[18:24:27.764] Arrived at: [0.000 -2.200 0.000]
[18:24:27.764] Wait 0.000s
[18:24:27.768] Continue movement.

[18:24:27.769] Moving to: [2.200 -2.400 0.000]
[18:24:30.206] Arrived at: [2.200 -2.400 0.000]
[18:24:30.207] Wait 0.000s
[18:24:30.209] Continue movement.

[18:24:30.209] Moving to: [0.000 -2.600 0.000]
[18:24:32.826] Arrived at: [0.000 -2.600 0.000]
[18:24:32.826] Wait 0.000s
[18:24:32.831] Continue movement.

[18:24:32.831] Moving to: [2.200 -2.800 0.000]
[18:24:35.454] Arrived at: [2.200 -2.800 0.000] WARNING!
[18:24:35.455] Wait 0.000s
[18:24:35.458] Continue movement.

[18:24:35.459] Moving to: [0.000 -3.000 0.000]
[18:24:38.048] Arrived at: [0.000 -3.000 0.000]
[18:24:38.048] Wait 0.000s
[18:24:38.053] Continue movement.

[18:24:38.054] Moving to: [2.200 -3.200 0.000]
[18:24:40.674] Arrived at: [2.200 -3.200 0.000]
[18:24:40.678] Wait 0.000s
[18:24:40.678] Continue movement.

[18:24:40.678] Moving to: [0.000 -3.400 0.000]
[18:24:43.289] Arrived at: [0.000 -3.400 0.000]
[18:24:43.290] Wait 0.000s
[18:24:43.292] Continue movement.

[18:24:43.293] Moving to: [2.200 -3.600 0.000]
[18:24:45.920] Arrived at: [2.200 -3.600 0.000]
[18:24:45.920] Wait 0.000s
[18:24:45.922] Continue movement.

[18:24:45.923] Moving to: [0.000 -3.800 0.000]
[18:24:48.523] Arrived at: [0.000 -3.800 0.000] WARNING!
[18:24:48.528] Wait 0.000s
[18:24:48.530] Continue movement.

[18:24:48.531] Moving to: [2.200 -4.000 0.000]
[18:24:51.137] Arrived at: [2.200 -4.000 0.000]
[18:24:51.137] Wait 0.000s
[18:24:51.142] Continue movement.

[18:24:51.142] Moving to: [0.000 -4.200 0.000]
[18:24:53.736] Arrived at: [0.000 -4.200 0.000]
[18:24:53.737] Wait 0.000s
[18:24:53.738] Continue movement.

[18:24:53.739] Moving to: [2.200 -4.400 0.000]
[18:24:56.350] Arrived at: [2.200 -4.400 0.000]
[18:24:56.354] Wait 0.000s
[18:24:56.354] Continue movement.

[18:24:56.354] Moving to: [0.000 -4.600 0.000]
[18:24:58.973] Arrived at: [0.000 -4.600 0.000] WARNING!
[18:24:58.973] Wait 0.000s
[18:24:58.978] Continue movement.

[18:24:58.978] Moving to: [2.200 -4.800 0.000]
[18:25:01.600] Arrived at: [2.200 -4.800 0.000]
[18:25:01.600] Wait 0.000s
[18:25:01.604] Continue movement.

[18:25:01.604] Finished iteration 1

[18:25:01.604] Starting iteration 2
[18:25:01.604] Moving to: [0.000 0.000 0.000]
[18:25:07.301] Arrived at: [0.000 0.000 0.000]
[18:25:07.301] Wait 0.000s
[18:25:07.305] Continue movement.

[18:25:07.306] Moving to: [2.200 0.000 0.000]
[18:25:09.470] Arrived at: [2.200 0.000 0.000]
[18:25:09.470] Wait 0.000s
[18:25:09.474] Continue movement.

[18:25:09.475] Moving to: [0.000 -0.200 0.000]
[18:25:11.932] Arrived at: [0.000 -0.200 0.000]
[18:25:11.933] Wait 0.000s
[18:25:11.935] Continue movement.

[18:25:11.935] Moving to: [2.200 -0.400 0.000]
[18:25:14.549] Arrived at: [2.200 -0.400 0.000]
[18:25:14.549] Wait 0.000s
[18:25:14.553] Continue movement.

[18:25:14.553] Moving to: [0.000 -0.600 0.000]
[18:25:17.171] Arrived at: [0.000 -0.600 0.000]
[18:25:17.171] Wait 0.000s
[18:25:17.171] Continue movement.

[18:25:17.171] Moving to: [2.200 -0.800 0.000]
[18:25:19.761] Arrived at: [2.200 -0.800 0.000]
[18:25:19.761] Wait 0.000s
[18:25:19.761] Continue movement.

[18:25:19.761] Moving to: [0.000 -1.000 0.000]
[18:25:22.351] Arrived at: [0.000 -1.000 0.000]
[18:25:22.352] Wait 0.000s
[18:25:22.353] Continue movement.

[18:25:22.355] Moving to: [2.200 -1.200 0.000]
[18:25:24.788] Arrived at: [2.200 -1.200 0.000]
[18:25:24.788] Wait 0.000s
[18:25:24.788] Continue movement.

[18:25:24.788] Moving to: [0.000 -1.400 0.000]
[18:25:27.409] Arrived at: [0.000 -1.400 0.000] WARNING!
[18:25:27.409] Wait 0.000s
[18:25:27.410] Continue movement.

[18:25:27.410] Moving to: [2.200 -1.600 0.000]
[18:25:30.005] Arrived at: [2.200 -1.600 0.000]
[18:25:30.005] Wait 0.000s
[18:25:30.007] Continue movement.

[18:25:30.008] Moving to: [0.000 -1.800 0.000]
[18:25:32.630] Arrived at: [0.000 -1.800 0.000]
[18:25:32.634] Wait 0.000s
[18:25:32.634] Continue movement.

[18:25:32.634] Moving to: [2.200 -2.000 0.000]
[18:25:35.262] Arrived at: [2.200 -2.000 0.000]
[18:25:35.262] Wait 0.000s
[18:25:35.262] Continue movement.

[18:25:35.262] Moving to: [0.000 -2.200 0.000]
[18:25:37.858] Arrived at: [0.000 -2.200 0.000]
[18:25:37.858] Wait 0.000s
[18:25:37.858] Continue movement.

[18:25:37.862] Moving to: [2.200 -2.400 0.000]
[18:25:40.469] Arrived at: [2.200 -2.400 0.000]
[18:25:40.469] Wait 0.000s
[18:25:40.469] Continue movement.

[18:25:40.469] Moving to: [0.000 -2.600 0.000]
[18:25:43.103] Arrived at: [0.000 -2.600 0.000]
[18:25:43.105] Wait 0.000s
[18:25:43.106] Continue movement.

[18:25:43.107] Moving to: [2.200 -2.800 0.000]
[18:25:45.717] Arrived at: [2.200 -2.800 0.000] WARNING!
[18:25:45.717] Wait 0.000s
[18:25:45.722] Continue movement.

[18:25:45.723] Moving to: [0.000 -3.000 0.000]
[18:25:48.321] Arrived at: [0.000 -3.000 0.000]
[18:25:48.325] Wait 0.000s
[18:25:48.327] Continue movement.

[18:25:48.328] Moving to: [2.200 -3.200 0.000]
[18:25:50.921] Arrived at: [2.200 -3.200 0.000]
[18:25:50.921] Wait 0.000s
[18:25:50.921] Continue movement.

[18:25:50.921] Moving to: [0.000 -3.400 0.000]
[18:25:53.548] Arrived at: [0.000 -3.400 0.000]
[18:25:53.549] Wait 0.000s
[18:25:53.550] Continue movement.

[18:25:53.550] Moving to: [2.200 -3.600 0.000]
[18:25:55.988] Arrived at: [2.200 -3.600 0.000]
[18:25:55.988] Wait 0.000s
[18:25:55.993] Continue movement.

[18:25:55.994] Moving to: [0.000 -3.800 0.000]
[18:25:58.587] Arrived at: [0.000 -3.800 0.000] WARNING!
[18:25:58.591] Wait 0.000s
[18:25:58.593] Continue movement.

[18:25:58.594] Moving to: [2.200 -4.000 0.000]
[18:26:01.204] Arrived at: [2.200 -4.000 0.000]
[18:26:01.204] Wait 0.000s
[18:26:01.208] Continue movement.

[18:26:01.209] Moving to: [0.000 -4.200 0.000]
[18:26:03.810] Arrived at: [0.000 -4.200 0.000]
[18:26:03.810] Wait 0.000s
[18:26:03.810] Continue movement.

[18:26:03.810] Moving to: [2.200 -4.400 0.000]
[18:26:06.257] Arrived at: [2.200 -4.400 0.000]
[18:26:06.257] Wait 0.000s
[18:26:06.261] Continue movement.

[18:26:06.262] Moving to: [0.000 -4.600 0.000]
[18:26:08.875] Arrived at: [0.000 -4.600 0.000] WARNING!
[18:26:08.875] Wait 0.000s
[18:26:08.876] Continue movement.

[18:26:08.877] Moving to: [2.200 -4.800 0.000]
[18:26:11.480] Arrived at: [2.200 -4.800 0.000]
[18:26:11.480] Wait 0.000s
[18:26:11.484] Continue movement.

[18:26:11.485] Finished iteration 2

[18:26:11.486] Starting iteration 3
[18:26:11.486] Moving to: [0.000 0.000 0.000]
[18:26:17.261] Arrived at: [0.000 0.000 0.000]
[18:26:17.261] Wait 0.000s
[18:26:17.265] Continue movement.

[18:26:17.266] Moving to: [2.200 0.000 0.000]
[18:26:19.257] Arrived at: [2.200 0.000 0.000]
[18:26:19.257] Wait 0.000s
[18:26:19.257] Continue movement.

[18:26:19.257] Moving to: [0.000 -0.200 0.000]
[18:26:21.856] Arrived at: [0.000 -0.200 0.000]
[18:26:21.856] Wait 0.000s
[18:26:21.858] Continue movement.

[18:26:21.859] Moving to: [2.200 -0.400 0.000]
[18:26:24.457] Arrived at: [2.200 -0.400 0.000]
[18:26:24.457] Wait 0.000s
[18:26:24.457] Continue movement.

[18:26:24.457] Moving to: [0.000 -0.600 0.000]
[18:26:27.036] Arrived at: [0.000 -0.600 0.000]
[18:26:27.037] Wait 0.000s
[18:26:27.040] Continue movement.

[18:26:27.040] Moving to: [2.200 -0.800 0.000]
[18:26:29.616] Arrived at: [2.200 -0.800 0.000]
[18:26:29.616] Wait 0.000s
[18:26:29.621] Continue movement.

[18:26:29.622] Moving to: [0.000 -1.000 0.000]
[18:26:32.236] Arrived at: [0.000 -1.000 0.000]
[18:26:32.237] Wait 0.000s
[18:26:32.239] Continue movement.

[18:26:32.240] Moving to: [2.200 -1.200 0.000]
[18:26:34.857] Arrived at: [2.200 -1.200 0.000]
[18:26:34.858] Wait 0.000s
[18:26:34.858] Continue movement.

[18:26:34.858] Moving to: [0.000 -1.400 0.000]
[18:26:37.475] Arrived at: [0.000 -1.400 0.000] WARNING!
[18:26:37.475] Wait 0.000s
[18:26:37.479] Continue movement.

[18:26:37.480] Moving to: [2.200 -1.600 0.000]
[18:26:40.095] Arrived at: [2.200 -1.600 0.000]
[18:26:40.095] Wait 0.000s
[18:26:40.097] Continue movement.

[18:26:40.099] Moving to: [0.000 -1.800 0.000]
[18:26:42.534] Arrived at: [0.000 -1.800 0.000]
[18:26:42.535] Wait 0.000s
[18:26:42.536] Continue movement.

[18:26:42.538] Moving to: [2.200 -2.000 0.000]
[18:26:45.164] Arrived at: [2.200 -2.000 0.000]
[18:26:45.165] Wait 0.000s
[18:26:45.167] Continue movement.

[18:26:45.168] Moving to: [0.000 -2.200 0.000]
[18:26:47.774] Arrived at: [0.000 -2.200 0.000]
[18:26:47.774] Wait 0.000s
[18:26:47.774] Continue movement.

[18:26:47.774] Moving to: [2.200 -2.400 0.000]
[18:26:50.398] Arrived at: [2.200 -2.400 0.000]
[18:26:50.398] Wait 0.000s
[18:26:50.402] Continue movement.

[18:26:50.403] Moving to: [0.000 -2.600 0.000]
[18:26:52.839] Arrived at: [0.000 -2.600 0.000]
[18:26:52.843] Wait 0.000s
[18:26:52.843] Continue movement.

[18:26:52.843] Moving to: [2.200 -2.800 0.000]
[18:26:55.449] Arrived at: [2.200 -2.800 0.000] WARNING!
[18:26:55.449] Wait 0.000s
[18:26:55.450] Continue movement.

[18:26:55.453] Moving to: [0.000 -3.000 0.000]
[18:26:58.055] Arrived at: [0.000 -3.000 0.000]
[18:26:58.055] Wait 0.000s
[18:26:58.060] Continue movement.

[18:26:58.060] Moving to: [2.200 -3.200 0.000]
[18:27:00.682] Arrived at: [2.200 -3.200 0.000]
[18:27:00.682] Wait 0.000s
[18:27:00.682] Continue movement.

[18:27:00.682] Moving to: [0.000 -3.400 0.000]
[18:27:03.295] Arrived at: [0.000 -3.400 0.000]
[18:27:03.295] Wait 0.000s
[18:27:03.295] Continue movement.

[18:27:03.299] Moving to: [2.200 -3.600 0.000]
[18:27:05.921] Arrived at: [2.200 -3.600 0.000]
[18:27:05.921] Wait 0.000s
[18:27:05.921] Continue movement.

[18:27:05.925] Moving to: [0.000 -3.800 0.000]
[18:27:08.534] Arrived at: [0.000 -3.800 0.000] WARNING!
[18:27:08.538] Wait 0.000s
[18:27:08.540] Continue movement.

[18:27:08.542] Moving to: [2.200 -4.000 0.000]
[18:27:10.973] Arrived at: [2.200 -4.000 0.000]
[18:27:10.973] Wait 0.000s
[18:27:10.973] Continue movement.

[18:27:10.973] Moving to: [0.000 -4.200 0.000]
[18:27:13.601] Arrived at: [0.000 -4.200 0.000]
[18:27:13.601] Wait 0.000s
[18:27:13.601] Continue movement.

[18:27:13.601] Moving to: [2.200 -4.400 0.000]
[18:27:16.077] Arrived at: [2.200 -4.400 0.000]
[18:27:16.077] Wait 0.000s
[18:27:16.077] Continue movement.

[18:27:16.077] Moving to: [0.000 -4.600 0.000]
[18:27:18.519] Arrived at: [0.000 -4.600 0.000] WARNING!
[18:27:18.519] Wait 0.000s
[18:27:18.523] Continue movement.

[18:27:18.523] Moving to: [2.200 -4.800 0.000]
[18:27:20.991] Arrived at: [2.200 -4.800 0.000]
[18:27:20.991] Wait 0.000s
[18:27:20.991] Continue movement.

[18:27:20.991] Finished iteration 3

[18:27:20.991] Plan finished.
