[15:40:51.456] Starting plan irradiation...
	Plan name: Plan de movimiento solo stage
	Plan comment: 
	Absolut shift from X to (0,0) well: [0.000 0.000 0.000]
[15:48:45.856] Starting iteration 1
[15:48:45.864] Moving to: [-1.000 1.000 0.000]
[15:48:48.122] Arrived at: [-1.000 1.000 0.000]
[15:48:48.124] Wait 0.100s
[15:48:48.231] Continue movement.

[15:48:48.234] Moving to: [-1.000 0.000 0.000]
[15:48:49.435] Arrived at: [-1.000 0.000 0.000]
[15:48:49.435] Wait 0.100s
[15:48:49.537] Continue movement.

[15:48:49.539] Moving to: [0.000 0.000 0.000]
[15:48:50.744] Arrived at: [0.000 0.000 0.000]
[15:48:50.750] Wait 0.100s
[15:48:50.852] Continue movement.

[15:48:50.854] Moving to: [0.000 1.000 0.000]
[15:48:52.070] Arrived at: [0.000 1.000 0.000]
[15:48:52.072] Wait 0.100s
[15:48:52.173] Continue movement.

[15:48:52.178] Moving to: [1.000 1.000 0.000]
[15:48:53.369] Arrived at: [1.000 1.000 0.000]
[15:48:53.372] Wait 0.100s
[15:48:53.476] Continue movement.

[15:48:53.478] Moving to: [1.000 0.000 0.000]
[15:48:54.680] Arrived at: [1.000 0.000 0.000]
[15:48:54.681] Wait 0.100s
[15:48:54.782] Continue movement.

[15:48:54.782] Moving to: [1.000 -1.000 0.000]
[15:48:55.982] Arrived at: [1.000 -1.000 0.000]
[15:48:55.982] Wait 0.100s
[15:48:56.083] Continue movement.

[15:48:56.084] Moving to: [0.000 -1.000 0.000]
[15:48:57.269] Arrived at: [0.000 -1.000 0.000]
[15:48:57.270] Wait 0.100s
[15:48:57.371] Continue movement.

[15:48:57.371] Moving to: [-1.000 -1.000 0.000]
[15:48:58.566] Arrived at: [-1.000 -1.000 0.000]
[15:48:58.567] Wait 0.100s
[15:48:58.668] Continue movement.

[15:48:58.669] Finished iteration 1

[15:48:58.670] Starting iteration 2
[15:48:58.672] Moving to: [-1.000 1.000 0.000]
[15:49:00.575] Arrived at: [-1.000 1.000 0.000]
[15:49:00.576] Wait 0.100s
[15:49:00.678] Continue movement.

[15:49:00.679] Moving to: [-1.000 0.000 0.000]
[15:49:02.004] Arrived at: [-1.000 0.000 0.000]
[15:49:02.005] Wait 0.100s
[15:49:02.106] Continue movement.

[15:49:02.107] Moving to: [0.000 0.000 0.000]
[15:49:03.290] Arrived at: [0.000 0.000 0.000]
[15:49:03.291] Wait 0.100s
[15:49:03.392] Continue movement.

[15:49:03.393] Moving to: [0.000 1.000 0.000]
[15:49:04.595] Arrived at: [0.000 1.000 0.000]
[15:49:04.596] Wait 0.100s
[15:49:04.697] Continue movement.

[15:49:04.697] Moving to: [1.000 1.000 0.000]
[15:49:05.883] Arrived at: [1.000 1.000 0.000]
[15:49:05.885] Wait 0.100s
[15:49:05.986] Continue movement.

[15:49:05.987] Moving to: [1.000 0.000 0.000]
[15:49:07.182] Arrived at: [1.000 0.000 0.000]
[15:49:07.183] Wait 0.100s
[15:49:07.285] Continue movement.

[15:49:07.286] Moving to: [1.000 -1.000 0.000]
[15:49:08.473] Arrived at: [1.000 -1.000 0.000]
[15:49:08.474] Wait 0.100s
[15:49:08.575] Continue movement.

[15:49:08.576] Moving to: [0.000 -1.000 0.000]
[15:49:09.772] Arrived at: [0.000 -1.000 0.000]
[15:49:09.772] Wait 0.100s
[15:49:09.874] Continue movement.

[15:49:09.875] Moving to: [-1.000 -1.000 0.000]
[15:49:11.178] Arrived at: [-1.000 -1.000 0.000]
[15:49:11.178] Wait 0.100s
[15:49:11.281] Continue movement.

[15:49:11.282] Finished iteration 2

[15:49:11.282] Starting iteration 3
[15:49:11.282] Moving to: [-1.000 1.000 0.000]
[15:49:13.149] Arrived at: [-1.000 1.000 0.000]
[15:49:13.150] Wait 0.100s
[15:49:13.252] Continue movement.

[15:49:13.253] Moving to: [-1.000 0.000 0.000]
[15:49:14.482] Arrived at: [-1.000 0.000 0.000]
[15:49:14.483] Wait 0.100s
[15:49:14.584] Continue movement.

[15:49:14.585] Moving to: [0.000 0.000 0.000]
[15:49:15.782] Arrived at: [0.000 0.000 0.000]
[15:49:15.782] Wait 0.100s
[15:49:15.882] Continue movement.

[15:49:15.884] Moving to: [0.000 1.000 0.000]
[15:49:17.089] Arrived at: [0.000 1.000 0.000]
[15:49:17.090] Wait 0.100s
[15:49:17.192] Continue movement.

[15:49:17.194] Moving to: [1.000 1.000 0.000]
[15:49:18.370] Arrived at: [1.000 1.000 0.000]
[15:49:18.370] Wait 0.100s
[15:49:18.471] Continue movement.

[15:49:18.472] Moving to: [1.000 0.000 0.000]
[15:49:19.680] Arrived at: [1.000 0.000 0.000]
[15:49:19.680] Wait 0.100s
[15:49:19.781] Continue movement.

[15:49:19.782] Moving to: [1.000 -1.000 0.000]
[15:49:20.990] Arrived at: [1.000 -1.000 0.000]
[15:49:20.991] Wait 0.100s
[15:49:21.092] Continue movement.

[15:49:21.093] Moving to: [0.000 -1.000 0.000]
[15:49:22.301] Arrived at: [0.000 -1.000 0.000]
[15:49:22.302] Wait 0.100s
[15:49:22.403] Continue movement.

[15:49:22.404] Moving to: [-1.000 -1.000 0.000]
[15:49:23.619] Arrived at: [-1.000 -1.000 0.000]
[15:49:23.619] Wait 0.100s
[15:49:23.720] Continue movement.

[15:49:23.721] Finished iteration 3

[15:49:23.723] Plan finished.
