[17:28:52.946] Starting plan irradiation...
	Plan name: Plan de movimiento solo stage
	Plan comment: irradaicionblidaje5.7cm
	Absolut shift from X to (0,0) well: [0.000 0.000 0.000]
[17:31:04.666] Starting iteration 1
[17:31:04.667] Moving to: [0.000 0.000 0.000]
[17:31:11.858] Arrived at: [0.000 0.000 0.000]
[17:31:11.859] Wait 5.000s
[17:31:16.859] Continue movement.

[17:31:16.859] Moving to: [10.000 0.000 0.000]
[17:31:24.236] Arrived at: [10.000 0.000 0.000]
[17:31:24.236] Wait 0.000s
[17:31:24.240] Continue movement.

[17:31:24.240] Moving to: [0.000 -0.200 0.000]
[17:31:31.876] Arrived at: [0.000 -0.200 0.000]
[17:31:31.876] Wait 0.000s
[17:31:31.877] Continue movement.

[17:31:31.877] Moving to: [10.000 -0.400 0.000]
[17:31:39.552] Arrived at: [10.000 -0.400 0.000]
[17:31:39.552] Wait 0.000s
[17:31:39.553] Continue movement.

[17:31:39.553] Moving to: [0.000 -0.600 0.000]
[17:31:47.279] Arrived at: [0.000 -0.600 0.000]
[17:31:47.280] Wait 0.000s
[17:31:47.281] Continue movement.

[17:31:47.282] Moving to: [10.000 -0.800 0.000]
[17:31:54.924] Arrived at: [10.000 -0.800 0.000]
[17:31:54.924] Wait 0.000s
[17:31:54.924] Continue movement.

[17:31:54.924] Moving to: [0.000 -1.000 0.000]
[17:32:02.577] Arrived at: [0.000 -1.000 0.000]
[17:32:02.581] Wait 0.000s
[17:32:02.583] Continue movement.

[17:32:02.583] Moving to: [10.000 -1.200 0.000]
[17:32:10.392] Arrived at: [10.000 -1.200 0.000]
[17:32:10.392] Wait 0.000s
[17:32:10.392] Continue movement.

[17:32:10.392] Moving to: [0.000 -1.400 0.000]
[17:32:18.200] Arrived at: [0.000 -1.400 0.000] WARNING!
[17:32:18.200] Wait 0.000s
[17:32:18.205] Continue movement.

[17:32:18.206] Moving to: [10.000 -1.600 0.000]
[17:32:25.858] Arrived at: [10.000 -1.600 0.000]
[17:32:25.858] Wait 0.000s
[17:32:25.858] Continue movement.

[17:32:25.862] Moving to: [0.000 -1.800 0.000]
[17:32:33.675] Arrived at: [0.000 -1.800 0.000]
[17:32:33.675] Wait 0.000s
[17:32:33.675] Continue movement.

[17:32:33.675] Moving to: [10.000 -2.000 0.000]
[17:32:41.325] Arrived at: [10.000 -2.000 0.000]
[17:32:41.325] Wait 0.000s
[17:32:41.329] Continue movement.

[17:32:41.329] Moving to: [0.000 -2.200 0.000]
[17:32:48.964] Arrived at: [0.000 -2.200 0.000]
[17:32:48.964] Wait 0.000s
[17:32:48.970] Continue movement.

[17:32:48.970] Moving to: [10.000 -2.400 0.000]
[17:32:56.645] Arrived at: [10.000 -2.400 0.000]
[17:32:56.645] Wait 0.000s
[17:32:56.649] Continue movement.

[17:32:56.649] Moving to: [0.000 -2.600 0.000]
[17:33:04.333] Arrived at: [0.000 -2.600 0.000]
[17:33:04.334] Wait 0.000s
[17:33:04.334] Continue movement.

[17:33:04.334] Moving to: [10.000 -2.800 0.000]
[17:33:11.991] Arrived at: [10.000 -2.800 0.000] WARNING!
[17:33:11.991] Wait 0.000s
[17:33:11.993] Continue movement.

[17:33:11.995] Moving to: [0.000 -3.000 0.000]
[17:33:19.647] Arrived at: [0.000 -3.000 0.000]
[17:33:19.647] Wait 0.000s
[17:33:19.651] Continue movement.

[17:33:19.651] Moving to: [10.000 -3.200 0.000]
[17:33:27.316] Arrived at: [10.000 -3.200 0.000]
[17:33:27.316] Wait 0.000s
[17:33:27.321] Continue movement.

[17:33:27.321] Moving to: [0.000 -3.400 0.000]
[17:33:34.965] Arrived at: [0.000 -3.400 0.000]
[17:33:34.965] Wait 0.000s
[17:33:34.965] Continue movement.

[17:33:34.969] Moving to: [10.000 -3.600 0.000]
[17:33:42.776] Arrived at: [10.000 -3.600 0.000]
[17:33:42.776] Wait 0.000s
[17:33:42.780] Continue movement.

[17:33:42.781] Moving to: [0.000 -3.800 0.000]
[17:33:50.580] Arrived at: [0.000 -3.800 0.000] WARNING!
[17:33:50.584] Wait 0.000s
[17:33:50.585] Continue movement.

[17:33:50.587] Moving to: [10.000 -4.000 0.000]
[17:33:58.249] Arrived at: [10.000 -4.000 0.000]
[17:33:58.250] Wait 0.000s
[17:33:58.252] Continue movement.

[17:33:58.252] Finished iteration 1

[17:33:58.253] Plan finished.
