[16:00:52.487] Starting plan irradiation...
	Plan name: Plan de movimiento solo stage
	Plan comment: Prueba con iteraciones
	Absolut shift from X to (0,0) well: [0.000 0.000 0.000]
[16:00:57.987] Starting iteration 1
[16:00:57.987] Moving to: [-1.000 1.000 0.000]
[16:00:58.224] Arrived at: [-1.000 1.000 0.000]
[16:00:58.224] Wait 0.100s
[16:00:58.329] Continue movement.

[16:00:58.329] Moving to: [-1.000 0.000 0.000]
[16:00:59.615] Arrived at: [-1.000 0.000 0.000]
[16:00:59.615] Wait 0.100s
[16:00:59.737] Continue movement.

[16:00:59.737] Moving to: [0.000 0.000 0.000]
[16:01:01.009] Arrived at: [0.000 0.000 0.000]
[16:01:01.009] Wait 0.100s
[16:01:01.132] Continue movement.

[16:01:01.133] Moving to: [0.000 1.000 0.000]
[16:01:02.398] Arrived at: [0.000 1.000 0.000]
[16:01:02.398] Wait 0.100s
[16:01:02.520] Continue movement.

[16:01:02.520] Moving to: [1.000 1.000 0.000]
[16:01:03.804] Arrived at: [1.000 1.000 0.000]
[16:01:03.804] Wait 0.100s
[16:01:03.926] Continue movement.

[16:01:03.926] Moving to: [1.000 0.000 0.000]
[16:01:05.211] Arrived at: [1.000 0.000 0.000]
[16:01:05.211] Wait 0.100s
[16:01:05.317] Continue movement.

[16:01:05.317] Moving to: [1.000 -1.000 0.000]
[16:01:06.597] Arrived at: [1.000 -1.000 0.000]
[16:01:06.597] Wait 0.100s
[16:01:06.719] Continue movement.

[16:01:06.719] Moving to: [0.000 -1.000 0.000]
[16:01:08.011] Arrived at: [0.000 -1.000 0.000]
[16:01:08.011] Wait 0.100s
[16:01:08.133] Continue movement.

[16:01:08.133] Moving to: [-1.000 -1.000 0.000]
[16:01:09.389] Arrived at: [-1.000 -1.000 0.000]
[16:01:09.389] Wait 0.100s
[16:01:09.495] Continue movement.

[16:01:09.495] Moving to: [-1.000 1.000 0.000]
[16:01:11.514] Arrived at: [-1.000 1.000 0.000]
[16:01:11.514] Wait 0.100s
[16:01:11.636] Continue movement.

[16:01:11.636] Finished iteration 1

[16:01:11.636] Starting iteration 2
[16:01:11.636] Moving to: [-1.000 1.000 0.000]
[16:01:11.881] Arrived at: [-1.000 1.000 0.000]
[16:01:11.881] Wait 0.100s
[16:01:11.987] Continue movement.

[16:01:11.987] Moving to: [-1.000 0.000 0.000]
[16:01:13.256] Arrived at: [-1.000 0.000 0.000]
[16:01:13.256] Wait 0.100s
[16:01:13.377] Continue movement.

[16:01:13.377] Moving to: [0.000 0.000 0.000]
[16:01:14.618] Arrived at: [0.000 0.000 0.000]
[16:01:14.618] Wait 0.100s
[16:01:14.725] Continue movement.

[16:01:14.725] Moving to: [0.000 1.000 0.000]
[16:01:15.979] Arrived at: [0.000 1.000 0.000]
[16:01:15.979] Wait 0.100s
[16:01:16.101] Continue movement.

[16:01:16.101] Moving to: [1.000 1.000 0.000]
[16:01:17.354] Arrived at: [1.000 1.000 0.000]
[16:01:17.354] Wait 0.100s
[16:01:17.459] Continue movement.

[16:01:17.459] Moving to: [1.000 0.000 0.000]
[16:01:18.730] Arrived at: [1.000 0.000 0.000]
[16:01:18.730] Wait 0.100s
[16:01:18.838] Continue movement.

[16:01:18.838] Moving to: [1.000 -1.000 0.000]
[16:01:20.136] Arrived at: [1.000 -1.000 0.000]
[16:01:20.136] Wait 0.100s
[16:01:20.254] Continue movement.

[16:01:20.254] Moving to: [0.000 -1.000 0.000]
[16:01:21.512] Arrived at: [0.000 -1.000 0.000]
[16:01:21.512] Wait 0.100s
[16:01:21.619] Continue movement.

[16:01:21.619] Moving to: [-1.000 -1.000 0.000]
[16:01:22.894] Arrived at: [-1.000 -1.000 0.000]
[16:01:22.894] Wait 0.100s
[16:01:23.003] Continue movement.

[16:01:23.003] Moving to: [-1.000 1.000 0.000]
[16:01:25.014] Arrived at: [-1.000 1.000 0.000]
[16:01:25.014] Wait 0.100s
[16:01:25.136] Continue movement.

[16:01:25.136] Finished iteration 2

[16:01:25.136] Starting iteration 3
[16:01:25.136] Moving to: [-1.000 1.000 0.000]
[16:01:25.399] Arrived at: [-1.000 1.000 0.000]
[16:01:25.399] Wait 0.100s
[16:01:25.505] Continue movement.

[16:01:25.505] Moving to: [-1.000 0.000 0.000]
[16:01:26.796] Arrived at: [-1.000 0.000 0.000]
[16:01:26.797] Wait 0.100s
[16:01:26.904] Continue movement.

[16:01:26.904] Moving to: [0.000 0.000 0.000]
[16:01:28.160] Arrived at: [0.000 0.000 0.000]
[16:01:28.161] Wait 0.100s
[16:01:28.268] Continue movement.

[16:01:28.268] Moving to: [0.000 1.000 0.000]
[16:01:29.551] Arrived at: [0.000 1.000 0.000]
[16:01:29.552] Wait 0.100s
[16:01:29.660] Continue movement.

[16:01:29.660] Moving to: [1.000 1.000 0.000]
[16:01:30.934] Arrived at: [1.000 1.000 0.000]
[16:01:30.934] Wait 0.100s
[16:01:31.049] Continue movement.

[16:01:31.049] Moving to: [1.000 0.000 0.000]
[16:01:32.318] Arrived at: [1.000 0.000 0.000]
[16:01:32.319] Wait 0.100s
[16:01:32.426] Continue movement.

[16:01:32.426] Moving to: [1.000 -1.000 0.000]
[16:01:33.710] Arrived at: [1.000 -1.000 0.000]
[16:01:33.710] Wait 0.100s
[16:01:33.816] Continue movement.

[16:01:33.816] Moving to: [0.000 -1.000 0.000]
[16:01:35.101] Arrived at: [0.000 -1.000 0.000]
[16:01:35.101] Wait 0.100s
[16:01:35.208] Continue movement.

[16:01:35.208] Moving to: [-1.000 -1.000 0.000]
[16:01:36.483] Arrived at: [-1.000 -1.000 0.000]
[16:01:36.483] Wait 0.100s
[16:01:36.604] Continue movement.

[16:01:36.604] Moving to: [-1.000 1.000 0.000]
[16:01:38.642] Arrived at: [-1.000 1.000 0.000]
[16:01:38.642] Wait 0.100s
[16:01:38.753] Continue movement.

[16:01:38.753] Finished iteration 3

[16:01:38.753] Plan finished.
