[14:57:14.392] Starting plan irradiation...
	Plan name: Plan de movimiento solo stage
	Plan comment: prueba
	Absolut shift from X to (0,0) well: [0.000 0.000 0.000]
[14:57:19.616] Starting iteration 1
[14:57:19.618] Moving to: [0.000 0.000 0.000]
[14:57:23.083] Arrived at: [0.000 0.000 0.000]
[14:57:23.087] Wait 5.000s
[14:57:28.091] Continue movement.

[14:57:28.091] Moving to: [10.000 0.000 0.000]
[14:57:35.302] Arrived at: [10.000 0.000 0.000]
[14:57:35.305] Wait 0.000s
[14:57:35.305] Continue movement.

[14:57:35.305] Moving to: [0.000 -0.200 0.000]
[14:57:42.975] Arrived at: [0.000 -0.200 0.000]
[14:57:42.981] Wait 0.000s
[14:57:42.981] Continue movement.

[14:57:42.981] Moving to: [10.000 -0.400 0.000]
[14:57:50.631] Arrived at: [10.000 -0.400 0.000]
[14:57:50.631] Wait 0.000s
[14:57:50.635] Continue movement.

[14:57:50.636] Moving to: [0.000 -0.600 0.000]
[14:57:58.279] Arrived at: [0.000 -0.600 0.000]
[14:57:58.280] Wait 0.000s
[14:57:58.282] Continue movement.

[14:57:58.282] Moving to: [10.000 -0.800 0.000]
[14:58:05.927] Arrived at: [10.000 -0.800 0.000]
[14:58:05.928] Wait 0.000s
[14:58:05.929] Continue movement.

[14:58:05.930] Moving to: [0.000 -1.000 0.000]
[14:58:13.569] Arrived at: [0.000 -1.000 0.000]
[14:58:13.569] Wait 0.000s
[14:58:13.573] Continue movement.

[14:58:13.573] Moving to: [10.000 -1.200 0.000]
[14:58:21.258] Arrived at: [10.000 -1.200 0.000]
[14:58:21.260] Wait 0.000s
[14:58:21.261] Continue movement.

[14:58:21.261] Moving to: [0.000 -1.400 0.000]
[14:58:28.915] Arrived at: [0.000 -1.400 0.000] WARNING!
[14:58:28.919] Wait 0.000s
[14:58:28.921] Continue movement.

[14:58:28.923] Moving to: [10.000 -1.600 0.000]
[14:58:36.568] Arrived at: [10.000 -1.600 0.000]
[14:58:36.569] Wait 0.000s
[14:58:36.570] Continue movement.

[14:58:36.571] Moving to: [0.000 -1.800 0.000]
[14:58:44.219] Arrived at: [0.000 -1.800 0.000]
[14:58:44.219] Wait 0.000s
[14:58:44.223] Continue movement.

[14:58:44.223] Moving to: [10.000 -2.000 0.000]
[14:58:51.897] Arrived at: [10.000 -2.000 0.000]
[14:58:51.897] Wait 0.000s
[14:58:51.901] Continue movement.

[14:58:51.902] Moving to: [0.000 -2.200 0.000]
[14:58:59.564] Arrived at: [0.000 -2.200 0.000]
[14:58:59.565] Wait 0.000s
[14:58:59.565] Continue movement.

[14:58:59.565] Moving to: [10.000 -2.400 0.000]
[14:59:07.326] Arrived at: [10.000 -2.400 0.000]
[14:59:07.326] Wait 0.000s
[14:59:07.326] Continue movement.

[14:59:07.330] Moving to: [0.000 -2.600 0.000]
[14:59:15.133] Arrived at: [0.000 -2.600 0.000]
[14:59:15.138] Wait 0.000s
[14:59:15.140] Continue movement.

[14:59:15.141] Moving to: [10.000 -2.800 0.000]
[14:59:22.951] Arrived at: [10.000 -2.800 0.000] WARNING!
[14:59:22.951] Wait 0.000s
[14:59:22.953] Continue movement.

[14:59:22.954] Moving to: [0.000 -3.000 0.000]
[14:59:30.635] Arrived at: [0.000 -3.000 0.000]
[14:59:30.635] Wait 0.000s
[14:59:30.635] Continue movement.

[14:59:30.635] Moving to: [10.000 -3.200 0.000]
[14:59:38.296] Arrived at: [10.000 -3.200 0.000]
[14:59:38.297] Wait 0.000s
[14:59:38.304] Continue movement.

[14:59:38.304] Moving to: [0.000 -3.400 0.000]
[14:59:45.942] Arrived at: [0.000 -3.400 0.000]
[14:59:45.943] Wait 0.000s
[14:59:45.944] Continue movement.

[14:59:45.945] Moving to: [10.000 -3.600 NaN]
[15:02:07.191] Arrived at: [0.000 0.000 0.000] WARNING!
[15:02:07.191] Wait NaNs
[15:02:07.192] Continue movement.

[15:02:07.192] Moving to: [0.000 -3.800 0.000]
[15:02:10.334] Arrived at: [0.000 -3.800 0.000] WARNING!
[15:02:10.334] Wait 0.000s
[15:02:10.337] Continue movement.

[15:02:10.338] Moving to: [10.000 -4.000 0.000]
[15:02:17.979] Arrived at: [10.000 -4.000 0.000]
[15:02:17.979] Wait 0.000s
[15:02:17.979] Continue movement.

[15:02:17.983] Moving to: [0.000 -3.700 0.000]
[15:02:25.962] Arrived at: [0.000 -3.700 0.000]
[15:02:25.962] Wait 0.000s
[15:02:25.965] Continue movement.

[15:02:25.965] Moving to: [10.000 -3.500 0.000]
[15:02:33.772] Arrived at: [10.000 -3.500 0.000]
[15:02:33.773] Wait 0.000s
[15:02:33.773] Continue movement.

[15:02:33.773] Moving to: [0.000 -3.300 0.000]
[15:02:41.457] Arrived at: [0.000 -3.300 0.000] WARNING!
[15:02:41.457] Wait 0.000s
[15:02:41.461] Continue movement.

[15:02:41.461] Moving to: [10.000 -3.100 0.000]
[15:02:49.272] Arrived at: [10.000 -3.100 0.000]
[15:02:49.272] Wait 0.000s
[15:02:49.272] Continue movement.

[15:02:49.272] Moving to: [0.000 -2.900 0.000]
[15:02:57.070] Arrived at: [0.000 -2.900 0.000]
[15:02:57.070] Wait 0.000s
[15:02:57.070] Continue movement.

[15:02:57.070] Moving to: [10.000 -2.700 0.000]
[15:03:04.736] Arrived at: [10.000 -2.700 0.000]
[15:03:04.736] Wait 0.000s
[15:03:04.737] Continue movement.

[15:03:04.737] Moving to: [0.000 -2.500 0.000]
[15:03:12.550] Arrived at: [0.000 -2.500 0.000]
[15:03:12.550] Wait 0.000s
[15:03:12.550] Continue movement.

[15:03:12.550] Moving to: [10.000 -2.300 0.000]
[15:03:20.372] Arrived at: [10.000 -2.300 0.000] WARNING!
[15:03:20.376] Wait 0.000s
[15:03:20.377] Continue movement.

[15:03:20.377] Moving to: [0.000 -2.100 0.000]
[15:03:28.014] Arrived at: [0.000 -2.100 0.000]
[15:03:28.018] Wait 0.000s
[15:03:28.018] Continue movement.

[15:03:28.018] Moving to: [10.000 -1.900 0.000]
[15:03:35.666] Arrived at: [10.000 -1.900 0.000] WARNING!
[15:03:35.667] Wait 0.000s
[15:03:35.667] Continue movement.

[15:03:35.667] Moving to: [0.000 -1.700 0.000]
[15:03:43.486] Arrived at: [0.000 -1.700 0.000]
[15:03:43.487] Wait 0.000s
[15:03:43.488] Continue movement.

[15:03:43.488] Moving to: [10.000 -1.500 0.000]
[15:03:51.128] Arrived at: [10.000 -1.500 0.000]
[15:03:51.128] Wait 0.000s
[15:03:51.128] Continue movement.

[15:03:51.132] Moving to: [0.000 -1.300 0.000]
[15:03:58.935] Arrived at: [0.000 -1.300 0.000]
[15:03:58.935] Wait 0.000s
[15:03:58.935] Continue movement.

[15:03:58.940] Moving to: [10.000 -1.100 0.000]
[15:04:06.731] Arrived at: [10.000 -1.100 0.000]
[15:04:06.735] Wait 0.000s
[15:04:06.735] Continue movement.

[15:04:06.735] Moving to: [0.000 -0.900 0.000]
[15:04:14.378] Arrived at: [0.000 -0.900 0.000]
[15:04:14.378] Wait 0.000s
[15:04:14.382] Continue movement.

[15:04:14.384] Moving to: [10.000 -0.700 0.000]
[15:04:22.191] Arrived at: [10.000 -0.700 0.000] WARNING!
[15:04:22.191] Wait 0.000s
[15:04:22.194] Continue movement.

[15:04:22.194] Moving to: [0.000 -0.500 0.000]
[15:04:30.003] Arrived at: [0.000 -0.500 0.000]
[15:04:30.004] Wait 0.000s
[15:04:30.005] Continue movement.

[15:04:30.007] Moving to: [10.000 -0.300 0.000]
[15:04:37.797] Arrived at: [10.000 -0.300 0.000]
[15:04:37.798] Wait 0.000s
[15:04:37.798] Continue movement.

[15:04:37.798] Moving to: [0.000 -0.100 0.000]
[15:04:45.439] Arrived at: [0.000 -0.100 0.000]
[15:04:45.439] Wait 0.000s
[15:04:45.439] Continue movement.

[15:04:45.439] Moving to: [10.000 0.000 0.000]
[15:04:53.054] Arrived at: [10.000 0.000 0.000]
[15:04:53.055] Wait 0.000s
[15:04:53.056] Continue movement.

[15:04:53.057] Finished iteration 1

[15:04:53.057] Plan finished.
