[15:53:59.628] Starting plan irradiation...
	Plan name: Plan de movimiento solo stage
	Plan comment: irradiacion1
	Absolut shift from X to (0,0) well: [0.000 0.000 0.000]
[15:54:05.633] Starting iteration 1
[15:54:05.633] Moving to: [0.000 0.000 0.000]
[15:54:06.868] Arrived at: [0.000 0.000 0.000]
[15:54:06.868] Wait 5.000s
[15:54:11.872] Continue movement.

[15:54:11.872] Moving to: [10.000 0.000 0.000]
[15:54:19.076] Arrived at: [10.000 0.000 0.000]
[15:54:19.076] Wait 0.000s
[15:54:19.078] Continue movement.

[15:54:19.079] Moving to: [0.000 -0.200 0.000]
[15:54:26.739] Arrived at: [0.000 -0.200 0.000]
[15:54:26.746] Wait 0.000s
[15:54:26.749] Continue movement.

[15:54:26.750] Moving to: [10.000 -0.400 0.000]
[15:54:34.544] Arrived at: [10.000 -0.400 0.000]
[15:54:34.548] Wait 0.000s
[15:54:34.548] Continue movement.

[15:54:34.548] Moving to: [0.000 -0.600 0.000]
[15:54:42.351] Arrived at: [0.000 -0.600 0.000]
[15:54:42.351] Wait 0.000s
[15:54:42.355] Continue movement.

[15:54:42.355] Moving to: [10.000 -0.800 0.000]
[15:54:50.010] Arrived at: [10.000 -0.800 0.000]
[15:54:50.011] Wait 0.000s
[15:54:50.011] Continue movement.

[15:54:50.011] Moving to: [0.000 -1.000 0.000]
[15:54:57.652] Arrived at: [0.000 -1.000 0.000]
[15:54:57.652] Wait 0.000s
[15:54:57.652] Continue movement.

[15:54:57.652] Moving to: [10.000 -1.200 0.000]
[15:55:05.294] Arrived at: [10.000 -1.200 0.000]
[15:55:05.294] Wait 0.000s
[15:55:05.294] Continue movement.

[15:55:05.294] Moving to: [0.000 -1.400 0.000]
[15:55:12.950] Arrived at: [0.000 -1.400 0.000] WARNING!
[15:55:12.950] Wait 0.000s
[15:55:12.952] Continue movement.

[15:55:12.954] Moving to: [10.000 -1.600 0.000]
[15:55:20.622] Arrived at: [10.000 -1.600 0.000]
[15:55:20.622] Wait 0.000s
[15:55:20.627] Continue movement.

[15:55:20.627] Moving to: [0.000 -1.800 0.000]
[15:55:28.440] Arrived at: [0.000 -1.800 0.000]
[15:55:28.440] Wait 0.000s
[15:55:28.444] Continue movement.

[15:55:28.444] Moving to: [10.000 -2.000 0.000]
[15:55:36.261] Arrived at: [10.000 -2.000 0.000]
[15:55:36.261] Wait 0.000s
[15:55:36.265] Continue movement.

[15:55:36.265] Moving to: [0.000 -2.200 0.000]
[15:55:43.922] Arrived at: [0.000 -2.200 0.000]
[15:55:43.922] Wait 0.000s
[15:55:43.927] Continue movement.

[15:55:43.927] Moving to: [10.000 -2.400 0.000]
[15:55:51.745] Arrived at: [10.000 -2.400 0.000]
[15:55:51.747] Wait 0.000s
[15:55:51.748] Continue movement.

[15:55:51.748] Moving to: [0.000 -2.600 0.000]
[15:55:59.390] Arrived at: [0.000 -2.600 0.000]
[15:55:59.390] Wait 0.000s
[15:55:59.394] Continue movement.

[15:55:59.394] Moving to: [10.000 -2.800 0.000]
[15:56:07.213] Arrived at: [10.000 -2.800 0.000] WARNING!
[15:56:07.217] Wait 0.000s
[15:56:07.220] Continue movement.

[15:56:07.220] Moving to: [0.000 -3.000 0.000]
[15:56:15.017] Arrived at: [0.000 -3.000 0.000]
[15:56:15.017] Wait 0.000s
[15:56:15.021] Continue movement.

[15:56:15.021] Moving to: [10.000 -3.200 0.000]
[15:56:22.664] Arrived at: [10.000 -3.200 0.000]
[15:56:22.665] Wait 0.000s
[15:56:22.667] Continue movement.

[15:56:22.668] Moving to: [0.000 -3.400 0.000]
[15:56:30.480] Arrived at: [0.000 -3.400 0.000]
[15:56:30.480] Wait 0.000s
[15:56:30.484] Continue movement.

[15:56:30.484] Moving to: [10.000 -3.600 0.000]
[15:56:38.280] Arrived at: [10.000 -3.600 0.000]
[15:56:38.280] Wait 0.000s
[15:56:38.280] Continue movement.

[15:56:38.284] Moving to: [0.000 -3.800 0.000]
[15:56:45.918] Arrived at: [0.000 -3.800 0.000] WARNING!
[15:56:45.918] Wait 0.000s
[15:56:45.919] Continue movement.

[15:56:45.919] Moving to: [10.000 -4.000 0.000]
[15:56:53.569] Arrived at: [10.000 -4.000 0.000]
[15:56:53.569] Wait 0.000s
[15:56:53.573] Continue movement.

[15:56:53.574] Finished iteration 1

[15:56:53.574] Plan finished.
