[15:50:18.443] Starting plan irradiation...
	Plan name: Plan de movimiento solo stage
	Plan comment: 
	Absolut shift from X to (0,0) well: [0.000 0.000 0.000]
[16:09:47.625] Starting iteration 1
[16:09:47.633] Moving to: [-1.000 1.000 0.000]
[16:09:50.124] Arrived at: [-1.000 1.000 0.000]
[16:09:50.124] Wait 0.100s
[16:09:50.235] Continue movement.

[16:09:50.241] Moving to: [-1.000 0.000 0.000]
[16:09:51.440] Arrived at: [-1.000 0.000 0.000]
[16:09:51.440] Wait 0.100s
[16:09:51.544] Continue movement.

[16:09:51.545] Moving to: [0.000 0.000 0.000]
[16:09:52.825] Arrived at: [0.000 0.000 0.000]
[16:09:52.831] Wait 0.100s
[16:09:52.937] Continue movement.

[16:09:52.939] Moving to: [0.000 1.000 0.000]
[16:09:54.213] Arrived at: [0.000 1.000 0.000]
[16:09:54.213] Wait 0.100s
[16:09:54.319] Continue movement.

[16:09:54.323] Moving to: [1.000 1.000 0.000]
[16:09:55.643] Arrived at: [1.000 1.000 0.000]
[16:09:55.647] Wait 0.100s
[16:09:55.752] Continue movement.

[16:09:55.752] Moving to: [1.000 0.000 0.000]
[16:09:57.050] Arrived at: [1.000 0.000 0.000]
[16:09:57.050] Wait 0.100s
[16:09:57.154] Continue movement.

[16:09:57.154] Moving to: [1.000 -1.000 0.000]
[16:09:58.495] Arrived at: [1.000 -1.000 0.000]
[16:09:58.495] Wait 0.100s
[16:09:58.598] Continue movement.

[16:09:58.598] Moving to: [0.000 -1.000 0.000]
[16:09:59.986] Arrived at: [0.000 -1.000 0.000]
[16:09:59.987] Wait 0.100s
[16:10:00.087] Continue movement.

[16:10:00.088] Moving to: [-1.000 -1.000 0.000]
[16:10:01.362] Arrived at: [-1.000 -1.000 0.000]
[16:10:01.362] Wait 0.100s
[16:10:01.467] Continue movement.

[16:10:01.467] Finished iteration 1

[16:10:01.467] Starting iteration 2
[16:10:01.467] Moving to: [-1.000 1.000 0.000]
[16:10:03.535] Arrived at: [-1.000 1.000 0.000]
[16:10:03.536] Wait 0.100s
[16:10:03.641] Continue movement.

[16:10:03.642] Moving to: [-1.000 0.000 0.000]
[16:10:04.920] Arrived at: [-1.000 0.000 0.000]
[16:10:04.924] Wait 0.100s
[16:10:05.024] Continue movement.

[16:10:05.024] Moving to: [0.000 0.000 0.000]
[16:10:06.301] Arrived at: [0.000 0.000 0.000]
[16:10:06.301] Wait 0.100s
[16:10:06.404] Continue movement.

[16:10:06.406] Moving to: [0.000 1.000 0.000]
[16:10:07.688] Arrived at: [0.000 1.000 0.000]
[16:10:07.688] Wait 0.100s
[16:10:07.795] Continue movement.

[16:10:07.795] Moving to: [1.000 1.000 0.000]
[16:10:09.071] Arrived at: [1.000 1.000 0.000]
[16:10:09.071] Wait 0.100s
[16:10:09.175] Continue movement.

[16:10:09.176] Moving to: [1.000 0.000 0.000]
[16:10:10.395] Arrived at: [1.000 0.000 0.000]
[16:10:10.395] Wait 0.100s
[16:10:10.501] Continue movement.

[16:10:10.501] Moving to: [1.000 -1.000 0.000]
[16:10:11.810] Arrived at: [1.000 -1.000 0.000]
[16:10:11.810] Wait 0.100s
[16:10:11.915] Continue movement.

[16:10:11.916] Moving to: [0.000 -1.000 0.000]
[16:10:13.245] Arrived at: [0.000 -1.000 0.000]
[16:10:13.245] Wait 0.100s
[16:10:13.348] Continue movement.

[16:10:13.348] Moving to: [-1.000 -1.000 0.000]
[16:10:14.632] Arrived at: [-1.000 -1.000 0.000]
[16:10:14.632] Wait 0.100s
[16:10:14.734] Continue movement.

[16:10:14.734] Finished iteration 2

[16:10:14.734] Starting iteration 3
[16:10:14.734] Moving to: [-1.000 1.000 0.000]
[16:10:16.781] Arrived at: [-1.000 1.000 0.000]
[16:10:16.781] Wait 0.100s
[16:10:16.886] Continue movement.

[16:10:16.887] Moving to: [-1.000 0.000 0.000]
[16:10:18.157] Arrived at: [-1.000 0.000 0.000]
[16:10:18.157] Wait 0.100s
[16:10:18.265] Continue movement.

[16:10:18.265] Moving to: [0.000 0.000 0.000]
[16:10:19.556] Arrived at: [0.000 0.000 0.000]
[16:10:19.557] Wait 0.100s
[16:10:19.659] Continue movement.

[16:10:19.660] Moving to: [0.000 1.000 0.000]
[16:10:20.935] Arrived at: [0.000 1.000 0.000]
[16:10:20.936] Wait 0.100s
[16:10:21.037] Continue movement.

[16:10:21.039] Moving to: [1.000 1.000 0.000]
[16:10:22.327] Arrived at: [1.000 1.000 0.000]
[16:10:22.328] Wait 0.100s
[16:10:22.431] Continue movement.

[16:10:22.431] Moving to: [1.000 0.000 0.000]
[16:10:23.701] Arrived at: [1.000 0.000 0.000]
[16:10:23.702] Wait 0.100s
[16:10:23.808] Continue movement.

[16:10:23.808] Moving to: [1.000 -1.000 0.000]
[16:10:25.086] Arrived at: [1.000 -1.000 0.000]
[16:10:25.087] Wait 0.100s
[16:10:25.188] Continue movement.

[16:10:25.188] Moving to: [0.000 -1.000 0.000]
[16:10:26.468] Arrived at: [0.000 -1.000 0.000]
[16:10:26.468] Wait 0.100s
[16:10:26.572] Continue movement.

[16:10:26.572] Moving to: [-1.000 -1.000 0.000]
[16:10:27.824] Arrived at: [-1.000 -1.000 0.000]
[16:10:27.824] Wait 0.100s
[16:10:27.925] Continue movement.

[16:10:27.926] Finished iteration 3

[16:10:27.926] Plan finished.
