[20:44:57.132] Starting plan irradiation...
	Plan name: Plan de movimiento solo stage
	Plan comment: irradW4
	Absolut shift from X to (0,0) well: [0.000 0.000 0.000]
[20:45:05.418] Starting iteration 1
[20:45:05.419] Moving to: [0.000 0.000 0.000]
[20:45:10.586] Arrived at: [0.000 0.000 0.000]
[20:45:10.586] Wait 0.000s
[20:45:10.586] Continue movement.

[20:45:10.586] Moving to: [-2.000 0.000 0.000]
[20:45:12.536] Arrived at: [-2.000 0.000 0.000]
[20:45:12.536] Wait 0.000s
[20:45:12.540] Continue movement.

[20:45:12.542] Moving to: [0.000 -0.200 0.000]
[20:45:14.970] Arrived at: [0.000 -0.200 0.000]
[20:45:14.971] Wait 0.000s
[20:45:14.972] Continue movement.

[20:45:14.973] Moving to: [-2.000 -0.400 0.000]
[20:45:17.330] Arrived at: [-2.000 -0.400 0.000]
[20:45:17.334] Wait 0.000s
[20:45:17.334] Continue movement.

[20:45:17.334] Moving to: [0.000 -0.600 0.000]
[20:45:19.869] Arrived at: [0.000 -0.600 0.000]
[20:45:19.869] Wait 0.000s
[20:45:19.869] Continue movement.

[20:45:19.869] Moving to: [-2.000 -0.800 0.000]
[20:45:22.315] Arrived at: [-2.000 -0.800 0.000]
[20:45:22.315] Wait 0.000s
[20:45:22.315] Continue movement.

[20:45:22.315] Moving to: [0.000 -1.000 0.000]
[20:45:24.766] Arrived at: [0.000 -1.000 0.000]
[20:45:24.766] Wait 0.000s
[20:45:24.766] Continue movement.

[20:45:24.766] Moving to: [-2.000 -1.200 0.000]
[20:45:27.198] Arrived at: [-2.000 -1.200 0.000]
[20:45:27.198] Wait 0.000s
[20:45:27.198] Continue movement.

[20:45:27.198] Moving to: [0.000 -1.400 0.000]
[20:45:29.765] Arrived at: [0.000 -1.400 0.000] WARNING!
[20:45:29.771] Wait 0.000s
[20:45:29.772] Continue movement.

[20:45:29.775] Moving to: [-2.000 -1.600 0.000]
[20:45:32.167] Arrived at: [-2.000 -1.600 0.000]
[20:45:32.167] Wait 0.000s
[20:45:32.167] Continue movement.

[20:45:32.167] Moving to: [0.000 -1.800 0.000]
[20:45:34.566] Arrived at: [0.000 -1.800 0.000]
[20:45:34.566] Wait 0.000s
[20:45:34.566] Continue movement.

[20:45:34.566] Moving to: [-2.000 -2.000 0.000]
[20:45:36.979] Arrived at: [-2.000 -2.000 0.000]
[20:45:36.979] Wait 0.000s
[20:45:36.979] Continue movement.

[20:45:36.979] Moving to: [0.000 -2.200 0.000]
[20:45:39.398] Arrived at: [0.000 -2.200 0.000]
[20:45:39.398] Wait 0.000s
[20:45:39.398] Continue movement.

[20:45:39.398] Moving to: [-2.000 -2.400 0.000]
[20:45:41.776] Arrived at: [-2.000 -2.400 0.000]
[20:45:41.776] Wait 0.000s
[20:45:41.776] Continue movement.

[20:45:41.776] Moving to: [0.000 -2.600 0.000]
[20:45:44.164] Arrived at: [0.000 -2.600 0.000]
[20:45:44.164] Wait 0.000s
[20:45:44.164] Continue movement.

[20:45:44.164] Moving to: [-2.000 -2.800 0.000]
[20:45:46.564] Arrived at: [-2.000 -2.800 0.000] WARNING!
[20:45:46.564] Wait 0.000s
[20:45:46.564] Continue movement.

[20:45:46.564] Moving to: [0.000 -3.000 0.000]
[20:45:48.928] Arrived at: [0.000 -3.000 0.000]
[20:45:48.928] Wait 0.000s
[20:45:48.933] Continue movement.

[20:45:48.934] Moving to: [-2.000 -3.200 0.000]
[20:45:51.307] Arrived at: [-2.000 -3.200 0.000]
[20:45:51.307] Wait 0.000s
[20:45:51.307] Continue movement.

[20:45:51.307] Moving to: [0.000 -3.400 0.000]
[20:45:53.742] Arrived at: [0.000 -3.400 0.000]
[20:45:53.742] Wait 0.000s
[20:45:53.742] Continue movement.

[20:45:53.742] Moving to: [-2.000 -3.600 0.000]
[20:45:56.187] Arrived at: [-2.000 -3.600 0.000]
[20:45:56.187] Wait 0.000s
[20:45:56.187] Continue movement.

[20:45:56.187] Moving to: [0.000 -3.800 0.000]
[20:45:58.567] Arrived at: [0.000 -3.800 0.000] WARNING!
[20:45:58.567] Wait 0.000s
[20:45:58.574] Continue movement.

[20:45:58.574] Moving to: [-2.000 -4.000 0.000]
[20:46:00.966] Arrived at: [-2.000 -4.000 0.000]
[20:46:00.966] Wait 0.000s
[20:46:00.966] Continue movement.

[20:46:00.966] Moving to: [0.000 -4.200 0.000]
[20:46:03.565] Arrived at: [0.000 -4.200 0.000]
[20:46:03.565] Wait 0.000s
[20:46:03.565] Continue movement.

[20:46:03.565] Moving to: [-2.000 -4.400 0.000]
[20:46:05.963] Arrived at: [-2.000 -4.400 0.000]
[20:46:05.963] Wait 0.000s
[20:46:05.963] Continue movement.

[20:46:05.963] Finished iteration 1

[20:46:05.963] Starting iteration 2
[20:46:05.963] Moving to: [0.000 0.000 0.000]
[20:46:11.190] Arrived at: [0.000 0.000 0.000]
[20:46:11.190] Wait 0.000s
[20:46:11.194] Continue movement.

[20:46:11.194] Moving to: [-2.000 0.000 0.000]
[20:46:13.116] Arrived at: [-2.000 0.000 0.000]
[20:46:13.116] Wait 0.000s
[20:46:13.116] Continue movement.

[20:46:13.116] Moving to: [0.000 -0.200 0.000]
[20:46:15.528] Arrived at: [0.000 -0.200 0.000]
[20:46:15.528] Wait 0.000s
[20:46:15.532] Continue movement.

[20:46:15.532] Moving to: [-2.000 -0.400 0.000]
[20:46:17.942] Arrived at: [-2.000 -0.400 0.000]
[20:46:17.942] Wait 0.000s
[20:46:17.942] Continue movement.

[20:46:17.942] Moving to: [0.000 -0.600 0.000]
[20:46:20.380] Arrived at: [0.000 -0.600 0.000]
[20:46:20.380] Wait 0.000s
[20:46:20.380] Continue movement.

[20:46:20.380] Moving to: [-2.000 -0.800 0.000]
[20:46:22.780] Arrived at: [-2.000 -0.800 0.000]
[20:46:22.780] Wait 0.000s
[20:46:22.780] Continue movement.

[20:46:22.780] Moving to: [0.000 -1.000 0.000]
[20:46:25.217] Arrived at: [0.000 -1.000 0.000]
[20:46:25.218] Wait 0.000s
[20:46:25.220] Continue movement.

[20:46:25.221] Moving to: [-2.000 -1.200 0.000]
[20:46:27.588] Arrived at: [-2.000 -1.200 0.000]
[20:46:27.588] Wait 0.000s
[20:46:27.588] Continue movement.

[20:46:27.588] Moving to: [0.000 -1.400 0.000]
[20:46:30.166] Arrived at: [0.000 -1.400 0.000] WARNING!
[20:46:30.166] Wait 0.000s
[20:46:30.166] Continue movement.

[20:46:30.166] Moving to: [-2.000 -1.600 0.000]
[20:46:32.591] Arrived at: [-2.000 -1.600 0.000]
[20:46:32.592] Wait 0.000s
[20:46:32.594] Continue movement.

[20:46:32.595] Moving to: [0.000 -1.800 0.000]
[20:46:34.979] Arrived at: [0.000 -1.800 0.000]
[20:46:34.979] Wait 0.000s
[20:46:34.979] Continue movement.

[20:46:34.979] Moving to: [-2.000 -2.000 0.000]
[20:46:37.378] Arrived at: [-2.000 -2.000 0.000]
[20:46:37.378] Wait 0.000s
[20:46:37.378] Continue movement.

[20:46:37.378] Moving to: [0.000 -2.200 0.000]
[20:46:39.772] Arrived at: [0.000 -2.200 0.000]
[20:46:39.772] Wait 0.000s
[20:46:39.772] Continue movement.

[20:46:39.772] Moving to: [-2.000 -2.400 0.000]
[20:46:42.231] Arrived at: [-2.000 -2.400 0.000]
[20:46:42.232] Wait 0.000s
[20:46:42.234] Continue movement.

[20:46:42.234] Moving to: [0.000 -2.600 0.000]
[20:46:44.605] Arrived at: [0.000 -2.600 0.000]
[20:46:44.609] Wait 0.000s
[20:46:44.610] Continue movement.

[20:46:44.610] Moving to: [-2.000 -2.800 0.000]
[20:46:47.037] Arrived at: [-2.000 -2.800 0.000] WARNING!
[20:46:47.041] Wait 0.000s
[20:46:47.043] Continue movement.

[20:46:47.045] Moving to: [0.000 -3.000 0.000]
[20:46:49.491] Arrived at: [0.000 -3.000 0.000]
[20:46:49.491] Wait 0.000s
[20:46:49.491] Continue movement.

[20:46:49.491] Moving to: [-2.000 -3.200 0.000]
[20:46:51.917] Arrived at: [-2.000 -3.200 0.000]
[20:46:51.917] Wait 0.000s
[20:46:51.917] Continue movement.

[20:46:51.917] Moving to: [0.000 -3.400 0.000]
[20:46:54.333] Arrived at: [0.000 -3.400 0.000]
[20:46:54.333] Wait 0.000s
[20:46:54.333] Continue movement.

[20:46:54.333] Moving to: [-2.000 -3.600 0.000]
[20:46:56.731] Arrived at: [-2.000 -3.600 0.000]
[20:46:56.731] Wait 0.000s
[20:46:56.731] Continue movement.

[20:46:56.731] Moving to: [0.000 -3.800 0.000]
[20:46:59.170] Arrived at: [0.000 -3.800 0.000] WARNING!
[20:46:59.170] Wait 0.000s
[20:46:59.172] Continue movement.

[20:46:59.173] Moving to: [-2.000 -4.000 0.000]
[20:47:01.591] Arrived at: [-2.000 -4.000 0.000]
[20:47:01.592] Wait 0.000s
[20:47:01.592] Continue movement.

[20:47:01.592] Moving to: [0.000 -4.200 0.000]
[20:47:03.982] Arrived at: [0.000 -4.200 0.000]
[20:47:03.982] Wait 0.000s
[20:47:03.982] Continue movement.

[20:47:03.982] Moving to: [-2.000 -4.400 0.000]
[20:47:06.388] Arrived at: [-2.000 -4.400 0.000]
[20:47:06.388] Wait 0.000s
[20:47:06.388] Continue movement.

[20:47:06.388] Finished iteration 2

[20:47:06.388] Starting iteration 3
[20:47:06.388] Moving to: [0.000 0.000 0.000]
[20:47:11.629] Arrived at: [0.000 0.000 0.000]
[20:47:11.629] Wait 0.000s
[20:47:11.629] Continue movement.

[20:47:11.629] Moving to: [-2.000 0.000 0.000]
[20:47:13.520] Arrived at: [-2.000 0.000 0.000]
[20:47:13.520] Wait 0.000s
[20:47:13.520] Continue movement.

[20:47:13.520] Moving to: [0.000 -0.200 0.000]
[20:47:15.903] Arrived at: [0.000 -0.200 0.000]
[20:47:15.903] Wait 0.000s
[20:47:15.903] Continue movement.

[20:47:15.903] Moving to: [-2.000 -0.400 0.000]
[20:47:18.266] Arrived at: [-2.000 -0.400 0.000]
[20:47:18.266] Wait 0.000s
[20:47:18.266] Continue movement.

[20:47:18.266] Moving to: [0.000 -0.600 0.000]
[20:47:20.617] Arrived at: [0.000 -0.600 0.000]
[20:47:20.617] Wait 0.000s
[20:47:20.617] Continue movement.

[20:47:20.617] Moving to: [-2.000 -0.800 0.000]
[20:47:23.189] Arrived at: [-2.000 -0.800 0.000]
[20:47:23.189] Wait 0.000s
[20:47:23.189] Continue movement.

[20:47:23.189] Moving to: [0.000 -1.000 0.000]
[20:47:25.607] Arrived at: [0.000 -1.000 0.000]
[20:47:25.607] Wait 0.000s
[20:47:25.607] Continue movement.

[20:47:25.607] Moving to: [-2.000 -1.200 0.000]
[20:47:27.993] Arrived at: [-2.000 -1.200 0.000]
[20:47:27.993] Wait 0.000s
[20:47:27.993] Continue movement.

[20:47:27.993] Moving to: [0.000 -1.400 0.000]
[20:47:30.436] Arrived at: [0.000 -1.400 0.000] WARNING!
[20:47:30.436] Wait 0.000s
[20:47:30.445] Continue movement.

[20:47:30.446] Moving to: [-2.000 -1.600 0.000]
[20:47:32.835] Arrived at: [-2.000 -1.600 0.000]
[20:47:32.835] Wait 0.000s
[20:47:32.835] Continue movement.

[20:47:32.835] Moving to: [0.000 -1.800 0.000]
[20:47:35.263] Arrived at: [0.000 -1.800 0.000]
[20:47:35.263] Wait 0.000s
[20:47:35.263] Continue movement.

[20:47:35.263] Moving to: [-2.000 -2.000 0.000]
[20:47:37.663] Arrived at: [-2.000 -2.000 0.000]
[20:47:37.663] Wait 0.000s
[20:47:37.663] Continue movement.

[20:47:37.663] Moving to: [0.000 -2.200 0.000]
[20:47:40.107] Arrived at: [0.000 -2.200 0.000]
[20:47:40.107] Wait 0.000s
[20:47:40.107] Continue movement.

[20:47:40.107] Moving to: [-2.000 -2.400 0.000]
[20:47:42.491] Arrived at: [-2.000 -2.400 0.000]
[20:47:42.491] Wait 0.000s
[20:47:42.491] Continue movement.

[20:47:42.491] Moving to: [0.000 -2.600 0.000]
[20:47:44.842] Arrived at: [0.000 -2.600 0.000]
[20:47:44.842] Wait 0.000s
[20:47:44.842] Continue movement.

[20:47:44.842] Moving to: [-2.000 -2.800 0.000]
[20:47:47.320] Arrived at: [-2.000 -2.800 0.000] WARNING!
[20:47:47.320] Wait 0.000s
[20:47:47.330] Continue movement.

[20:47:47.331] Moving to: [0.000 -3.000 0.000]
[20:47:49.768] Arrived at: [0.000 -3.000 0.000]
[20:47:49.768] Wait 0.000s
[20:47:49.768] Continue movement.

[20:47:49.768] Moving to: [-2.000 -3.200 0.000]
[20:47:52.165] Arrived at: [-2.000 -3.200 0.000]
[20:47:52.165] Wait 0.000s
[20:47:52.165] Continue movement.

[20:47:52.165] Moving to: [0.000 -3.400 0.000]
[20:47:54.563] Arrived at: [0.000 -3.400 0.000]
[20:47:54.563] Wait 0.000s
[20:47:54.563] Continue movement.

[20:47:54.563] Moving to: [-2.000 -3.600 0.000]
[20:47:56.979] Arrived at: [-2.000 -3.600 0.000]
[20:47:56.979] Wait 0.000s
[20:47:56.979] Continue movement.

[20:47:56.979] Moving to: [0.000 -3.800 0.000]
[20:47:59.393] Arrived at: [0.000 -3.800 0.000] WARNING!
[20:47:59.393] Wait 0.000s
[20:47:59.403] Continue movement.

[20:47:59.404] Moving to: [-2.000 -4.000 0.000]
[20:48:01.811] Arrived at: [-2.000 -4.000 0.000]
[20:48:01.811] Wait 0.000s
[20:48:01.811] Continue movement.

[20:48:01.811] Moving to: [0.000 -4.200 0.000]
[20:48:04.200] Arrived at: [0.000 -4.200 0.000]
[20:48:04.201] Wait 0.000s
[20:48:04.201] Continue movement.

[20:48:04.201] Moving to: [-2.000 -4.400 0.000]
[20:48:06.653] Arrived at: [-2.000 -4.400 0.000]
[20:48:06.653] Wait 0.000s
[20:48:06.653] Continue movement.

[20:48:06.653] Finished iteration 3

[20:48:06.653] Starting iteration 4
[20:48:06.653] Moving to: [0.000 0.000 0.000]
[20:48:11.868] Arrived at: [0.000 0.000 0.000]
[20:48:11.868] Wait 0.000s
[20:48:11.868] Continue movement.

[20:48:11.868] Moving to: [-2.000 0.000 0.000]
[20:48:13.778] Arrived at: [-2.000 0.000 0.000]
[20:48:13.782] Wait 0.000s
[20:48:13.783] Continue movement.

[20:48:13.784] Moving to: [0.000 -0.200 0.000]
[20:48:16.195] Arrived at: [0.000 -0.200 0.000]
[20:48:16.195] Wait 0.000s
[20:48:16.195] Continue movement.

[20:48:16.198] Moving to: [-2.000 -0.400 0.000]
[20:48:18.598] Arrived at: [-2.000 -0.400 0.000]
[20:48:18.598] Wait 0.000s
[20:48:18.598] Continue movement.

[20:48:18.598] Moving to: [0.000 -0.600 0.000]
[20:48:20.982] Arrived at: [0.000 -0.600 0.000]
[20:48:20.982] Wait 0.000s
[20:48:20.982] Continue movement.

[20:48:20.982] Moving to: [-2.000 -0.800 0.000]
[20:48:23.380] Arrived at: [-2.000 -0.800 0.000]
[20:48:23.380] Wait 0.000s
[20:48:23.380] Continue movement.

[20:48:23.380] Moving to: [0.000 -1.000 0.000]
[20:48:25.780] Arrived at: [0.000 -1.000 0.000]
[20:48:25.780] Wait 0.000s
[20:48:25.780] Continue movement.

[20:48:25.780] Moving to: [-2.000 -1.200 0.000]
[20:48:28.194] Arrived at: [-2.000 -1.200 0.000]
[20:48:28.194] Wait 0.000s
[20:48:28.194] Continue movement.

[20:48:28.194] Moving to: [0.000 -1.400 0.000]
[20:48:30.576] Arrived at: [0.000 -1.400 0.000] WARNING!
[20:48:30.576] Wait 0.000s
[20:48:30.585] Continue movement.

[20:48:30.586] Moving to: [-2.000 -1.600 0.000]
[20:48:32.964] Arrived at: [-2.000 -1.600 0.000]
[20:48:32.964] Wait 0.000s
[20:48:32.964] Continue movement.

[20:48:32.964] Moving to: [0.000 -1.800 0.000]
[20:48:35.365] Arrived at: [0.000 -1.800 0.000]
[20:48:35.373] Wait 0.000s
[20:48:35.374] Continue movement.

[20:48:35.374] Moving to: [-2.000 -2.000 0.000]
[20:48:37.773] Arrived at: [-2.000 -2.000 0.000]
[20:48:37.773] Wait 0.000s
[20:48:37.773] Continue movement.

[20:48:37.773] Moving to: [0.000 -2.200 0.000]
[20:48:40.188] Arrived at: [0.000 -2.200 0.000]
[20:48:40.188] Wait 0.000s
[20:48:40.188] Continue movement.

[20:48:40.188] Moving to: [-2.000 -2.400 0.000]
[20:48:42.601] Arrived at: [-2.000 -2.400 0.000]
[20:48:42.601] Wait 0.000s
[20:48:42.601] Continue movement.

[20:48:42.601] Moving to: [0.000 -2.600 0.000]
[20:48:45.001] Arrived at: [0.000 -2.600 0.000]
[20:48:45.001] Wait 0.000s
[20:48:45.001] Continue movement.

[20:48:45.001] Moving to: [-2.000 -2.800 0.000]
[20:48:47.385] Arrived at: [-2.000 -2.800 0.000] WARNING!
[20:48:47.396] Wait 0.000s
[20:48:47.398] Continue movement.

[20:48:47.398] Moving to: [0.000 -3.000 0.000]
[20:48:49.796] Arrived at: [0.000 -3.000 0.000]
[20:48:49.796] Wait 0.000s
[20:48:49.796] Continue movement.

[20:48:49.796] Moving to: [-2.000 -3.200 0.000]
[20:48:52.167] Arrived at: [-2.000 -3.200 0.000]
[20:48:52.167] Wait 0.000s
[20:48:52.167] Continue movement.

[20:48:52.167] Moving to: [0.000 -3.400 0.000]
[20:48:54.594] Arrived at: [0.000 -3.400 0.000]
[20:48:54.594] Wait 0.000s
[20:48:54.594] Continue movement.

[20:48:54.594] Moving to: [-2.000 -3.600 0.000]
[20:48:57.003] Arrived at: [-2.000 -3.600 0.000]
[20:48:57.004] Wait 0.000s
[20:48:57.006] Continue movement.

[20:48:57.006] Moving to: [0.000 -3.800 0.000]
[20:48:59.417] Arrived at: [0.000 -3.800 0.000] WARNING!
[20:48:59.418] Wait 0.000s
[20:48:59.420] Continue movement.

[20:48:59.421] Moving to: [-2.000 -4.000 0.000]
[20:49:01.870] Arrived at: [-2.000 -4.000 0.000]
[20:49:01.870] Wait 0.000s
[20:49:01.870] Continue movement.

[20:49:01.870] Moving to: [0.000 -4.200 0.000]
[20:49:04.253] Arrived at: [0.000 -4.200 0.000]
[20:49:04.253] Wait 0.000s
[20:49:04.253] Continue movement.

[20:49:04.253] Moving to: [-2.000 -4.400 0.000]
[20:49:06.668] Arrived at: [-2.000 -4.400 0.000]
[20:49:06.668] Wait 0.000s
[20:49:06.668] Continue movement.

[20:49:06.668] Finished iteration 4

[20:49:06.668] Starting iteration 5
[20:49:06.668] Moving to: [0.000 0.000 0.000]
[20:49:11.962] Arrived at: [0.000 0.000 0.000]
[20:49:11.962] Wait 0.000s
[20:49:11.962] Continue movement.

[20:49:11.962] Moving to: [-2.000 0.000 0.000]
[20:49:13.873] Arrived at: [-2.000 0.000 0.000]
[20:49:13.873] Wait 0.000s
[20:49:13.873] Continue movement.

[20:49:13.873] Moving to: [0.000 -0.200 0.000]
[20:49:16.221] Arrived at: [0.000 -0.200 0.000]
[20:49:16.221] Wait 0.000s
[20:49:16.221] Continue movement.

[20:49:16.221] Moving to: [-2.000 -0.400 0.000]
[20:49:18.647] Arrived at: [-2.000 -0.400 0.000]
[20:49:18.647] Wait 0.000s
[20:49:18.647] Continue movement.

[20:49:18.647] Moving to: [0.000 -0.600 0.000]
[20:49:21.043] Arrived at: [0.000 -0.600 0.000]
[20:49:21.043] Wait 0.000s
[20:49:21.043] Continue movement.

[20:49:21.043] Moving to: [-2.000 -0.800 0.000]
[20:49:23.527] Arrived at: [-2.000 -0.800 0.000]
[20:49:23.527] Wait 0.000s
[20:49:23.532] Continue movement.

[20:49:23.532] Moving to: [0.000 -1.000 0.000]
[20:49:25.910] Arrived at: [0.000 -1.000 0.000]
[20:49:25.910] Wait 0.000s
[20:49:25.910] Continue movement.

[20:49:25.910] Moving to: [-2.000 -1.200 0.000]
[20:49:28.256] Arrived at: [-2.000 -1.200 0.000]
[20:49:28.256] Wait 0.000s
[20:49:28.256] Continue movement.

[20:49:28.256] Moving to: [0.000 -1.400 0.000]
[20:49:30.666] Arrived at: [0.000 -1.400 0.000] WARNING!
[20:49:30.667] Wait 0.000s
[20:49:30.669] Continue movement.

[20:49:30.671] Moving to: [-2.000 -1.600 0.000]
[20:49:33.005] Arrived at: [-2.000 -1.600 0.000]
[20:49:33.005] Wait 0.000s
[20:49:33.005] Continue movement.

[20:49:33.005] Moving to: [0.000 -1.800 0.000]
[20:49:35.402] Arrived at: [0.000 -1.800 0.000]
[20:49:35.402] Wait 0.000s
[20:49:35.402] Continue movement.

[20:49:35.402] Moving to: [-2.000 -2.000 0.000]
[20:49:37.768] Arrived at: [-2.000 -2.000 0.000]
[20:49:37.768] Wait 0.000s
[20:49:37.768] Continue movement.

[20:49:37.768] Moving to: [0.000 -2.200 0.000]
[20:49:40.187] Arrived at: [0.000 -2.200 0.000]
[20:49:40.187] Wait 0.000s
[20:49:40.187] Continue movement.

[20:49:40.187] Moving to: [-2.000 -2.400 0.000]
[20:49:42.624] Arrived at: [-2.000 -2.400 0.000]
[20:49:42.625] Wait 0.000s
[20:49:42.627] Continue movement.

[20:49:42.628] Moving to: [0.000 -2.600 0.000]
[20:49:45.196] Arrived at: [0.000 -2.600 0.000]
[20:49:45.196] Wait 0.000s
[20:49:45.196] Continue movement.

[20:49:45.196] Moving to: [-2.000 -2.800 0.000]
[20:49:47.637] Arrived at: [-2.000 -2.800 0.000] WARNING!
[20:49:47.637] Wait 0.000s
[20:49:47.647] Continue movement.

[20:49:47.648] Moving to: [0.000 -3.000 0.000]
[20:49:50.070] Arrived at: [0.000 -3.000 0.000]
[20:49:50.070] Wait 0.000s
[20:49:50.070] Continue movement.

[20:49:50.070] Moving to: [-2.000 -3.200 0.000]
[20:49:52.454] Arrived at: [-2.000 -3.200 0.000]
[20:49:52.454] Wait 0.000s
[20:49:52.454] Continue movement.

[20:49:52.454] Moving to: [0.000 -3.400 0.000]
[20:49:54.880] Arrived at: [0.000 -3.400 0.000]
[20:49:54.880] Wait 0.000s
[20:49:54.880] Continue movement.

[20:49:54.880] Moving to: [-2.000 -3.600 0.000]
[20:49:57.332] Arrived at: [-2.000 -3.600 0.000]
[20:49:57.332] Wait 0.000s
[20:49:57.332] Continue movement.

[20:49:57.332] Moving to: [0.000 -3.800 0.000]
[20:49:59.712] Arrived at: [0.000 -3.800 0.000] WARNING!
[20:49:59.712] Wait 0.000s
[20:49:59.720] Continue movement.

[20:49:59.722] Moving to: [-2.000 -4.000 0.000]
[20:50:02.130] Arrived at: [-2.000 -4.000 0.000]
[20:50:02.130] Wait 0.000s
[20:50:02.130] Continue movement.

[20:50:02.134] Moving to: [0.000 -4.200 0.000]
[20:50:04.650] Arrived at: [0.000 -4.200 0.000]
[20:50:04.650] Wait 0.000s
[20:50:04.650] Continue movement.

[20:50:04.650] Moving to: [-2.000 -4.400 0.000]
[20:50:07.035] Arrived at: [-2.000 -4.400 0.000]
[20:50:07.039] Wait 0.000s
[20:50:07.040] Continue movement.

[20:50:07.040] Finished iteration 5

[20:50:07.040] Starting iteration 6
[20:50:07.040] Moving to: [0.000 0.000 0.000]
[20:50:12.197] Arrived at: [0.000 0.000 0.000]
[20:50:12.197] Wait 0.000s
[20:50:12.197] Continue movement.

[20:50:12.197] Moving to: [-2.000 0.000 0.000]
[20:50:14.147] Arrived at: [-2.000 0.000 0.000]
[20:50:14.151] Wait 0.000s
[20:50:14.151] Continue movement.

[20:50:14.151] Moving to: [0.000 -0.200 0.000]
[20:50:16.564] Arrived at: [0.000 -0.200 0.000]
[20:50:16.564] Wait 0.000s
[20:50:16.564] Continue movement.

[20:50:16.564] Moving to: [-2.000 -0.400 0.000]
[20:50:18.973] Arrived at: [-2.000 -0.400 0.000]
[20:50:18.973] Wait 0.000s
[20:50:18.975] Continue movement.

[20:50:18.975] Moving to: [0.000 -0.600 0.000]
[20:50:21.374] Arrived at: [0.000 -0.600 0.000]
[20:50:21.374] Wait 0.000s
[20:50:21.374] Continue movement.

[20:50:21.374] Moving to: [-2.000 -0.800 0.000]
[20:50:23.793] Arrived at: [-2.000 -0.800 0.000]
[20:50:23.793] Wait 0.000s
[20:50:23.793] Continue movement.

[20:50:23.793] Moving to: [0.000 -1.000 0.000]
[20:50:26.199] Arrived at: [0.000 -1.000 0.000]
[20:50:26.200] Wait 0.000s
[20:50:26.200] Continue movement.

[20:50:26.200] Moving to: [-2.000 -1.200 0.000]
[20:50:28.563] Arrived at: [-2.000 -1.200 0.000]
[20:50:28.563] Wait 0.000s
[20:50:28.563] Continue movement.

[20:50:28.563] Moving to: [0.000 -1.400 0.000]
[20:50:30.990] Arrived at: [0.000 -1.400 0.000] WARNING!
[20:50:30.990] Wait 0.000s
[20:50:30.990] Continue movement.

[20:50:31.000] Moving to: [-2.000 -1.600 0.000]
[20:50:33.401] Arrived at: [-2.000 -1.600 0.000]
[20:50:33.401] Wait 0.000s
[20:50:33.401] Continue movement.

[20:50:33.401] Moving to: [0.000 -1.800 0.000]
[20:50:35.801] Arrived at: [0.000 -1.800 0.000]
[20:50:35.801] Wait 0.000s
[20:50:35.801] Continue movement.

[20:50:35.801] Moving to: [-2.000 -2.000 0.000]
[20:50:38.219] Arrived at: [-2.000 -2.000 0.000]
[20:50:38.219] Wait 0.000s
[20:50:38.219] Continue movement.

[20:50:38.219] Moving to: [0.000 -2.200 0.000]
[20:50:40.582] Arrived at: [0.000 -2.200 0.000]
[20:50:40.582] Wait 0.000s
[20:50:40.582] Continue movement.

[20:50:40.582] Moving to: [-2.000 -2.400 0.000]
[20:50:42.972] Arrived at: [-2.000 -2.400 0.000]
[20:50:42.973] Wait 0.000s
[20:50:42.974] Continue movement.

[20:50:42.975] Moving to: [0.000 -2.600 0.000]
[20:50:45.338] Arrived at: [0.000 -2.600 0.000]
[20:50:45.338] Wait 0.000s
[20:50:45.338] Continue movement.

[20:50:45.342] Moving to: [-2.000 -2.800 0.000]
[20:50:47.736] Arrived at: [-2.000 -2.800 0.000] WARNING!
[20:50:47.736] Wait 0.000s
[20:50:47.738] Continue movement.

[20:50:47.739] Moving to: [0.000 -3.000 0.000]
[20:50:50.174] Arrived at: [0.000 -3.000 0.000]
[20:50:50.174] Wait 0.000s
[20:50:50.174] Continue movement.

[20:50:50.174] Moving to: [-2.000 -3.200 0.000]
[20:50:52.537] Arrived at: [-2.000 -3.200 0.000]
[20:50:52.540] Wait 0.000s
[20:50:52.541] Continue movement.

[20:50:52.541] Moving to: [0.000 -3.400 0.000]
[20:50:54.987] Arrived at: [0.000 -3.400 0.000]
[20:50:54.987] Wait 0.000s
[20:50:54.987] Continue movement.

[20:50:54.987] Moving to: [-2.000 -3.600 0.000]
[20:50:57.540] Arrived at: [-2.000 -3.600 0.000]
[20:50:57.541] Wait 0.000s
[20:50:57.542] Continue movement.

[20:50:57.542] Moving to: [0.000 -3.800 0.000]
[20:50:59.917] Arrived at: [0.000 -3.800 0.000] WARNING!
[20:50:59.917] Wait 0.000s
[20:50:59.917] Continue movement.

[20:50:59.927] Moving to: [-2.000 -4.000 0.000]
[20:51:02.334] Arrived at: [-2.000 -4.000 0.000]
[20:51:02.334] Wait 0.000s
[20:51:02.338] Continue movement.

[20:51:02.338] Moving to: [0.000 -4.200 0.000]
[20:51:04.761] Arrived at: [0.000 -4.200 0.000]
[20:51:04.761] Wait 0.000s
[20:51:04.761] Continue movement.

[20:51:04.761] Moving to: [-2.000 -4.400 0.000]
[20:51:07.160] Arrived at: [-2.000 -4.400 0.000]
[20:51:07.160] Wait 0.000s
[20:51:07.160] Continue movement.

[20:51:07.160] Finished iteration 6

[20:51:07.160] Starting iteration 7
[20:51:07.160] Moving to: [0.000 0.000 0.000]
[20:51:12.392] Arrived at: [0.000 0.000 0.000]
[20:51:12.392] Wait 0.000s
[20:51:12.392] Continue movement.

[20:51:12.392] Moving to: [-2.000 0.000 0.000]
[20:51:14.315] Arrived at: [-2.000 0.000 0.000]
[20:51:14.315] Wait 0.000s
[20:51:14.315] Continue movement.

[20:51:14.315] Moving to: [0.000 -0.200 0.000]
[20:51:16.745] Arrived at: [0.000 -0.200 0.000]
[20:51:16.746] Wait 0.000s
[20:51:16.746] Continue movement.

[20:51:16.746] Moving to: [-2.000 -0.400 0.000]
[20:51:19.129] Arrived at: [-2.000 -0.400 0.000]
[20:51:19.129] Wait 0.000s
[20:51:19.133] Continue movement.

[20:51:19.133] Moving to: [0.000 -0.600 0.000]
[20:51:21.502] Arrived at: [0.000 -0.600 0.000]
[20:51:21.502] Wait 0.000s
[20:51:21.502] Continue movement.

[20:51:21.502] Moving to: [-2.000 -0.800 0.000]
[20:51:23.908] Arrived at: [-2.000 -0.800 0.000]
[20:51:23.908] Wait 0.000s
[20:51:23.908] Continue movement.

[20:51:23.908] Moving to: [0.000 -1.000 0.000]
[20:51:26.316] Arrived at: [0.000 -1.000 0.000]
[20:51:26.316] Wait 0.000s
[20:51:26.316] Continue movement.

[20:51:26.316] Moving to: [-2.000 -1.200 0.000]
[20:51:28.669] Arrived at: [-2.000 -1.200 0.000]
[20:51:28.669] Wait 0.000s
[20:51:28.669] Continue movement.

[20:51:28.669] Moving to: [0.000 -1.400 0.000]
[20:51:31.052] Arrived at: [0.000 -1.400 0.000] WARNING!
[20:51:31.052] Wait 0.000s
[20:51:31.052] Continue movement.

[20:51:31.061] Moving to: [-2.000 -1.600 0.000]
[20:51:33.609] Arrived at: [-2.000 -1.600 0.000]
[20:51:33.609] Wait 0.000s
[20:51:33.609] Continue movement.

[20:51:33.609] Moving to: [0.000 -1.800 0.000]
[20:51:36.021] Arrived at: [0.000 -1.800 0.000]
[20:51:36.021] Wait 0.000s
[20:51:36.021] Continue movement.

[20:51:36.021] Moving to: [-2.000 -2.000 0.000]
[20:51:38.437] Arrived at: [-2.000 -2.000 0.000]
[20:51:38.437] Wait 0.000s
[20:51:38.437] Continue movement.

[20:51:38.437] Moving to: [0.000 -2.200 0.000]
[20:51:40.857] Arrived at: [0.000 -2.200 0.000]
[20:51:40.857] Wait 0.000s
[20:51:40.857] Continue movement.

[20:51:40.857] Moving to: [-2.000 -2.400 0.000]
[20:51:43.414] Arrived at: [-2.000 -2.400 0.000]
[20:51:43.414] Wait 0.000s
[20:51:43.414] Continue movement.

[20:51:43.418] Moving to: [0.000 -2.600 0.000]
[20:51:45.763] Arrived at: [0.000 -2.600 0.000]
[20:51:45.763] Wait 0.000s
[20:51:45.763] Continue movement.

[20:51:45.763] Moving to: [-2.000 -2.800 0.000]
[20:51:48.174] Arrived at: [-2.000 -2.800 0.000] WARNING!
[20:51:48.174] Wait 0.000s
[20:51:48.187] Continue movement.

[20:51:48.188] Moving to: [0.000 -3.000 0.000]
[20:51:50.593] Arrived at: [0.000 -3.000 0.000]
[20:51:50.593] Wait 0.000s
[20:51:50.593] Continue movement.

[20:51:50.593] Moving to: [-2.000 -3.200 0.000]
[20:51:52.997] Arrived at: [-2.000 -3.200 0.000]
[20:51:52.997] Wait 0.000s
[20:51:52.997] Continue movement.

[20:51:52.997] Moving to: [0.000 -3.400 0.000]
[20:51:55.402] Arrived at: [0.000 -3.400 0.000]
[20:51:55.402] Wait 0.000s
[20:51:55.402] Continue movement.

[20:51:55.402] Moving to: [-2.000 -3.600 0.000]
[20:51:57.769] Arrived at: [-2.000 -3.600 0.000]
[20:51:57.769] Wait 0.000s
[20:51:57.769] Continue movement.

[20:51:57.769] Moving to: [0.000 -3.800 0.000]
[20:52:00.198] Arrived at: [0.000 -3.800 0.000] WARNING!
[20:52:00.198] Wait 0.000s
[20:52:00.206] Continue movement.

[20:52:00.207] Moving to: [-2.000 -4.000 0.000]
[20:52:02.601] Arrived at: [-2.000 -4.000 0.000]
[20:52:02.601] Wait 0.000s
[20:52:02.601] Continue movement.

[20:52:02.601] Moving to: [0.000 -4.200 0.000]
[20:52:05.013] Arrived at: [0.000 -4.200 0.000]
[20:52:05.013] Wait 0.000s
[20:52:05.013] Continue movement.

[20:52:05.013] Moving to: [-2.000 -4.400 0.000]
[20:52:07.396] Arrived at: [-2.000 -4.400 0.000]
[20:52:07.396] Wait 0.000s
[20:52:07.396] Continue movement.

[20:52:07.396] Finished iteration 7

[20:52:07.396] Starting iteration 8
[20:52:07.396] Moving to: [0.000 0.000 0.000]
[20:52:12.720] Arrived at: [0.000 0.000 0.000]
[20:52:12.720] Wait 0.000s
[20:52:12.720] Continue movement.

[20:52:12.720] Moving to: [-2.000 0.000 0.000]
[20:52:14.638] Arrived at: [-2.000 0.000 0.000]
[20:52:14.638] Wait 0.000s
[20:52:14.638] Continue movement.

[20:52:14.638] Moving to: [0.000 -0.200 0.000]
[20:52:17.061] Arrived at: [0.000 -0.200 0.000]
[20:52:17.061] Wait 0.000s
[20:52:17.061] Continue movement.

[20:52:17.061] Moving to: [-2.000 -0.400 0.000]
[20:52:19.454] Arrived at: [-2.000 -0.400 0.000]
[20:52:19.454] Wait 0.000s
[20:52:19.454] Continue movement.

[20:52:19.454] Moving to: [0.000 -0.600 0.000]
[20:52:21.836] Arrived at: [0.000 -0.600 0.000]
[20:52:21.836] Wait 0.000s
[20:52:21.836] Continue movement.

[20:52:21.836] Moving to: [-2.000 -0.800 0.000]
[20:52:24.239] Arrived at: [-2.000 -0.800 0.000]
[20:52:24.245] Wait 0.000s
[20:52:24.245] Continue movement.

[20:52:24.247] Moving to: [0.000 -1.000 0.000]
[20:52:26.777] Arrived at: [0.000 -1.000 0.000]
[20:52:26.777] Wait 0.000s
[20:52:26.777] Continue movement.

[20:52:26.777] Moving to: [-2.000 -1.200 0.000]
[20:52:29.324] Arrived at: [-2.000 -1.200 0.000]
[20:52:29.324] Wait 0.000s
[20:52:29.324] Continue movement.

[20:52:29.324] Moving to: [0.000 -1.400 0.000]
[20:52:31.831] Arrived at: [0.000 -1.400 0.000] WARNING!
[20:52:31.831] Wait 0.000s
[20:52:31.836] Continue movement.

[20:52:31.836] Moving to: [-2.000 -1.600 0.000]
[20:52:34.279] Arrived at: [-2.000 -1.600 0.000]
[20:52:34.279] Wait 0.000s
[20:52:34.279] Continue movement.

[20:52:34.279] Moving to: [0.000 -1.800 0.000]
[20:52:36.733] Arrived at: [0.000 -1.800 0.000]
[20:52:36.733] Wait 0.000s
[20:52:36.733] Continue movement.

[20:52:36.733] Moving to: [-2.000 -2.000 0.000]
[20:52:39.241] Arrived at: [-2.000 -2.000 0.000]
[20:52:39.241] Wait 0.000s
[20:52:39.241] Continue movement.

[20:52:39.241] Moving to: [0.000 -2.200 0.000]
[20:52:41.570] Arrived at: [0.000 -2.200 0.000]
[20:52:41.570] Wait 0.000s
[20:52:41.570] Continue movement.

[20:52:41.570] Moving to: [-2.000 -2.400 0.000]
[20:52:44.066] Arrived at: [-2.000 -2.400 0.000]
[20:52:44.066] Wait 0.000s
[20:52:44.066] Continue movement.

[20:52:44.066] Moving to: [0.000 -2.600 0.000]
[20:52:46.529] Arrived at: [0.000 -2.600 0.000]
[20:52:46.529] Wait 0.000s
[20:52:46.529] Continue movement.

[20:52:46.529] Moving to: [-2.000 -2.800 0.000]
[20:52:48.844] Arrived at: [-2.000 -2.800 0.000] WARNING!
[20:52:48.844] Wait 0.000s
[20:52:48.844] Continue movement.

[20:52:48.851] Moving to: [0.000 -3.000 0.000]
[20:52:51.309] Arrived at: [0.000 -3.000 0.000]
[20:52:51.309] Wait 0.000s
[20:52:51.309] Continue movement.

[20:52:51.309] Moving to: [-2.000 -3.200 0.000]
[20:52:53.791] Arrived at: [-2.000 -3.200 0.000]
[20:52:53.793] Wait 0.000s
[20:52:53.793] Continue movement.

[20:52:53.794] Moving to: [0.000 -3.400 0.000]
[20:52:56.245] Arrived at: [0.000 -3.400 0.000]
[20:52:56.245] Wait 0.000s
[20:52:56.245] Continue movement.

[20:52:56.245] Moving to: [-2.000 -3.600 0.000]
[20:52:58.729] Arrived at: [-2.000 -3.600 0.000]
[20:52:58.730] Wait 0.000s
[20:52:58.731] Continue movement.

[20:52:58.731] Moving to: [0.000 -3.800 0.000]
[20:53:01.190] Arrived at: [0.000 -3.800 0.000] WARNING!
[20:53:01.190] Wait 0.000s
[20:53:01.194] Continue movement.

[20:53:01.194] Moving to: [-2.000 -4.000 0.000]
[20:53:03.687] Arrived at: [-2.000 -4.000 0.000]
[20:53:03.687] Wait 0.000s
[20:53:03.687] Continue movement.

[20:53:03.687] Moving to: [0.000 -4.200 0.000]
[20:53:06.134] Arrived at: [0.000 -4.200 0.000]
[20:53:06.134] Wait 0.000s
[20:53:06.134] Continue movement.

[20:53:06.134] Moving to: [-2.000 -4.400 0.000]
[20:53:08.597] Arrived at: [-2.000 -4.400 0.000]
[20:53:08.597] Wait 0.000s
[20:53:08.598] Continue movement.

[20:53:08.599] Finished iteration 8

[20:53:08.599] Starting iteration 9
[20:53:08.599] Moving to: [0.000 0.000 0.000]
[20:53:13.921] Arrived at: [0.000 0.000 0.000]
[20:53:13.921] Wait 0.000s
[20:53:13.921] Continue movement.

[20:53:13.921] Moving to: [-2.000 0.000 0.000]
[20:53:15.853] Arrived at: [-2.000 0.000 0.000]
[20:53:15.853] Wait 0.000s
[20:53:15.853] Continue movement.

[20:53:15.853] Moving to: [0.000 -0.200 0.000]
[20:53:18.316] Arrived at: [0.000 -0.200 0.000]
[20:53:18.316] Wait 0.000s
[20:53:18.316] Continue movement.

[20:53:18.316] Moving to: [-2.000 -0.400 0.000]
[20:53:20.811] Arrived at: [-2.000 -0.400 0.000]
[20:53:20.811] Wait 0.000s
[20:53:20.811] Continue movement.

[20:53:20.811] Moving to: [0.000 -0.600 0.000]
[20:53:23.287] Arrived at: [0.000 -0.600 0.000]
[20:53:23.287] Wait 0.000s
[20:53:23.287] Continue movement.

[20:53:23.287] Moving to: [-2.000 -0.800 0.000]
[20:53:25.627] Arrived at: [-2.000 -0.800 0.000]
[20:53:25.627] Wait 0.000s
[20:53:25.628] Continue movement.

[20:53:25.628] Moving to: [0.000 -1.000 0.000]
[20:53:28.060] Arrived at: [0.000 -1.000 0.000]
[20:53:28.060] Wait 0.000s
[20:53:28.061] Continue movement.

[20:53:28.061] Moving to: [-2.000 -1.200 0.000]
[20:53:30.519] Arrived at: [-2.000 -1.200 0.000]
[20:53:30.519] Wait 0.000s
[20:53:30.519] Continue movement.

[20:53:30.519] Moving to: [0.000 -1.400 0.000]
[20:53:32.944] Arrived at: [0.000 -1.400 0.000] WARNING!
[20:53:32.944] Wait 0.000s
[20:53:32.950] Continue movement.

[20:53:32.951] Moving to: [-2.000 -1.600 0.000]
[20:53:35.424] Arrived at: [-2.000 -1.600 0.000]
[20:53:35.424] Wait 0.000s
[20:53:35.424] Continue movement.

[20:53:35.424] Moving to: [0.000 -1.800 0.000]
[20:53:37.985] Arrived at: [0.000 -1.800 0.000]
[20:53:37.985] Wait 0.000s
[20:53:37.985] Continue movement.

[20:53:37.985] Moving to: [-2.000 -2.000 0.000]
[20:53:40.495] Arrived at: [-2.000 -2.000 0.000]
[20:53:40.495] Wait 0.000s
[20:53:40.495] Continue movement.

[20:53:40.495] Moving to: [0.000 -2.200 0.000]
[20:53:42.928] Arrived at: [0.000 -2.200 0.000]
[20:53:42.928] Wait 0.000s
[20:53:42.933] Continue movement.

[20:53:42.934] Moving to: [-2.000 -2.400 0.000]
[20:53:45.265] Arrived at: [-2.000 -2.400 0.000]
[20:53:45.265] Wait 0.000s
[20:53:45.265] Continue movement.

[20:53:45.265] Moving to: [0.000 -2.600 0.000]
[20:53:47.689] Arrived at: [0.000 -2.600 0.000]
[20:53:47.689] Wait 0.000s
[20:53:47.689] Continue movement.

[20:53:47.689] Moving to: [-2.000 -2.800 0.000]
[20:53:50.058] Arrived at: [-2.000 -2.800 0.000] WARNING!
[20:53:50.058] Wait 0.000s
[20:53:50.070] Continue movement.

[20:53:50.071] Moving to: [0.000 -3.000 0.000]
[20:53:52.441] Arrived at: [0.000 -3.000 0.000]
[20:53:52.441] Wait 0.000s
[20:53:52.441] Continue movement.

[20:53:52.441] Moving to: [-2.000 -3.200 0.000]
[20:53:54.873] Arrived at: [-2.000 -3.200 0.000]
[20:53:54.873] Wait 0.000s
[20:53:54.873] Continue movement.

[20:53:54.873] Moving to: [0.000 -3.400 0.000]
[20:53:57.253] Arrived at: [0.000 -3.400 0.000]
[20:53:57.253] Wait 0.000s
[20:53:57.253] Continue movement.

[20:53:57.253] Moving to: [-2.000 -3.600 0.000]
[20:53:59.699] Arrived at: [-2.000 -3.600 0.000]
[20:53:59.699] Wait 0.000s
[20:53:59.699] Continue movement.

[20:53:59.699] Moving to: [0.000 -3.800 0.000]
[20:54:02.102] Arrived at: [0.000 -3.800 0.000] WARNING!
[20:54:02.103] Wait 0.000s
[20:54:02.103] Continue movement.

[20:54:02.104] Moving to: [-2.000 -4.000 0.000]
[20:54:04.515] Arrived at: [-2.000 -4.000 0.000]
[20:54:04.515] Wait 0.000s
[20:54:04.515] Continue movement.

[20:54:04.515] Moving to: [0.000 -4.200 0.000]
[20:54:06.921] Arrived at: [0.000 -4.200 0.000]
[20:54:06.921] Wait 0.000s
[20:54:06.921] Continue movement.

[20:54:06.921] Moving to: [-2.000 -4.400 0.000]
[20:54:09.293] Arrived at: [-2.000 -4.400 0.000]
[20:54:09.293] Wait 0.000s
[20:54:09.293] Continue movement.

[20:54:09.293] Finished iteration 9

[20:54:09.293] Starting iteration 10
[20:54:09.293] Moving to: [0.000 0.000 0.000]
[20:54:14.428] Arrived at: [0.000 0.000 0.000]
[20:54:14.428] Wait 0.000s
[20:54:14.428] Continue movement.

[20:54:14.437] Moving to: [-2.000 0.000 0.000]
[20:54:16.341] Arrived at: [-2.000 0.000 0.000]
[20:54:16.342] Wait 0.000s
[20:54:16.344] Continue movement.

[20:54:16.344] Moving to: [0.000 -0.200 0.000]
[20:54:18.856] Arrived at: [0.000 -0.200 0.000]
[20:54:18.856] Wait 0.000s
[20:54:18.856] Continue movement.

[20:54:18.856] Moving to: [-2.000 -0.400 0.000]
[20:54:21.303] Arrived at: [-2.000 -0.400 0.000]
[20:54:21.303] Wait 0.000s
[20:54:21.303] Continue movement.

[20:54:21.303] Moving to: [0.000 -0.600 0.000]
[20:54:23.638] Arrived at: [0.000 -0.600 0.000]
[20:54:23.638] Wait 0.000s
[20:54:23.638] Continue movement.

[20:54:23.638] Moving to: [-2.000 -0.800 0.000]
[20:54:26.066] Arrived at: [-2.000 -0.800 0.000]
[20:54:26.066] Wait 0.000s
[20:54:26.066] Continue movement.

[20:54:26.066] Moving to: [0.000 -1.000 0.000]
[20:54:28.450] Arrived at: [0.000 -1.000 0.000]
[20:54:28.450] Wait 0.000s
[20:54:28.450] Continue movement.

[20:54:28.450] Moving to: [-2.000 -1.200 0.000]
[20:54:30.867] Arrived at: [-2.000 -1.200 0.000]
[20:54:30.867] Wait 0.000s
[20:54:30.867] Continue movement.

[20:54:30.867] Moving to: [0.000 -1.400 0.000]
[20:54:33.248] Arrived at: [0.000 -1.400 0.000] WARNING!
[20:54:33.248] Wait 0.000s
[20:54:33.248] Continue movement.

[20:54:33.248] Moving to: [-2.000 -1.600 0.000]
[20:54:35.694] Arrived at: [-2.000 -1.600 0.000]
[20:54:35.694] Wait 0.000s
[20:54:35.694] Continue movement.

[20:54:35.694] Moving to: [0.000 -1.800 0.000]
[20:54:38.146] Arrived at: [0.000 -1.800 0.000]
[20:54:38.146] Wait 0.000s
[20:54:38.146] Continue movement.

[20:54:38.146] Moving to: [-2.000 -2.000 0.000]
[20:54:40.563] Arrived at: [-2.000 -2.000 0.000]
[20:54:40.563] Wait 0.000s
[20:54:40.563] Continue movement.

[20:54:40.563] Moving to: [0.000 -2.200 0.000]
[20:54:43.032] Arrived at: [0.000 -2.200 0.000]
[20:54:43.032] Wait 0.000s
[20:54:43.032] Continue movement.

[20:54:43.032] Moving to: [-2.000 -2.400 0.000]
[20:54:45.465] Arrived at: [-2.000 -2.400 0.000]
[20:54:45.465] Wait 0.000s
[20:54:45.465] Continue movement.

[20:54:45.465] Moving to: [0.000 -2.600 0.000]
[20:54:47.996] Arrived at: [0.000 -2.600 0.000]
[20:54:47.996] Wait 0.000s
[20:54:47.996] Continue movement.

[20:54:47.996] Moving to: [-2.000 -2.800 0.000]
[20:54:50.378] Arrived at: [-2.000 -2.800 0.000] WARNING!
[20:54:50.378] Wait 0.000s
[20:54:50.388] Continue movement.

[20:54:50.389] Moving to: [0.000 -3.000 0.000]
[20:54:52.799] Arrived at: [0.000 -3.000 0.000]
[20:54:52.799] Wait 0.000s
[20:54:52.799] Continue movement.

[20:54:52.799] Moving to: [-2.000 -3.200 0.000]
[20:54:55.244] Arrived at: [-2.000 -3.200 0.000]
[20:54:55.244] Wait 0.000s
[20:54:55.244] Continue movement.

[20:54:55.244] Moving to: [0.000 -3.400 0.000]
[20:54:57.729] Arrived at: [0.000 -3.400 0.000]
[20:54:57.729] Wait 0.000s
[20:54:57.733] Continue movement.

[20:54:57.733] Moving to: [-2.000 -3.600 0.000]
[20:55:00.188] Arrived at: [-2.000 -3.600 0.000]
[20:55:00.188] Wait 0.000s
[20:55:00.189] Continue movement.

[20:55:00.189] Moving to: [0.000 -3.800 0.000]
[20:55:02.662] Arrived at: [0.000 -3.800 0.000] WARNING!
[20:55:02.672] Wait 0.000s
[20:55:02.674] Continue movement.

[20:55:02.674] Moving to: [-2.000 -4.000 0.000]
[20:55:05.075] Arrived at: [-2.000 -4.000 0.000]
[20:55:05.075] Wait 0.000s
[20:55:05.075] Continue movement.

[20:55:05.075] Moving to: [0.000 -4.200 0.000]
[20:55:07.544] Arrived at: [0.000 -4.200 0.000]
[20:55:07.545] Wait 0.000s
[20:55:07.547] Continue movement.

[20:55:07.548] Moving to: [-2.000 -4.400 0.000]
[20:55:09.957] Arrived at: [-2.000 -4.400 0.000]
[20:55:09.957] Wait 0.000s
[20:55:09.961] Continue movement.

[20:55:09.962] Finished iteration 10

[20:55:09.962] Starting iteration 11
[20:55:09.962] Moving to: [0.000 0.000 0.000]
[20:55:15.296] Arrived at: [0.000 0.000 0.000]
[20:55:15.296] Wait 0.000s
[20:55:15.296] Continue movement.

[20:55:15.296] Moving to: [-2.000 0.000 0.000]
[20:55:17.280] Arrived at: [-2.000 0.000 0.000]
[20:55:17.280] Wait 0.000s
[20:55:17.284] Continue movement.

[20:55:17.285] Moving to: [0.000 -0.200 0.000]
[20:55:19.781] Arrived at: [0.000 -0.200 0.000]
[20:55:19.781] Wait 0.000s
[20:55:19.781] Continue movement.

[20:55:19.781] Moving to: [-2.000 -0.400 0.000]
[20:55:22.251] Arrived at: [-2.000 -0.400 0.000]
[20:55:22.251] Wait 0.000s
[20:55:22.251] Continue movement.

[20:55:22.251] Moving to: [0.000 -0.600 0.000]
[20:55:24.707] Arrived at: [0.000 -0.600 0.000]
[20:55:24.707] Wait 0.000s
[20:55:24.707] Continue movement.

[20:55:24.707] Moving to: [-2.000 -0.800 0.000]
[20:55:27.199] Arrived at: [-2.000 -0.800 0.000]
[20:55:27.199] Wait 0.000s
[20:55:27.199] Continue movement.

[20:55:27.199] Moving to: [0.000 -1.000 0.000]
[20:55:29.741] Arrived at: [0.000 -1.000 0.000]
[20:55:29.741] Wait 0.000s
[20:55:29.741] Continue movement.

[20:55:29.741] Moving to: [-2.000 -1.200 0.000]
[20:55:32.204] Arrived at: [-2.000 -1.200 0.000]
[20:55:32.204] Wait 0.000s
[20:55:32.204] Continue movement.

[20:55:32.204] Moving to: [0.000 -1.400 0.000]
[20:55:34.666] Arrived at: [0.000 -1.400 0.000] WARNING!
[20:55:34.666] Wait 0.000s
[20:55:34.668] Continue movement.

[20:55:34.669] Moving to: [-2.000 -1.600 0.000]
[20:55:37.085] Arrived at: [-2.000 -1.600 0.000]
[20:55:37.085] Wait 0.000s
[20:55:37.085] Continue movement.

[20:55:37.085] Moving to: [0.000 -1.800 0.000]
[20:55:39.505] Arrived at: [0.000 -1.800 0.000]
[20:55:39.505] Wait 0.000s
[20:55:39.505] Continue movement.

[20:55:39.505] Moving to: [-2.000 -2.000 0.000]
[20:55:41.976] Arrived at: [-2.000 -2.000 0.000]
[20:55:41.976] Wait 0.000s
[20:55:41.976] Continue movement.

[20:55:41.976] Moving to: [0.000 -2.200 0.000]
[20:55:44.389] Arrived at: [0.000 -2.200 0.000]
[20:55:44.389] Wait 0.000s
[20:55:44.389] Continue movement.

[20:55:44.389] Moving to: [-2.000 -2.400 0.000]
[20:55:46.845] Arrived at: [-2.000 -2.400 0.000]
[20:55:46.845] Wait 0.000s
[20:55:46.845] Continue movement.

[20:55:46.845] Moving to: [0.000 -2.600 0.000]
[20:55:49.447] Arrived at: [0.000 -2.600 0.000]
[20:55:49.447] Wait 0.000s
[20:55:49.447] Continue movement.

[20:55:49.447] Moving to: [-2.000 -2.800 0.000]
[20:55:51.846] Arrived at: [-2.000 -2.800 0.000] WARNING!
[20:55:51.846] Wait 0.000s
[20:55:51.846] Continue movement.

[20:55:51.846] Moving to: [0.000 -3.000 0.000]
[20:55:54.345] Arrived at: [0.000 -3.000 0.000]
[20:55:54.346] Wait 0.000s
[20:55:54.347] Continue movement.

[20:55:54.347] Moving to: [-2.000 -3.200 0.000]
[20:55:56.726] Arrived at: [-2.000 -3.200 0.000]
[20:55:56.730] Wait 0.000s
[20:55:56.730] Continue movement.

[20:55:56.730] Moving to: [0.000 -3.400 0.000]
[20:55:59.200] Arrived at: [0.000 -3.400 0.000]
[20:55:59.200] Wait 0.000s
[20:55:59.200] Continue movement.

[20:55:59.200] Moving to: [-2.000 -3.600 0.000]
[20:56:01.620] Arrived at: [-2.000 -3.600 0.000]
[20:56:01.620] Wait 0.000s
[20:56:01.620] Continue movement.

[20:56:01.620] Moving to: [0.000 -3.800 0.000]
[20:56:04.000] Arrived at: [0.000 -3.800 0.000] WARNING!
[20:56:04.009] Wait 0.000s
[20:56:04.011] Continue movement.

[20:56:04.012] Moving to: [-2.000 -4.000 0.000]
[20:56:06.433] Arrived at: [-2.000 -4.000 0.000]
[20:56:06.433] Wait 0.000s
[20:56:06.433] Continue movement.

[20:56:06.433] Moving to: [0.000 -4.200 0.000]
[20:56:08.871] Arrived at: [0.000 -4.200 0.000]
[20:56:08.871] Wait 0.000s
[20:56:08.871] Continue movement.

[20:56:08.871] Moving to: [-2.000 -4.400 0.000]
[20:56:11.309] Arrived at: [-2.000 -4.400 0.000]
[20:56:11.309] Wait 0.000s
[20:56:11.309] Continue movement.

[20:56:11.309] Finished iteration 11

[20:56:11.309] Starting iteration 12
[20:56:11.309] Moving to: [0.000 0.000 0.000]
[20:56:16.544] Arrived at: [0.000 0.000 0.000]
[20:56:16.545] Wait 0.000s
[20:56:16.546] Continue movement.

[20:56:16.546] Moving to: [-2.000 0.000 0.000]
[20:56:18.508] Arrived at: [-2.000 0.000 0.000]
[20:56:18.508] Wait 0.000s
[20:56:18.508] Continue movement.

[20:56:18.508] Moving to: [0.000 -0.200 0.000]
[20:56:20.971] Arrived at: [0.000 -0.200 0.000]
[20:56:20.971] Wait 0.000s
[20:56:20.971] Continue movement.

[20:56:20.971] Moving to: [-2.000 -0.400 0.000]
[20:56:23.442] Arrived at: [-2.000 -0.400 0.000]
[20:56:23.442] Wait 0.000s
[20:56:23.442] Continue movement.

[20:56:23.442] Moving to: [0.000 -0.600 0.000]
[20:56:25.895] Arrived at: [0.000 -0.600 0.000]
[20:56:25.895] Wait 0.000s
[20:56:25.895] Continue movement.

[20:56:25.895] Moving to: [-2.000 -0.800 0.000]
[20:56:28.372] Arrived at: [-2.000 -0.800 0.000]
[20:56:28.372] Wait 0.000s
[20:56:28.372] Continue movement.

[20:56:28.381] Moving to: [0.000 -1.000 0.000]
[20:56:30.830] Arrived at: [0.000 -1.000 0.000]
[20:56:30.830] Wait 0.000s
[20:56:30.830] Continue movement.

[20:56:30.830] Moving to: [-2.000 -1.200 0.000]
[20:56:33.248] Arrived at: [-2.000 -1.200 0.000]
[20:56:33.248] Wait 0.000s
[20:56:33.248] Continue movement.

[20:56:33.248] Moving to: [0.000 -1.400 0.000]
[20:56:35.720] Arrived at: [0.000 -1.400 0.000] WARNING!
[20:56:35.720] Wait 0.000s
[20:56:35.729] Continue movement.

[20:56:35.730] Moving to: [-2.000 -1.600 0.000]
[20:56:38.112] Arrived at: [-2.000 -1.600 0.000]
[20:56:38.112] Wait 0.000s
[20:56:38.112] Continue movement.

[20:56:38.112] Moving to: [0.000 -1.800 0.000]
[20:56:40.521] Arrived at: [0.000 -1.800 0.000]
[20:56:40.521] Wait 0.000s
[20:56:40.521] Continue movement.

[20:56:40.521] Moving to: [-2.000 -2.000 0.000]
[20:56:43.019] Arrived at: [-2.000 -2.000 0.000]
[20:56:43.019] Wait 0.000s
[20:56:43.019] Continue movement.

[20:56:43.019] Moving to: [0.000 -2.200 0.000]
[20:56:45.496] Arrived at: [0.000 -2.200 0.000]
[20:56:45.496] Wait 0.000s
[20:56:45.505] Continue movement.

[20:56:45.505] Moving to: [-2.000 -2.400 0.000]
[20:56:48.037] Arrived at: [-2.000 -2.400 0.000]
[20:56:48.037] Wait 0.000s
[20:56:48.037] Continue movement.

[20:56:48.037] Moving to: [0.000 -2.600 0.000]
[20:56:50.516] Arrived at: [0.000 -2.600 0.000]
[20:56:50.516] Wait 0.000s
[20:56:50.516] Continue movement.

[20:56:50.516] Moving to: [-2.000 -2.800 0.000]
[20:56:52.923] Arrived at: [-2.000 -2.800 0.000] WARNING!
[20:56:52.923] Wait 0.000s
[20:56:52.925] Continue movement.

[20:56:52.927] Moving to: [0.000 -3.000 0.000]
[20:56:55.317] Arrived at: [0.000 -3.000 0.000]
[20:56:55.317] Wait 0.000s
[20:56:55.317] Continue movement.

[20:56:55.317] Moving to: [-2.000 -3.200 0.000]
[20:56:57.798] Arrived at: [-2.000 -3.200 0.000]
[20:56:57.798] Wait 0.000s
[20:56:57.804] Continue movement.

[20:56:57.804] Moving to: [0.000 -3.400 0.000]
[20:57:00.185] Arrived at: [0.000 -3.400 0.000]
[20:57:00.186] Wait 0.000s
[20:57:00.187] Continue movement.

[20:57:00.187] Moving to: [-2.000 -3.600 0.000]
[20:57:02.686] Arrived at: [-2.000 -3.600 0.000]
[20:57:02.686] Wait 0.000s
[20:57:02.686] Continue movement.

[20:57:02.686] Moving to: [0.000 -3.800 0.000]
[20:57:05.144] Arrived at: [0.000 -3.800 0.000] WARNING!
[20:57:05.144] Wait 0.000s
[20:57:05.144] Continue movement.

[20:57:05.156] Moving to: [-2.000 -4.000 0.000]
[20:57:07.613] Arrived at: [-2.000 -4.000 0.000]
[20:57:07.613] Wait 0.000s
[20:57:07.613] Continue movement.

[20:57:07.613] Moving to: [0.000 -4.200 0.000]
[20:57:10.044] Arrived at: [0.000 -4.200 0.000]
[20:57:10.044] Wait 0.000s
[20:57:10.044] Continue movement.

[20:57:10.044] Moving to: [-2.000 -4.400 0.000]
[20:57:12.491] Arrived at: [-2.000 -4.400 0.000]
[20:57:12.491] Wait 0.000s
[20:57:12.491] Continue movement.

[20:57:12.491] Finished iteration 12

[20:57:12.491] Starting iteration 13
[20:57:12.491] Moving to: [0.000 0.000 0.000]
[20:57:17.857] Arrived at: [0.000 0.000 0.000]
[20:57:17.857] Wait 0.000s
[20:57:17.857] Continue movement.

[20:57:17.857] Moving to: [-2.000 0.000 0.000]
[20:57:19.866] Arrived at: [-2.000 0.000 0.000]
[20:57:19.866] Wait 0.000s
[20:57:19.866] Continue movement.

[20:57:19.866] Moving to: [0.000 -0.200 0.000]
[20:57:22.310] Arrived at: [0.000 -0.200 0.000]
[20:57:22.310] Wait 0.000s
[20:57:22.310] Continue movement.

[20:57:22.310] Moving to: [-2.000 -0.400 0.000]
[20:57:24.795] Arrived at: [-2.000 -0.400 0.000]
[20:57:24.795] Wait 0.000s
[20:57:24.797] Continue movement.

[20:57:24.797] Moving to: [0.000 -0.600 0.000]
[20:57:27.244] Arrived at: [0.000 -0.600 0.000]
[20:57:27.244] Wait 0.000s
[20:57:27.244] Continue movement.

[20:57:27.244] Moving to: [-2.000 -0.800 0.000]
[20:57:29.647] Arrived at: [-2.000 -0.800 0.000]
[20:57:29.647] Wait 0.000s
[20:57:29.647] Continue movement.

[20:57:29.647] Moving to: [0.000 -1.000 0.000]
[20:57:32.095] Arrived at: [0.000 -1.000 0.000]
[20:57:32.095] Wait 0.000s
[20:57:32.095] Continue movement.

[20:57:32.095] Moving to: [-2.000 -1.200 0.000]
[20:57:34.566] Arrived at: [-2.000 -1.200 0.000]
[20:57:34.566] Wait 0.000s
[20:57:34.566] Continue movement.

[20:57:34.566] Moving to: [0.000 -1.400 0.000]
[20:57:37.062] Arrived at: [0.000 -1.400 0.000] WARNING!
[20:57:37.062] Wait 0.000s
[20:57:37.062] Continue movement.

[20:57:37.075] Moving to: [-2.000 -1.600 0.000]
[20:57:39.467] Arrived at: [-2.000 -1.600 0.000]
[20:57:39.467] Wait 0.000s
[20:57:39.467] Continue movement.

[20:57:39.467] Moving to: [0.000 -1.800 0.000]
[20:57:41.946] Arrived at: [0.000 -1.800 0.000]
[20:57:41.946] Wait 0.000s
[20:57:41.949] Continue movement.

[20:57:41.950] Moving to: [-2.000 -2.000 0.000]
[20:57:44.456] Arrived at: [-2.000 -2.000 0.000]
[20:57:44.456] Wait 0.000s
[20:57:44.456] Continue movement.

[20:57:44.456] Moving to: [0.000 -2.200 0.000]
[20:57:46.940] Arrived at: [0.000 -2.200 0.000]
[20:57:46.942] Wait 0.000s
[20:57:46.943] Continue movement.

[20:57:46.943] Moving to: [-2.000 -2.400 0.000]
[20:57:49.398] Arrived at: [-2.000 -2.400 0.000]
[20:57:49.398] Wait 0.000s
[20:57:49.398] Continue movement.

[20:57:49.398] Moving to: [0.000 -2.600 0.000]
[20:57:51.805] Arrived at: [0.000 -2.600 0.000]
[20:57:51.805] Wait 0.000s
[20:57:51.805] Continue movement.

[20:57:51.805] Moving to: [-2.000 -2.800 0.000]
[20:57:54.319] Arrived at: [-2.000 -2.800 0.000] WARNING!
[20:57:54.319] Wait 0.000s
[20:57:54.324] Continue movement.

[20:57:54.327] Moving to: [0.000 -3.000 0.000]
[20:57:56.743] Arrived at: [0.000 -3.000 0.000]
[20:57:56.743] Wait 0.000s
[20:57:56.743] Continue movement.

[20:57:56.743] Moving to: [-2.000 -3.200 0.000]
[20:57:59.173] Arrived at: [-2.000 -3.200 0.000]
[20:57:59.173] Wait 0.000s
[20:57:59.178] Continue movement.

[20:57:59.178] Moving to: [0.000 -3.400 0.000]
[20:58:01.635] Arrived at: [0.000 -3.400 0.000]
[20:58:01.635] Wait 0.000s
[20:58:01.635] Continue movement.

[20:58:01.635] Moving to: [-2.000 -3.600 0.000]
[20:58:04.145] Arrived at: [-2.000 -3.600 0.000]
[20:58:04.145] Wait 0.000s
[20:58:04.145] Continue movement.

[20:58:04.145] Moving to: [0.000 -3.800 0.000]
[20:58:06.606] Arrived at: [0.000 -3.800 0.000] WARNING!
[20:58:06.606] Wait 0.000s
[20:58:06.606] Continue movement.

[20:58:06.606] Moving to: [-2.000 -4.000 0.000]
[20:58:09.030] Arrived at: [-2.000 -4.000 0.000]
[20:58:09.030] Wait 0.000s
[20:58:09.030] Continue movement.

[20:58:09.030] Moving to: [0.000 -4.200 0.000]
[20:58:11.510] Arrived at: [0.000 -4.200 0.000]
[20:58:11.510] Wait 0.000s
[20:58:11.510] Continue movement.

[20:58:11.510] Moving to: [-2.000 -4.400 0.000]
[20:58:13.889] Arrived at: [-2.000 -4.400 0.000]
[20:58:13.889] Wait 0.000s
[20:58:13.889] Continue movement.

[20:58:13.889] Finished iteration 13

[20:58:13.889] Starting iteration 14
[20:58:13.889] Moving to: [0.000 0.000 0.000]
[20:58:19.271] Arrived at: [0.000 0.000 0.000]
[20:58:19.271] Wait 0.000s
[20:58:19.271] Continue movement.

[20:58:19.271] Moving to: [-2.000 0.000 0.000]
[20:58:21.269] Arrived at: [-2.000 0.000 0.000]
[20:58:21.269] Wait 0.000s
[20:58:21.273] Continue movement.

[20:58:21.273] Moving to: [0.000 -0.200 0.000]
[20:58:23.678] Arrived at: [0.000 -0.200 0.000]
[20:58:23.678] Wait 0.000s
[20:58:23.678] Continue movement.

[20:58:23.678] Moving to: [-2.000 -0.400 0.000]
[20:58:26.121] Arrived at: [-2.000 -0.400 0.000]
[20:58:26.121] Wait 0.000s
[20:58:26.121] Continue movement.

[20:58:26.121] Moving to: [0.000 -0.600 0.000]
[20:58:28.590] Arrived at: [0.000 -0.600 0.000]
[20:58:28.590] Wait 0.000s
[20:58:28.590] Continue movement.

[20:58:28.590] Moving to: [-2.000 -0.800 0.000]
[20:58:31.066] Arrived at: [-2.000 -0.800 0.000]
[20:58:31.066] Wait 0.000s
[20:58:31.066] Continue movement.

[20:58:31.066] Moving to: [0.000 -1.000 0.000]
[20:58:33.463] Arrived at: [0.000 -1.000 0.000]
[20:58:33.463] Wait 0.000s
[20:58:33.463] Continue movement.

[20:58:33.463] Moving to: [-2.000 -1.200 0.000]
[20:58:35.939] Arrived at: [-2.000 -1.200 0.000]
[20:58:35.939] Wait 0.000s
[20:58:35.939] Continue movement.

[20:58:35.939] Moving to: [0.000 -1.400 0.000]
[20:58:38.345] Arrived at: [0.000 -1.400 0.000] WARNING!
[20:58:38.345] Wait 0.000s
[20:58:38.353] Continue movement.

[20:58:38.354] Moving to: [-2.000 -1.600 0.000]
[20:58:40.768] Arrived at: [-2.000 -1.600 0.000]
[20:58:40.768] Wait 0.000s
[20:58:40.768] Continue movement.

[20:58:40.768] Moving to: [0.000 -1.800 0.000]
[20:58:43.219] Arrived at: [0.000 -1.800 0.000]
[20:58:43.219] Wait 0.000s
[20:58:43.219] Continue movement.

[20:58:43.219] Moving to: [-2.000 -2.000 0.000]
[20:58:45.699] Arrived at: [-2.000 -2.000 0.000]
[20:58:45.699] Wait 0.000s
[20:58:45.699] Continue movement.

[20:58:45.699] Moving to: [0.000 -2.200 0.000]
[20:58:48.135] Arrived at: [0.000 -2.200 0.000]
[20:58:48.135] Wait 0.000s
[20:58:48.139] Continue movement.

[20:58:48.139] Moving to: [-2.000 -2.400 0.000]
[20:58:50.599] Arrived at: [-2.000 -2.400 0.000]
[20:58:50.599] Wait 0.000s
[20:58:50.599] Continue movement.

[20:58:50.599] Moving to: [0.000 -2.600 0.000]
[20:58:53.069] Arrived at: [0.000 -2.600 0.000]
[20:58:53.069] Wait 0.000s
[20:58:53.069] Continue movement.

[20:58:53.069] Moving to: [-2.000 -2.800 0.000]
[20:58:55.460] Arrived at: [-2.000 -2.800 0.000] WARNING!
[20:58:55.460] Wait 0.000s
[20:58:55.470] Continue movement.

[20:58:55.471] Moving to: [0.000 -3.000 0.000]
[20:58:57.871] Arrived at: [0.000 -3.000 0.000]
[20:58:57.871] Wait 0.000s
[20:58:57.871] Continue movement.

[20:58:57.871] Moving to: [-2.000 -3.200 0.000]
[20:59:00.249] Arrived at: [-2.000 -3.200 0.000]
[20:59:00.249] Wait 0.000s
[20:59:00.249] Continue movement.

[20:59:00.249] Moving to: [0.000 -3.400 0.000]
[20:59:02.687] Arrived at: [0.000 -3.400 0.000]
[20:59:02.687] Wait 0.000s
[20:59:02.687] Continue movement.

[20:59:02.687] Moving to: [-2.000 -3.600 0.000]
[20:59:05.138] Arrived at: [-2.000 -3.600 0.000]
[20:59:05.142] Wait 0.000s
[20:59:05.143] Continue movement.

[20:59:05.143] Moving to: [0.000 -3.800 0.000]
[20:59:07.540] Arrived at: [0.000 -3.800 0.000] WARNING!
[20:59:07.544] Wait 0.000s
[20:59:07.546] Continue movement.

[20:59:07.547] Moving to: [-2.000 -4.000 0.000]
[20:59:09.928] Arrived at: [-2.000 -4.000 0.000]
[20:59:09.928] Wait 0.000s
[20:59:09.930] Continue movement.

[20:59:09.931] Moving to: [0.000 -4.200 0.000]
[20:59:12.360] Arrived at: [0.000 -4.200 0.000]
[20:59:12.360] Wait 0.000s
[20:59:12.360] Continue movement.

[20:59:12.360] Moving to: [-2.000 -4.400 0.000]
[20:59:14.863] Arrived at: [-2.000 -4.400 0.000]
[20:59:14.863] Wait 0.000s
[20:59:14.863] Continue movement.

[20:59:14.863] Finished iteration 14

[20:59:14.863] Starting iteration 15
[20:59:14.863] Moving to: [0.000 0.000 0.000]
[20:59:20.236] Arrived at: [0.000 0.000 0.000]
[20:59:20.236] Wait 0.000s
[20:59:20.236] Continue movement.

[20:59:20.236] Moving to: [-2.000 0.000 0.000]
[20:59:22.178] Arrived at: [-2.000 0.000 0.000]
[20:59:22.178] Wait 0.000s
[20:59:22.178] Continue movement.

[20:59:22.178] Moving to: [0.000 -0.200 0.000]
[20:59:24.569] Arrived at: [0.000 -0.200 0.000]
[20:59:24.570] Wait 0.000s
[20:59:24.570] Continue movement.

[20:59:24.570] Moving to: [-2.000 -0.400 0.000]
[20:59:26.979] Arrived at: [-2.000 -0.400 0.000]
[20:59:26.979] Wait 0.000s
[20:59:26.979] Continue movement.

[20:59:26.979] Moving to: [0.000 -0.600 0.000]
[20:59:29.562] Arrived at: [0.000 -0.600 0.000]
[20:59:29.562] Wait 0.000s
[20:59:29.562] Continue movement.

[20:59:29.562] Moving to: [-2.000 -0.800 0.000]
[20:59:32.023] Arrived at: [-2.000 -0.800 0.000]
[20:59:32.023] Wait 0.000s
[20:59:32.023] Continue movement.

[20:59:32.023] Moving to: [0.000 -1.000 0.000]
[20:59:34.468] Arrived at: [0.000 -1.000 0.000]
[20:59:34.468] Wait 0.000s
[20:59:34.468] Continue movement.

[20:59:34.468] Moving to: [-2.000 -1.200 0.000]
[20:59:36.943] Arrived at: [-2.000 -1.200 0.000]
[20:59:36.943] Wait 0.000s
[20:59:36.943] Continue movement.

[20:59:36.943] Moving to: [0.000 -1.400 0.000]
[20:59:39.446] Arrived at: [0.000 -1.400 0.000] WARNING!
[20:59:39.446] Wait 0.000s
[20:59:39.446] Continue movement.

[20:59:39.446] Moving to: [-2.000 -1.600 0.000]
[20:59:41.863] Arrived at: [-2.000 -1.600 0.000]
[20:59:41.863] Wait 0.000s
[20:59:41.863] Continue movement.

[20:59:41.863] Moving to: [0.000 -1.800 0.000]
[20:59:44.344] Arrived at: [0.000 -1.800 0.000]
[20:59:44.349] Wait 0.000s
[20:59:44.350] Continue movement.

[20:59:44.350] Moving to: [-2.000 -2.000 0.000]
[20:59:46.742] Arrived at: [-2.000 -2.000 0.000]
[20:59:46.742] Wait 0.000s
[20:59:46.742] Continue movement.

[20:59:46.742] Moving to: [0.000 -2.200 0.000]
[20:59:49.145] Arrived at: [0.000 -2.200 0.000]
[20:59:49.145] Wait 0.000s
[20:59:49.145] Continue movement.

[20:59:49.145] Moving to: [-2.000 -2.400 0.000]
[20:59:51.567] Arrived at: [-2.000 -2.400 0.000]
[20:59:51.567] Wait 0.000s
[20:59:51.567] Continue movement.

[20:59:51.567] Moving to: [0.000 -2.600 0.000]
[20:59:53.997] Arrived at: [0.000 -2.600 0.000]
[20:59:53.997] Wait 0.000s
[20:59:53.997] Continue movement.

[20:59:53.997] Moving to: [-2.000 -2.800 0.000]
[20:59:56.401] Arrived at: [-2.000 -2.800 0.000] WARNING!
[20:59:56.401] Wait 0.000s
[20:59:56.401] Continue movement.

[20:59:56.401] Moving to: [0.000 -3.000 0.000]
[20:59:58.780] Arrived at: [0.000 -3.000 0.000]
[20:59:58.780] Wait 0.000s
[20:59:58.780] Continue movement.

[20:59:58.780] Moving to: [-2.000 -3.200 0.000]
[21:00:01.273] Arrived at: [-2.000 -3.200 0.000]
[21:00:01.273] Wait 0.000s
[21:00:01.273] Continue movement.

[21:00:01.273] Moving to: [0.000 -3.400 0.000]
[21:00:03.666] Arrived at: [0.000 -3.400 0.000]
[21:00:03.666] Wait 0.000s
[21:00:03.666] Continue movement.

[21:00:03.666] Moving to: [-2.000 -3.600 0.000]
[21:00:06.121] Arrived at: [-2.000 -3.600 0.000]
[21:00:06.121] Wait 0.000s
[21:00:06.121] Continue movement.

[21:00:06.121] Moving to: [0.000 -3.800 0.000]
[21:00:08.559] Arrived at: [0.000 -3.800 0.000] WARNING!
[21:00:08.559] Wait 0.000s
[21:00:08.563] Continue movement.

[21:00:08.565] Moving to: [-2.000 -4.000 0.000]
[21:00:11.010] Arrived at: [-2.000 -4.000 0.000]
[21:00:11.010] Wait 0.000s
[21:00:11.010] Continue movement.

[21:00:11.010] Moving to: [0.000 -4.200 0.000]
[21:00:13.540] Arrived at: [0.000 -4.200 0.000]
[21:00:13.540] Wait 0.000s
[21:00:13.545] Continue movement.

[21:00:13.546] Moving to: [-2.000 -4.400 0.000]
[21:00:15.962] Arrived at: [-2.000 -4.400 0.000]
[21:00:15.962] Wait 0.000s
[21:00:15.962] Continue movement.

[21:00:15.962] Finished iteration 15

[21:00:15.962] Starting iteration 16
[21:00:15.962] Moving to: [0.000 0.000 0.000]
[21:00:21.321] Arrived at: [0.000 0.000 0.000]
[21:00:21.321] Wait 0.000s
[21:00:21.325] Continue movement.

[21:00:21.325] Moving to: [-2.000 0.000 0.000]
[21:00:23.305] Arrived at: [-2.000 0.000 0.000]
[21:00:23.305] Wait 0.000s
[21:00:23.305] Continue movement.

[21:00:23.305] Moving to: [0.000 -0.200 0.000]
[21:00:25.747] Arrived at: [0.000 -0.200 0.000]
[21:00:25.747] Wait 0.000s
[21:00:25.747] Continue movement.

[21:00:25.747] Moving to: [-2.000 -0.400 0.000]
[21:00:28.188] Arrived at: [-2.000 -0.400 0.000]
[21:00:28.188] Wait 0.000s
[21:00:28.188] Continue movement.

[21:00:28.188] Moving to: [0.000 -0.600 0.000]
[21:00:30.715] Arrived at: [0.000 -0.600 0.000]
[21:00:30.715] Wait 0.000s
[21:00:30.715] Continue movement.

[21:00:30.715] Moving to: [-2.000 -0.800 0.000]
[21:00:33.160] Arrived at: [-2.000 -0.800 0.000]
[21:00:33.160] Wait 0.000s
[21:00:33.160] Continue movement.

[21:00:33.160] Moving to: [0.000 -1.000 0.000]
[21:00:35.641] Arrived at: [0.000 -1.000 0.000]
[21:00:35.641] Wait 0.000s
[21:00:35.641] Continue movement.

[21:00:35.641] Moving to: [-2.000 -1.200 0.000]
[21:00:38.102] Arrived at: [-2.000 -1.200 0.000]
[21:00:38.102] Wait 0.000s
[21:00:38.102] Continue movement.

[21:00:38.102] Moving to: [0.000 -1.400 0.000]
[21:00:40.563] Arrived at: [0.000 -1.400 0.000] WARNING!
[21:00:40.563] Wait 0.000s
[21:00:40.563] Continue movement.

[21:00:40.563] Moving to: [-2.000 -1.600 0.000]
[21:00:42.994] Arrived at: [-2.000 -1.600 0.000]
[21:00:42.994] Wait 0.000s
[21:00:42.994] Continue movement.

[21:00:42.994] Moving to: [0.000 -1.800 0.000]
[21:00:45.440] Arrived at: [0.000 -1.800 0.000]
[21:00:45.440] Wait 0.000s
[21:00:45.440] Continue movement.

[21:00:45.440] Moving to: [-2.000 -2.000 0.000]
[21:00:47.929] Arrived at: [-2.000 -2.000 0.000]
[21:00:47.929] Wait 0.000s
[21:00:47.929] Continue movement.

[21:00:47.929] Moving to: [0.000 -2.200 0.000]
[21:00:50.312] Arrived at: [0.000 -2.200 0.000]
[21:00:50.312] Wait 0.000s
[21:00:50.312] Continue movement.

[21:00:50.312] Moving to: [-2.000 -2.400 0.000]
[21:00:52.744] Arrived at: [-2.000 -2.400 0.000]
[21:00:52.744] Wait 0.000s
[21:00:52.744] Continue movement.

[21:00:52.744] Moving to: [0.000 -2.600 0.000]
[21:00:55.206] Arrived at: [0.000 -2.600 0.000]
[21:00:55.206] Wait 0.000s
[21:00:55.206] Continue movement.

[21:00:55.206] Moving to: [-2.000 -2.800 0.000]
[21:00:57.623] Arrived at: [-2.000 -2.800 0.000] WARNING!
[21:00:57.623] Wait 0.000s
[21:00:57.623] Continue movement.

[21:00:57.623] Moving to: [0.000 -3.000 0.000]
[21:01:00.090] Arrived at: [0.000 -3.000 0.000]
[21:01:00.090] Wait 0.000s
[21:01:00.090] Continue movement.

[21:01:00.090] Moving to: [-2.000 -3.200 0.000]
[21:01:02.534] Arrived at: [-2.000 -3.200 0.000]
[21:01:02.538] Wait 0.000s
[21:01:02.538] Continue movement.

[21:01:02.538] Moving to: [0.000 -3.400 0.000]
[21:01:04.947] Arrived at: [0.000 -3.400 0.000]
[21:01:04.947] Wait 0.000s
[21:01:04.947] Continue movement.

[21:01:04.947] Moving to: [-2.000 -3.600 0.000]
[21:01:07.458] Arrived at: [-2.000 -3.600 0.000]
[21:01:07.458] Wait 0.000s
[21:01:07.458] Continue movement.

[21:01:07.458] Moving to: [0.000 -3.800 0.000]
[21:01:09.878] Arrived at: [0.000 -3.800 0.000] WARNING!
[21:01:09.878] Wait 0.000s
[21:01:09.878] Continue movement.

[21:01:09.878] Moving to: [-2.000 -4.000 0.000]
[21:01:12.244] Arrived at: [-2.000 -4.000 0.000]
[21:01:12.244] Wait 0.000s
[21:01:12.244] Continue movement.

[21:01:12.244] Moving to: [0.000 -4.200 0.000]
[21:01:14.655] Arrived at: [0.000 -4.200 0.000]
[21:01:14.655] Wait 0.000s
[21:01:14.655] Continue movement.

[21:01:14.655] Moving to: [-2.000 -4.400 0.000]
[21:01:17.119] Arrived at: [-2.000 -4.400 0.000]
[21:01:17.119] Wait 0.000s
[21:01:17.119] Continue movement.

[21:01:17.119] Finished iteration 16

[21:01:17.119] Starting iteration 17
[21:01:17.119] Moving to: [0.000 0.000 0.000]
[21:01:22.397] Arrived at: [0.000 0.000 0.000]
[21:01:22.397] Wait 0.000s
[21:01:22.397] Continue movement.

[21:01:22.397] Moving to: [-2.000 0.000 0.000]
[21:01:24.338] Arrived at: [-2.000 0.000 0.000]
[21:01:24.338] Wait 0.000s
[21:01:24.339] Continue movement.

[21:01:24.339] Moving to: [0.000 -0.200 0.000]
[21:01:26.806] Arrived at: [0.000 -0.200 0.000]
[21:01:26.806] Wait 0.000s
[21:01:26.806] Continue movement.

[21:01:26.806] Moving to: [-2.000 -0.400 0.000]
[21:01:29.253] Arrived at: [-2.000 -0.400 0.000]
[21:01:29.253] Wait 0.000s
[21:01:29.253] Continue movement.

[21:01:29.253] Moving to: [0.000 -0.600 0.000]
[21:01:31.707] Arrived at: [0.000 -0.600 0.000]
[21:01:31.707] Wait 0.000s
[21:01:31.707] Continue movement.

[21:01:31.707] Moving to: [-2.000 -0.800 0.000]
[21:01:34.149] Arrived at: [-2.000 -0.800 0.000]
[21:01:34.149] Wait 0.000s
[21:01:34.149] Continue movement.

[21:01:34.149] Moving to: [0.000 -1.000 0.000]
[21:01:36.535] Arrived at: [0.000 -1.000 0.000]
[21:01:36.535] Wait 0.000s
[21:01:36.535] Continue movement.

[21:01:36.535] Moving to: [-2.000 -1.200 0.000]
[21:01:38.945] Arrived at: [-2.000 -1.200 0.000]
[21:01:38.945] Wait 0.000s
[21:01:38.945] Continue movement.

[21:01:38.945] Moving to: [0.000 -1.400 0.000]
[21:01:41.295] Arrived at: [0.000 -1.400 0.000] WARNING!
[21:01:41.295] Wait 0.000s
[21:01:41.306] Continue movement.

[21:01:41.306] Moving to: [-2.000 -1.600 0.000]
[21:01:43.917] Arrived at: [-2.000 -1.600 0.000]
[21:01:43.917] Wait 0.000s
[21:01:43.917] Continue movement.

[21:01:43.917] Moving to: [0.000 -1.800 0.000]
[21:01:46.385] Arrived at: [0.000 -1.800 0.000]
[21:01:46.385] Wait 0.000s
[21:01:46.389] Continue movement.

[21:01:46.390] Moving to: [-2.000 -2.000 0.000]
[21:01:48.795] Arrived at: [-2.000 -2.000 0.000]
[21:01:48.795] Wait 0.000s
[21:01:48.795] Continue movement.

[21:01:48.795] Moving to: [0.000 -2.200 0.000]
[21:01:51.214] Arrived at: [0.000 -2.200 0.000]
[21:01:51.214] Wait 0.000s
[21:01:51.214] Continue movement.

[21:01:51.214] Moving to: [-2.000 -2.400 0.000]
[21:01:53.679] Arrived at: [-2.000 -2.400 0.000]
[21:01:53.679] Wait 0.000s
[21:01:53.679] Continue movement.

[21:01:53.679] Moving to: [0.000 -2.600 0.000]
[21:01:56.117] Arrived at: [0.000 -2.600 0.000]
[21:01:56.117] Wait 0.000s
[21:01:56.117] Continue movement.

[21:01:56.117] Moving to: [-2.000 -2.800 0.000]
[21:01:58.548] Arrived at: [-2.000 -2.800 0.000] WARNING!
[21:01:58.548] Wait 0.000s
[21:01:58.552] Continue movement.

[21:01:58.553] Moving to: [0.000 -3.000 0.000]
[21:02:00.906] Arrived at: [0.000 -3.000 0.000]
[21:02:00.906] Wait 0.000s
[21:02:00.906] Continue movement.

[21:02:00.906] Moving to: [-2.000 -3.200 0.000]
[21:02:03.345] Arrived at: [-2.000 -3.200 0.000]
[21:02:03.345] Wait 0.000s
[21:02:03.345] Continue movement.

[21:02:03.345] Moving to: [0.000 -3.400 0.000]
[21:02:05.737] Arrived at: [0.000 -3.400 0.000]
[21:02:05.739] Wait 0.000s
[21:02:05.740] Continue movement.

[21:02:05.740] Moving to: [-2.000 -3.600 0.000]
[21:02:08.235] Arrived at: [-2.000 -3.600 0.000]
[21:02:08.235] Wait 0.000s
[21:02:08.235] Continue movement.

[21:02:08.235] Moving to: [0.000 -3.800 0.000]
[21:02:10.801] Arrived at: [0.000 -3.800 0.000] WARNING!
[21:02:10.801] Wait 0.000s
[21:02:10.810] Continue movement.

[21:02:10.811] Moving to: [-2.000 -4.000 0.000]
[21:02:13.211] Arrived at: [-2.000 -4.000 0.000]
[21:02:13.211] Wait 0.000s
[21:02:13.211] Continue movement.

[21:02:13.211] Moving to: [0.000 -4.200 0.000]
[21:02:15.661] Arrived at: [0.000 -4.200 0.000]
[21:02:15.661] Wait 0.000s
[21:02:15.661] Continue movement.

[21:02:15.661] Moving to: [-2.000 -4.400 0.000]
[21:02:18.106] Arrived at: [-2.000 -4.400 0.000]
[21:02:18.106] Wait 0.000s
[21:02:18.106] Continue movement.

[21:02:18.106] Finished iteration 17

[21:02:18.106] Starting iteration 18
[21:02:18.106] Moving to: [0.000 0.000 0.000]
[21:02:23.397] Arrived at: [0.000 0.000 0.000]
[21:02:23.397] Wait 0.000s
[21:02:23.397] Continue movement.

[21:02:23.397] Moving to: [-2.000 0.000 0.000]
[21:02:25.366] Arrived at: [-2.000 0.000 0.000]
[21:02:25.366] Wait 0.000s
[21:02:25.366] Continue movement.

[21:02:25.366] Moving to: [0.000 -0.200 0.000]
[21:02:27.780] Arrived at: [0.000 -0.200 0.000]
[21:02:27.780] Wait 0.000s
[21:02:27.780] Continue movement.

[21:02:27.780] Moving to: [-2.000 -0.400 0.000]
[21:02:30.210] Arrived at: [-2.000 -0.400 0.000]
[21:02:30.210] Wait 0.000s
[21:02:30.210] Continue movement.

[21:02:30.210] Moving to: [0.000 -0.600 0.000]
[21:02:32.629] Arrived at: [0.000 -0.600 0.000]
[21:02:32.629] Wait 0.000s
[21:02:32.629] Continue movement.

[21:02:32.629] Moving to: [-2.000 -0.800 0.000]
[21:02:35.089] Arrived at: [-2.000 -0.800 0.000]
[21:02:35.089] Wait 0.000s
[21:02:35.089] Continue movement.

[21:02:35.089] Moving to: [0.000 -1.000 0.000]
[21:02:37.543] Arrived at: [0.000 -1.000 0.000]
[21:02:37.543] Wait 0.000s
[21:02:37.543] Continue movement.

[21:02:37.543] Moving to: [-2.000 -1.200 0.000]
[21:02:39.983] Arrived at: [-2.000 -1.200 0.000]
[21:02:39.983] Wait 0.000s
[21:02:39.983] Continue movement.

[21:02:39.983] Moving to: [0.000 -1.400 0.000]
[21:02:42.461] Arrived at: [0.000 -1.400 0.000] WARNING!
[21:02:42.461] Wait 0.000s
[21:02:42.468] Continue movement.

[21:02:42.469] Moving to: [-2.000 -1.600 0.000]
[21:02:44.838] Arrived at: [-2.000 -1.600 0.000]
[21:02:44.838] Wait 0.000s
[21:02:44.838] Continue movement.

[21:02:44.838] Moving to: [0.000 -1.800 0.000]
[21:02:47.476] Arrived at: [0.000 -1.800 0.000]
[21:02:47.476] Wait 0.000s
[21:02:47.476] Continue movement.

[21:02:47.476] Moving to: [-2.000 -2.000 0.000]
[21:02:49.923] Arrived at: [-2.000 -2.000 0.000]
[21:02:49.923] Wait 0.000s
[21:02:49.923] Continue movement.

[21:02:49.923] Moving to: [0.000 -2.200 0.000]
[21:02:52.440] Arrived at: [0.000 -2.200 0.000]
[21:02:52.440] Wait 0.000s
[21:02:52.440] Continue movement.

[21:02:52.440] Moving to: [-2.000 -2.400 0.000]
[21:02:54.869] Arrived at: [-2.000 -2.400 0.000]
[21:02:54.869] Wait 0.000s
[21:02:54.869] Continue movement.

[21:02:54.869] Moving to: [0.000 -2.600 0.000]
[21:02:57.383] Arrived at: [0.000 -2.600 0.000]
[21:02:57.383] Wait 0.000s
[21:02:57.383] Continue movement.

[21:02:57.383] Moving to: [-2.000 -2.800 0.000]
[21:02:59.865] Arrived at: [-2.000 -2.800 0.000] WARNING!
[21:02:59.865] Wait 0.000s
[21:02:59.865] Continue movement.

[21:02:59.865] Moving to: [0.000 -3.000 0.000]
[21:03:02.335] Arrived at: [0.000 -3.000 0.000]
[21:03:02.335] Wait 0.000s
[21:03:02.335] Continue movement.

[21:03:02.340] Moving to: [-2.000 -3.200 0.000]
[21:03:04.770] Arrived at: [-2.000 -3.200 0.000]
[21:03:04.770] Wait 0.000s
[21:03:04.770] Continue movement.

[21:03:04.770] Moving to: [0.000 -3.400 0.000]
[21:03:07.198] Arrived at: [0.000 -3.400 0.000]
[21:03:07.198] Wait 0.000s
[21:03:07.198] Continue movement.

[21:03:07.198] Moving to: [-2.000 -3.600 0.000]
[21:03:09.632] Arrived at: [-2.000 -3.600 0.000]
[21:03:09.632] Wait 0.000s
[21:03:09.632] Continue movement.

[21:03:09.632] Moving to: [0.000 -3.800 0.000]
[21:03:12.069] Arrived at: [0.000 -3.800 0.000] WARNING!
[21:03:12.069] Wait 0.000s
[21:03:12.069] Continue movement.

[21:03:12.069] Moving to: [-2.000 -4.000 0.000]
[21:03:14.511] Arrived at: [-2.000 -4.000 0.000]
[21:03:14.511] Wait 0.000s
[21:03:14.511] Continue movement.

[21:03:14.511] Moving to: [0.000 -4.200 0.000]
[21:03:16.939] Arrived at: [0.000 -4.200 0.000]
[21:03:16.939] Wait 0.000s
[21:03:16.939] Continue movement.

[21:03:16.939] Moving to: [-2.000 -4.400 0.000]
[21:03:19.442] Arrived at: [-2.000 -4.400 0.000]
[21:03:19.442] Wait 0.000s
[21:03:19.442] Continue movement.

[21:03:19.442] Finished iteration 18

[21:03:19.442] Starting iteration 19
[21:03:19.442] Moving to: [0.000 0.000 0.000]
[21:03:24.806] Arrived at: [0.000 0.000 0.000]
[21:03:24.806] Wait 0.000s
[21:03:24.806] Continue movement.

[21:03:24.806] Moving to: [-2.000 0.000 0.000]
[21:03:26.792] Arrived at: [-2.000 0.000 0.000]
[21:03:26.793] Wait 0.000s
[21:03:26.795] Continue movement.

[21:03:26.795] Moving to: [0.000 -0.200 0.000]
[21:03:29.308] Arrived at: [0.000 -0.200 0.000]
[21:03:29.308] Wait 0.000s
[21:03:29.308] Continue movement.

[21:03:29.308] Moving to: [-2.000 -0.400 0.000]
[21:03:31.684] Arrived at: [-2.000 -0.400 0.000]
[21:03:31.684] Wait 0.000s
[21:03:31.684] Continue movement.

[21:03:31.684] Moving to: [0.000 -0.600 0.000]
[21:03:34.176] Arrived at: [0.000 -0.600 0.000]
[21:03:34.176] Wait 0.000s
[21:03:34.180] Continue movement.

[21:03:34.180] Moving to: [-2.000 -0.800 0.000]
[21:03:36.592] Arrived at: [-2.000 -0.800 0.000]
[21:03:36.592] Wait 0.000s
[21:03:36.592] Continue movement.

[21:03:36.592] Moving to: [0.000 -1.000 0.000]
[21:03:39.063] Arrived at: [0.000 -1.000 0.000]
[21:03:39.063] Wait 0.000s
[21:03:39.063] Continue movement.

[21:03:39.063] Moving to: [-2.000 -1.200 0.000]
[21:03:41.470] Arrived at: [-2.000 -1.200 0.000]
[21:03:41.470] Wait 0.000s
[21:03:41.470] Continue movement.

[21:03:41.470] Moving to: [0.000 -1.400 0.000]
[21:03:43.939] Arrived at: [0.000 -1.400 0.000] WARNING!
[21:03:43.940] Wait 0.000s
[21:03:43.942] Continue movement.

[21:03:43.942] Moving to: [-2.000 -1.600 0.000]
[21:03:46.335] Arrived at: [-2.000 -1.600 0.000]
[21:03:46.336] Wait 0.000s
[21:03:46.338] Continue movement.

[21:03:46.339] Moving to: [0.000 -1.800 0.000]
[21:03:48.737] Arrived at: [0.000 -1.800 0.000]
[21:03:48.737] Wait 0.000s
[21:03:48.737] Continue movement.

[21:03:48.737] Moving to: [-2.000 -2.000 0.000]
[21:03:51.194] Arrived at: [-2.000 -2.000 0.000]
[21:03:51.194] Wait 0.000s
[21:03:51.194] Continue movement.

[21:03:51.194] Moving to: [0.000 -2.200 0.000]
[21:03:53.673] Arrived at: [0.000 -2.200 0.000]
[21:03:53.673] Wait 0.000s
[21:03:53.673] Continue movement.

[21:03:53.673] Moving to: [-2.000 -2.400 0.000]
[21:03:56.116] Arrived at: [-2.000 -2.400 0.000]
[21:03:56.116] Wait 0.000s
[21:03:56.116] Continue movement.

[21:03:56.116] Moving to: [0.000 -2.600 0.000]
[21:03:58.519] Arrived at: [0.000 -2.600 0.000]
[21:03:58.519] Wait 0.000s
[21:03:58.519] Continue movement.

[21:03:58.519] Moving to: [-2.000 -2.800 0.000]
[21:04:00.974] Arrived at: [-2.000 -2.800 0.000] WARNING!
[21:04:00.974] Wait 0.000s
[21:04:00.974] Continue movement.

[21:04:00.988] Moving to: [0.000 -3.000 0.000]
[21:04:03.394] Arrived at: [0.000 -3.000 0.000]
[21:04:03.394] Wait 0.000s
[21:04:03.394] Continue movement.

[21:04:03.394] Moving to: [-2.000 -3.200 0.000]
[21:04:05.879] Arrived at: [-2.000 -3.200 0.000]
[21:04:05.879] Wait 0.000s
[21:04:05.879] Continue movement.

[21:04:05.879] Moving to: [0.000 -3.400 0.000]
[21:04:08.264] Arrived at: [0.000 -3.400 0.000]
[21:04:08.264] Wait 0.000s
[21:04:08.264] Continue movement.

[21:04:08.264] Moving to: [-2.000 -3.600 0.000]
[21:04:10.669] Arrived at: [-2.000 -3.600 0.000]
[21:04:10.669] Wait 0.000s
[21:04:10.669] Continue movement.

[21:04:10.669] Moving to: [0.000 -3.800 0.000]
[21:04:13.091] Arrived at: [0.000 -3.800 0.000] WARNING!
[21:04:13.091] Wait 0.000s
[21:04:13.092] Continue movement.

[21:04:13.095] Moving to: [-2.000 -4.000 0.000]
[21:04:15.497] Arrived at: [-2.000 -4.000 0.000]
[21:04:15.498] Wait 0.000s
[21:04:15.499] Continue movement.

[21:04:15.499] Moving to: [0.000 -4.200 0.000]
[21:04:17.895] Arrived at: [0.000 -4.200 0.000]
[21:04:17.895] Wait 0.000s
[21:04:17.895] Continue movement.

[21:04:17.895] Moving to: [-2.000 -4.400 0.000]
[21:04:20.341] Arrived at: [-2.000 -4.400 0.000]
[21:04:20.341] Wait 0.000s
[21:04:20.341] Continue movement.

[21:04:20.341] Finished iteration 19

[21:04:20.341] Starting iteration 20
[21:04:20.341] Moving to: [0.000 0.000 0.000]
[21:04:25.676] Arrived at: [0.000 0.000 0.000]
[21:04:25.676] Wait 0.000s
[21:04:25.680] Continue movement.

[21:04:25.680] Moving to: [-2.000 0.000 0.000]
[21:04:27.699] Arrived at: [-2.000 0.000 0.000]
[21:04:27.699] Wait 0.000s
[21:04:27.699] Continue movement.

[21:04:27.699] Moving to: [0.000 -0.200 0.000]
[21:04:30.201] Arrived at: [0.000 -0.200 0.000]
[21:04:30.201] Wait 0.000s
[21:04:30.201] Continue movement.

[21:04:30.201] Moving to: [-2.000 -0.400 0.000]
[21:04:32.625] Arrived at: [-2.000 -0.400 0.000]
[21:04:32.625] Wait 0.000s
[21:04:32.625] Continue movement.

[21:04:32.625] Moving to: [0.000 -0.600 0.000]
[21:04:35.074] Arrived at: [0.000 -0.600 0.000]
[21:04:35.074] Wait 0.000s
[21:04:35.074] Continue movement.

[21:04:35.074] Moving to: [-2.000 -0.800 0.000]
[21:04:37.566] Arrived at: [-2.000 -0.800 0.000]
[21:04:37.566] Wait 0.000s
[21:04:37.566] Continue movement.

[21:04:37.566] Moving to: [0.000 -1.000 0.000]
[21:04:40.024] Arrived at: [0.000 -1.000 0.000]
[21:04:40.024] Wait 0.000s
[21:04:40.024] Continue movement.

[21:04:40.024] Moving to: [-2.000 -1.200 0.000]
[21:04:42.472] Arrived at: [-2.000 -1.200 0.000]
[21:04:42.472] Wait 0.000s
[21:04:42.472] Continue movement.

[21:04:42.481] Moving to: [0.000 -1.400 0.000]
[21:04:44.877] Arrived at: [0.000 -1.400 0.000] WARNING!
[21:04:44.877] Wait 0.000s
[21:04:44.877] Continue movement.

[21:04:44.877] Moving to: [-2.000 -1.600 0.000]
[21:04:47.258] Arrived at: [-2.000 -1.600 0.000]
[21:04:47.258] Wait 0.000s
[21:04:47.258] Continue movement.

[21:04:47.258] Moving to: [0.000 -1.800 0.000]
[21:04:49.667] Arrived at: [0.000 -1.800 0.000]
[21:04:49.667] Wait 0.000s
[21:04:49.667] Continue movement.

[21:04:49.667] Moving to: [-2.000 -2.000 0.000]
[21:04:52.087] Arrived at: [-2.000 -2.000 0.000]
[21:04:52.087] Wait 0.000s
[21:04:52.087] Continue movement.

[21:04:52.087] Moving to: [0.000 -2.200 0.000]
[21:04:54.511] Arrived at: [0.000 -2.200 0.000]
[21:04:54.511] Wait 0.000s
[21:04:54.511] Continue movement.

[21:04:54.511] Moving to: [-2.000 -2.400 0.000]
[21:04:57.012] Arrived at: [-2.000 -2.400 0.000]
[21:04:57.012] Wait 0.000s
[21:04:57.012] Continue movement.

[21:04:57.012] Moving to: [0.000 -2.600 0.000]
[21:04:59.544] Arrived at: [0.000 -2.600 0.000]
[21:04:59.544] Wait 0.000s
[21:04:59.544] Continue movement.

[21:04:59.544] Moving to: [-2.000 -2.800 0.000]
[21:05:01.969] Arrived at: [-2.000 -2.800 0.000] WARNING!
[21:05:01.969] Wait 0.000s
[21:05:01.969] Continue movement.

[21:05:01.981] Moving to: [0.000 -3.000 0.000]
[21:05:04.384] Arrived at: [0.000 -3.000 0.000]
[21:05:04.384] Wait 0.000s
[21:05:04.384] Continue movement.

[21:05:04.384] Moving to: [-2.000 -3.200 0.000]
[21:05:06.781] Arrived at: [-2.000 -3.200 0.000]
[21:05:06.781] Wait 0.000s
[21:05:06.781] Continue movement.

[21:05:06.781] Moving to: [0.000 -3.400 0.000]
[21:05:09.257] Arrived at: [0.000 -3.400 0.000]
[21:05:09.257] Wait 0.000s
[21:05:09.257] Continue movement.

[21:05:09.257] Moving to: [-2.000 -3.600 0.000]
[21:05:11.709] Arrived at: [-2.000 -3.600 0.000]
[21:05:11.709] Wait 0.000s
[21:05:11.709] Continue movement.

[21:05:11.709] Moving to: [0.000 -3.800 0.000]
[21:05:14.101] Arrived at: [0.000 -3.800 0.000] WARNING!
[21:05:14.101] Wait 0.000s
[21:05:14.113] Continue movement.

[21:05:14.115] Moving to: [-2.000 -4.000 0.000]
[21:05:16.580] Arrived at: [-2.000 -4.000 0.000]
[21:05:16.580] Wait 0.000s
[21:05:16.580] Continue movement.

[21:05:16.580] Moving to: [0.000 -4.200 0.000]
[21:05:19.065] Arrived at: [0.000 -4.200 0.000]
[21:05:19.065] Wait 0.000s
[21:05:19.065] Continue movement.

[21:05:19.065] Moving to: [-2.000 -4.400 0.000]
[21:05:21.545] Arrived at: [-2.000 -4.400 0.000]
[21:05:21.546] Wait 0.000s
[21:05:21.548] Continue movement.

[21:05:21.548] Finished iteration 20

[21:05:21.548] Plan finished.
