[15:22:10.010] Starting plan irradiation...
	Plan name: Plan de movimiento solo stage
	Plan comment: prueba3
	Absolut shift from X to (0,0) well: [0.000 0.000 0.000]
[15:22:24.541] Starting iteration 1
[15:22:24.543] Moving to: [0.000 0.000 0.000]
[15:22:24.792] Arrived at: [0.000 0.000 0.000]
[15:22:24.793] Wait 5.000s
[15:22:29.791] Continue movement.

[15:22:29.795] Moving to: [10.000 0.000 0.000]
[15:22:37.008] Arrived at: [10.000 0.000 0.000]
[15:22:37.008] Wait 0.000s
[15:22:37.013] Continue movement.

[15:22:37.014] Moving to: [0.000 -0.200 0.000]
[15:22:44.664] Arrived at: [0.000 -0.200 0.000]
[15:22:44.673] Wait 0.000s
[15:22:44.673] Continue movement.

[15:22:44.673] Moving to: [10.000 -0.400 0.000]
[15:22:52.387] Arrived at: [10.000 -0.400 0.000]
[15:22:52.387] Wait 0.000s
[15:22:52.387] Continue movement.

[15:22:52.387] Moving to: [0.000 -0.600 0.000]
[15:23:00.031] Arrived at: [0.000 -0.600 0.000]
[15:23:00.031] Wait 0.000s
[15:23:00.031] Continue movement.

[15:23:00.031] Moving to: [10.000 -0.800 0.000]
[15:23:07.689] Arrived at: [10.000 -0.800 0.000]
[15:23:07.690] Wait 0.000s
[15:23:07.690] Continue movement.

[15:23:07.690] Moving to: [0.000 -1.000 0.000]
[15:23:15.336] Arrived at: [0.000 -1.000 0.000]
[15:23:15.336] Wait 0.000s
[15:23:15.341] Continue movement.

[15:23:15.342] Moving to: [10.000 -1.200 0.000]
[15:23:23.144] Arrived at: [10.000 -1.200 0.000]
[15:23:23.144] Wait 0.000s
[15:23:23.148] Continue movement.

[15:23:23.148] Moving to: [0.000 -1.400 0.000]
[15:23:30.782] Arrived at: [0.000 -1.400 0.000] WARNING!
[15:23:30.783] Wait 0.000s
[15:23:30.785] Continue movement.

[15:23:30.786] Moving to: [10.000 -1.600 0.000]
[15:23:38.440] Arrived at: [10.000 -1.600 0.000]
[15:23:38.441] Wait 0.000s
[15:23:38.443] Continue movement.

[15:23:38.444] Moving to: [0.000 -1.800 0.000]
[15:23:46.110] Arrived at: [0.000 -1.800 0.000]
[15:23:46.110] Wait 0.000s
[15:23:46.116] Continue movement.

[15:23:46.116] Moving to: [10.000 -2.000 0.000]
[15:23:53.911] Arrived at: [10.000 -2.000 0.000]
[15:23:53.916] Wait 0.000s
[15:23:53.916] Continue movement.

[15:23:53.916] Moving to: [0.000 -2.200 0.000]
[15:24:01.563] Arrived at: [0.000 -2.200 0.000]
[15:24:01.563] Wait 0.000s
[15:24:01.567] Continue movement.

[15:24:01.568] Moving to: [10.000 -2.400 0.000]
[15:24:09.382] Arrived at: [10.000 -2.400 0.000]
[15:24:09.382] Wait 0.000s
[15:24:09.382] Continue movement.

[15:24:09.382] Moving to: [0.000 -2.600 0.000]
[15:24:17.027] Arrived at: [0.000 -2.600 0.000]
[15:24:17.028] Wait 0.000s
[15:24:17.030] Continue movement.

[15:24:17.031] Moving to: [10.000 -2.800 0.000]
[15:24:24.682] Arrived at: [10.000 -2.800 0.000] WARNING!
[15:24:24.686] Wait 0.000s
[15:24:24.687] Continue movement.

[15:24:24.687] Moving to: [0.000 -3.000 0.000]
[15:24:32.331] Arrived at: [0.000 -3.000 0.000]
[15:24:32.332] Wait 0.000s
[15:24:32.334] Continue movement.

[15:24:32.335] Moving to: [10.000 -3.200 0.000]
[15:24:39.996] Arrived at: [10.000 -3.200 0.000]
[15:24:39.997] Wait 0.000s
[15:24:40.000] Continue movement.

[15:24:40.000] Moving to: [0.000 -3.400 0.000]
[15:24:47.665] Arrived at: [0.000 -3.400 0.000]
[15:24:47.665] Wait 0.000s
[15:24:47.668] Continue movement.

[15:24:47.668] Moving to: [10.000 -3.600 0.000]
[15:24:55.312] Arrived at: [10.000 -3.600 0.000]
[15:24:55.312] Wait 0.000s
[15:24:55.312] Continue movement.

[15:24:55.312] Moving to: [0.000 -3.800 0.000]
[15:25:03.013] Arrived at: [0.000 -3.800 0.000] WARNING!
[15:25:03.013] Wait 0.000s
[15:25:03.015] Continue movement.

[15:25:03.016] Moving to: [10.000 -4.000 0.000]
[15:25:10.725] Arrived at: [10.000 -4.000 0.000]
[15:25:10.725] Wait 0.000s
[15:25:10.726] Continue movement.

[15:25:10.727] Finished iteration 1

[15:25:10.728] Plan finished.
