[17:12:38.495] Starting plan irradiation...
	Plan name: Plan de movimiento solo stage
	Plan comment: irradiacion22.7cm
	Absolut shift from X to (0,0) well: [0.000 0.000 0.000]
[17:13:25.116] Starting iteration 1
[17:13:25.117] Moving to: [0.000 0.000 0.000]
[17:13:28.432] Arrived at: [0.000 0.000 0.000]
[17:13:28.432] Wait 5.000s
[17:13:33.433] Continue movement.

[17:13:33.433] Moving to: [10.000 0.000 0.000]
[17:13:40.695] Arrived at: [10.000 0.000 0.000]
[17:13:40.695] Wait 0.000s
[17:13:40.695] Continue movement.

[17:13:40.695] Moving to: [0.000 -0.200 0.000]
[17:13:48.346] Arrived at: [0.000 -0.200 0.000]
[17:13:48.346] Wait 0.000s
[17:13:48.346] Continue movement.

[17:13:48.346] Moving to: [10.000 -0.400 0.000]
[17:13:55.999] Arrived at: [10.000 -0.400 0.000]
[17:13:55.999] Wait 0.000s
[17:13:56.004] Continue movement.

[17:13:56.004] Moving to: [0.000 -0.600 0.000]
[17:14:03.677] Arrived at: [0.000 -0.600 0.000]
[17:14:03.677] Wait 0.000s
[17:14:03.677] Continue movement.

[17:14:03.677] Moving to: [10.000 -0.800 0.000]
[17:14:11.317] Arrived at: [10.000 -0.800 0.000]
[17:14:11.321] Wait 0.000s
[17:14:11.321] Continue movement.

[17:14:11.321] Moving to: [0.000 -1.000 0.000]
[17:14:19.013] Arrived at: [0.000 -1.000 0.000]
[17:14:19.014] Wait 0.000s
[17:14:19.015] Continue movement.

[17:14:19.015] Moving to: [10.000 -1.200 0.000]
[17:14:26.751] Arrived at: [10.000 -1.200 0.000]
[17:14:26.751] Wait 0.000s
[17:14:26.751] Continue movement.

[17:14:26.755] Moving to: [0.000 -1.400 0.000]
[17:14:34.392] Arrived at: [0.000 -1.400 0.000] WARNING!
[17:14:34.393] Wait 0.000s
[17:14:34.395] Continue movement.

[17:14:34.396] Moving to: [10.000 -1.600 0.000]
[17:14:42.230] Arrived at: [10.000 -1.600 0.000]
[17:14:42.234] Wait 0.000s
[17:14:42.234] Continue movement.

[17:14:42.234] Moving to: [0.000 -1.800 0.000]
[17:14:49.881] Arrived at: [0.000 -1.800 0.000]
[17:14:49.881] Wait 0.000s
[17:14:49.882] Continue movement.

[17:14:49.882] Moving to: [10.000 -2.000 0.000]
[17:14:57.558] Arrived at: [10.000 -2.000 0.000]
[17:14:57.558] Wait 0.000s
[17:14:57.560] Continue movement.

[17:14:57.561] Moving to: [0.000 -2.200 0.000]
[17:15:05.227] Arrived at: [0.000 -2.200 0.000]
[17:15:05.228] Wait 0.000s
[17:15:05.229] Continue movement.

[17:15:05.230] Moving to: [10.000 -2.400 0.000]
[17:15:12.876] Arrived at: [10.000 -2.400 0.000]
[17:15:12.876] Wait 0.000s
[17:15:12.880] Continue movement.

[17:15:12.882] Moving to: [0.000 -2.600 0.000]
[17:15:20.691] Arrived at: [0.000 -2.600 0.000]
[17:15:20.691] Wait 0.000s
[17:15:20.696] Continue movement.

[17:15:20.697] Moving to: [10.000 -2.800 0.000]
[17:15:28.343] Arrived at: [10.000 -2.800 0.000] WARNING!
[17:15:28.343] Wait 0.000s
[17:15:28.346] Continue movement.

[17:15:28.347] Moving to: [0.000 -3.000 0.000]
[17:15:36.009] Arrived at: [0.000 -3.000 0.000]
[17:15:36.009] Wait 0.000s
[17:15:36.009] Continue movement.

[17:15:36.009] Moving to: [10.000 -3.200 0.000]
[17:15:43.734] Arrived at: [10.000 -3.200 0.000]
[17:15:43.734] Wait 0.000s
[17:15:43.734] Continue movement.

[17:15:43.734] Moving to: [0.000 -3.400 0.000]
[17:15:51.432] Arrived at: [0.000 -3.400 0.000]
[17:15:51.432] Wait 0.000s
[17:15:51.436] Continue movement.

[17:15:51.436] Moving to: [10.000 -3.600 0.000]
[17:15:59.237] Arrived at: [10.000 -3.600 0.000]
[17:15:59.241] Wait 0.000s
[17:15:59.241] Continue movement.

[17:15:59.241] Moving to: [0.000 -3.800 0.000]
[17:16:06.905] Arrived at: [0.000 -3.800 0.000] WARNING!
[17:16:06.905] Wait 0.000s
[17:16:06.908] Continue movement.

[17:16:06.909] Moving to: [10.000 -4.000 0.000]
[17:16:14.557] Arrived at: [10.000 -4.000 0.000]
[17:16:14.557] Wait 0.000s
[17:16:14.557] Continue movement.

[17:16:14.561] Finished iteration 1

[17:16:14.561] Plan finished.
