[18:55:14.131] Starting plan irradiation...
	Plan name: Plan de movimiento solo stage
	Plan comment: tungsteno-3-jmu
	Absolut shift from X to (0,0) well: [0.000 0.000 0.000]
[18:55:25.209] Starting iteration 1
[18:55:25.209] Moving to: [0.000 0.000 0.000]
[18:55:28.770] Arrived at: [0.000 0.000 0.000]
[18:55:28.770] Wait 5.000s
[18:55:33.787] Continue movement.

[18:55:33.788] Moving to: [10.000 0.000 0.000]
[18:55:34.541] Arrived at: [0.007 0.000 0.000] WARNING!
[18:55:34.541] Wait 0.000s
[18:55:34.541] Continue movement.

[18:55:34.541] Moving to: [0.000 -0.200 0.000]
[18:55:35.765] Arrived at: [0.000 -0.200 0.000]
[18:55:35.765] Wait 0.000s
[18:55:35.765] Continue movement.

[18:55:35.765] Moving to: [10.000 -0.400 0.000]
[18:55:36.989] Arrived at: [0.007 -0.400 0.000] WARNING!
[18:55:36.989] Wait 0.000s
[18:55:37.000] Continue movement.

[18:55:37.002] Moving to: [0.000 -0.600 0.000]
[18:55:38.219] Arrived at: [0.000 -0.600 0.000]
[18:55:38.219] Wait 0.000s
[18:55:38.219] Continue movement.

[18:55:38.219] Moving to: [10.000 -0.800 0.000]
[18:55:39.455] Arrived at: [0.007 -0.800 0.000] WARNING!
[18:55:39.455] Wait 0.000s
[18:55:39.458] Continue movement.

[18:55:39.460] Moving to: [0.000 -1.000 0.000]
[18:55:40.652] Arrived at: [0.000 -1.000 0.000]
[18:55:40.656] Wait 0.000s
[18:55:40.656] Continue movement.

[18:55:40.656] Moving to: [10.000 -1.200 0.000]
[18:55:41.800] Arrived at: [0.007 -1.200 0.000] WARNING!
[18:55:41.800] Wait 0.000s
[18:55:41.800] Continue movement.

[18:55:41.812] Moving to: [0.000 -1.400 0.000]
[18:55:43.058] Arrived at: [0.000 -1.400 0.000] WARNING!
[18:55:43.059] Wait 0.000s
[18:55:43.062] Continue movement.

[18:55:43.062] Moving to: [10.000 -1.600 0.000]
[18:55:44.246] Arrived at: [0.007 -1.600 0.000] WARNING!
[18:55:44.246] Wait 0.000s
[18:55:44.255] Continue movement.

[18:55:44.257] Moving to: [0.000 -1.800 0.000]
[18:55:45.461] Arrived at: [0.000 -1.800 0.000]
[18:55:45.461] Wait 0.000s
[18:55:45.461] Continue movement.

[18:55:45.461] Moving to: [10.000 -2.000 0.000]
[18:55:46.675] Arrived at: [0.007 -2.000 0.000] WARNING!
[18:55:46.675] Wait 0.000s
[18:55:46.686] Continue movement.

[18:55:46.687] Moving to: [0.000 -2.200 0.000]
[18:55:47.891] Arrived at: [0.000 -2.200 0.000]
[18:55:47.892] Wait 0.000s
[18:55:47.895] Continue movement.

[18:55:47.897] Moving to: [10.000 -2.400 0.000]
[18:55:49.116] Arrived at: [0.007 -2.400 0.000] WARNING!
[18:55:49.116] Wait 0.000s
[18:55:49.124] Continue movement.

[18:55:49.125] Moving to: [0.000 -2.600 0.000]
[18:55:50.353] Arrived at: [0.000 -2.600 0.000]
[18:55:50.353] Wait 0.000s
[18:55:50.353] Continue movement.

[18:55:50.353] Moving to: [10.000 -2.800 0.000]
[18:55:51.577] Arrived at: [0.007 -2.800 0.000] WARNING!
[18:55:51.577] Wait 0.000s
[18:55:51.578] Continue movement.

[18:55:51.581] Moving to: [0.000 -3.000 0.000]
[18:55:52.801] Arrived at: [0.000 -3.000 0.000]
[18:55:52.801] Wait 0.000s
[18:55:52.801] Continue movement.

[18:55:52.801] Moving to: [10.000 -3.200 0.000]
[18:55:54.055] Arrived at: [0.007 -3.200 0.000] WARNING!
[18:55:54.055] Wait 0.000s
[18:55:54.059] Continue movement.

[18:55:54.060] Moving to: [0.000 -3.400 0.000]
[18:55:55.266] Arrived at: [0.000 -3.400 0.000]
[18:55:55.266] Wait 0.000s
[18:55:55.266] Continue movement.

[18:55:55.266] Moving to: [10.000 -3.600 0.000]
[18:55:56.447] Arrived at: [0.007 -3.600 0.000] WARNING!
[18:55:56.447] Wait 0.000s
[18:55:56.457] Continue movement.

[18:55:56.458] Finished iteration 1

[18:55:56.458] Starting iteration 2
[18:55:56.460] Moving to: [0.000 0.000 0.000]
[18:56:00.077] Arrived at: [0.000 0.000 0.000]
[18:56:00.077] Wait 5.000s
[18:56:05.084] Continue movement.

[18:56:05.084] Moving to: [10.000 0.000 0.000]
[18:56:05.845] Arrived at: [0.007 0.000 0.000] WARNING!
[18:56:05.846] Wait 0.000s
[18:56:05.848] Continue movement.

[18:56:05.849] Moving to: [0.000 -0.200 0.000]
[18:56:07.116] Arrived at: [0.000 -0.200 0.000]
[18:56:07.116] Wait 0.000s
[18:56:07.116] Continue movement.

[18:56:07.116] Moving to: [10.000 -0.400 0.000]
[18:56:08.345] Arrived at: [0.007 -0.400 0.000] WARNING!
[18:56:08.345] Wait 0.000s
[18:56:08.345] Continue movement.

[18:56:08.355] Moving to: [0.000 -0.600 0.000]
[18:56:09.528] Arrived at: [0.000 -0.600 0.000]
[18:56:09.528] Wait 0.000s
[18:56:09.528] Continue movement.

[18:56:09.528] Moving to: [10.000 -0.800 0.000]
[18:56:10.708] Arrived at: [0.007 -0.800 0.000] WARNING!
[18:56:10.708] Wait 0.000s
[18:56:10.719] Continue movement.

[18:56:10.720] Moving to: [0.000 -1.000 0.000]
[18:56:11.942] Arrived at: [0.000 -1.000 0.000]
[18:56:11.942] Wait 0.000s
[18:56:11.942] Continue movement.

[18:56:11.942] Moving to: [10.000 -1.200 0.000]
[18:56:13.125] Arrived at: [0.007 -1.200 0.000] WARNING!
[18:56:13.125] Wait 0.000s
[18:56:13.135] Continue movement.

[18:56:13.136] Moving to: [0.000 -1.400 0.000]
[18:56:14.355] Arrived at: [0.000 -1.400 0.000] WARNING!
[18:56:14.355] Wait 0.000s
[18:56:14.357] Continue movement.

[18:56:14.359] Moving to: [10.000 -1.600 0.000]
[18:56:15.616] Arrived at: [0.007 -1.600 0.000] WARNING!
[18:56:15.617] Wait 0.000s
[18:56:15.619] Continue movement.

[18:56:15.621] Moving to: [0.000 -1.800 0.000]
[18:56:16.774] Arrived at: [0.000 -1.800 0.000]
[18:56:16.774] Wait 0.000s
[18:56:16.774] Continue movement.

[18:56:16.774] Moving to: [10.000 -2.000 0.000]
[18:56:18.004] Arrived at: [0.007 -2.000 0.000] WARNING!
[18:56:18.004] Wait 0.000s
[18:56:18.004] Continue movement.

[18:56:18.004] Moving to: [0.000 -2.200 0.000]
[18:56:19.200] Arrived at: [0.000 -2.200 0.000]
[18:56:19.200] Wait 0.000s
[18:56:19.200] Continue movement.

[18:56:19.200] Moving to: [10.000 -2.400 0.000]
[18:56:20.432] Arrived at: [0.007 -2.400 0.000] WARNING!
[18:56:20.432] Wait 0.000s
[18:56:20.432] Continue movement.

[18:56:20.443] Moving to: [0.000 -2.600 0.000]
[18:56:21.682] Arrived at: [0.000 -2.600 0.000]
[18:56:21.682] Wait 0.000s
[18:56:21.682] Continue movement.

[18:56:21.682] Moving to: [10.000 -2.800 0.000]
[18:56:22.842] Arrived at: [0.007 -2.800 0.000] WARNING!
[18:56:22.844] Wait 0.000s
[18:56:22.846] Continue movement.

[18:56:22.847] Moving to: [0.000 -3.000 0.000]
[18:56:24.087] Arrived at: [0.000 -3.000 0.000]
[18:56:24.087] Wait 0.000s
[18:56:24.089] Continue movement.

[18:56:24.090] Moving to: [10.000 -3.200 0.000]
[18:56:25.308] Arrived at: [0.007 -3.200 0.000] WARNING!
[18:56:25.308] Wait 0.000s
[18:56:25.308] Continue movement.

[18:56:25.308] Moving to: [0.000 -3.400 0.000]
[18:56:26.541] Arrived at: [0.000 -3.400 0.000]
[18:56:26.541] Wait 0.000s
[18:56:26.541] Continue movement.

[18:56:26.541] Moving to: [10.000 -3.600 0.000]
[18:56:27.720] Arrived at: [0.007 -3.600 0.000] WARNING!
[18:56:27.721] Wait 0.000s
[18:56:27.724] Continue movement.

[18:56:27.725] Finished iteration 2

[18:56:27.725] Starting iteration 3
[18:56:27.727] Moving to: [0.000 0.000 0.000]
[18:56:31.309] Arrived at: [0.000 0.000 0.000]
[18:56:31.310] Wait 5.000s
[18:56:36.316] Continue movement.

[18:56:36.316] Moving to: [10.000 0.000 0.000]
[18:56:37.053] Arrived at: [0.007 0.000 0.000] WARNING!
[18:56:37.053] Wait 0.000s
[18:56:37.058] Continue movement.

[18:56:37.059] Moving to: [0.000 -0.200 0.000]
[18:56:38.296] Arrived at: [0.000 -0.200 0.000]
[18:56:38.296] Wait 0.000s
[18:56:38.296] Continue movement.

[18:56:38.296] Moving to: [10.000 -0.400 0.000]
[18:56:39.557] Arrived at: [0.007 -0.400 0.000] WARNING!
[18:56:39.557] Wait 0.000s
[18:56:39.557] Continue movement.

[18:56:39.567] Moving to: [0.000 -0.600 0.000]
[18:56:40.772] Arrived at: [0.000 -0.600 0.000]
[18:56:40.772] Wait 0.000s
[18:56:40.772] Continue movement.

[18:56:40.772] Moving to: [10.000 -0.800 0.000]
[18:56:41.989] Arrived at: [0.007 -0.800 0.000] WARNING!
[18:56:41.989] Wait 0.000s
[18:56:42.000] Continue movement.

[18:56:42.001] Moving to: [0.000 -1.000 0.000]
[18:56:43.178] Arrived at: [0.000 -1.000 0.000]
[18:56:43.178] Wait 0.000s
[18:56:43.178] Continue movement.

[18:56:43.178] Moving to: [10.000 -1.200 0.000]
[18:56:44.417] Arrived at: [0.007 -1.200 0.000] WARNING!
[18:56:44.417] Wait 0.000s
[18:56:44.417] Continue movement.

[18:56:44.428] Moving to: [0.000 -1.400 0.000]
[18:56:45.650] Arrived at: [0.000 -1.400 0.000] WARNING!
[18:56:45.650] Wait 0.000s
[18:56:45.657] Continue movement.

[18:56:45.658] Moving to: [10.000 -1.600 0.000]
[18:56:46.911] Arrived at: [0.007 -1.600 0.000] WARNING!
[18:56:46.911] Wait 0.000s
[18:56:46.914] Continue movement.

[18:56:46.915] Moving to: [0.000 -1.800 0.000]
[18:56:48.112] Arrived at: [0.000 -1.800 0.000]
[18:56:48.112] Wait 0.000s
[18:56:48.112] Continue movement.

[18:56:48.112] Moving to: [10.000 -2.000 0.000]
[18:56:49.320] Arrived at: [0.007 -2.000 0.000] WARNING!
[18:56:49.321] Wait 0.000s
[18:56:49.323] Continue movement.

[18:56:49.324] Moving to: [0.000 -2.200 0.000]
[18:56:50.478] Arrived at: [0.000 -2.200 0.000]
[18:56:50.478] Wait 0.000s
[18:56:50.478] Continue movement.

[18:56:50.478] Moving to: [10.000 -2.400 0.000]
[18:56:51.646] Arrived at: [0.007 -2.400 0.000] WARNING!
[18:56:51.646] Wait 0.000s
[18:56:51.659] Continue movement.

[18:56:51.662] Moving to: [0.000 -2.600 0.000]
[18:56:52.845] Arrived at: [0.000 -2.600 0.000]
[18:56:52.845] Wait 0.000s
[18:56:52.845] Continue movement.

[18:56:52.845] Moving to: [10.000 -2.800 0.000]
[18:56:54.038] Arrived at: [0.007 -2.800 0.000] WARNING!
[18:56:54.038] Wait 0.000s
[18:56:54.041] Continue movement.

[18:56:54.042] Moving to: [0.000 -3.000 0.000]
[18:56:55.278] Arrived at: [0.000 -3.000 0.000]
[18:56:55.278] Wait 0.000s
[18:56:55.278] Continue movement.

[18:56:55.278] Moving to: [10.000 -3.200 0.000]
[18:56:56.508] Arrived at: [0.007 -3.200 0.000] WARNING!
[18:56:56.508] Wait 0.000s
[18:56:56.508] Continue movement.

[18:56:56.520] Moving to: [0.000 -3.400 0.000]
[18:56:57.696] Arrived at: [0.000 -3.400 0.000]
[18:56:57.696] Wait 0.000s
[18:56:57.696] Continue movement.

[18:56:57.696] Moving to: [10.000 -3.600 0.000]
[18:56:58.913] Arrived at: [0.007 -3.600 0.000] WARNING!
[18:56:58.913] Wait 0.000s
[18:56:58.913] Continue movement.

[18:56:58.913] Finished iteration 3

[18:56:58.923] Plan finished.
