[17:06:38.299] Starting plan irradiation...
	Plan name: Plan de movimiento solo stage
	Plan comment: irradiacion15.7cm
	Absolut shift from X to (0,0) well: [0.000 0.000 0.000]
[17:07:09.695] Starting iteration 1
[17:07:09.697] Moving to: [0.000 0.000 0.000]
[17:07:15.303] Arrived at: [0.000 0.000 0.000]
[17:07:15.303] Wait 5.000s
[17:07:20.309] Continue movement.

[17:07:20.309] Moving to: [10.000 0.000 0.000]
[17:07:27.531] Arrived at: [10.000 0.000 0.000]
[17:07:27.535] Wait 0.000s
[17:07:27.538] Continue movement.

[17:07:27.538] Moving to: [0.000 -0.200 0.000]
[17:07:35.181] Arrived at: [0.000 -0.200 0.000]
[17:07:35.181] Wait 0.000s
[17:07:35.181] Continue movement.

[17:07:35.181] Moving to: [10.000 -0.400 0.000]
[17:07:42.832] Arrived at: [10.000 -0.400 0.000]
[17:07:42.832] Wait 0.000s
[17:07:42.835] Continue movement.

[17:07:42.835] Moving to: [0.000 -0.600 0.000]
[17:07:50.470] Arrived at: [0.000 -0.600 0.000]
[17:07:50.474] Wait 0.000s
[17:07:50.475] Continue movement.

[17:07:50.475] Moving to: [10.000 -0.800 0.000]
[17:07:58.290] Arrived at: [10.000 -0.800 0.000]
[17:07:58.290] Wait 0.000s
[17:07:58.294] Continue movement.

[17:07:58.294] Moving to: [0.000 -1.000 0.000]
[17:08:06.093] Arrived at: [0.000 -1.000 0.000]
[17:08:06.094] Wait 0.000s
[17:08:06.094] Continue movement.

[17:08:06.094] Moving to: [10.000 -1.200 0.000]
[17:08:13.921] Arrived at: [10.000 -1.200 0.000]
[17:08:13.921] Wait 0.000s
[17:08:13.921] Continue movement.

[17:08:13.921] Moving to: [0.000 -1.400 0.000]
[17:08:21.727] Arrived at: [0.000 -1.400 0.000] WARNING!
[17:08:21.727] Wait 0.000s
[17:08:21.730] Continue movement.

[17:08:21.730] Moving to: [10.000 -1.600 0.000]
[17:08:29.379] Arrived at: [10.000 -1.600 0.000]
[17:08:29.380] Wait 0.000s
[17:08:29.381] Continue movement.

[17:08:29.383] Moving to: [0.000 -1.800 0.000]
[17:08:37.183] Arrived at: [0.000 -1.800 0.000]
[17:08:37.183] Wait 0.000s
[17:08:37.187] Continue movement.

[17:08:37.187] Moving to: [10.000 -2.000 0.000]
[17:08:44.848] Arrived at: [10.000 -2.000 0.000]
[17:08:44.848] Wait 0.000s
[17:08:44.848] Continue movement.

[17:08:44.848] Moving to: [0.000 -2.200 0.000]
[17:08:52.629] Arrived at: [0.000 -2.200 0.000]
[17:08:52.629] Wait 0.000s
[17:08:52.631] Continue movement.

[17:08:52.631] Moving to: [10.000 -2.400 0.000]
[17:09:00.270] Arrived at: [10.000 -2.400 0.000]
[17:09:00.270] Wait 0.000s
[17:09:00.273] Continue movement.

[17:09:00.273] Moving to: [0.000 -2.600 0.000]
[17:09:07.922] Arrived at: [0.000 -2.600 0.000]
[17:09:07.922] Wait 0.000s
[17:09:07.926] Continue movement.

[17:09:07.927] Moving to: [10.000 -2.800 0.000]
[17:09:15.740] Arrived at: [10.000 -2.800 0.000] WARNING!
[17:09:15.740] Wait 0.000s
[17:09:15.741] Continue movement.

[17:09:15.744] Moving to: [0.000 -3.000 0.000]
[17:09:23.375] Arrived at: [0.000 -3.000 0.000]
[17:09:23.376] Wait 0.000s
[17:09:23.377] Continue movement.

[17:09:23.378] Moving to: [10.000 -3.200 0.000]
[17:09:31.024] Arrived at: [10.000 -3.200 0.000]
[17:09:31.024] Wait 0.000s
[17:09:31.024] Continue movement.

[17:09:31.024] Moving to: [0.000 -3.400 0.000]
[17:09:38.817] Arrived at: [0.000 -3.400 0.000]
[17:09:38.817] Wait 0.000s
[17:09:38.821] Continue movement.

[17:09:38.821] Moving to: [10.000 -3.600 0.000]
[17:09:46.470] Arrived at: [10.000 -3.600 0.000]
[17:09:46.474] Wait 0.000s
[17:09:46.475] Continue movement.

[17:09:46.476] Moving to: [0.000 -3.800 0.000]
[17:09:54.275] Arrived at: [0.000 -3.800 0.000] WARNING!
[17:09:54.275] Wait 0.000s
[17:09:54.275] Continue movement.

[17:09:54.275] Moving to: [10.000 -4.000 0.000]
[17:10:02.091] Arrived at: [10.000 -4.000 0.000]
[17:10:02.092] Wait 0.000s
[17:10:02.093] Continue movement.

[17:10:02.094] Finished iteration 1

[17:10:02.095] Plan finished.
