[17:49:52.909] Starting plan irradiation...
	Plan name: Plan de movimiento solo stage
	Plan comment: pruebaW
	Absolut shift from X to (0,0) well: [0.000 0.000 0.000]
[17:49:56.440] Starting iteration 1
[17:49:56.440] Moving to: [0.000 0.000 0.000]
[17:49:58.466] Arrived at: [0.000 0.000 0.000]
[17:49:58.466] Wait 5.000s
[17:50:03.469] Continue movement.

[17:50:03.470] Moving to: [2.200 0.000 0.000]
[17:50:05.653] Arrived at: [2.200 0.000 0.000]
[17:50:05.657] Wait 0.000s
[17:50:05.657] Continue movement.

[17:50:05.657] Moving to: [0.000 -0.200 0.000]
[17:50:08.257] Arrived at: [0.000 -0.200 0.000]
[17:50:08.257] Wait 0.000s
[17:50:08.261] Continue movement.

[17:50:08.261] Moving to: [2.200 -0.400 0.000]
[17:50:10.691] Arrived at: [2.200 -0.400 0.000]
[17:50:10.695] Wait 0.000s
[17:50:10.695] Continue movement.

[17:50:10.697] Moving to: [0.000 -0.600 0.000]
[17:50:13.129] Arrived at: [0.000 -0.600 0.000]
[17:50:13.130] Wait 0.000s
[17:50:13.132] Continue movement.

[17:50:13.133] Moving to: [2.200 -0.800 0.000]
[17:50:15.751] Arrived at: [2.200 -0.800 0.000]
[17:50:15.752] Wait 0.000s
[17:50:15.752] Continue movement.

[17:50:15.752] Moving to: [0.000 -1.000 0.000]
[17:50:18.359] Arrived at: [0.000 -1.000 0.000]
[17:50:18.360] Wait 0.000s
[17:50:18.363] Continue movement.

[17:50:18.363] Moving to: [2.200 -1.200 0.000]
[17:50:20.967] Arrived at: [2.200 -1.200 0.000]
[17:50:20.967] Wait 0.000s
[17:50:20.971] Continue movement.

[17:50:20.971] Moving to: [0.000 -1.400 0.000]
[17:50:23.606] Arrived at: [0.000 -1.400 0.000] WARNING!
[17:50:23.607] Wait 0.000s
[17:50:23.610] Continue movement.

[17:50:23.612] Moving to: [2.200 -1.600 0.000]
[17:50:26.053] Arrived at: [2.200 -1.600 0.000]
[17:50:26.053] Wait 0.000s
[17:50:26.056] Continue movement.

[17:50:26.058] Moving to: [0.000 -1.800 0.000]
[17:50:28.476] Arrived at: [0.000 -1.800 0.000]
[17:50:28.480] Wait 0.000s
[17:50:28.481] Continue movement.

[17:50:28.482] Moving to: [2.200 -2.000 0.000]
[17:50:31.092] Arrived at: [2.200 -2.000 0.000]
[17:50:31.092] Wait 0.000s
[17:50:31.092] Continue movement.

[17:50:31.096] Moving to: [0.000 -2.200 0.000]
[17:50:33.708] Arrived at: [0.000 -2.200 0.000]
[17:50:33.708] Wait 0.000s
[17:50:33.711] Continue movement.

[17:50:33.712] Moving to: [2.200 -2.400 0.000]
[17:50:36.307] Arrived at: [2.200 -2.400 0.000]
[17:50:36.307] Wait 0.000s
[17:50:36.307] Continue movement.

[17:50:36.312] Moving to: [0.000 -2.600 0.000]
[17:50:38.927] Arrived at: [0.000 -2.600 0.000]
[17:50:38.927] Wait 0.000s
[17:50:38.931] Continue movement.

[17:50:38.931] Moving to: [2.200 -2.800 0.000]
[17:50:41.384] Arrived at: [2.200 -2.800 0.000] WARNING!
[17:50:41.385] Wait 0.000s
[17:50:41.388] Continue movement.

[17:50:41.390] Moving to: [0.000 -3.000 0.000]
[17:50:44.014] Arrived at: [0.000 -3.000 0.000]
[17:50:44.015] Wait 0.000s
[17:50:44.017] Continue movement.

[17:50:44.018] Moving to: [2.200 -3.200 0.000]
[17:50:46.620] Arrived at: [2.200 -3.200 0.000]
[17:50:46.620] Wait 0.000s
[17:50:46.626] Continue movement.

[17:50:46.627] Moving to: [0.000 -3.400 0.000]
[17:50:49.240] Arrived at: [0.000 -3.400 0.000]
[17:50:49.241] Wait 0.000s
[17:50:49.241] Continue movement.

[17:50:49.241] Moving to: [2.200 -3.600 0.000]
[17:50:51.853] Arrived at: [2.200 -3.600 0.000]
[17:50:51.853] Wait 0.000s
[17:50:51.855] Continue movement.

[17:50:51.856] Moving to: [0.000 -3.800 0.000]
[17:50:54.299] Arrived at: [0.000 -3.800 0.000] WARNING!
[17:50:54.301] Wait 0.000s
[17:50:54.302] Continue movement.

[17:50:54.304] Moving to: [2.200 -4.000 0.000]
[17:50:56.750] Arrived at: [2.200 -4.000 0.000]
[17:50:56.755] Wait 0.000s
[17:50:56.755] Continue movement.

[17:50:56.755] Finished iteration 1

[17:50:56.755] Plan finished.
