[11:33:32.277] Starting plan irradiation...
	Plan name: Plan de movimiento solo stage
	Plan comment: pruebalaser
	Absolut shift from X to (0,0) well: [0.000 0.000 0.000]
[11:33:43.110] Starting iteration 1
[11:33:43.111] Moving to: [0.000 0.000 0.000]
[11:33:43.358] Arrived at: [0.000 0.000 0.000]
[11:33:43.358] Wait 0.000s
[11:33:43.362] Continue movement.

[11:33:43.362] Moving to: [10.000 0.000 0.000]
[11:33:50.619] Arrived at: [10.000 0.000 0.000]
[11:33:50.619] Wait 0.000s
[11:33:50.623] Continue movement.

[11:33:50.624] Moving to: [10.000 -0.300 0.000]
[11:33:51.495] Arrived at: [10.000 -0.300 0.000]
[11:33:51.503] Wait 0.000s
[11:33:51.503] Continue movement.

[11:33:51.503] Moving to: [0.000 -0.300 0.000]
[11:33:58.736] Arrived at: [0.000 -0.300 0.000]
[11:33:58.736] Wait 0.000s
[11:33:58.736] Continue movement.

[11:33:58.740] Moving to: [0.000 -0.600 0.000]
[11:33:59.616] Arrived at: [0.000 -0.600 0.000]
[11:33:59.617] Wait 0.000s
[11:33:59.617] Continue movement.

[11:33:59.617] Moving to: [10.000 -0.600 0.000]
[11:34:06.826] Arrived at: [10.000 -0.600 0.000]
[11:34:06.827] Wait 0.000s
[11:34:06.828] Continue movement.

[11:34:06.829] Finished iteration 1

[11:34:06.831] Plan finished.
