[21:39:57.579] Starting plan irradiation...
	Plan name: Plan de movimiento solo stage
	Plan comment: irradW7
	Absolut shift from X to (0,0) well: [0.000 0.000 0.000]
[21:40:07.276] Starting iteration 1
[21:40:07.277] Moving to: [0.000 0.000 0.000]
[21:40:07.539] Arrived at: [0.000 0.000 0.000]
[21:40:07.540] Wait 0.000s
[21:40:07.542] Continue movement.

[21:40:07.543] Moving to: [-2.000 0.000 0.000]
[21:40:09.469] Arrived at: [-2.000 0.000 0.000]
[21:40:09.469] Wait 0.000s
[21:40:09.469] Continue movement.

[21:40:09.469] Moving to: [0.000 -0.200 0.000]
[21:40:11.837] Arrived at: [0.000 -0.200 0.000]
[21:40:11.842] Wait 0.000s
[21:40:11.842] Continue movement.

[21:40:11.842] Moving to: [-2.000 -0.400 0.000]
[21:40:14.336] Arrived at: [-2.000 -0.400 0.000]
[21:40:14.336] Wait 0.000s
[21:40:14.336] Continue movement.

[21:40:14.340] Moving to: [0.000 -0.600 0.000]
[21:40:16.913] Arrived at: [0.000 -0.600 0.000]
[21:40:16.913] Wait 0.000s
[21:40:16.913] Continue movement.

[21:40:16.913] Moving to: [-2.000 -0.800 0.000]
[21:40:19.353] Arrived at: [-2.000 -0.800 0.000]
[21:40:19.353] Wait 0.000s
[21:40:19.357] Continue movement.

[21:40:19.357] Moving to: [0.000 -1.000 0.000]
[21:40:21.923] Arrived at: [0.000 -1.000 0.000]
[21:40:21.924] Wait 0.000s
[21:40:21.925] Continue movement.

[21:40:21.925] Moving to: [-2.000 -1.200 0.000]
[21:40:24.332] Arrived at: [-2.000 -1.200 0.000]
[21:40:24.332] Wait 0.000s
[21:40:24.332] Continue movement.

[21:40:24.336] Moving to: [0.000 -1.400 0.000]
[21:40:26.890] Arrived at: [0.000 -1.400 0.000] WARNING!
[21:40:26.890] Wait 0.000s
[21:40:26.893] Continue movement.

[21:40:26.894] Moving to: [-2.000 -1.600 0.000]
[21:40:29.316] Arrived at: [-2.000 -1.600 0.000]
[21:40:29.316] Wait 0.000s
[21:40:29.320] Continue movement.

[21:40:29.321] Moving to: [0.000 -1.800 0.000]
[21:40:31.703] Arrived at: [0.000 -1.800 0.000]
[21:40:31.703] Wait 0.000s
[21:40:31.707] Continue movement.

[21:40:31.708] Moving to: [-2.000 -2.000 0.000]
[21:40:34.128] Arrived at: [-2.000 -2.000 0.000]
[21:40:34.128] Wait 0.000s
[21:40:34.132] Continue movement.

[21:40:34.133] Moving to: [0.000 -2.200 0.000]
[21:40:36.605] Arrived at: [0.000 -2.200 0.000]
[21:40:36.605] Wait 0.000s
[21:40:36.607] Continue movement.

[21:40:36.608] Moving to: [-2.000 -2.400 0.000]
[21:40:39.003] Arrived at: [-2.000 -2.400 0.000]
[21:40:39.003] Wait 0.000s
[21:40:39.003] Continue movement.

[21:40:39.003] Moving to: [0.000 -2.600 0.000]
[21:40:41.400] Arrived at: [0.000 -2.600 0.000]
[21:40:41.400] Wait 0.000s
[21:40:41.400] Continue movement.

[21:40:41.400] Moving to: [-2.000 -2.800 0.000]
[21:40:43.837] Arrived at: [-2.000 -2.800 0.000] WARNING!
[21:40:43.837] Wait 0.000s
[21:40:43.837] Continue movement.

[21:40:43.837] Moving to: [0.000 -3.000 0.000]
[21:40:46.225] Arrived at: [0.000 -3.000 0.000]
[21:40:46.227] Wait 0.000s
[21:40:46.229] Continue movement.

[21:40:46.230] Moving to: [-2.000 -3.200 0.000]
[21:40:48.576] Arrived at: [-2.000 -3.200 0.000]
[21:40:48.576] Wait 0.000s
[21:40:48.576] Continue movement.

[21:40:48.576] Moving to: [0.000 -3.400 0.000]
[21:40:51.003] Arrived at: [0.000 -3.400 0.000]
[21:40:51.003] Wait 0.000s
[21:40:51.003] Continue movement.

[21:40:51.003] Moving to: [-2.000 -3.600 0.000]
[21:40:53.403] Arrived at: [-2.000 -3.600 0.000]
[21:40:53.403] Wait 0.000s
[21:40:53.403] Continue movement.

[21:40:53.403] Moving to: [0.000 -3.800 0.000]
[21:40:55.771] Arrived at: [0.000 -3.800 0.000] WARNING!
[21:40:55.771] Wait 0.000s
[21:40:55.782] Continue movement.

[21:40:55.783] Moving to: [-2.000 -4.000 0.000]
[21:40:58.178] Arrived at: [-2.000 -4.000 0.000]
[21:40:58.178] Wait 0.000s
[21:40:58.178] Continue movement.

[21:40:58.178] Moving to: [0.000 -4.200 0.000]
[21:41:00.515] Arrived at: [0.000 -4.200 0.000]
[21:41:00.515] Wait 0.000s
[21:41:00.515] Continue movement.

[21:41:00.515] Moving to: [-2.000 -4.400 0.000]
[21:41:02.897] Arrived at: [-2.000 -4.400 0.000]
[21:41:02.897] Wait 0.000s
[21:41:02.897] Continue movement.

[21:41:02.897] Finished iteration 1

[21:41:02.897] Plan finished.
