[19:48:07.539] Starting plan irradiation...
	Plan name: Plan de movimiento solo stage
	Plan comment: irradW1
	Absolut shift from X to (0,0) well: [0.000 0.000 0.000]
[19:48:17.965] Starting iteration 1
[19:48:17.967] Moving to: [0.000 0.000 0.000]
[19:48:18.217] Arrived at: [0.000 0.000 0.000]
[19:48:18.217] Wait 0.000s
[19:48:18.217] Continue movement.

[19:48:18.217] Moving to: [-2.000 0.000 0.000]
[19:48:20.179] Arrived at: [-2.000 0.000 0.000]
[19:48:20.179] Wait 0.000s
[19:48:20.179] Continue movement.

[19:48:20.179] Moving to: [0.000 -0.200 0.000]
[19:48:22.560] Arrived at: [0.000 -0.200 0.000]
[19:48:22.573] Wait 0.000s
[19:48:22.573] Continue movement.

[19:48:22.573] Moving to: [-2.000 -0.400 0.000]
[19:48:25.016] Arrived at: [-2.000 -0.400 0.000]
[19:48:25.017] Wait 0.000s
[19:48:25.018] Continue movement.

[19:48:25.019] Moving to: [0.000 -0.600 0.000]
[19:48:27.405] Arrived at: [0.000 -0.600 0.000]
[19:48:27.405] Wait 0.000s
[19:48:27.405] Continue movement.

[19:48:27.405] Moving to: [-2.000 -0.800 0.000]
[19:48:29.835] Arrived at: [-2.000 -0.800 0.000]
[19:48:29.835] Wait 0.000s
[19:48:29.835] Continue movement.

[19:48:29.835] Moving to: [0.000 -1.000 0.000]
[19:48:32.280] Arrived at: [0.000 -1.000 0.000]
[19:48:32.280] Wait 0.000s
[19:48:32.280] Continue movement.

[19:48:32.280] Moving to: [-2.000 -1.200 0.000]
[19:48:34.663] Arrived at: [-2.000 -1.200 0.000]
[19:48:34.663] Wait 0.000s
[19:48:34.663] Continue movement.

[19:48:34.663] Moving to: [0.000 -1.400 0.000]
[19:48:37.029] Arrived at: [0.000 -1.400 0.000] WARNING!
[19:48:37.030] Wait 0.000s
[19:48:37.031] Continue movement.

[19:48:37.034] Moving to: [-2.000 -1.600 0.000]
[19:48:39.440] Arrived at: [-2.000 -1.600 0.000]
[19:48:39.440] Wait 0.000s
[19:48:39.440] Continue movement.

[19:48:39.440] Moving to: [0.000 -1.800 0.000]
[19:48:41.798] Arrived at: [0.000 -1.800 0.000]
[19:48:41.798] Wait 0.000s
[19:48:41.798] Continue movement.

[19:48:41.798] Moving to: [-2.000 -2.000 0.000]
[19:48:44.228] Arrived at: [-2.000 -2.000 0.000]
[19:48:44.228] Wait 0.000s
[19:48:44.228] Continue movement.

[19:48:44.228] Moving to: [0.000 -2.200 0.000]
[19:48:46.676] Arrived at: [0.000 -2.200 0.000]
[19:48:46.676] Wait 0.000s
[19:48:46.676] Continue movement.

[19:48:46.676] Moving to: [-2.000 -2.400 0.000]
[19:48:49.104] Arrived at: [-2.000 -2.400 0.000]
[19:48:49.104] Wait 0.000s
[19:48:49.104] Continue movement.

[19:48:49.104] Moving to: [0.000 -2.600 0.000]
[19:48:51.486] Arrived at: [0.000 -2.600 0.000]
[19:48:51.486] Wait 0.000s
[19:48:51.486] Continue movement.

[19:48:51.486] Moving to: [-2.000 -2.800 0.000]
[19:48:53.919] Arrived at: [-2.000 -2.800 0.000] WARNING!
[19:48:53.919] Wait 0.000s
[19:48:53.921] Continue movement.

[19:48:53.921] Moving to: [0.000 -3.000 0.000]
[19:48:56.337] Arrived at: [0.000 -3.000 0.000]
[19:48:56.337] Wait 0.000s
[19:48:56.341] Continue movement.

[19:48:56.342] Moving to: [-2.000 -3.200 0.000]
[19:48:58.714] Arrived at: [-2.000 -3.200 0.000]
[19:48:58.714] Wait 0.000s
[19:48:58.714] Continue movement.

[19:48:58.714] Moving to: [0.000 -3.400 0.000]
[19:49:01.104] Arrived at: [0.000 -3.400 0.000]
[19:49:01.105] Wait 0.000s
[19:49:01.105] Continue movement.

[19:49:01.105] Moving to: [-2.000 -3.600 0.000]
[19:49:03.512] Arrived at: [-2.000 -3.600 0.000]
[19:49:03.512] Wait 0.000s
[19:49:03.512] Continue movement.

[19:49:03.512] Moving to: [0.000 -3.800 0.000]
[19:49:06.065] Arrived at: [0.000 -3.800 0.000] WARNING!
[19:49:06.065] Wait 0.000s
[19:49:06.067] Continue movement.

[19:49:06.067] Moving to: [-2.000 -4.000 0.000]
[19:49:08.436] Arrived at: [-2.000 -4.000 0.000]
[19:49:08.436] Wait 0.000s
[19:49:08.436] Continue movement.

[19:49:08.436] Moving to: [0.000 -4.200 0.000]
[19:49:10.867] Arrived at: [0.000 -4.200 0.000]
[19:49:10.867] Wait 0.000s
[19:49:10.867] Continue movement.

[19:49:10.867] Moving to: [-2.000 -4.400 0.000]
[19:49:13.297] Arrived at: [-2.000 -4.400 0.000]
[19:49:13.297] Wait 0.000s
[19:49:13.297] Continue movement.

[19:49:13.297] Finished iteration 1

[19:49:13.297] Starting iteration 2
[19:49:13.297] Moving to: [0.000 0.000 0.000]
[19:49:18.477] Arrived at: [0.000 0.000 0.000]
[19:49:18.477] Wait 0.000s
[19:49:18.477] Continue movement.

[19:49:18.477] Moving to: [-2.000 0.000 0.000]
[19:49:20.382] Arrived at: [-2.000 0.000 0.000]
[19:49:20.382] Wait 0.000s
[19:49:20.382] Continue movement.

[19:49:20.382] Moving to: [0.000 -0.200 0.000]
[19:49:22.798] Arrived at: [0.000 -0.200 0.000]
[19:49:22.798] Wait 0.000s
[19:49:22.798] Continue movement.

[19:49:22.798] Moving to: [-2.000 -0.400 0.000]
[19:49:25.198] Arrived at: [-2.000 -0.400 0.000]
[19:49:25.198] Wait 0.000s
[19:49:25.198] Continue movement.

[19:49:25.198] Moving to: [0.000 -0.600 0.000]
[19:49:27.593] Arrived at: [0.000 -0.600 0.000]
[19:49:27.593] Wait 0.000s
[19:49:27.593] Continue movement.

[19:49:27.593] Moving to: [-2.000 -0.800 0.000]
[19:49:30.041] Arrived at: [-2.000 -0.800 0.000]
[19:49:30.041] Wait 0.000s
[19:49:30.041] Continue movement.

[19:49:30.041] Moving to: [0.000 -1.000 0.000]
[19:49:32.426] Arrived at: [0.000 -1.000 0.000]
[19:49:32.426] Wait 0.000s
[19:49:32.426] Continue movement.

[19:49:32.426] Moving to: [-2.000 -1.200 0.000]
[19:49:34.774] Arrived at: [-2.000 -1.200 0.000]
[19:49:34.775] Wait 0.000s
[19:49:34.776] Continue movement.

[19:49:34.776] Moving to: [0.000 -1.400 0.000]
[19:49:37.165] Arrived at: [0.000 -1.400 0.000] WARNING!
[19:49:37.166] Wait 0.000s
[19:49:37.166] Continue movement.

[19:49:37.167] Moving to: [-2.000 -1.600 0.000]
[19:49:39.653] Arrived at: [-2.000 -1.600 0.000]
[19:49:39.653] Wait 0.000s
[19:49:39.653] Continue movement.

[19:49:39.653] Moving to: [0.000 -1.800 0.000]
[19:49:41.997] Arrived at: [0.000 -1.800 0.000]
[19:49:41.998] Wait 0.000s
[19:49:41.998] Continue movement.

[19:49:42.000] Moving to: [-2.000 -2.000 0.000]
[19:49:44.477] Arrived at: [-2.000 -2.000 0.000]
[19:49:44.477] Wait 0.000s
[19:49:44.477] Continue movement.

[19:49:44.477] Moving to: [0.000 -2.200 0.000]
[19:49:46.977] Arrived at: [0.000 -2.200 0.000]
[19:49:46.977] Wait 0.000s
[19:49:46.977] Continue movement.

[19:49:46.977] Moving to: [-2.000 -2.400 0.000]
[19:49:49.483] Arrived at: [-2.000 -2.400 0.000]
[19:49:49.483] Wait 0.000s
[19:49:49.483] Continue movement.

[19:49:49.483] Moving to: [0.000 -2.600 0.000]
[19:49:51.995] Arrived at: [0.000 -2.600 0.000]
[19:49:51.995] Wait 0.000s
[19:49:51.995] Continue movement.

[19:49:51.995] Moving to: [-2.000 -2.800 0.000]
[19:49:54.446] Arrived at: [-2.000 -2.800 0.000] WARNING!
[19:49:54.446] Wait 0.000s
[19:49:54.454] Continue movement.

[19:49:54.454] Moving to: [0.000 -3.000 0.000]
[19:49:56.920] Arrived at: [0.000 -3.000 0.000]
[19:49:56.920] Wait 0.000s
[19:49:56.920] Continue movement.

[19:49:56.920] Moving to: [-2.000 -3.200 0.000]
[19:49:59.303] Arrived at: [-2.000 -3.200 0.000]
[19:49:59.303] Wait 0.000s
[19:49:59.303] Continue movement.

[19:49:59.303] Moving to: [0.000 -3.400 0.000]
[19:50:01.623] Arrived at: [0.000 -3.400 0.000]
[19:50:01.623] Wait 0.000s
[19:50:01.623] Continue movement.

[19:50:01.623] Moving to: [-2.000 -3.600 0.000]
[19:50:03.938] Arrived at: [-2.000 -3.600 0.000]
[19:50:03.939] Wait 0.000s
[19:50:03.940] Continue movement.

[19:50:03.940] Moving to: [0.000 -3.800 0.000]
[19:50:06.438] Arrived at: [0.000 -3.800 0.000] WARNING!
[19:50:06.438] Wait 0.000s
[19:50:06.440] Continue movement.

[19:50:06.441] Moving to: [-2.000 -4.000 0.000]
[19:50:08.978] Arrived at: [-2.000 -4.000 0.000]
[19:50:08.978] Wait 0.000s
[19:50:08.978] Continue movement.

[19:50:08.978] Moving to: [0.000 -4.200 0.000]
[19:50:11.459] Arrived at: [0.000 -4.200 0.000]
[19:50:11.459] Wait 0.000s
[19:50:11.459] Continue movement.

[19:50:11.459] Moving to: [-2.000 -4.400 0.000]
[19:50:13.921] Arrived at: [-2.000 -4.400 0.000]
[19:50:13.921] Wait 0.000s
[19:50:13.921] Continue movement.

[19:50:13.921] Finished iteration 2

[19:50:13.921] Plan finished.
