[16:29:06.695] Starting plan irradiation...
	Plan name: Plan de movimiento solo stage
	Plan comment: irradiacion5.7cm
	Absolut shift from X to (0,0) well: [0.000 0.000 0.000]
[16:30:55.404] Starting iteration 1
[16:30:55.404] Moving to: [0.000 0.000 0.000]
[16:31:05.799] Arrived at: [0.000 0.000 0.000]
[16:31:05.799] Wait 5.000s
[16:31:10.802] Continue movement.

[16:31:10.803] Moving to: [10.000 0.000 0.000]
[16:31:18.034] Arrived at: [10.000 0.000 0.000]
[16:31:18.037] Wait 0.000s
[16:31:18.040] Continue movement.

[16:31:18.042] Moving to: [0.000 -0.200 0.000]
[16:31:25.805] Arrived at: [0.000 -0.200 0.000]
[16:31:25.806] Wait 0.000s
[16:31:25.806] Continue movement.

[16:31:25.806] Moving to: [10.000 -0.400 0.000]
[16:31:33.626] Arrived at: [10.000 -0.400 0.000]
[16:31:33.626] Wait 0.000s
[16:31:33.626] Continue movement.

[16:31:33.626] Moving to: [0.000 -0.600 0.000]
[16:31:41.263] Arrived at: [0.000 -0.600 0.000]
[16:31:41.263] Wait 0.000s
[16:31:41.263] Continue movement.

[16:31:41.268] Moving to: [10.000 -0.800 0.000]
[16:31:48.932] Arrived at: [10.000 -0.800 0.000]
[16:31:48.932] Wait 0.000s
[16:31:48.932] Continue movement.

[16:31:48.932] Moving to: [0.000 -1.000 0.000]
[16:31:56.598] Arrived at: [0.000 -1.000 0.000]
[16:31:56.598] Wait 0.000s
[16:31:56.598] Continue movement.

[16:31:56.602] Moving to: [10.000 -1.200 0.000]
[16:32:04.278] Arrived at: [10.000 -1.200 0.000]
[16:32:04.278] Wait 0.000s
[16:32:04.282] Continue movement.

[16:32:04.282] Moving to: [0.000 -1.400 0.000]
[16:32:11.943] Arrived at: [0.000 -1.400 0.000] WARNING!
[16:32:11.943] Wait 0.000s
[16:32:11.945] Continue movement.

[16:32:11.947] Moving to: [10.000 -1.600 0.000]
[16:32:19.788] Arrived at: [10.000 -1.600 0.000]
[16:32:19.793] Wait 0.000s
[16:32:19.794] Continue movement.

[16:32:19.795] Moving to: [0.000 -1.800 0.000]
[16:32:27.417] Arrived at: [0.000 -1.800 0.000]
[16:32:27.421] Wait 0.000s
[16:32:27.423] Continue movement.

[16:32:27.423] Moving to: [10.000 -2.000 0.000]
[16:32:35.231] Arrived at: [10.000 -2.000 0.000]
[16:32:35.231] Wait 0.000s
[16:32:35.231] Continue movement.

[16:32:35.231] Moving to: [0.000 -2.200 0.000]
[16:32:42.895] Arrived at: [0.000 -2.200 0.000]
[16:32:42.896] Wait 0.000s
[16:32:42.898] Continue movement.

[16:32:42.898] Moving to: [10.000 -2.400 0.000]
[16:32:50.539] Arrived at: [10.000 -2.400 0.000]
[16:32:50.540] Wait 0.000s
[16:32:50.542] Continue movement.

[16:32:50.542] Moving to: [0.000 -2.600 0.000]
[16:32:58.178] Arrived at: [0.000 -2.600 0.000]
[16:32:58.178] Wait 0.000s
[16:32:58.182] Continue movement.

[16:32:58.183] Moving to: [10.000 -2.800 0.000]
[16:33:05.991] Arrived at: [10.000 -2.800 0.000] WARNING!
[16:33:05.991] Wait 0.000s
[16:33:05.991] Continue movement.

[16:33:05.991] Moving to: [0.000 -3.000 0.000]
[16:33:13.618] Arrived at: [0.000 -3.000 0.000]
[16:33:13.618] Wait 0.000s
[16:33:13.622] Continue movement.

[16:33:13.623] Moving to: [10.000 -3.200 0.000]
[16:33:21.303] Arrived at: [10.000 -3.200 0.000]
[16:33:21.303] Wait 0.000s
[16:33:21.307] Continue movement.

[16:33:21.307] Moving to: [0.000 -3.400 0.000]
[16:33:28.961] Arrived at: [0.000 -3.400 0.000]
[16:33:28.961] Wait 0.000s
[16:33:28.961] Continue movement.

[16:33:28.965] Moving to: [10.000 -3.600 0.000]
[16:33:36.621] Arrived at: [10.000 -3.600 0.000]
[16:33:36.622] Wait 0.000s
[16:33:36.622] Continue movement.

[16:33:36.622] Moving to: [0.000 -3.800 0.000]
[16:33:44.268] Arrived at: [0.000 -3.800 0.000] WARNING!
[16:33:44.268] Wait 0.000s
[16:33:44.273] Continue movement.

[16:33:44.273] Moving to: [10.000 -4.000 0.000]
[16:33:52.059] Arrived at: [10.000 -4.000 0.000]
[16:33:52.063] Wait 0.000s
[16:33:52.063] Continue movement.

[16:33:52.063] Finished iteration 1

[16:33:52.063] Plan finished.
