[15:04:53.151] Starting plan irradiation...
	Plan name: Plan de movimiento solo stage
	Plan comment: 
	Absolut shift from X to (0,0) well: [0.000 0.000 0.000]
[15:04:53.154] Starting iteration 1
[15:04:53.155] Moving to: [0.000 0.000 0.000]
[15:05:00.559] Arrived at: [0.000 0.000 0.000]
[15:05:00.559] Wait 5.000s
[15:05:05.562] Continue movement.

[15:05:05.562] Moving to: [10.000 0.000 0.000]
[15:05:12.770] Arrived at: [10.000 0.000 0.000]
[15:05:12.774] Wait 0.000s
[15:05:12.775] Continue movement.

[15:05:12.775] Moving to: [0.000 -0.200 0.000]
[15:05:20.435] Arrived at: [0.000 -0.200 0.000]
[15:05:20.442] Wait 0.000s
[15:05:20.444] Continue movement.

[15:05:20.445] Moving to: [10.000 -0.400 0.000]
[15:05:28.086] Arrived at: [10.000 -0.400 0.000]
[15:05:28.086] Wait 0.000s
[15:05:28.094] Continue movement.

[15:05:28.094] Moving to: [0.000 -0.600 0.000]
[15:05:35.721] Arrived at: [0.000 -0.600 0.000]
[15:05:35.725] Wait 0.000s
[15:05:35.726] Continue movement.

[15:05:35.726] Moving to: [10.000 -0.800 0.000]
[15:05:43.515] Arrived at: [10.000 -0.800 0.000]
[15:05:43.515] Wait 0.000s
[15:05:43.520] Continue movement.

[15:05:43.521] Moving to: [0.000 -1.000 0.000]
[15:05:51.168] Arrived at: [0.000 -1.000 0.000]
[15:05:51.168] Wait 0.000s
[15:05:51.168] Continue movement.

[15:05:51.173] Moving to: [10.000 -1.200 0.000]
[15:05:58.984] Arrived at: [10.000 -1.200 0.000]
[15:05:58.984] Wait 0.000s
[15:05:58.984] Continue movement.

[15:05:58.984] Moving to: [0.000 -1.400 0.000]
[15:06:06.795] Arrived at: [0.000 -1.400 0.000] WARNING!
[15:06:06.795] Wait 0.000s
[15:06:06.799] Continue movement.

[15:06:06.799] Moving to: [10.000 -1.600 0.000]
[15:06:14.484] Arrived at: [10.000 -1.600 0.000]
[15:06:14.484] Wait 0.000s
[15:06:14.488] Continue movement.

[15:06:14.488] Moving to: [0.000 -1.800 0.000]
[15:06:22.126] Arrived at: [0.000 -1.800 0.000]
[15:06:22.130] Wait 0.000s
[15:06:22.130] Continue movement.

[15:06:22.130] Moving to: [10.000 -2.000 0.000]
[15:06:29.946] Arrived at: [10.000 -2.000 0.000]
[15:06:29.946] Wait 0.000s
[15:06:29.950] Continue movement.

[15:06:29.950] Moving to: [0.000 -2.200 0.000]
[15:06:37.739] Arrived at: [0.000 -2.200 0.000]
[15:06:37.739] Wait 0.000s
[15:06:37.739] Continue movement.

[15:06:37.739] Moving to: [10.000 -2.400 0.000]
[15:06:45.465] Arrived at: [10.000 -2.400 0.000]
[15:06:45.465] Wait 0.000s
[15:06:45.465] Continue movement.

[15:06:45.465] Moving to: [0.000 -2.600 0.000]
[15:06:53.104] Arrived at: [0.000 -2.600 0.000]
[15:06:53.104] Wait 0.000s
[15:06:53.109] Continue movement.

[15:06:53.109] Moving to: [10.000 -2.800 0.000]
[15:07:00.940] Arrived at: [10.000 -2.800 0.000] WARNING!
[15:07:00.940] Wait 0.000s
[15:07:00.943] Continue movement.

[15:07:00.945] Moving to: [0.000 -3.000 0.000]
[15:07:08.725] Arrived at: [0.000 -3.000 0.000]
[15:07:08.725] Wait 0.000s
[15:07:08.729] Continue movement.

[15:07:08.729] Moving to: [10.000 -3.200 0.000]
[15:07:16.355] Arrived at: [10.000 -3.200 0.000]
[15:07:16.359] Wait 0.000s
[15:07:16.359] Continue movement.

[15:07:16.359] Moving to: [0.000 -3.400 0.000]
[15:07:24.002] Arrived at: [0.000 -3.400 0.000]
[15:07:24.006] Wait 0.000s
[15:07:24.006] Continue movement.

[15:07:24.006] Moving to: [10.000 -3.600 NaN]
[15:09:04.223] Arrived at: [10.000 -3.600 0.000] WARNING!
[15:09:04.224] Wait NaNs
[15:09:04.225] Continue movement.

[15:09:04.226] Moving to: [0.000 -3.800 0.000]
[15:09:11.986] Arrived at: [0.000 -3.800 0.000] WARNING!
[15:09:11.986] Wait 0.000s
[15:09:11.990] Continue movement.

[15:09:11.990] Moving to: [10.000 -4.000 0.000]
[15:09:19.872] Arrived at: [10.000 -4.000 0.000]
[15:09:19.872] Wait 0.000s
[15:09:19.874] Continue movement.

[15:09:19.876] Moving to: [0.000 -3.700 0.000]
[15:09:27.914] Arrived at: [0.000 -3.700 0.000]
[15:09:27.914] Wait 0.000s
[15:09:27.915] Continue movement.

[15:09:27.915] Moving to: [10.000 -3.500 0.000]
[15:09:35.555] Arrived at: [10.000 -3.500 0.000]
[15:09:35.556] Wait 0.000s
[15:09:35.557] Continue movement.

[15:09:35.558] Moving to: [0.000 -3.300 0.000]
[15:09:43.401] Arrived at: [0.000 -3.300 0.000] WARNING!
[15:09:43.401] Wait 0.000s
[15:09:43.406] Continue movement.

[15:09:43.406] Moving to: [10.000 -3.100 0.000]
[15:09:51.125] Arrived at: [10.000 -3.100 0.000]
[15:09:51.125] Wait 0.000s
[15:09:51.129] Continue movement.

[15:09:51.131] Moving to: [0.000 -2.900 0.000]
[15:09:58.842] Arrived at: [0.000 -2.900 0.000]
[15:09:58.842] Wait 0.000s
[15:09:58.842] Continue movement.

[15:09:58.846] Moving to: [10.000 -2.700 0.000]
[15:10:06.522] Arrived at: [10.000 -2.700 0.000]
[15:10:06.522] Wait 0.000s
[15:10:06.522] Continue movement.

[15:10:06.522] Moving to: [0.000 -2.500 0.000]
[15:10:14.261] Arrived at: [0.000 -2.500 0.000]
[15:10:14.262] Wait 0.000s
[15:10:14.264] Continue movement.

[15:10:14.266] Moving to: [10.000 -2.300 0.000]
[15:10:21.995] Arrived at: [10.000 -2.300 0.000] WARNING!
[15:10:21.996] Wait 0.000s
[15:10:21.998] Continue movement.

[15:10:22.000] Moving to: [0.000 -2.100 0.000]
[15:10:29.711] Arrived at: [0.000 -2.100 0.000]
[15:10:29.712] Wait 0.000s
[15:10:29.715] Continue movement.

[15:10:29.717] Moving to: [10.000 -1.900 0.000]
[15:10:37.520] Arrived at: [10.000 -1.900 0.000] WARNING!
[15:10:37.521] Wait 0.000s
[15:10:37.522] Continue movement.

[15:10:37.523] Moving to: [0.000 -1.700 0.000]
[15:10:45.367] Arrived at: [0.000 -1.700 0.000]
[15:10:45.367] Wait 0.000s
[15:10:45.371] Continue movement.

[15:10:45.371] Moving to: [10.000 -1.500 0.000]
[15:10:53.161] Arrived at: [10.000 -1.500 0.000]
[15:10:53.161] Wait 0.000s
[15:10:53.165] Continue movement.

[15:10:53.166] Moving to: [0.000 -1.300 0.000]
[15:11:00.977] Arrived at: [0.000 -1.300 0.000]
[15:11:00.978] Wait 0.000s
[15:11:00.979] Continue movement.

[15:11:00.980] Moving to: [10.000 -1.100 0.000]
[15:11:08.630] Arrived at: [10.000 -1.100 0.000]
[15:11:08.630] Wait 0.000s
[15:11:08.630] Continue movement.

[15:11:08.630] Moving to: [0.000 -0.900 0.000]
[15:11:16.308] Arrived at: [0.000 -0.900 0.000]
[15:11:16.308] Wait 0.000s
[15:11:16.308] Continue movement.

[15:11:16.308] Moving to: [10.000 -0.700 0.000]
[15:11:24.125] Arrived at: [10.000 -0.700 0.000] WARNING!
[15:11:24.129] Wait 0.000s
[15:11:24.129] Continue movement.

[15:11:24.129] Moving to: [0.000 -0.500 0.000]
[15:11:31.805] Arrived at: [0.000 -0.500 0.000]
[15:11:31.807] Wait 0.000s
[15:11:31.809] Continue movement.

[15:11:31.809] Moving to: [10.000 -0.300 0.000]
[15:11:39.476] Arrived at: [10.000 -0.300 0.000]
[15:11:39.480] Wait 0.000s
[15:11:39.480] Continue movement.

[15:11:39.480] Moving to: [0.000 -0.100 0.000]
[15:11:47.139] Arrived at: [0.000 -0.100 0.000]
[15:11:47.139] Wait 0.000s
[15:11:47.139] Continue movement.

[15:11:47.139] Moving to: [10.000 0.000 0.000]
[15:11:54.791] Arrived at: [10.000 0.000 0.000]
[15:11:54.791] Wait 0.000s
[15:11:54.795] Continue movement.

[15:11:54.795] Finished iteration 1

[15:11:54.795] Plan finished.
