[16:13:18.341] Starting plan irradiation...
	Plan name: Plan de movimiento solo stage
	Plan comment: pruebaCarol
	Absolut shift from X to (0,0) well: [0.000 -1.000 0.000]
[16:13:33.242] Starting iteration 1
[16:13:33.242] Moving to: [-1.000 0.000 0.000]
[16:13:34.526] Arrived at: [-1.000 0.000 0.000]
[16:13:34.526] Wait 0.100s
[16:13:34.648] Continue movement.

[16:13:34.648] Moving to: [-1.000 -1.000 0.000]
[16:13:35.916] Arrived at: [-1.000 -1.000 0.000]
[16:13:35.916] Wait 0.100s
[16:13:36.022] Continue movement.

[16:13:36.022] Moving to: [0.000 -1.000 0.000]
[16:13:37.310] Arrived at: [0.000 -1.000 0.000]
[16:13:37.310] Wait 0.100s
[16:13:37.418] Continue movement.

[16:13:37.418] Moving to: [0.000 0.000 0.000]
[16:13:38.709] Arrived at: [0.000 0.000 0.000]
[16:13:38.709] Wait 0.100s
[16:13:38.815] Continue movement.

[16:13:38.815] Moving to: [1.000 0.000 0.000]
[16:13:40.095] Arrived at: [1.000 0.000 0.000]
[16:13:40.095] Wait 0.100s
[16:13:40.201] Continue movement.

[16:13:40.201] Moving to: [1.000 -1.000 0.000]
[16:13:41.487] Arrived at: [1.000 -1.000 0.000]
[16:13:41.487] Wait 0.100s
[16:13:41.608] Continue movement.

[16:13:41.608] Moving to: [1.000 -2.000 0.000]
[16:13:42.891] Arrived at: [1.000 -2.000 0.000]
[16:13:42.891] Wait 0.100s
[16:13:43.011] Continue movement.

[16:13:43.011] Moving to: [0.000 -2.000 0.000]
[16:13:44.300] Arrived at: [0.000 -2.000 0.000]
[16:13:44.300] Wait 0.100s
[16:13:44.421] Continue movement.

[16:13:44.421] Moving to: [-1.000 -2.000 0.000]
[16:13:45.690] Arrived at: [-1.000 -2.000 0.000]
[16:13:45.690] Wait 0.100s
[16:13:45.811] Continue movement.

[16:13:45.811] Moving to: [-1.000 0.000 0.000]
[16:13:47.865] Arrived at: [-1.000 0.000 0.000]
[16:13:47.865] Wait 0.100s
[16:13:47.988] Continue movement.

[16:13:47.988] Finished iteration 1

[16:13:47.988] Starting iteration 2
[16:13:47.988] Moving to: [-1.000 0.000 0.000]
[16:13:48.238] Arrived at: [-1.000 0.000 0.000]
[16:13:48.238] Wait 0.100s
[16:13:48.359] Continue movement.

[16:13:48.359] Moving to: [-1.000 -1.000 0.000]
[16:13:49.642] Arrived at: [-1.000 -1.000 0.000]
[16:13:49.642] Wait 0.100s
[16:13:49.763] Continue movement.

[16:13:49.763] Moving to: [0.000 -1.000 0.000]
[16:13:51.013] Arrived at: [0.000 -1.000 0.000]
[16:13:51.013] Wait 0.100s
[16:13:51.135] Continue movement.

[16:13:51.135] Moving to: [0.000 0.000 0.000]
[16:13:52.426] Arrived at: [0.000 0.000 0.000]
[16:13:52.426] Wait 0.100s
[16:13:52.549] Continue movement.

[16:13:52.549] Moving to: [1.000 0.000 0.000]
[16:13:53.814] Arrived at: [1.000 0.000 0.000]
[16:13:53.814] Wait 0.100s
[16:13:53.923] Continue movement.

[16:13:53.923] Moving to: [1.000 -1.000 0.000]
[16:13:55.169] Arrived at: [1.000 -1.000 0.000]
[16:13:55.169] Wait 0.100s
[16:13:55.275] Continue movement.

[16:13:55.275] Moving to: [1.000 -2.000 0.000]
[16:13:56.551] Arrived at: [1.000 -2.000 0.000]
[16:13:56.551] Wait 0.100s
[16:13:56.658] Continue movement.

[16:13:56.658] Moving to: [0.000 -2.000 0.000]
[16:13:57.904] Arrived at: [0.000 -2.000 0.000]
[16:13:57.904] Wait 0.100s
[16:13:58.016] Continue movement.

[16:13:58.016] Moving to: [-1.000 -2.000 0.000]
[16:13:59.271] Arrived at: [-1.000 -2.000 0.000]
[16:13:59.271] Wait 0.100s
[16:13:59.393] Continue movement.

[16:13:59.393] Moving to: [-1.000 0.000 0.000]
[16:14:01.447] Arrived at: [-1.000 0.000 0.000]
[16:14:01.447] Wait 0.100s
[16:14:01.554] Continue movement.

[16:14:01.554] Finished iteration 2

[16:14:01.554] Starting iteration 3
[16:14:01.554] Moving to: [-1.000 0.000 0.000]
[16:14:01.800] Arrived at: [-1.000 0.000 0.000]
[16:14:01.800] Wait 0.100s
[16:14:01.922] Continue movement.

[16:14:01.922] Moving to: [-1.000 -1.000 0.000]
[16:14:03.206] Arrived at: [-1.000 -1.000 0.000]
[16:14:03.206] Wait 0.100s
[16:14:03.314] Continue movement.

[16:14:03.314] Moving to: [0.000 -1.000 0.000]
[16:14:04.580] Arrived at: [0.000 -1.000 0.000]
[16:14:04.580] Wait 0.100s
[16:14:04.689] Continue movement.

[16:14:04.689] Moving to: [0.000 0.000 0.000]
[16:14:05.952] Arrived at: [0.000 0.000 0.000]
[16:14:05.952] Wait 0.100s
[16:14:06.059] Continue movement.

[16:14:06.059] Moving to: [1.000 0.000 0.000]
[16:14:07.327] Arrived at: [1.000 0.000 0.000]
[16:14:07.327] Wait 0.100s
[16:14:07.433] Continue movement.

[16:14:07.433] Moving to: [1.000 -1.000 0.000]
[16:14:08.724] Arrived at: [1.000 -1.000 0.000]
[16:14:08.724] Wait 0.100s
[16:14:08.831] Continue movement.

[16:14:08.831] Moving to: [1.000 -2.000 0.000]
[16:14:10.101] Arrived at: [1.000 -2.000 0.000]
[16:14:10.101] Wait 0.100s
[16:14:10.207] Continue movement.

[16:14:10.207] Moving to: [0.000 -2.000 0.000]
[16:14:11.477] Arrived at: [0.000 -2.000 0.000]
[16:14:11.477] Wait 0.100s
[16:14:11.586] Continue movement.

[16:14:11.586] Moving to: [-1.000 -2.000 0.000]
[16:14:12.882] Arrived at: [-1.000 -2.000 0.000]
[16:14:12.882] Wait 0.100s
[16:14:12.991] Continue movement.

[16:14:12.991] Moving to: [-1.000 0.000 0.000]
[16:14:15.003] Arrived at: [-1.000 0.000 0.000]
[16:14:15.003] Wait 0.100s
[16:14:15.116] Continue movement.

[16:14:15.116] Finished iteration 3

[16:14:15.116] Plan finished.
