[17:57:10.475] Starting plan irradiation...
	Plan name: Plan de movimiento solo stage
	Plan comment: prueba3
	Absolut shift from X to (0,0) well: [0.000 0.000 0.000]
[17:57:14.189] Starting iteration 1
[17:57:14.189] Moving to: [0.000 0.000 0.000]
[17:57:19.579] Arrived at: [0.000 0.000 0.000]
[17:57:19.579] Wait 0.000s
[17:57:19.583] Continue movement.

[17:57:19.583] Moving to: [2.200 0.000 0.000]
[17:57:21.668] Arrived at: [2.200 0.000 0.000]
[17:57:21.668] Wait 0.000s
[17:57:21.672] Continue movement.

[17:57:21.673] Moving to: [0.000 -0.200 0.000]
[17:57:24.216] Arrived at: [0.000 -0.200 0.000]
[17:57:24.221] Wait 0.000s
[17:57:24.222] Continue movement.

[17:57:24.222] Moving to: [2.200 -0.400 0.000]
[17:57:26.854] Arrived at: [2.200 -0.400 0.000]
[17:57:26.855] Wait 0.000s
[17:57:26.855] Continue movement.

[17:57:26.855] Moving to: [0.000 -0.600 0.000]
[17:57:29.287] Arrived at: [0.000 -0.600 0.000]
[17:57:29.287] Wait 0.000s
[17:57:29.291] Continue movement.

[17:57:29.291] Moving to: [2.200 -0.800 0.000]
[17:57:31.915] Arrived at: [2.200 -0.800 0.000]
[17:57:31.915] Wait 0.000s
[17:57:31.915] Continue movement.

[17:57:31.915] Moving to: [0.000 -1.000 0.000]
[17:57:34.514] Arrived at: [0.000 -1.000 0.000]
[17:57:34.515] Wait 0.000s
[17:57:34.516] Continue movement.

[17:57:34.517] Moving to: [2.200 -1.200 0.000]
[17:57:37.121] Arrived at: [2.200 -1.200 0.000]
[17:57:37.121] Wait 0.000s
[17:57:37.121] Continue movement.

[17:57:37.125] Moving to: [0.000 -1.400 0.000]
[17:57:39.561] Arrived at: [0.000 -1.400 0.000] WARNING!
[17:57:39.561] Wait 0.000s
[17:57:39.564] Continue movement.

[17:57:39.564] Moving to: [2.200 -1.600 0.000]
[17:57:42.003] Arrived at: [2.200 -1.600 0.000]
[17:57:42.003] Wait 0.000s
[17:57:42.003] Continue movement.

[17:57:42.003] Moving to: [0.000 -1.800 0.000]
[17:57:44.449] Arrived at: [0.000 -1.800 0.000]
[17:57:44.449] Wait 0.000s
[17:57:44.449] Continue movement.

[17:57:44.449] Moving to: [2.200 -2.000 0.000]
[17:57:47.064] Arrived at: [2.200 -2.000 0.000]
[17:57:47.064] Wait 0.000s
[17:57:47.064] Continue movement.

[17:57:47.068] Moving to: [0.000 -2.200 0.000]
[17:57:49.586] Arrived at: [0.000 -2.200 0.000]
[17:57:49.586] Wait 0.000s
[17:57:49.586] Continue movement.

[17:57:49.586] Moving to: [2.200 -2.400 0.000]
[17:57:52.174] Arrived at: [2.200 -2.400 0.000]
[17:57:52.174] Wait 0.000s
[17:57:52.178] Continue movement.

[17:57:52.178] Moving to: [0.000 -2.600 0.000]
[17:57:54.783] Arrived at: [0.000 -2.600 0.000]
[17:57:54.787] Wait 0.000s
[17:57:54.787] Continue movement.

[17:57:54.787] Moving to: [2.200 -2.800 0.000]
[17:57:57.398] Arrived at: [2.200 -2.800 0.000] WARNING!
[17:57:57.398] Wait 0.000s
[17:57:57.403] Continue movement.

[17:57:57.404] Moving to: [0.000 -3.000 0.000]
[17:57:59.858] Arrived at: [0.000 -3.000 0.000]
[17:57:59.858] Wait 0.000s
[17:57:59.860] Continue movement.

[17:57:59.860] Moving to: [2.200 -3.200 0.000]
[17:58:02.452] Arrived at: [2.200 -3.200 0.000]
[17:58:02.452] Wait 0.000s
[17:58:02.454] Continue movement.

[17:58:02.455] Moving to: [0.000 -3.400 0.000]
[17:58:05.061] Arrived at: [0.000 -3.400 0.000]
[17:58:05.061] Wait 0.000s
[17:58:05.061] Continue movement.

[17:58:05.061] Moving to: [2.200 -3.600 0.000]
[17:58:07.504] Arrived at: [2.200 -3.600 0.000]
[17:58:07.508] Wait 0.000s
[17:58:07.508] Continue movement.

[17:58:07.508] Moving to: [0.000 -3.800 0.000]
[17:58:09.945] Arrived at: [0.000 -3.800 0.000] WARNING!
[17:58:09.945] Wait 0.000s
[17:58:09.946] Continue movement.

[17:58:09.949] Moving to: [2.200 -4.000 0.000]
[17:58:12.581] Arrived at: [2.200 -4.000 0.000]
[17:58:12.585] Wait 0.000s
[17:58:12.585] Continue movement.

[17:58:12.585] Moving to: [0.000 -4.200 0.000]
[17:58:15.195] Arrived at: [0.000 -4.200 0.000]
[17:58:15.196] Wait 0.000s
[17:58:15.197] Continue movement.

[17:58:15.197] Moving to: [2.200 -4.400 0.000]
[17:58:17.799] Arrived at: [2.200 -4.400 0.000]
[17:58:17.799] Wait 0.000s
[17:58:17.799] Continue movement.

[17:58:17.804] Moving to: [0.000 -4.600 0.000]
[17:58:20.255] Arrived at: [0.000 -4.600 0.000] WARNING!
[17:58:20.256] Wait 0.000s
[17:58:20.257] Continue movement.

[17:58:20.257] Moving to: [2.200 -4.800 0.000]
[17:58:22.876] Arrived at: [2.200 -4.800 0.000]
[17:58:22.878] Wait 0.000s
[17:58:22.880] Continue movement.

[17:58:22.880] Moving to: [0.000 -5.000 0.000]
[17:58:25.482] Arrived at: [0.000 -5.000 0.000]
[17:58:25.483] Wait 0.000s
[17:58:25.484] Continue movement.

[17:58:25.485] Finished iteration 1

[17:58:25.486] Plan finished.
