[18:52:44.987] Starting plan irradiation...
	Plan name: Plan de movimiento solo stage
	Plan comment: tungsteno-jmu-2
	Absolut shift from X to (0,0) well: [0.000 0.000 0.000]
[18:52:51.833] Starting iteration 1
[18:52:51.833] Moving to: [0.000 0.000 0.000]
[18:52:55.595] Arrived at: [0.000 0.000 0.000]
[18:52:55.595] Wait 5.000s
[18:53:00.614] Continue movement.

[18:53:00.614] Moving to: [10.000 0.000 0.000]
[18:53:01.336] Arrived at: [0.007 0.000 0.000] WARNING!
[18:53:01.336] Wait 0.000s
[18:53:01.346] Continue movement.

[18:53:01.347] Moving to: [0.000 -0.200 0.000]
[18:53:02.565] Arrived at: [0.000 -0.200 0.000]
[18:53:02.565] Wait 0.000s
[18:53:02.565] Continue movement.

[18:53:02.565] Moving to: [10.000 -0.400 0.000]
[18:53:03.769] Arrived at: [0.007 -0.400 0.000] WARNING!
[18:53:03.769] Wait 0.000s
[18:53:03.769] Continue movement.

[18:53:03.769] Moving to: [0.000 -0.600 0.000]
[18:53:04.991] Arrived at: [0.000 -0.600 0.000]
[18:53:04.991] Wait 0.000s
[18:53:04.991] Continue movement.

[18:53:04.991] Moving to: [10.000 -0.800 0.000]
[18:53:06.186] Arrived at: [0.007 -0.800 0.000] WARNING!
[18:53:06.187] Wait 0.000s
[18:53:06.189] Continue movement.

[18:53:06.190] Moving to: [0.000 -1.000 0.000]
[18:53:07.392] Arrived at: [0.000 -1.000 0.000]
[18:53:07.392] Wait 0.000s
[18:53:07.392] Continue movement.

[18:53:07.392] Moving to: [10.000 -1.200 0.000]
[18:53:08.591] Arrived at: [0.007 -1.200 0.000] WARNING!
[18:53:08.592] Wait 0.000s
[18:53:08.596] Continue movement.

[18:53:08.597] Moving to: [0.000 -1.400 0.000]
[18:53:09.777] Arrived at: [0.000 -1.400 0.000] WARNING!
[18:53:09.777] Wait 0.000s
[18:53:09.777] Continue movement.

[18:53:09.777] Moving to: [10.000 -1.600 0.000]
[18:53:11.050] Arrived at: [0.007 -1.600 0.000] WARNING!
[18:53:11.050] Wait 0.000s
[18:53:11.050] Continue movement.

[18:53:11.062] Moving to: [0.000 -1.800 0.000]
[18:53:12.237] Arrived at: [0.000 -1.800 0.000]
[18:53:12.238] Wait 0.000s
[18:53:12.238] Continue movement.

[18:53:12.238] Moving to: [10.000 -2.000 0.000]
[18:53:13.462] Arrived at: [0.007 -2.000 0.000] WARNING!
[18:53:13.463] Wait 0.000s
[18:53:13.465] Continue movement.

[18:53:13.467] Moving to: [0.000 -2.200 0.000]
[18:53:14.679] Arrived at: [0.000 -2.200 0.000]
[18:53:14.679] Wait 0.000s
[18:53:14.679] Continue movement.

[18:53:14.683] Moving to: [10.000 -2.400 0.000]
[18:53:15.924] Arrived at: [0.007 -2.400 0.000] WARNING!
[18:53:15.926] Wait 0.000s
[18:53:15.928] Continue movement.

[18:53:15.931] Moving to: [0.000 -2.600 0.000]
[18:53:17.167] Arrived at: [0.000 -2.600 0.000]
[18:53:17.167] Wait 0.000s
[18:53:17.167] Continue movement.

[18:53:17.167] Moving to: [10.000 -2.800 0.000]
[18:53:18.366] Arrived at: [0.007 -2.800 0.000] WARNING!
[18:53:18.367] Wait 0.000s
[18:53:18.369] Continue movement.

[18:53:18.370] Moving to: [0.000 -3.000 0.000]
[18:53:19.580] Arrived at: [0.000 -3.000 0.000]
[18:53:19.580] Wait 0.000s
[18:53:19.580] Continue movement.

[18:53:19.580] Moving to: [10.000 -3.200 0.000]
[18:53:20.770] Arrived at: [0.007 -3.200 0.000] WARNING!
[18:53:20.770] Wait 0.000s
[18:53:20.773] Continue movement.

[18:53:20.774] Moving to: [0.000 -3.400 0.000]
[18:53:22.001] Arrived at: [0.000 -3.400 0.000]
[18:53:22.005] Wait 0.000s
[18:53:22.007] Continue movement.

[18:53:22.008] Moving to: [10.000 -3.600 0.000]
[18:53:23.238] Arrived at: [0.007 -3.600 0.000] WARNING!
[18:53:23.238] Wait 0.000s
[18:53:23.240] Continue movement.

[18:53:23.241] Finished iteration 1

[18:53:23.243] Starting iteration 2
[18:53:23.243] Moving to: [0.000 0.000 0.000]
[18:53:26.861] Arrived at: [0.000 0.000 0.000]
[18:53:26.862] Wait 5.000s
[18:53:31.865] Continue movement.

[18:53:31.865] Moving to: [10.000 0.000 0.000]
[18:53:32.594] Arrived at: [0.007 0.000 0.000] WARNING!
[18:53:32.594] Wait 0.000s
[18:53:32.606] Continue movement.

[18:53:32.607] Moving to: [0.000 -0.200 0.000]
[18:53:33.841] Arrived at: [0.000 -0.200 0.000]
[18:53:33.841] Wait 0.000s
[18:53:33.841] Continue movement.

[18:53:33.841] Moving to: [10.000 -0.400 0.000]
[18:53:34.996] Arrived at: [0.007 -0.400 0.000] WARNING!
[18:53:34.996] Wait 0.000s
[18:53:34.996] Continue movement.

[18:53:35.007] Moving to: [0.000 -0.600 0.000]
[18:53:36.194] Arrived at: [0.000 -0.600 0.000]
[18:53:36.194] Wait 0.000s
[18:53:36.194] Continue movement.

[18:53:36.194] Moving to: [10.000 -0.800 0.000]
[18:53:37.344] Arrived at: [0.007 -0.800 0.000] WARNING!
[18:53:37.344] Wait 0.000s
[18:53:37.353] Continue movement.

[18:53:37.355] Moving to: [0.000 -1.000 0.000]
[18:53:38.581] Arrived at: [0.000 -1.000 0.000]
[18:53:38.581] Wait 0.000s
[18:53:38.581] Continue movement.

[18:53:38.581] Moving to: [10.000 -1.200 0.000]
[18:53:39.774] Arrived at: [0.007 -1.200 0.000] WARNING!
[18:53:39.774] Wait 0.000s
[18:53:39.774] Continue movement.

[18:53:39.774] Moving to: [0.000 -1.400 0.000]
[18:53:41.001] Arrived at: [0.000 -1.400 0.000] WARNING!
[18:53:41.002] Wait 0.000s
[18:53:41.004] Continue movement.

[18:53:41.005] Moving to: [10.000 -1.600 0.000]
[18:53:42.227] Arrived at: [0.007 -1.600 0.000] WARNING!
[18:53:42.228] Wait 0.000s
[18:53:42.229] Continue movement.

[18:53:42.230] Moving to: [0.000 -1.800 0.000]
[18:53:43.422] Arrived at: [0.000 -1.800 0.000]
[18:53:43.422] Wait 0.000s
[18:53:43.422] Continue movement.

[18:53:43.422] Moving to: [10.000 -2.000 0.000]
[18:53:44.651] Arrived at: [0.007 -2.000 0.000] WARNING!
[18:53:44.651] Wait 0.000s
[18:53:44.651] Continue movement.

[18:53:44.660] Moving to: [0.000 -2.200 0.000]
[18:53:45.856] Arrived at: [0.000 -2.200 0.000]
[18:53:45.856] Wait 0.000s
[18:53:45.860] Continue movement.

[18:53:45.860] Moving to: [10.000 -2.400 0.000]
[18:53:47.102] Arrived at: [0.007 -2.400 0.000] WARNING!
[18:53:47.102] Wait 0.000s
[18:53:47.102] Continue movement.

[18:53:47.114] Moving to: [0.000 -2.600 0.000]
[18:53:48.313] Arrived at: [0.000 -2.600 0.000]
[18:53:48.313] Wait 0.000s
[18:53:48.313] Continue movement.

[18:53:48.313] Moving to: [10.000 -2.800 0.000]
[18:53:49.525] Arrived at: [0.007 -2.800 0.000] WARNING!
[18:53:49.525] Wait 0.000s
[18:53:49.527] Continue movement.

[18:53:49.529] Moving to: [0.000 -3.000 0.000]
[18:53:50.718] Arrived at: [0.000 -3.000 0.000]
[18:53:50.718] Wait 0.000s
[18:53:50.718] Continue movement.

[18:53:50.718] Moving to: [10.000 -3.200 0.000]
[18:53:51.951] Arrived at: [0.007 -3.200 0.000] WARNING!
[18:53:51.951] Wait 0.000s
[18:53:51.961] Continue movement.

[18:53:51.963] Moving to: [0.000 -3.400 0.000]
[18:53:53.188] Arrived at: [0.000 -3.400 0.000]
[18:53:53.188] Wait 0.000s
[18:53:53.188] Continue movement.

[18:53:53.188] Moving to: [10.000 -3.600 0.000]
[18:53:54.390] Arrived at: [0.007 -3.600 0.000] WARNING!
[18:53:54.390] Wait 0.000s
[18:53:54.390] Continue movement.

[18:53:54.402] Finished iteration 2

[18:53:54.403] Starting iteration 3
[18:53:54.403] Moving to: [0.000 0.000 0.000]
[18:53:57.988] Arrived at: [0.000 0.000 0.000]
[18:53:57.988] Wait 5.000s
[18:54:03.008] Continue movement.

[18:54:03.009] Moving to: [10.000 0.000 0.000]
[18:54:03.716] Arrived at: [0.007 0.000 0.000] WARNING!
[18:54:03.716] Wait 0.000s
[18:54:03.727] Continue movement.

[18:54:03.728] Moving to: [0.000 -0.200 0.000]
[18:54:04.929] Arrived at: [0.000 -0.200 0.000]
[18:54:04.929] Wait 0.000s
[18:54:04.929] Continue movement.

[18:54:04.929] Moving to: [10.000 -0.400 0.000]
[18:54:06.129] Arrived at: [0.007 -0.400 0.000] WARNING!
[18:54:06.129] Wait 0.000s
[18:54:06.129] Continue movement.

[18:54:06.140] Moving to: [0.000 -0.600 0.000]
[18:54:07.361] Arrived at: [0.000 -0.600 0.000]
[18:54:07.361] Wait 0.000s
[18:54:07.361] Continue movement.

[18:54:07.361] Moving to: [10.000 -0.800 0.000]
[18:54:08.543] Arrived at: [0.007 -0.800 0.000] WARNING!
[18:54:08.543] Wait 0.000s
[18:54:08.543] Continue movement.

[18:54:08.556] Moving to: [0.000 -1.000 0.000]
[18:54:09.789] Arrived at: [0.000 -1.000 0.000]
[18:54:09.789] Wait 0.000s
[18:54:09.789] Continue movement.

[18:54:09.789] Moving to: [10.000 -1.200 0.000]
[18:54:11.035] Arrived at: [0.007 -1.200 0.000] WARNING!
[18:54:11.035] Wait 0.000s
[18:54:11.047] Continue movement.

[18:54:11.048] Moving to: [0.000 -1.400 0.000]
[18:54:12.270] Arrived at: [0.000 -1.400 0.000] WARNING!
[18:54:12.270] Wait 0.000s
[18:54:12.270] Continue movement.

[18:54:12.276] Moving to: [10.000 -1.600 0.000]
[18:54:13.517] Arrived at: [0.007 -1.600 0.000] WARNING!
[18:54:13.517] Wait 0.000s
[18:54:13.517] Continue movement.

[18:54:13.517] Moving to: [0.000 -1.800 0.000]
[18:54:14.712] Arrived at: [0.000 -1.800 0.000]
[18:54:14.712] Wait 0.000s
[18:54:14.712] Continue movement.

[18:54:14.712] Moving to: [10.000 -2.000 0.000]
[18:54:15.932] Arrived at: [0.007 -2.000 0.000] WARNING!
[18:54:15.932] Wait 0.000s
[18:54:15.932] Continue movement.

[18:54:15.941] Moving to: [0.000 -2.200 0.000]
[18:54:17.145] Arrived at: [0.000 -2.200 0.000]
[18:54:17.145] Wait 0.000s
[18:54:17.145] Continue movement.

[18:54:17.145] Moving to: [10.000 -2.400 0.000]
[18:54:18.340] Arrived at: [0.007 -2.400 0.000] WARNING!
[18:54:18.342] Wait 0.000s
[18:54:18.343] Continue movement.

[18:54:18.343] Moving to: [0.000 -2.600 0.000]
[18:54:19.558] Arrived at: [0.000 -2.600 0.000]
[18:54:19.558] Wait 0.000s
[18:54:19.558] Continue movement.

[18:54:19.558] Moving to: [10.000 -2.800 0.000]
[18:54:20.775] Arrived at: [0.007 -2.800 0.000] WARNING!
[18:54:20.775] Wait 0.000s
[18:54:20.786] Continue movement.

[18:54:20.787] Moving to: [0.000 -3.000 0.000]
[18:54:21.943] Arrived at: [0.000 -3.000 0.000]
[18:54:21.943] Wait 0.000s
[18:54:21.943] Continue movement.

[18:54:21.943] Moving to: [10.000 -3.200 0.000]
[18:54:23.206] Arrived at: [0.007 -3.200 0.000] WARNING!
[18:54:23.206] Wait 0.000s
[18:54:23.206] Continue movement.

[18:54:23.217] Moving to: [0.000 -3.400 0.000]
[18:54:24.405] Arrived at: [0.000 -3.400 0.000]
[18:54:24.405] Wait 0.000s
[18:54:24.405] Continue movement.

[18:54:24.405] Moving to: [10.000 -3.600 0.000]
[18:54:25.571] Arrived at: [0.007 -3.600 0.000] WARNING!
[18:54:25.580] Wait 0.000s
[18:54:25.581] Continue movement.

[18:54:25.582] Finished iteration 3

[18:54:25.584] Plan finished.
