[16:10:44.924] Starting plan irradiation...
	Plan name: Plan de movimiento solo stage
	Plan comment: prueba
	Absolut shift from X to (0,0) well: [0.000 0.000 0.000]
[16:14:47.623] Starting iteration 1
[16:14:47.626] Moving to: [-1.000 1.000 0.000]
[16:14:49.713] Arrived at: [-1.000 1.000 0.000]
[16:14:49.718] Wait 0.100s
[16:14:49.826] Continue movement.

[16:14:49.827] Moving to: [-1.000 0.000 0.000]
[16:14:51.146] Arrived at: [-1.000 0.000 0.000]
[16:14:51.150] Wait 0.100s
[16:14:51.254] Continue movement.

[16:14:51.254] Moving to: [0.000 0.000 0.000]
[16:14:52.567] Arrived at: [0.000 0.000 0.000]
[16:14:52.573] Wait 0.100s
[16:14:52.678] Continue movement.

[16:14:52.680] Moving to: [0.000 1.000 0.000]
[16:14:53.971] Arrived at: [0.000 1.000 0.000]
[16:14:53.972] Wait 0.100s
[16:14:54.076] Continue movement.

[16:14:54.077] Moving to: [1.000 1.000 0.000]
[16:14:55.388] Arrived at: [1.000 1.000 0.000]
[16:14:55.392] Wait 0.100s
[16:14:55.494] Continue movement.

[16:14:55.498] Moving to: [1.000 0.000 0.000]
[16:14:56.793] Arrived at: [1.000 0.000 0.000]
[16:14:56.793] Wait 0.100s
[16:14:56.896] Continue movement.

[16:14:56.896] Moving to: [1.000 -1.000 0.000]
[16:14:58.178] Arrived at: [1.000 -1.000 0.000]
[16:14:58.178] Wait 0.100s
[16:14:58.283] Continue movement.

[16:14:58.284] Moving to: [0.000 -1.000 0.000]
[16:14:59.567] Arrived at: [0.000 -1.000 0.000]
[16:14:59.572] Wait 0.100s
[16:14:59.673] Continue movement.

[16:14:59.674] Moving to: [-1.000 -1.000 0.000]
[16:15:00.958] Arrived at: [-1.000 -1.000 0.000]
[16:15:00.959] Wait 0.100s
[16:15:01.060] Continue movement.

[16:15:01.060] Finished iteration 1

[16:15:01.060] Starting iteration 2
[16:15:01.063] Moving to: [-1.000 1.000 0.000]
[16:15:03.119] Arrived at: [-1.000 1.000 0.000]
[16:15:03.119] Wait 0.100s
[16:15:03.220] Continue movement.

[16:15:03.220] Moving to: [-1.000 0.000 0.000]
[16:15:04.508] Arrived at: [-1.000 0.000 0.000]
[16:15:04.509] Wait 0.100s
[16:15:04.610] Continue movement.

[16:15:04.610] Moving to: [0.000 0.000 0.000]
[16:15:05.896] Arrived at: [0.000 0.000 0.000]
[16:15:05.896] Wait 0.100s
[16:15:06.001] Continue movement.

[16:15:06.001] Moving to: [0.000 1.000 0.000]
[16:15:07.289] Arrived at: [0.000 1.000 0.000]
[16:15:07.289] Wait 0.100s
[16:15:07.393] Continue movement.

[16:15:07.393] Moving to: [1.000 1.000 0.000]
[16:15:08.680] Arrived at: [1.000 1.000 0.000]
[16:15:08.681] Wait 0.100s
[16:15:08.783] Continue movement.

[16:15:08.784] Moving to: [1.000 0.000 0.000]
[16:15:10.089] Arrived at: [1.000 0.000 0.000]
[16:15:10.090] Wait 0.100s
[16:15:10.189] Continue movement.

[16:15:10.189] Moving to: [1.000 -1.000 0.000]
[16:15:11.482] Arrived at: [1.000 -1.000 0.000]
[16:15:11.482] Wait 0.100s
[16:15:11.586] Continue movement.

[16:15:11.586] Moving to: [0.000 -1.000 0.000]
[16:15:12.874] Arrived at: [0.000 -1.000 0.000]
[16:15:12.874] Wait 0.100s
[16:15:12.976] Continue movement.

[16:15:12.977] Moving to: [-1.000 -1.000 0.000]
[16:15:14.256] Arrived at: [-1.000 -1.000 0.000]
[16:15:14.256] Wait 0.100s
[16:15:14.360] Continue movement.

[16:15:14.360] Finished iteration 2

[16:15:14.360] Starting iteration 3
[16:15:14.360] Moving to: [-1.000 1.000 0.000]
[16:15:16.432] Arrived at: [-1.000 1.000 0.000]
[16:15:16.432] Wait 0.100s
[16:15:16.537] Continue movement.

[16:15:16.537] Moving to: [-1.000 0.000 0.000]
[16:15:17.826] Arrived at: [-1.000 0.000 0.000]
[16:15:17.830] Wait 0.100s
[16:15:17.929] Continue movement.

[16:15:17.929] Moving to: [0.000 0.000 0.000]
[16:15:19.206] Arrived at: [0.000 0.000 0.000]
[16:15:19.206] Wait 0.100s
[16:15:19.309] Continue movement.

[16:15:19.309] Moving to: [0.000 1.000 0.000]
[16:15:20.601] Arrived at: [0.000 1.000 0.000]
[16:15:20.601] Wait 0.100s
[16:15:20.709] Continue movement.

[16:15:20.709] Moving to: [1.000 1.000 0.000]
[16:15:22.003] Arrived at: [1.000 1.000 0.000]
[16:15:22.003] Wait 0.100s
[16:15:22.103] Continue movement.

[16:15:22.103] Moving to: [1.000 0.000 0.000]
[16:15:23.326] Arrived at: [1.000 0.000 0.000]
[16:15:23.326] Wait 0.100s
[16:15:23.425] Continue movement.

[16:15:23.425] Moving to: [1.000 -1.000 0.000]
[16:15:24.707] Arrived at: [1.000 -1.000 0.000]
[16:15:24.708] Wait 0.100s
[16:15:24.810] Continue movement.

[16:15:24.810] Moving to: [0.000 -1.000 0.000]
[16:15:26.072] Arrived at: [0.000 -1.000 0.000]
[16:15:26.072] Wait 0.100s
[16:15:26.181] Continue movement.

[16:15:26.182] Moving to: [-1.000 -1.000 0.000]
[16:15:27.466] Arrived at: [-1.000 -1.000 0.000]
[16:15:27.466] Wait 0.100s
[16:15:27.571] Continue movement.

[16:15:27.571] Finished iteration 3

[16:15:27.571] Plan finished.
