[15:42:47.247] Starting plan irradiation...
	Plan name: Plan de movimiento solo stage
	Plan comment: Prueba 1
	Absolut shift from X to (0,0) well: [0.000 0.000 0.000]
[15:42:51.125] Moving to: [3.000 2.000 0.000]
[15:43:01.217] Moving to: [3.000 2.000 0.000]
[15:43:01.487] Arrived at: [3.000 2.000 0.000]
[15:43:01.488] Wait 0.100s
[15:43:01.608] Continue movement.

[15:43:01.608] Moving to: [3.000 0.000 0.000]
[15:43:03.670] Arrived at: [3.000 0.000 0.000]
[15:43:03.670] Wait 0.100s
[15:43:03.792] Continue movement.

[15:43:03.792] Moving to: [3.000 -2.000 0.000]
[15:43:05.793] Arrived at: [3.000 -2.000 0.000]
[15:43:05.793] Wait 0.100s
[15:43:05.915] Continue movement.

[15:43:05.915] Moving to: [1.000 2.000 0.000]
[15:43:10.885] Arrived at: [1.000 2.000 0.000]
[15:43:10.885] Wait 0.100s
[15:43:11.006] Continue movement.

[15:43:11.006] Moving to: [1.000 0.000 0.000]
[15:43:13.026] Arrived at: [1.000 0.000 0.000]
[15:43:13.026] Wait 0.100s
[15:43:13.138] Continue movement.

[15:43:13.138] Moving to: [1.000 -2.000 0.000]
[15:43:15.164] Arrived at: [1.000 -2.000 0.000]
[15:43:15.164] Wait 0.100s
[15:43:15.270] Continue movement.

[15:43:15.270] Moving to: [-1.000 2.000 0.000]
[15:43:19.871] Arrived at: [-1.000 2.000 0.000]
[15:43:19.871] Wait 0.100s
[15:43:19.977] Continue movement.

[15:43:19.977] Moving to: [-1.000 0.000 0.000]
[15:43:22.608] Arrived at: [-1.000 0.000 0.000]
[15:43:22.608] Wait 0.100s
[15:43:22.714] Continue movement.

[15:43:22.714] Moving to: [-1.000 -2.000 0.000]
[15:43:25.198] Arrived at: [-1.000 -2.000 0.000]
[15:43:25.198] Wait 0.100s
[15:43:25.304] Continue movement.

[15:43:25.304] Moving to: [-3.000 2.000 0.000]
[15:43:28.958] Arrived at: [-3.000 2.000 0.000]
[15:43:28.958] Wait 0.100s
[15:43:29.064] Continue movement.

[15:43:29.064] Moving to: [-3.000 0.000 0.000]
[15:43:31.562] Arrived at: [-3.000 0.000 0.000]
[15:43:31.562] Wait 0.100s
[15:43:31.684] Continue movement.

[15:43:31.684] Moving to: [-3.000 -2.000 0.000]
[15:43:34.166] Arrived at: [-3.000 -2.000 0.000]
[15:43:34.166] Wait 0.100s
[15:43:34.273] Continue movement.

[15:43:34.273] Plan finished.
