[15:11:55.232] Starting plan irradiation...
	Plan name: Plan de movimiento solo stage
	Plan comment: 
	Absolut shift from X to (0,0) well: [0.000 0.000 0.000]
[15:11:55.233] Starting iteration 1
[15:11:55.233] Moving to: [0.000 0.000 0.000]
[15:12:02.608] Arrived at: [0.000 0.000 0.000]
[15:12:02.609] Wait 5.000s
[15:12:07.609] Continue movement.

[15:12:07.609] Moving to: [10.000 0.000 0.000]
[15:12:14.851] Arrived at: [10.000 0.000 0.000]
[15:12:14.851] Wait 0.000s
[15:12:14.855] Continue movement.

[15:12:14.855] Moving to: [0.000 -0.200 0.000]
[15:12:22.602] Arrived at: [0.000 -0.200 0.000]
[15:12:22.608] Wait 0.000s
[15:12:22.609] Continue movement.

[15:12:22.610] Moving to: [10.000 -0.400 0.000]
[15:12:30.379] Arrived at: [10.000 -0.400 0.000]
[15:12:30.380] Wait 0.000s
[15:12:30.383] Continue movement.

[15:12:30.383] Moving to: [0.000 -0.600 0.000]
[15:12:38.119] Arrived at: [0.000 -0.600 0.000]
[15:12:38.120] Wait 0.000s
[15:12:38.123] Continue movement.

[15:12:38.125] Moving to: [10.000 -0.800 0.000]
[15:12:45.845] Arrived at: [10.000 -0.800 0.000]
[15:12:45.845] Wait 0.000s
[15:12:45.849] Continue movement.

[15:12:45.849] Moving to: [0.000 -1.000 0.000]
[15:12:53.563] Arrived at: [0.000 -1.000 0.000]
[15:12:53.564] Wait 0.000s
[15:12:53.564] Continue movement.

[15:12:53.564] Moving to: [10.000 -1.200 0.000]
[15:13:01.216] Arrived at: [10.000 -1.200 0.000]
[15:13:01.216] Wait 0.000s
[15:13:01.220] Continue movement.

[15:13:01.220] Moving to: [0.000 -1.400 0.000]
[15:13:08.879] Arrived at: [0.000 -1.400 0.000] WARNING!
[15:13:08.884] Wait 0.000s
[15:13:08.885] Continue movement.

[15:13:08.885] Moving to: [10.000 -1.600 0.000]
[15:13:16.529] Arrived at: [10.000 -1.600 0.000]
[15:13:16.530] Wait 0.000s
[15:13:16.530] Continue movement.

[15:13:16.530] Moving to: [0.000 -1.800 0.000]
[15:13:24.226] Arrived at: [0.000 -1.800 0.000]
[15:13:24.226] Wait 0.000s
[15:13:24.226] Continue movement.

[15:13:24.231] Moving to: [10.000 -2.000 0.000]
[15:13:31.890] Arrived at: [10.000 -2.000 0.000]
[15:13:31.893] Wait 0.000s
[15:13:31.894] Continue movement.

[15:13:31.894] Moving to: [0.000 -2.200 0.000]
[15:13:39.569] Arrived at: [0.000 -2.200 0.000]
[15:13:39.569] Wait 0.000s
[15:13:39.573] Continue movement.

[15:13:39.573] Moving to: [10.000 -2.400 0.000]
[15:13:47.266] Arrived at: [10.000 -2.400 0.000]
[15:13:47.266] Wait 0.000s
[15:13:47.269] Continue movement.

[15:13:47.269] Moving to: [0.000 -2.600 0.000]
[15:13:54.914] Arrived at: [0.000 -2.600 0.000]
[15:13:54.914] Wait 0.000s
[15:13:54.918] Continue movement.

[15:13:54.918] Moving to: [10.000 -2.800 0.000]
[15:14:02.579] Arrived at: [10.000 -2.800 0.000] WARNING!
[15:14:02.580] Wait 0.000s
[15:14:02.582] Continue movement.

[15:14:02.583] Moving to: [0.000 -3.000 0.000]
[15:14:10.260] Arrived at: [0.000 -3.000 0.000]
[15:14:10.260] Wait 0.000s
[15:14:10.264] Continue movement.

[15:14:10.264] Moving to: [10.000 -3.200 0.000]
[15:14:17.917] Arrived at: [10.000 -3.200 0.000]
[15:14:17.921] Wait 0.000s
[15:14:17.921] Continue movement.

[15:14:17.921] Moving to: [0.000 -3.400 0.000]
[15:14:25.580] Arrived at: [0.000 -3.400 0.000]
[15:14:25.580] Wait 0.000s
[15:14:25.580] Continue movement.

[15:14:25.580] Moving to: [10.000 -3.600 0.000]
[15:14:33.255] Arrived at: [10.000 -3.600 0.000]
[15:14:33.255] Wait 0.000s
[15:14:33.259] Continue movement.

[15:14:33.260] Moving to: [0.000 -3.800 0.000]
[15:14:40.934] Arrived at: [0.000 -3.800 0.000] WARNING!
[15:14:40.934] Wait 0.000s
[15:14:40.937] Continue movement.

[15:14:40.940] Moving to: [10.000 -4.000 0.000]
[15:14:48.570] Arrived at: [10.000 -4.000 0.000]
[15:14:48.570] Wait 0.000s
[15:14:48.570] Continue movement.

[15:14:48.570] Moving to: [0.000 -3.700 0.000]
[15:14:56.456] Arrived at: [0.000 -3.700 0.000]
[15:14:56.457] Wait 0.000s
[15:14:56.458] Continue movement.

[15:14:56.459] Moving to: [10.000 -3.500 0.000]
[15:15:04.075] Arrived at: [10.000 -3.500 0.000]
[15:15:04.075] Wait 0.000s
[15:15:04.079] Continue movement.

[15:15:04.079] Moving to: [0.000 -3.300 0.000]
[15:15:11.772] Arrived at: [0.000 -3.300 0.000] WARNING!
[15:15:11.776] Wait 0.000s
[15:15:11.778] Continue movement.

[15:15:11.780] Moving to: [10.000 -3.100 0.000]
[15:15:19.586] Arrived at: [10.000 -3.100 0.000]
[15:15:19.586] Wait 0.000s
[15:15:19.589] Continue movement.

[15:15:19.590] Moving to: [0.000 -2.900 0.000]
[15:15:27.273] Arrived at: [0.000 -2.900 0.000]
[15:15:27.274] Wait 0.000s
[15:15:27.276] Continue movement.

[15:15:27.276] Moving to: [10.000 -2.700 0.000]
[15:15:35.082] Arrived at: [10.000 -2.700 0.000]
[15:15:35.082] Wait 0.000s
[15:15:35.086] Continue movement.

[15:15:35.087] Moving to: [0.000 -2.500 0.000]
[15:15:42.755] Arrived at: [0.000 -2.500 0.000]
[15:15:42.755] Wait 0.000s
[15:15:42.759] Continue movement.

[15:15:42.759] Moving to: [10.000 -2.300 0.000]
[15:15:50.430] Arrived at: [10.000 -2.300 0.000] WARNING!
[15:15:50.431] Wait 0.000s
[15:15:50.432] Continue movement.

[15:15:50.434] Moving to: [0.000 -2.100 0.000]
[15:15:58.114] Arrived at: [0.000 -2.100 0.000]
[15:15:58.114] Wait 0.000s
[15:15:58.118] Continue movement.

[15:15:58.118] Moving to: [10.000 -1.900 0.000]
[15:16:05.817] Arrived at: [10.000 -1.900 0.000] WARNING!
[15:16:05.818] Wait 0.000s
[15:16:05.820] Continue movement.

[15:16:05.821] Moving to: [0.000 -1.700 0.000]
[15:16:13.505] Arrived at: [0.000 -1.700 0.000]
[15:16:13.505] Wait 0.000s
[15:16:13.505] Continue movement.

[15:16:13.505] Moving to: [10.000 -1.500 0.000]
[15:16:21.170] Arrived at: [10.000 -1.500 0.000]
[15:16:21.171] Wait 0.000s
[15:16:21.172] Continue movement.

[15:16:21.172] Moving to: [0.000 -1.300 0.000]
[15:16:28.814] Arrived at: [0.000 -1.300 0.000]
[15:16:28.814] Wait 0.000s
[15:16:28.816] Continue movement.

[15:16:28.817] Moving to: [10.000 -1.100 0.000]
[15:16:36.538] Arrived at: [10.000 -1.100 0.000]
[15:16:36.538] Wait 0.000s
[15:16:36.538] Continue movement.

[15:16:36.542] Moving to: [0.000 -0.900 0.000]
[15:16:44.349] Arrived at: [0.000 -0.900 0.000]
[15:16:44.349] Wait 0.000s
[15:16:44.351] Continue movement.

[15:16:44.352] Moving to: [10.000 -0.700 0.000]
[15:16:49.025] Arrived at: [4.416 -0.700 0.000] WARNING!
[15:16:49.025] Wait 0.000s
[15:16:49.031] Continue movement.

[15:16:49.031] Moving to: [0.000 -0.500 0.000]
[15:16:53.072] Arrived at: [0.000 -0.500 0.000]
[15:16:53.072] Wait 0.000s
[15:16:53.072] Continue movement.

[15:16:53.076] Moving to: [10.000 -0.300 0.000]
[15:17:00.735] Arrived at: [10.000 -0.300 0.000]
[15:17:00.739] Wait 0.000s
[15:17:00.739] Continue movement.

[15:17:00.739] Moving to: [0.000 -0.100 0.000]
[15:17:06.965] Arrived at: [3.463 -0.100 0.000] WARNING!
[15:17:06.966] Wait 0.000s
[15:17:06.967] Continue movement.

[15:17:06.968] Moving to: [10.000 0.000 0.000]
[15:17:12.381] Arrived at: [10.000 0.000 0.000]
[15:17:12.381] Wait 0.000s
[15:17:12.386] Continue movement.

[15:17:12.387] Finished iteration 1

[15:17:12.388] Plan finished.
