[18:00:24.963] Starting plan irradiation...
	Plan name: Plan de movimiento solo stage
	Plan comment: prueba4
	Absolut shift from X to (0,0) well: [0.000 0.000 0.000]
[18:00:27.815] Starting iteration 1
[18:00:27.816] Moving to: [0.000 0.000 0.000]
[18:00:31.938] Arrived at: [0.000 0.000 0.000]
[18:00:31.938] Wait 0.000s
[18:00:31.938] Continue movement.

[18:00:31.943] Moving to: [2.200 0.000 0.000]
[18:00:34.005] Arrived at: [2.200 0.000 0.000]
[18:00:34.005] Wait 0.000s
[18:00:34.005] Continue movement.

[18:00:34.009] Moving to: [0.000 -0.200 0.000]
[18:00:36.522] Arrived at: [0.000 -0.200 0.000]
[18:00:36.529] Wait 0.000s
[18:00:36.531] Continue movement.

[18:00:36.531] Moving to: [2.200 -0.400 0.000]
[18:00:39.143] Arrived at: [2.200 -0.400 0.000]
[18:00:39.147] Wait 0.000s
[18:00:39.147] Continue movement.

[18:00:39.147] Moving to: [0.000 -0.600 0.000]
[18:00:41.749] Arrived at: [0.000 -0.600 0.000]
[18:00:41.750] Wait 0.000s
[18:00:41.751] Continue movement.

[18:00:41.752] Moving to: [2.200 -0.800 0.000]
[18:00:44.379] Arrived at: [2.200 -0.800 0.000]
[18:00:44.380] Wait 0.000s
[18:00:44.381] Continue movement.

[18:00:44.381] Moving to: [0.000 -1.000 0.000]
[18:00:46.991] Arrived at: [0.000 -1.000 0.000]
[18:00:46.996] Wait 0.000s
[18:00:46.997] Continue movement.

[18:00:46.998] Moving to: [2.200 -1.200 0.000]
[18:00:49.431] Arrived at: [2.200 -1.200 0.000]
[18:00:49.431] Wait 0.000s
[18:00:49.437] Continue movement.

[18:00:49.437] Moving to: [0.000 -1.400 0.000]
[18:00:51.863] Arrived at: [0.000 -1.400 0.000] WARNING!
[18:00:51.863] Wait 0.000s
[18:00:51.866] Continue movement.

[18:00:51.866] Moving to: [2.200 -1.600 0.000]
[18:00:54.296] Arrived at: [2.200 -1.600 0.000]
[18:00:54.296] Wait 0.000s
[18:00:54.300] Continue movement.

[18:00:54.300] Moving to: [0.000 -1.800 0.000]
[18:00:56.923] Arrived at: [0.000 -1.800 0.000]
[18:00:56.924] Wait 0.000s
[18:00:56.926] Continue movement.

[18:00:56.927] Moving to: [2.200 -2.000 0.000]
[18:00:59.531] Arrived at: [2.200 -2.000 0.000]
[18:00:59.532] Wait 0.000s
[18:00:59.532] Continue movement.

[18:00:59.532] Moving to: [0.000 -2.200 0.000]
[18:01:01.970] Arrived at: [0.000 -2.200 0.000]
[18:01:01.971] Wait 0.000s
[18:01:01.973] Continue movement.

[18:01:01.974] Moving to: [2.200 -2.400 0.000]
[18:01:04.597] Arrived at: [2.200 -2.400 0.000]
[18:01:04.601] Wait 0.000s
[18:01:04.601] Continue movement.

[18:01:04.603] Moving to: [0.000 -2.600 0.000]
[18:01:07.209] Arrived at: [0.000 -2.600 0.000]
[18:01:07.209] Wait 0.000s
[18:01:07.209] Continue movement.

[18:01:07.209] Moving to: [2.200 -2.800 0.000]
[18:01:09.747] Arrived at: [2.200 -2.800 0.000] WARNING!
[18:01:09.752] Wait 0.000s
[18:01:09.752] Continue movement.

[18:01:09.753] Moving to: [0.000 -3.000 0.000]
[18:01:12.193] Arrived at: [0.000 -3.000 0.000]
[18:01:12.193] Wait 0.000s
[18:01:12.197] Continue movement.

[18:01:12.197] Moving to: [2.200 -3.200 0.000]
[18:01:14.678] Arrived at: [2.200 -3.200 0.000]
[18:01:14.678] Wait 0.000s
[18:01:14.678] Continue movement.

[18:01:14.678] Moving to: [0.000 -3.400 0.000]
[18:01:17.143] Arrived at: [0.000 -3.400 0.000]
[18:01:17.147] Wait 0.000s
[18:01:17.147] Continue movement.

[18:01:17.148] Moving to: [2.200 -3.600 0.000]
[18:01:19.598] Arrived at: [2.200 -3.600 0.000]
[18:01:19.598] Wait 0.000s
[18:01:19.602] Continue movement.

[18:01:19.602] Moving to: [0.000 -3.800 0.000]
[18:01:22.168] Arrived at: [0.000 -3.800 0.000] WARNING!
[18:01:22.172] Wait 0.000s
[18:01:22.174] Continue movement.

[18:01:22.175] Moving to: [2.200 -4.000 0.000]
[18:01:24.779] Arrived at: [2.200 -4.000 0.000]
[18:01:24.780] Wait 0.000s
[18:01:24.780] Continue movement.

[18:01:24.780] Moving to: [0.000 -4.200 0.000]
[18:01:27.389] Arrived at: [0.000 -4.200 0.000]
[18:01:27.390] Wait 0.000s
[18:01:27.391] Continue movement.

[18:01:27.391] Moving to: [2.200 -4.400 0.000]
[18:01:30.003] Arrived at: [2.200 -4.400 0.000]
[18:01:30.003] Wait 0.000s
[18:01:30.003] Continue movement.

[18:01:30.007] Moving to: [0.000 -4.600 0.000]
[18:01:32.619] Arrived at: [0.000 -4.600 0.000] WARNING!
[18:01:32.620] Wait 0.000s
[18:01:32.622] Continue movement.

[18:01:32.623] Moving to: [2.200 -4.800 0.000]
[18:01:35.063] Arrived at: [2.200 -4.800 0.000]
[18:01:35.064] Wait 0.000s
[18:01:35.064] Continue movement.

[18:01:35.064] Moving to: [0.000 -5.000 0.000]
[18:01:37.686] Arrived at: [0.000 -5.000 0.000]
[18:01:37.688] Wait 0.000s
[18:01:37.689] Continue movement.

[18:01:37.690] Finished iteration 1

[18:01:37.691] Plan finished.
