[20:11:51.868] Starting plan irradiation...
	Plan name: Plan de movimiento solo stage
	Plan comment: irradW3
	Absolut shift from X to (0,0) well: [0.000 0.000 0.000]
[20:11:57.106] Starting iteration 1
[20:11:57.106] Moving to: [0.000 0.000 0.000]
[20:12:02.312] Arrived at: [0.000 0.000 0.000]
[20:12:02.312] Wait 0.000s
[20:12:02.312] Continue movement.

[20:12:02.312] Moving to: [-2.000 0.000 0.000]
[20:12:04.246] Arrived at: [-2.000 0.000 0.000]
[20:12:04.246] Wait 0.000s
[20:12:04.246] Continue movement.

[20:12:04.246] Moving to: [0.000 -0.200 0.000]
[20:12:06.629] Arrived at: [0.000 -0.200 0.000]
[20:12:06.642] Wait 0.000s
[20:12:06.643] Continue movement.

[20:12:06.643] Moving to: [-2.000 -0.400 0.000]
[20:12:09.013] Arrived at: [-2.000 -0.400 0.000]
[20:12:09.013] Wait 0.000s
[20:12:09.013] Continue movement.

[20:12:09.013] Moving to: [0.000 -0.600 0.000]
[20:12:11.510] Arrived at: [0.000 -0.600 0.000]
[20:12:11.510] Wait 0.000s
[20:12:11.510] Continue movement.

[20:12:11.510] Moving to: [-2.000 -0.800 0.000]
[20:12:13.928] Arrived at: [-2.000 -0.800 0.000]
[20:12:13.928] Wait 0.000s
[20:12:13.934] Continue movement.

[20:12:13.935] Moving to: [0.000 -1.000 0.000]
[20:12:16.366] Arrived at: [0.000 -1.000 0.000]
[20:12:16.366] Wait 0.000s
[20:12:16.366] Continue movement.

[20:12:16.366] Moving to: [-2.000 -1.200 0.000]
[20:12:18.766] Arrived at: [-2.000 -1.200 0.000]
[20:12:18.766] Wait 0.000s
[20:12:18.766] Continue movement.

[20:12:18.766] Moving to: [0.000 -1.400 0.000]
[20:12:21.168] Arrived at: [0.000 -1.400 0.000] WARNING!
[20:12:21.168] Wait 0.000s
[20:12:21.178] Continue movement.

[20:12:21.179] Moving to: [-2.000 -1.600 0.000]
[20:12:23.611] Arrived at: [-2.000 -1.600 0.000]
[20:12:23.611] Wait 0.000s
[20:12:23.611] Continue movement.

[20:12:23.611] Moving to: [0.000 -1.800 0.000]
[20:12:26.128] Arrived at: [0.000 -1.800 0.000]
[20:12:26.128] Wait 0.000s
[20:12:26.132] Continue movement.

[20:12:26.132] Moving to: [-2.000 -2.000 0.000]
[20:12:28.542] Arrived at: [-2.000 -2.000 0.000]
[20:12:28.542] Wait 0.000s
[20:12:28.542] Continue movement.

[20:12:28.542] Moving to: [0.000 -2.200 0.000]
[20:12:30.982] Arrived at: [0.000 -2.200 0.000]
[20:12:30.982] Wait 0.000s
[20:12:30.982] Continue movement.

[20:12:30.982] Moving to: [-2.000 -2.400 0.000]
[20:12:33.365] Arrived at: [-2.000 -2.400 0.000]
[20:12:33.365] Wait 0.000s
[20:12:33.365] Continue movement.

[20:12:33.365] Moving to: [0.000 -2.600 0.000]
[20:12:35.765] Arrived at: [0.000 -2.600 0.000]
[20:12:35.765] Wait 0.000s
[20:12:35.765] Continue movement.

[20:12:35.765] Moving to: [-2.000 -2.800 0.000]
[20:12:38.198] Arrived at: [-2.000 -2.800 0.000] WARNING!
[20:12:38.198] Wait 0.000s
[20:12:38.198] Continue movement.

[20:12:38.209] Moving to: [0.000 -3.000 0.000]
[20:12:40.618] Arrived at: [0.000 -3.000 0.000]
[20:12:40.619] Wait 0.000s
[20:12:40.619] Continue movement.

[20:12:40.619] Moving to: [-2.000 -3.200 0.000]
[20:12:42.977] Arrived at: [-2.000 -3.200 0.000]
[20:12:42.977] Wait 0.000s
[20:12:42.977] Continue movement.

[20:12:42.977] Moving to: [0.000 -3.400 0.000]
[20:12:45.339] Arrived at: [0.000 -3.400 0.000]
[20:12:45.341] Wait 0.000s
[20:12:45.342] Continue movement.

[20:12:45.343] Moving to: [-2.000 -3.600 0.000]
[20:12:47.711] Arrived at: [-2.000 -3.600 0.000]
[20:12:47.711] Wait 0.000s
[20:12:47.711] Continue movement.

[20:12:47.711] Moving to: [0.000 -3.800 0.000]
[20:12:50.105] Arrived at: [0.000 -3.800 0.000] WARNING!
[20:12:50.105] Wait 0.000s
[20:12:50.106] Continue movement.

[20:12:50.109] Moving to: [-2.000 -4.000 0.000]
[20:12:52.497] Arrived at: [-2.000 -4.000 0.000]
[20:12:52.497] Wait 0.000s
[20:12:52.497] Continue movement.

[20:12:52.497] Moving to: [0.000 -4.200 0.000]
[20:12:54.900] Arrived at: [0.000 -4.200 0.000]
[20:12:54.904] Wait 0.000s
[20:12:54.905] Continue movement.

[20:12:54.906] Moving to: [-2.000 -4.400 0.000]
[20:12:57.343] Arrived at: [-2.000 -4.400 0.000]
[20:12:57.344] Wait 0.000s
[20:12:57.346] Continue movement.

[20:12:57.347] Finished iteration 1

[20:12:57.347] Starting iteration 2
[20:13:33.491] Arrived at: [-2.000 -2.400 0.000]
[20:13:33.491] Wait 0.000s
[20:13:33.491] Continue movement.

[20:13:33.491] Moving to: [0.000 -2.600 0.000]
[20:13:35.889] Arrived at: [0.000 -2.600 0.000]
[20:13:35.889] Wait 0.000s
[20:13:35.889] Continue movement.

[20:13:35.889] Moving to: [-2.000 -2.800 0.000]
[20:13:38.290] Arrived at: [-2.000 -2.800 0.000] WARNING!
[20:13:38.290] Wait 0.000s
[20:13:38.299] Continue movement.

[20:13:38.301] Moving to: [0.000 -3.000 0.000]
[20:13:40.673] Arrived at: [0.000 -3.000 0.000]
[20:13:40.673] Wait 0.000s
[20:13:40.673] Continue movement.

[20:13:40.673] Moving to: [-2.000 -3.200 0.000]
[20:13:43.161] Arrived at: [-2.000 -3.200 0.000]
[20:13:43.161] Wait 0.000s
[20:13:43.161] Continue movement.

[20:13:43.161] Moving to: [0.000 -3.400 0.000]
[20:13:45.629] Arrived at: [0.000 -3.400 0.000]
[20:13:45.629] Wait 0.000s
[20:13:45.629] Continue movement.

[20:13:45.629] Moving to: [-2.000 -3.600 0.000]
[20:13:48.026] Arrived at: [-2.000 -3.600 0.000]
[20:13:48.026] Wait 0.000s
[20:13:48.026] Continue movement.

[20:13:48.026] Moving to: [0.000 -3.800 0.000]
[20:13:50.400] Arrived at: [0.000 -3.800 0.000] WARNING!
[20:13:50.400] Wait 0.000s
[20:13:50.410] Continue movement.

[20:13:50.410] Moving to: [-2.000 -4.000 0.000]
[20:13:52.827] Arrived at: [-2.000 -4.000 0.000]
[20:13:52.827] Wait 0.000s
[20:13:52.827] Continue movement.

[20:13:52.827] Moving to: [0.000 -4.200 0.000]
[20:13:55.240] Arrived at: [0.000 -4.200 0.000]
[20:13:55.240] Wait 0.000s
[20:13:55.240] Continue movement.

[20:13:55.240] Moving to: [-2.000 -4.400 0.000]
[20:13:57.685] Arrived at: [-2.000 -4.400 0.000]
[20:13:57.685] Wait 0.000s
[20:13:57.685] Continue movement.

[20:13:57.685] Finished iteration 2

[20:13:57.685] Starting iteration 3
[20:13:57.685] Moving to: [0.000 0.000 0.000]
[20:14:02.941] Arrived at: [0.000 0.000 0.000]
[20:14:02.941] Wait 0.000s
[20:14:02.941] Continue movement.

[20:14:02.941] Moving to: [-2.000 0.000 0.000]
[20:14:04.851] Arrived at: [-2.000 0.000 0.000]
[20:14:04.851] Wait 0.000s
[20:14:04.851] Continue movement.

[20:14:04.851] Moving to: [0.000 -0.200 0.000]
[20:14:07.276] Arrived at: [0.000 -0.200 0.000]
[20:14:07.278] Wait 0.000s
[20:14:07.280] Continue movement.

[20:14:07.280] Moving to: [-2.000 -0.400 0.000]
[20:14:09.736] Arrived at: [-2.000 -0.400 0.000]
[20:14:09.736] Wait 0.000s
[20:14:09.741] Continue movement.

[20:14:09.741] Moving to: [0.000 -0.600 0.000]
[20:14:12.164] Arrived at: [0.000 -0.600 0.000]
[20:14:12.164] Wait 0.000s
[20:14:12.164] Continue movement.

[20:14:12.164] Moving to: [-2.000 -0.800 0.000]
[20:14:14.563] Arrived at: [-2.000 -0.800 0.000]
[20:14:14.563] Wait 0.000s
[20:14:14.563] Continue movement.

[20:14:14.563] Moving to: [0.000 -1.000 0.000]
[20:14:16.973] Arrived at: [0.000 -1.000 0.000]
[20:14:16.974] Wait 0.000s
[20:14:16.975] Continue movement.

[20:14:16.977] Moving to: [-2.000 -1.200 0.000]
[20:14:19.373] Arrived at: [-2.000 -1.200 0.000]
[20:14:19.373] Wait 0.000s
[20:14:19.373] Continue movement.

[20:14:19.373] Moving to: [0.000 -1.400 0.000]
[20:14:21.832] Arrived at: [0.000 -1.400 0.000] WARNING!
[20:14:21.832] Wait 0.000s
[20:14:21.843] Continue movement.

[20:14:21.844] Moving to: [-2.000 -1.600 0.000]
[20:14:24.268] Arrived at: [-2.000 -1.600 0.000]
[20:14:24.268] Wait 0.000s
[20:14:24.268] Continue movement.

[20:14:24.268] Moving to: [0.000 -1.800 0.000]
[20:14:26.664] Arrived at: [0.000 -1.800 0.000]
[20:14:26.664] Wait 0.000s
[20:14:26.664] Continue movement.

[20:14:26.664] Moving to: [-2.000 -2.000 0.000]
[20:14:29.044] Arrived at: [-2.000 -2.000 0.000]
[20:14:29.048] Wait 0.000s
[20:14:29.050] Continue movement.

[20:14:29.051] Moving to: [0.000 -2.200 0.000]
[20:14:31.504] Arrived at: [0.000 -2.200 0.000]
[20:14:31.504] Wait 0.000s
[20:14:31.504] Continue movement.

[20:14:31.504] Moving to: [-2.000 -2.400 0.000]
[20:14:33.946] Arrived at: [-2.000 -2.400 0.000]
[20:14:33.946] Wait 0.000s
[20:14:33.946] Continue movement.

[20:14:33.946] Moving to: [0.000 -2.600 0.000]
[20:14:36.373] Arrived at: [0.000 -2.600 0.000]
[20:14:36.373] Wait 0.000s
[20:14:36.373] Continue movement.

[20:14:36.373] Moving to: [-2.000 -2.800 0.000]
[20:14:38.791] Arrived at: [-2.000 -2.800 0.000] WARNING!
[20:14:38.791] Wait 0.000s
[20:14:38.797] Continue movement.

[20:14:38.798] Moving to: [0.000 -3.000 0.000]
[20:14:41.172] Arrived at: [0.000 -3.000 0.000]
[20:14:41.172] Wait 0.000s
[20:14:41.172] Continue movement.

[20:14:41.172] Moving to: [-2.000 -3.200 0.000]
[20:14:43.587] Arrived at: [-2.000 -3.200 0.000]
[20:14:43.587] Wait 0.000s
[20:14:43.587] Continue movement.

[20:14:43.591] Moving to: [0.000 -3.400 0.000]
[20:14:46.019] Arrived at: [0.000 -3.400 0.000]
[20:14:46.019] Wait 0.000s
[20:14:46.023] Continue movement.

[20:14:46.023] Moving to: [-2.000 -3.600 0.000]
[20:14:48.402] Arrived at: [-2.000 -3.600 0.000]
[20:14:48.402] Wait 0.000s
[20:14:48.402] Continue movement.

[20:14:48.402] Moving to: [0.000 -3.800 0.000]
[20:14:50.840] Arrived at: [0.000 -3.800 0.000] WARNING!
[20:14:50.840] Wait 0.000s
[20:14:50.852] Continue movement.

[20:14:50.852] Moving to: [-2.000 -4.000 0.000]
[20:14:53.269] Arrived at: [-2.000 -4.000 0.000]
[20:14:53.269] Wait 0.000s
[20:14:53.269] Continue movement.

[20:14:53.269] Moving to: [0.000 -4.200 0.000]
[20:14:55.700] Arrived at: [0.000 -4.200 0.000]
[20:14:55.700] Wait 0.000s
[20:14:55.700] Continue movement.

[20:14:55.700] Moving to: [-2.000 -4.400 0.000]
[20:14:58.068] Arrived at: [-2.000 -4.400 0.000]
[20:14:58.068] Wait 0.000s
[20:14:58.068] Continue movement.

[20:14:58.068] Finished iteration 3

[20:14:58.068] Starting iteration 4
[20:14:58.068] Moving to: [0.000 0.000 0.000]
[20:15:03.249] Arrived at: [0.000 0.000 0.000]
[20:15:03.249] Wait 0.000s
[20:15:03.249] Continue movement.

[20:15:03.249] Moving to: [-2.000 0.000 0.000]
[20:15:05.169] Arrived at: [-2.000 0.000 0.000]
[20:15:05.169] Wait 0.000s
[20:15:05.169] Continue movement.

[20:15:05.169] Moving to: [0.000 -0.200 0.000]
[20:15:07.572] Arrived at: [0.000 -0.200 0.000]
[20:15:07.572] Wait 0.000s
[20:15:07.573] Continue movement.

[20:15:07.573] Moving to: [-2.000 -0.400 0.000]
[20:15:09.978] Arrived at: [-2.000 -0.400 0.000]
[20:15:09.978] Wait 0.000s
[20:15:09.978] Continue movement.

[20:15:09.978] Moving to: [0.000 -0.600 0.000]
[20:15:12.446] Arrived at: [0.000 -0.600 0.000]
[20:15:12.446] Wait 0.000s
[20:15:12.446] Continue movement.

[20:15:12.446] Moving to: [-2.000 -0.800 0.000]
[20:15:14.904] Arrived at: [-2.000 -0.800 0.000]
[20:15:14.905] Wait 0.000s
[20:15:14.908] Continue movement.

[20:15:14.909] Moving to: [0.000 -1.000 0.000]
[20:15:17.305] Arrived at: [0.000 -1.000 0.000]
[20:15:17.305] Wait 0.000s
[20:15:17.305] Continue movement.

[20:15:17.305] Moving to: [-2.000 -1.200 0.000]
[20:15:19.777] Arrived at: [-2.000 -1.200 0.000]
[20:15:19.777] Wait 0.000s
[20:15:19.777] Continue movement.

[20:15:19.777] Moving to: [0.000 -1.400 0.000]
[20:15:22.184] Arrived at: [0.000 -1.400 0.000] WARNING!
[20:15:22.184] Wait 0.000s
[20:15:22.194] Continue movement.

[20:15:22.196] Moving to: [-2.000 -1.600 0.000]
[20:15:24.598] Arrived at: [-2.000 -1.600 0.000]
[20:15:24.598] Wait 0.000s
[20:15:24.598] Continue movement.

[20:15:24.598] Moving to: [0.000 -1.800 0.000]
[20:15:26.980] Arrived at: [0.000 -1.800 0.000]
[20:15:26.980] Wait 0.000s
[20:15:26.980] Continue movement.

[20:15:26.990] Moving to: [-2.000 -2.000 0.000]
[20:15:29.365] Arrived at: [-2.000 -2.000 0.000]
[20:15:29.365] Wait 0.000s
[20:15:29.365] Continue movement.

[20:15:29.365] Moving to: [0.000 -2.200 0.000]
[20:15:31.768] Arrived at: [0.000 -2.200 0.000]
[20:15:31.768] Wait 0.000s
[20:15:31.772] Continue movement.

[20:15:31.774] Moving to: [-2.000 -2.400 0.000]
[20:15:34.197] Arrived at: [-2.000 -2.400 0.000]
[20:15:34.197] Wait 0.000s
[20:15:34.197] Continue movement.

[20:15:34.197] Moving to: [0.000 -2.600 0.000]
[20:15:36.605] Arrived at: [0.000 -2.600 0.000]
[20:15:36.605] Wait 0.000s
[20:15:36.605] Continue movement.

[20:15:36.605] Moving to: [-2.000 -2.800 0.000]
[20:15:39.213] Arrived at: [-2.000 -2.800 0.000] WARNING!
[20:15:39.213] Wait 0.000s
[20:15:39.223] Continue movement.

[20:15:39.224] Moving to: [0.000 -3.000 0.000]
[20:15:41.583] Arrived at: [0.000 -3.000 0.000]
[20:15:41.583] Wait 0.000s
[20:15:41.583] Continue movement.

[20:15:41.587] Moving to: [-2.000 -3.200 0.000]
[20:15:43.977] Arrived at: [-2.000 -3.200 0.000]
[20:15:43.977] Wait 0.000s
[20:15:43.977] Continue movement.

[20:15:43.977] Moving to: [0.000 -3.400 0.000]
[20:15:46.361] Arrived at: [0.000 -3.400 0.000]
[20:15:46.361] Wait 0.000s
[20:15:46.361] Continue movement.

[20:15:46.361] Moving to: [-2.000 -3.600 0.000]
[20:15:48.824] Arrived at: [-2.000 -3.600 0.000]
[20:15:48.824] Wait 0.000s
[20:15:48.824] Continue movement.

[20:15:48.824] Moving to: [0.000 -3.800 0.000]
[20:15:51.236] Arrived at: [0.000 -3.800 0.000] WARNING!
[20:15:51.236] Wait 0.000s
[20:15:51.247] Continue movement.

[20:15:51.248] Moving to: [-2.000 -4.000 0.000]
[20:15:53.652] Arrived at: [-2.000 -4.000 0.000]
[20:15:53.652] Wait 0.000s
[20:15:53.652] Continue movement.

[20:15:53.652] Moving to: [0.000 -4.200 0.000]
[20:15:56.108] Arrived at: [0.000 -4.200 0.000]
[20:15:56.108] Wait 0.000s
[20:15:56.111] Continue movement.

[20:15:56.112] Moving to: [-2.000 -4.400 0.000]
[20:15:58.580] Arrived at: [-2.000 -4.400 0.000]
[20:15:58.580] Wait 0.000s
[20:15:58.580] Continue movement.

[20:15:58.580] Finished iteration 4

[20:15:58.580] Starting iteration 5
[20:15:58.580] Moving to: [0.000 0.000 0.000]
[20:16:03.695] Arrived at: [0.000 0.000 0.000]
[20:16:03.695] Wait 0.000s
[20:16:03.695] Continue movement.

[20:16:03.695] Moving to: [-2.000 0.000 0.000]
[20:16:05.663] Arrived at: [-2.000 0.000 0.000]
[20:16:05.663] Wait 0.000s
[20:16:05.663] Continue movement.

[20:16:05.663] Moving to: [0.000 -0.200 0.000]
[20:16:08.131] Arrived at: [0.000 -0.200 0.000]
[20:16:08.131] Wait 0.000s
[20:16:08.135] Continue movement.

[20:16:08.135] Moving to: [-2.000 -0.400 0.000]
[20:16:10.508] Arrived at: [-2.000 -0.400 0.000]
[20:16:10.508] Wait 0.000s
[20:16:10.508] Continue movement.

[20:16:10.508] Moving to: [0.000 -0.600 0.000]
[20:16:12.914] Arrived at: [0.000 -0.600 0.000]
[20:16:12.914] Wait 0.000s
[20:16:12.914] Continue movement.

[20:16:12.914] Moving to: [-2.000 -0.800 0.000]
[20:16:15.321] Arrived at: [-2.000 -0.800 0.000]
[20:16:15.321] Wait 0.000s
[20:16:15.321] Continue movement.

[20:16:15.321] Moving to: [0.000 -1.000 0.000]
[20:16:17.721] Arrived at: [0.000 -1.000 0.000]
[20:16:17.721] Wait 0.000s
[20:16:17.721] Continue movement.

[20:16:17.721] Moving to: [-2.000 -1.200 0.000]
[20:16:20.140] Arrived at: [-2.000 -1.200 0.000]
[20:16:20.140] Wait 0.000s
[20:16:20.140] Continue movement.

[20:16:20.145] Moving to: [0.000 -1.400 0.000]
[20:16:22.516] Arrived at: [0.000 -1.400 0.000] WARNING!
[20:16:22.516] Wait 0.000s
[20:16:22.527] Continue movement.

[20:16:22.528] Moving to: [-2.000 -1.600 0.000]
[20:16:24.911] Arrived at: [-2.000 -1.600 0.000]
[20:16:24.912] Wait 0.000s
[20:16:24.914] Continue movement.

[20:16:24.915] Moving to: [0.000 -1.800 0.000]
[20:16:27.498] Arrived at: [0.000 -1.800 0.000]
[20:16:27.499] Wait 0.000s
[20:16:27.499] Continue movement.

[20:16:27.499] Moving to: [-2.000 -2.000 0.000]
[20:16:29.874] Arrived at: [-2.000 -2.000 0.000]
[20:16:29.874] Wait 0.000s
[20:16:29.874] Continue movement.

[20:16:29.874] Moving to: [0.000 -2.200 0.000]
[20:16:32.240] Arrived at: [0.000 -2.200 0.000]
[20:16:32.240] Wait 0.000s
[20:16:32.240] Continue movement.

[20:16:32.240] Moving to: [-2.000 -2.400 0.000]
[20:16:34.699] Arrived at: [-2.000 -2.400 0.000]
[20:16:34.699] Wait 0.000s
[20:16:34.699] Continue movement.

[20:16:34.699] Moving to: [0.000 -2.600 0.000]
[20:16:37.020] Arrived at: [0.000 -2.600 0.000]
[20:16:37.020] Wait 0.000s
[20:16:37.020] Continue movement.

[20:16:37.020] Moving to: [-2.000 -2.800 0.000]
[20:16:39.562] Arrived at: [-2.000 -2.800 0.000] WARNING!
[20:16:39.562] Wait 0.000s
[20:16:39.562] Continue movement.

[20:16:39.562] Moving to: [0.000 -3.000 0.000]
[20:16:42.011] Arrived at: [0.000 -3.000 0.000]
[20:16:42.011] Wait 0.000s
[20:16:42.011] Continue movement.

[20:16:42.011] Moving to: [-2.000 -3.200 0.000]
[20:16:44.478] Arrived at: [-2.000 -3.200 0.000]
[20:16:44.478] Wait 0.000s
[20:16:44.478] Continue movement.

[20:16:44.478] Moving to: [0.000 -3.400 0.000]
[20:16:46.985] Arrived at: [0.000 -3.400 0.000]
[20:16:46.985] Wait 0.000s
[20:16:46.985] Continue movement.

[20:16:46.985] Moving to: [-2.000 -3.600 0.000]
[20:16:49.544] Arrived at: [-2.000 -3.600 0.000]
[20:16:49.545] Wait 0.000s
[20:16:49.545] Continue movement.

[20:16:49.545] Moving to: [0.000 -3.800 0.000]
[20:16:52.147] Arrived at: [0.000 -3.800 0.000] WARNING!
[20:16:52.149] Wait 0.000s
[20:16:52.152] Continue movement.

[20:16:52.155] Moving to: [-2.000 -4.000 0.000]
[20:16:54.807] Arrived at: [-2.000 -4.000 0.000]
[20:16:54.807] Wait 0.000s
[20:16:54.807] Continue movement.

[20:16:54.807] Moving to: [0.000 -4.200 0.000]
[20:16:57.301] Arrived at: [0.000 -4.200 0.000]
[20:16:57.301] Wait 0.000s
[20:16:57.301] Continue movement.

[20:16:57.301] Moving to: [-2.000 -4.400 0.000]
[20:16:59.861] Arrived at: [-2.000 -4.400 0.000]
[20:16:59.867] Wait 0.000s
[20:16:59.868] Continue movement.

[20:16:59.869] Finished iteration 5

[20:16:59.870] Starting iteration 6
[20:16:59.870] Moving to: [0.000 0.000 0.000]
[20:17:05.026] Arrived at: [0.000 0.000 0.000]
[20:17:05.028] Wait 0.000s
[20:17:05.028] Continue movement.

[20:17:05.028] Moving to: [-2.000 0.000 0.000]
[20:17:07.116] Arrived at: [-2.000 0.000 0.000]
[20:17:07.116] Wait 0.000s
[20:17:07.116] Continue movement.

[20:17:07.116] Moving to: [0.000 -0.200 0.000]
[20:17:09.500] Arrived at: [0.000 -0.200 0.000]
[20:17:09.500] Wait 0.000s
[20:17:09.500] Continue movement.

[20:17:09.500] Moving to: [-2.000 -0.400 0.000]
[20:17:11.902] Arrived at: [-2.000 -0.400 0.000]
[20:17:11.902] Wait 0.000s
[20:17:11.902] Continue movement.

[20:17:11.902] Moving to: [0.000 -0.600 0.000]
[20:17:14.280] Arrived at: [0.000 -0.600 0.000]
[20:17:14.280] Wait 0.000s
[20:17:14.280] Continue movement.

[20:17:14.280] Moving to: [-2.000 -0.800 0.000]
[20:17:16.646] Arrived at: [-2.000 -0.800 0.000]
[20:17:16.646] Wait 0.000s
[20:17:16.646] Continue movement.

[20:17:16.646] Moving to: [0.000 -1.000 0.000]
[20:17:19.063] Arrived at: [0.000 -1.000 0.000]
[20:17:19.063] Wait 0.000s
[20:17:19.063] Continue movement.

[20:17:19.063] Moving to: [-2.000 -1.200 0.000]
[20:17:21.458] Arrived at: [-2.000 -1.200 0.000]
[20:17:21.458] Wait 0.000s
[20:17:21.458] Continue movement.

[20:17:21.458] Moving to: [0.000 -1.400 0.000]
[20:17:23.860] Arrived at: [0.000 -1.400 0.000] WARNING!
[20:17:23.860] Wait 0.000s
[20:17:23.860] Continue movement.

[20:17:23.860] Moving to: [-2.000 -1.600 0.000]
[20:17:26.270] Arrived at: [-2.000 -1.600 0.000]
[20:17:26.270] Wait 0.000s
[20:17:26.270] Continue movement.

[20:17:26.270] Moving to: [0.000 -1.800 0.000]
[20:17:28.862] Arrived at: [0.000 -1.800 0.000]
[20:17:28.862] Wait 0.000s
[20:17:28.862] Continue movement.

[20:17:28.862] Moving to: [-2.000 -2.000 0.000]
[20:17:31.295] Arrived at: [-2.000 -2.000 0.000]
[20:17:31.295] Wait 0.000s
[20:17:31.295] Continue movement.

[20:17:31.295] Moving to: [0.000 -2.200 0.000]
[20:17:33.675] Arrived at: [0.000 -2.200 0.000]
[20:17:33.675] Wait 0.000s
[20:17:33.675] Continue movement.

[20:17:33.675] Moving to: [-2.000 -2.400 0.000]
[20:17:36.029] Arrived at: [-2.000 -2.400 0.000]
[20:17:36.029] Wait 0.000s
[20:17:36.029] Continue movement.

[20:17:36.029] Moving to: [0.000 -2.600 0.000]
[20:17:38.490] Arrived at: [0.000 -2.600 0.000]
[20:17:38.490] Wait 0.000s
[20:17:38.490] Continue movement.

[20:17:38.490] Moving to: [-2.000 -2.800 0.000]
[20:17:40.873] Arrived at: [-2.000 -2.800 0.000] WARNING!
[20:17:40.873] Wait 0.000s
[20:17:40.873] Continue movement.

[20:17:40.886] Moving to: [0.000 -3.000 0.000]
[20:17:43.274] Arrived at: [0.000 -3.000 0.000]
[20:17:43.274] Wait 0.000s
[20:17:43.274] Continue movement.

[20:17:43.274] Moving to: [-2.000 -3.200 0.000]
[20:17:45.667] Arrived at: [-2.000 -3.200 0.000]
[20:17:45.667] Wait 0.000s
[20:17:45.668] Continue movement.

[20:17:45.668] Moving to: [0.000 -3.400 0.000]
[20:17:48.243] Arrived at: [0.000 -3.400 0.000]
[20:17:48.243] Wait 0.000s
[20:17:48.243] Continue movement.

[20:17:48.243] Moving to: [-2.000 -3.600 0.000]
[20:17:50.657] Arrived at: [-2.000 -3.600 0.000]
[20:17:50.657] Wait 0.000s
[20:17:50.657] Continue movement.

[20:17:50.657] Moving to: [0.000 -3.800 0.000]
[20:17:53.041] Arrived at: [0.000 -3.800 0.000] WARNING!
[20:17:53.041] Wait 0.000s
[20:17:53.041] Continue movement.

[20:17:53.056] Moving to: [-2.000 -4.000 0.000]
[20:17:55.505] Arrived at: [-2.000 -4.000 0.000]
[20:17:55.505] Wait 0.000s
[20:17:55.505] Continue movement.

[20:17:55.505] Moving to: [0.000 -4.200 0.000]
[20:17:57.921] Arrived at: [0.000 -4.200 0.000]
[20:17:57.921] Wait 0.000s
[20:17:57.921] Continue movement.

[20:17:57.921] Moving to: [-2.000 -4.400 0.000]
[20:18:00.321] Arrived at: [-2.000 -4.400 0.000]
[20:18:00.321] Wait 0.000s
[20:18:00.321] Continue movement.

[20:18:00.321] Finished iteration 6

[20:18:00.321] Starting iteration 7
[20:18:00.321] Moving to: [0.000 0.000 0.000]
[20:18:05.543] Arrived at: [0.000 0.000 0.000]
[20:18:05.543] Wait 0.000s
[20:18:05.543] Continue movement.

[20:18:05.543] Moving to: [-2.000 0.000 0.000]
[20:18:07.497] Arrived at: [-2.000 0.000 0.000]
[20:18:07.497] Wait 0.000s
[20:18:07.497] Continue movement.

[20:18:07.497] Moving to: [0.000 -0.200 0.000]
[20:18:09.911] Arrived at: [0.000 -0.200 0.000]
[20:18:09.911] Wait 0.000s
[20:18:09.911] Continue movement.

[20:18:09.911] Moving to: [-2.000 -0.400 0.000]
[20:18:12.302] Arrived at: [-2.000 -0.400 0.000]
[20:18:12.303] Wait 0.000s
[20:18:12.303] Continue movement.

[20:18:12.303] Moving to: [0.000 -0.600 0.000]
[20:18:14.718] Arrived at: [0.000 -0.600 0.000]
[20:18:14.719] Wait 0.000s
[20:18:14.721] Continue movement.

[20:18:14.721] Moving to: [-2.000 -0.800 0.000]
[20:18:17.106] Arrived at: [-2.000 -0.800 0.000]
[20:18:17.106] Wait 0.000s
[20:18:17.106] Continue movement.

[20:18:17.106] Moving to: [0.000 -1.000 0.000]
[20:18:19.527] Arrived at: [0.000 -1.000 0.000]
[20:18:19.527] Wait 0.000s
[20:18:19.531] Continue movement.

[20:18:19.531] Moving to: [-2.000 -1.200 0.000]
[20:18:21.889] Arrived at: [-2.000 -1.200 0.000]
[20:18:21.889] Wait 0.000s
[20:18:21.889] Continue movement.

[20:18:21.889] Moving to: [0.000 -1.400 0.000]
[20:18:24.331] Arrived at: [0.000 -1.400 0.000] WARNING!
[20:18:24.332] Wait 0.000s
[20:18:24.333] Continue movement.

[20:18:24.334] Moving to: [-2.000 -1.600 0.000]
[20:18:26.700] Arrived at: [-2.000 -1.600 0.000]
[20:18:26.700] Wait 0.000s
[20:18:26.700] Continue movement.

[20:18:26.700] Moving to: [0.000 -1.800 0.000]
[20:18:29.138] Arrived at: [0.000 -1.800 0.000]
[20:18:29.139] Wait 0.000s
[20:18:29.139] Continue movement.

[20:18:29.139] Moving to: [-2.000 -2.000 0.000]
[20:18:31.562] Arrived at: [-2.000 -2.000 0.000]
[20:18:31.562] Wait 0.000s
[20:18:31.562] Continue movement.

[20:18:31.562] Moving to: [0.000 -2.200 0.000]
[20:18:34.006] Arrived at: [0.000 -2.200 0.000]
[20:18:34.007] Wait 0.000s
[20:18:34.008] Continue movement.

[20:18:34.009] Moving to: [-2.000 -2.400 0.000]
[20:18:36.361] Arrived at: [-2.000 -2.400 0.000]
[20:18:36.361] Wait 0.000s
[20:18:36.361] Continue movement.

[20:18:36.361] Moving to: [0.000 -2.600 0.000]
[20:18:38.763] Arrived at: [0.000 -2.600 0.000]
[20:18:38.763] Wait 0.000s
[20:18:38.763] Continue movement.

[20:18:38.763] Moving to: [-2.000 -2.800 0.000]
[20:18:41.206] Arrived at: [-2.000 -2.800 0.000] WARNING!
[20:18:41.206] Wait 0.000s
[20:18:41.216] Continue movement.

[20:18:41.217] Moving to: [0.000 -3.000 0.000]
[20:18:43.635] Arrived at: [0.000 -3.000 0.000]
[20:18:43.635] Wait 0.000s
[20:18:43.635] Continue movement.

[20:18:43.635] Moving to: [-2.000 -3.200 0.000]
[20:18:46.033] Arrived at: [-2.000 -3.200 0.000]
[20:18:46.033] Wait 0.000s
[20:18:46.033] Continue movement.

[20:18:46.033] Moving to: [0.000 -3.400 0.000]
[20:18:48.417] Arrived at: [0.000 -3.400 0.000]
[20:18:48.417] Wait 0.000s
[20:18:48.417] Continue movement.

[20:18:48.417] Moving to: [-2.000 -3.600 0.000]
[20:18:50.833] Arrived at: [-2.000 -3.600 0.000]
[20:18:50.833] Wait 0.000s
[20:18:50.833] Continue movement.

[20:18:50.833] Moving to: [0.000 -3.800 0.000]
[20:18:53.439] Arrived at: [0.000 -3.800 0.000] WARNING!
[20:18:53.439] Wait 0.000s
[20:18:53.449] Continue movement.

[20:18:53.449] Moving to: [-2.000 -4.000 0.000]
[20:18:55.818] Arrived at: [-2.000 -4.000 0.000]
[20:18:55.818] Wait 0.000s
[20:18:55.818] Continue movement.

[20:18:55.818] Moving to: [0.000 -4.200 0.000]
[20:18:58.194] Arrived at: [0.000 -4.200 0.000]
[20:18:58.194] Wait 0.000s
[20:18:58.194] Continue movement.

[20:18:58.194] Moving to: [-2.000 -4.400 0.000]
[20:19:00.670] Arrived at: [-2.000 -4.400 0.000]
[20:19:00.670] Wait 0.000s
[20:19:00.670] Continue movement.

[20:19:00.670] Finished iteration 7

[20:19:00.670] Starting iteration 8
[20:19:00.670] Moving to: [0.000 0.000 0.000]
[20:19:06.038] Arrived at: [0.000 0.000 0.000]
[20:19:06.038] Wait 0.000s
[20:19:06.038] Continue movement.

[20:19:06.038] Moving to: [-2.000 0.000 0.000]
[20:19:07.965] Arrived at: [-2.000 0.000 0.000]
[20:19:07.965] Wait 0.000s
[20:19:07.965] Continue movement.

[20:19:07.965] Moving to: [0.000 -0.200 0.000]
[20:19:10.394] Arrived at: [0.000 -0.200 0.000]
[20:19:10.394] Wait 0.000s
[20:19:10.394] Continue movement.

[20:19:10.394] Moving to: [-2.000 -0.400 0.000]
[20:19:12.773] Arrived at: [-2.000 -0.400 0.000]
[20:19:12.773] Wait 0.000s
[20:19:12.773] Continue movement.

[20:19:12.773] Moving to: [0.000 -0.600 0.000]
[20:19:15.142] Arrived at: [0.000 -0.600 0.000]
[20:19:15.142] Wait 0.000s
[20:19:15.142] Continue movement.

[20:19:15.142] Moving to: [-2.000 -0.800 0.000]
[20:19:17.522] Arrived at: [-2.000 -0.800 0.000]
[20:19:17.522] Wait 0.000s
[20:19:17.522] Continue movement.

[20:19:17.522] Moving to: [0.000 -1.000 0.000]
[20:19:19.994] Arrived at: [0.000 -1.000 0.000]
[20:19:19.995] Wait 0.000s
[20:19:19.997] Continue movement.

[20:19:19.997] Moving to: [-2.000 -1.200 0.000]
[20:19:22.382] Arrived at: [-2.000 -1.200 0.000]
[20:19:22.382] Wait 0.000s
[20:19:22.382] Continue movement.

[20:19:22.382] Moving to: [0.000 -1.400 0.000]
[20:19:24.910] Arrived at: [0.000 -1.400 0.000] WARNING!
[20:19:24.910] Wait 0.000s
[20:19:24.910] Continue movement.

[20:19:24.914] Moving to: [-2.000 -1.600 0.000]
[20:19:27.358] Arrived at: [-2.000 -1.600 0.000]
[20:19:27.374] Wait 0.000s
[20:19:27.374] Continue movement.

[20:19:27.374] Moving to: [0.000 -1.800 0.000]
[20:19:29.772] Arrived at: [0.000 -1.800 0.000]
[20:19:29.772] Wait 0.000s
[20:19:29.772] Continue movement.

[20:19:29.772] Moving to: [-2.000 -2.000 0.000]
[20:19:32.187] Arrived at: [-2.000 -2.000 0.000]
[20:19:32.187] Wait 0.000s
[20:19:32.187] Continue movement.

[20:19:32.187] Moving to: [0.000 -2.200 0.000]
[20:19:34.582] Arrived at: [0.000 -2.200 0.000]
[20:19:34.582] Wait 0.000s
[20:19:34.582] Continue movement.

[20:19:34.582] Moving to: [-2.000 -2.400 0.000]
[20:19:36.981] Arrived at: [-2.000 -2.400 0.000]
[20:19:36.981] Wait 0.000s
[20:19:36.981] Continue movement.

[20:19:36.981] Moving to: [0.000 -2.600 0.000]
[20:19:39.578] Arrived at: [0.000 -2.600 0.000]
[20:19:39.579] Wait 0.000s
[20:19:39.581] Continue movement.

[20:19:39.582] Moving to: [-2.000 -2.800 0.000]
[20:19:41.992] Arrived at: [-2.000 -2.800 0.000] WARNING!
[20:19:41.992] Wait 0.000s
[20:19:41.992] Continue movement.

[20:19:42.009] Moving to: [0.000 -3.000 0.000]
[20:19:44.402] Arrived at: [0.000 -3.000 0.000]
[20:19:44.402] Wait 0.000s
[20:19:44.402] Continue movement.

[20:19:44.402] Moving to: [-2.000 -3.200 0.000]
[20:19:46.881] Arrived at: [-2.000 -3.200 0.000]
[20:19:46.881] Wait 0.000s
[20:19:46.881] Continue movement.

[20:19:46.881] Moving to: [0.000 -3.400 0.000]
[20:19:49.342] Arrived at: [0.000 -3.400 0.000]
[20:19:49.342] Wait 0.000s
[20:19:49.342] Continue movement.

[20:19:49.342] Moving to: [-2.000 -3.600 0.000]
[20:19:51.761] Arrived at: [-2.000 -3.600 0.000]
[20:19:51.761] Wait 0.000s
[20:19:51.761] Continue movement.

[20:19:51.761] Moving to: [0.000 -3.800 0.000]
[20:19:54.166] Arrived at: [0.000 -3.800 0.000] WARNING!
[20:19:54.167] Wait 0.000s
[20:19:54.169] Continue movement.

[20:19:54.169] Moving to: [-2.000 -4.000 0.000]
[20:19:56.611] Arrived at: [-2.000 -4.000 0.000]
[20:19:56.611] Wait 0.000s
[20:19:56.611] Continue movement.

[20:19:56.611] Moving to: [0.000 -4.200 0.000]
[20:19:59.000] Arrived at: [0.000 -4.200 0.000]
[20:19:59.000] Wait 0.000s
[20:19:59.000] Continue movement.

[20:19:59.000] Moving to: [-2.000 -4.400 0.000]
[20:20:01.433] Arrived at: [-2.000 -4.400 0.000]
[20:20:01.433] Wait 0.000s
[20:20:01.433] Continue movement.

[20:20:01.433] Finished iteration 8

[20:20:01.433] Starting iteration 9
[20:20:01.433] Moving to: [0.000 0.000 0.000]
[20:20:06.616] Arrived at: [0.000 0.000 0.000]
[20:20:06.616] Wait 0.000s
[20:20:06.616] Continue movement.

[20:20:06.616] Moving to: [-2.000 0.000 0.000]
[20:20:08.545] Arrived at: [-2.000 0.000 0.000]
[20:20:08.545] Wait 0.000s
[20:20:08.545] Continue movement.

[20:20:08.545] Moving to: [0.000 -0.200 0.000]
[20:20:10.920] Arrived at: [0.000 -0.200 0.000]
[20:20:10.920] Wait 0.000s
[20:20:10.920] Continue movement.

[20:20:10.920] Moving to: [-2.000 -0.400 0.000]
[20:20:13.338] Arrived at: [-2.000 -0.400 0.000]
[20:20:13.338] Wait 0.000s
[20:20:13.338] Continue movement.

[20:20:13.338] Moving to: [0.000 -0.600 0.000]
[20:20:15.763] Arrived at: [0.000 -0.600 0.000]
[20:20:15.763] Wait 0.000s
[20:20:15.763] Continue movement.

[20:20:15.763] Moving to: [-2.000 -0.800 0.000]
[20:20:18.208] Arrived at: [-2.000 -0.800 0.000]
[20:20:18.208] Wait 0.000s
[20:20:18.208] Continue movement.

[20:20:18.208] Moving to: [0.000 -1.000 0.000]
[20:20:20.633] Arrived at: [0.000 -1.000 0.000]
[20:20:20.633] Wait 0.000s
[20:20:20.633] Continue movement.

[20:20:20.633] Moving to: [-2.000 -1.200 0.000]
[20:20:23.023] Arrived at: [-2.000 -1.200 0.000]
[20:20:23.023] Wait 0.000s
[20:20:23.023] Continue movement.

[20:20:23.023] Moving to: [0.000 -1.400 0.000]
[20:20:25.418] Arrived at: [0.000 -1.400 0.000] WARNING!
[20:20:25.430] Wait 0.000s
[20:20:25.432] Continue movement.

[20:20:25.433] Moving to: [-2.000 -1.600 0.000]
[20:20:27.874] Arrived at: [-2.000 -1.600 0.000]
[20:20:27.875] Wait 0.000s
[20:20:27.877] Continue movement.

[20:20:27.877] Moving to: [0.000 -1.800 0.000]
[20:20:30.256] Arrived at: [0.000 -1.800 0.000]
[20:20:30.257] Wait 0.000s
[20:20:30.259] Continue movement.

[20:20:30.259] Moving to: [-2.000 -2.000 0.000]
[20:20:32.647] Arrived at: [-2.000 -2.000 0.000]
[20:20:32.647] Wait 0.000s
[20:20:32.647] Continue movement.

[20:20:32.647] Moving to: [0.000 -2.200 0.000]
[20:20:35.032] Arrived at: [0.000 -2.200 0.000]
[20:20:35.032] Wait 0.000s
[20:20:35.032] Continue movement.

[20:20:35.032] Moving to: [-2.000 -2.400 0.000]
[20:20:37.443] Arrived at: [-2.000 -2.400 0.000]
[20:20:37.443] Wait 0.000s
[20:20:37.447] Continue movement.

[20:20:37.448] Moving to: [0.000 -2.600 0.000]
[20:20:39.835] Arrived at: [0.000 -2.600 0.000]
[20:20:39.835] Wait 0.000s
[20:20:39.835] Continue movement.

[20:20:39.835] Moving to: [-2.000 -2.800 0.000]
[20:20:42.194] Arrived at: [-2.000 -2.800 0.000] WARNING!
[20:20:42.194] Wait 0.000s
[20:20:42.203] Continue movement.

[20:20:42.204] Moving to: [0.000 -3.000 0.000]
[20:20:44.591] Arrived at: [0.000 -3.000 0.000]
[20:20:44.591] Wait 0.000s
[20:20:44.591] Continue movement.

[20:20:44.591] Moving to: [-2.000 -3.200 0.000]
[20:20:46.973] Arrived at: [-2.000 -3.200 0.000]
[20:20:46.973] Wait 0.000s
[20:20:46.973] Continue movement.

[20:20:46.973] Moving to: [0.000 -3.400 0.000]
[20:20:49.605] Arrived at: [0.000 -3.400 0.000]
[20:20:49.607] Wait 0.000s
[20:20:49.608] Continue movement.

[20:20:49.610] Moving to: [-2.000 -3.600 0.000]
[20:20:52.142] Arrived at: [-2.000 -3.600 0.000]
[20:20:52.142] Wait 0.000s
[20:20:52.142] Continue movement.

[20:20:52.142] Moving to: [0.000 -3.800 0.000]
[20:20:54.562] Arrived at: [0.000 -3.800 0.000] WARNING!
[20:20:54.562] Wait 0.000s
[20:20:54.573] Continue movement.

[20:20:54.574] Moving to: [-2.000 -4.000 0.000]
[20:20:56.957] Arrived at: [-2.000 -4.000 0.000]
[20:20:56.957] Wait 0.000s
[20:20:56.957] Continue movement.

[20:20:56.957] Moving to: [0.000 -4.200 0.000]
[20:20:59.393] Arrived at: [0.000 -4.200 0.000]
[20:20:59.393] Wait 0.000s
[20:20:59.393] Continue movement.

[20:20:59.393] Moving to: [-2.000 -4.400 0.000]
[20:21:01.806] Arrived at: [-2.000 -4.400 0.000]
[20:21:01.807] Wait 0.000s
[20:21:01.810] Continue movement.

[20:21:01.810] Finished iteration 9

[20:21:01.810] Starting iteration 10
[20:21:01.811] Moving to: [0.000 0.000 0.000]
[20:21:07.232] Arrived at: [0.000 0.000 0.000]
[20:21:07.232] Wait 0.000s
[20:21:07.232] Continue movement.

[20:21:07.232] Moving to: [-2.000 0.000 0.000]
[20:21:09.231] Arrived at: [-2.000 0.000 0.000]
[20:21:09.231] Wait 0.000s
[20:21:09.231] Continue movement.

[20:21:09.231] Moving to: [0.000 -0.200 0.000]
[20:21:11.736] Arrived at: [0.000 -0.200 0.000]
[20:21:11.736] Wait 0.000s
[20:21:11.736] Continue movement.

[20:21:11.736] Moving to: [-2.000 -0.400 0.000]
[20:21:14.254] Arrived at: [-2.000 -0.400 0.000]
[20:21:14.254] Wait 0.000s
[20:21:14.254] Continue movement.

[20:21:14.254] Moving to: [0.000 -0.600 0.000]
[20:21:16.716] Arrived at: [0.000 -0.600 0.000]
[20:21:16.716] Wait 0.000s
[20:21:16.716] Continue movement.

[20:21:16.716] Moving to: [-2.000 -0.800 0.000]
[20:21:19.163] Arrived at: [-2.000 -0.800 0.000]
[20:21:19.163] Wait 0.000s
[20:21:19.163] Continue movement.

[20:21:19.163] Moving to: [0.000 -1.000 0.000]
[20:21:21.707] Arrived at: [0.000 -1.000 0.000]
[20:21:21.707] Wait 0.000s
[20:21:21.707] Continue movement.

[20:21:21.707] Moving to: [-2.000 -1.200 0.000]
[20:21:24.158] Arrived at: [-2.000 -1.200 0.000]
[20:21:24.158] Wait 0.000s
[20:21:24.158] Continue movement.

[20:21:24.158] Moving to: [0.000 -1.400 0.000]
[20:21:26.608] Arrived at: [0.000 -1.400 0.000] WARNING!
[20:21:26.608] Wait 0.000s
[20:21:26.610] Continue movement.

[20:21:26.611] Moving to: [-2.000 -1.600 0.000]
[20:21:29.101] Arrived at: [-2.000 -1.600 0.000]
[20:21:29.101] Wait 0.000s
[20:21:29.101] Continue movement.

[20:21:29.101] Moving to: [0.000 -1.800 0.000]
[20:21:31.439] Arrived at: [0.000 -1.800 0.000]
[20:21:31.439] Wait 0.000s
[20:21:31.439] Continue movement.

[20:21:31.439] Moving to: [-2.000 -2.000 0.000]
[20:21:33.960] Arrived at: [-2.000 -2.000 0.000]
[20:21:33.960] Wait 0.000s
[20:21:33.960] Continue movement.

[20:21:33.960] Moving to: [0.000 -2.200 0.000]
[20:21:36.308] Arrived at: [0.000 -2.200 0.000]
[20:21:36.308] Wait 0.000s
[20:21:36.308] Continue movement.

[20:21:36.312] Moving to: [-2.000 -2.400 0.000]
[20:21:38.804] Arrived at: [-2.000 -2.400 0.000]
[20:21:38.804] Wait 0.000s
[20:21:38.804] Continue movement.

[20:21:38.804] Moving to: [0.000 -2.600 0.000]
[20:21:41.296] Arrived at: [0.000 -2.600 0.000]
[20:21:41.296] Wait 0.000s
[20:21:41.296] Continue movement.

[20:21:41.296] Moving to: [-2.000 -2.800 0.000]
[20:21:43.757] Arrived at: [-2.000 -2.800 0.000] WARNING!
[20:21:43.757] Wait 0.000s
[20:21:43.763] Continue movement.

[20:21:43.763] Moving to: [0.000 -3.000 0.000]
[20:21:46.247] Arrived at: [0.000 -3.000 0.000]
[20:21:46.247] Wait 0.000s
[20:21:46.248] Continue movement.

[20:21:46.248] Moving to: [-2.000 -3.200 0.000]
[20:21:48.733] Arrived at: [-2.000 -3.200 0.000]
[20:21:48.733] Wait 0.000s
[20:21:48.733] Continue movement.

[20:21:48.733] Moving to: [0.000 -3.400 0.000]
[20:21:51.242] Arrived at: [0.000 -3.400 0.000]
[20:21:51.242] Wait 0.000s
[20:21:51.242] Continue movement.

[20:21:51.242] Moving to: [-2.000 -3.600 0.000]
[20:21:53.717] Arrived at: [-2.000 -3.600 0.000]
[20:21:53.717] Wait 0.000s
[20:21:53.717] Continue movement.

[20:21:53.717] Moving to: [0.000 -3.800 0.000]
[20:21:56.226] Arrived at: [0.000 -3.800 0.000] WARNING!
[20:21:56.226] Wait 0.000s
[20:21:56.231] Continue movement.

[20:21:56.231] Moving to: [-2.000 -4.000 0.000]
[20:21:58.752] Arrived at: [-2.000 -4.000 0.000]
[20:21:58.752] Wait 0.000s
[20:21:58.752] Continue movement.

[20:21:58.752] Moving to: [0.000 -4.200 0.000]
[20:22:01.330] Arrived at: [0.000 -4.200 0.000]
[20:22:01.334] Wait 0.000s
[20:22:01.334] Continue movement.

[20:22:01.334] Moving to: [-2.000 -4.400 0.000]
[20:22:03.823] Arrived at: [-2.000 -4.400 0.000]
[20:22:03.823] Wait 0.000s
[20:22:03.823] Continue movement.

[20:22:03.823] Finished iteration 10

[20:22:03.823] Starting iteration 11
[20:22:03.823] Moving to: [0.000 0.000 0.000]
[20:22:09.195] Arrived at: [0.000 0.000 0.000]
[20:22:09.195] Wait 0.000s
[20:22:09.195] Continue movement.

[20:22:09.195] Moving to: [-2.000 0.000 0.000]
[20:22:11.242] Arrived at: [-2.000 0.000 0.000]
[20:22:11.246] Wait 0.000s
[20:22:11.247] Continue movement.

[20:22:11.247] Moving to: [0.000 -0.200 0.000]
[20:22:13.768] Arrived at: [0.000 -0.200 0.000]
[20:22:13.768] Wait 0.000s
[20:22:13.768] Continue movement.

[20:22:13.768] Moving to: [-2.000 -0.400 0.000]
[20:22:16.266] Arrived at: [-2.000 -0.400 0.000]
[20:22:16.266] Wait 0.000s
[20:22:16.266] Continue movement.

[20:22:16.266] Moving to: [0.000 -0.600 0.000]
[20:22:18.813] Arrived at: [0.000 -0.600 0.000]
[20:22:18.813] Wait 0.000s
[20:22:18.813] Continue movement.

[20:22:18.813] Moving to: [-2.000 -0.800 0.000]
[20:22:21.268] Arrived at: [-2.000 -0.800 0.000]
[20:22:21.268] Wait 0.000s
[20:22:21.268] Continue movement.

[20:22:21.268] Moving to: [0.000 -1.000 0.000]
[20:22:23.736] Arrived at: [0.000 -1.000 0.000]
[20:22:23.736] Wait 0.000s
[20:22:23.736] Continue movement.

[20:22:23.736] Moving to: [-2.000 -1.200 0.000]
[20:22:26.075] Arrived at: [-2.000 -1.200 0.000]
[20:22:26.075] Wait 0.000s
[20:22:26.075] Continue movement.

[20:22:26.075] Moving to: [0.000 -1.400 0.000]
[20:22:28.538] Arrived at: [0.000 -1.400 0.000] WARNING!
[20:22:28.538] Wait 0.000s
[20:22:28.543] Continue movement.

[20:22:28.544] Moving to: [-2.000 -1.600 0.000]
[20:22:31.005] Arrived at: [-2.000 -1.600 0.000]
[20:22:31.005] Wait 0.000s
[20:22:31.005] Continue movement.

[20:22:31.005] Moving to: [0.000 -1.800 0.000]
[20:22:33.459] Arrived at: [0.000 -1.800 0.000]
[20:22:33.459] Wait 0.000s
[20:22:33.460] Continue movement.

[20:22:33.460] Moving to: [-2.000 -2.000 0.000]
[20:22:35.928] Arrived at: [-2.000 -2.000 0.000]
[20:22:35.928] Wait 0.000s
[20:22:35.934] Continue movement.

[20:22:35.935] Moving to: [0.000 -2.200 0.000]
[20:22:38.347] Arrived at: [0.000 -2.200 0.000]
[20:22:38.347] Wait 0.000s
[20:22:38.347] Continue movement.

[20:22:38.347] Moving to: [-2.000 -2.400 0.000]
[20:22:40.770] Arrived at: [-2.000 -2.400 0.000]
[20:22:40.770] Wait 0.000s
[20:22:40.770] Continue movement.

[20:22:40.770] Moving to: [0.000 -2.600 0.000]
[20:22:43.166] Arrived at: [0.000 -2.600 0.000]
[20:22:43.166] Wait 0.000s
[20:22:43.166] Continue movement.

[20:22:43.166] Moving to: [-2.000 -2.800 0.000]
[20:22:45.620] Arrived at: [-2.000 -2.800 0.000] WARNING!
[20:22:45.620] Wait 0.000s
[20:22:45.621] Continue movement.

[20:22:45.624] Moving to: [0.000 -3.000 0.000]
[20:22:48.041] Arrived at: [0.000 -3.000 0.000]
[20:22:48.041] Wait 0.000s
[20:22:48.041] Continue movement.

[20:22:48.041] Moving to: [-2.000 -3.200 0.000]
[20:22:50.443] Arrived at: [-2.000 -3.200 0.000]
[20:22:50.443] Wait 0.000s
[20:22:50.443] Continue movement.

[20:22:50.443] Moving to: [0.000 -3.400 0.000]
[20:22:52.873] Arrived at: [0.000 -3.400 0.000]
[20:22:52.873] Wait 0.000s
[20:22:52.873] Continue movement.

[20:22:52.873] Moving to: [-2.000 -3.600 0.000]
[20:22:55.345] Arrived at: [-2.000 -3.600 0.000]
[20:22:55.345] Wait 0.000s
[20:22:55.345] Continue movement.

[20:22:55.345] Moving to: [0.000 -3.800 0.000]
[20:22:57.810] Arrived at: [0.000 -3.800 0.000] WARNING!
[20:22:57.810] Wait 0.000s
[20:22:57.825] Continue movement.

[20:22:57.826] Moving to: [-2.000 -4.000 0.000]
[20:23:00.332] Arrived at: [-2.000 -4.000 0.000]
[20:23:00.332] Wait 0.000s
[20:23:00.336] Continue movement.

[20:23:00.336] Moving to: [0.000 -4.200 0.000]
[20:23:02.798] Arrived at: [0.000 -4.200 0.000]
[20:23:02.798] Wait 0.000s
[20:23:02.798] Continue movement.

[20:23:02.798] Moving to: [-2.000 -4.400 0.000]
[20:23:05.266] Arrived at: [-2.000 -4.400 0.000]
[20:23:05.266] Wait 0.000s
[20:23:05.266] Continue movement.

[20:23:05.266] Finished iteration 11

[20:23:05.266] Starting iteration 12
[20:23:05.266] Moving to: [0.000 0.000 0.000]
[20:23:10.634] Arrived at: [0.000 0.000 0.000]
[20:23:10.634] Wait 0.000s
[20:23:10.634] Continue movement.

[20:23:10.634] Moving to: [-2.000 0.000 0.000]
[20:23:12.613] Arrived at: [-2.000 0.000 0.000]
[20:23:12.613] Wait 0.000s
[20:23:12.613] Continue movement.

[20:23:12.613] Moving to: [0.000 -0.200 0.000]
[20:23:15.060] Arrived at: [0.000 -0.200 0.000]
[20:23:15.060] Wait 0.000s
[20:23:15.060] Continue movement.

[20:23:15.060] Moving to: [-2.000 -0.400 0.000]
[20:23:17.483] Arrived at: [-2.000 -0.400 0.000]
[20:23:17.483] Wait 0.000s
[20:23:17.483] Continue movement.

[20:23:17.483] Moving to: [0.000 -0.600 0.000]
[20:23:19.942] Arrived at: [0.000 -0.600 0.000]
[20:23:19.942] Wait 0.000s
[20:23:19.942] Continue movement.

[20:23:19.942] Moving to: [-2.000 -0.800 0.000]
[20:23:22.364] Arrived at: [-2.000 -0.800 0.000]
[20:23:22.364] Wait 0.000s
[20:23:22.364] Continue movement.

[20:23:22.364] Moving to: [0.000 -1.000 0.000]
[20:23:24.800] Arrived at: [0.000 -1.000 0.000]
[20:23:24.800] Wait 0.000s
[20:23:24.804] Continue movement.

[20:23:24.806] Moving to: [-2.000 -1.200 0.000]
[20:23:27.205] Arrived at: [-2.000 -1.200 0.000]
[20:23:27.205] Wait 0.000s
[20:23:27.205] Continue movement.

[20:23:27.205] Moving to: [0.000 -1.400 0.000]
[20:23:29.652] Arrived at: [0.000 -1.400 0.000] WARNING!
[20:23:29.652] Wait 0.000s
[20:23:29.652] Continue movement.

[20:23:29.652] Moving to: [-2.000 -1.600 0.000]
[20:23:32.064] Arrived at: [-2.000 -1.600 0.000]
[20:23:32.064] Wait 0.000s
[20:23:32.074] Continue movement.

[20:23:32.075] Moving to: [0.000 -1.800 0.000]
[20:23:34.487] Arrived at: [0.000 -1.800 0.000]
[20:23:34.487] Wait 0.000s
[20:23:34.487] Continue movement.

[20:23:34.487] Moving to: [-2.000 -2.000 0.000]
[20:23:36.968] Arrived at: [-2.000 -2.000 0.000]
[20:23:36.968] Wait 0.000s
[20:23:36.968] Continue movement.

[20:23:36.968] Moving to: [0.000 -2.200 0.000]
[20:23:39.401] Arrived at: [0.000 -2.200 0.000]
[20:23:39.401] Wait 0.000s
[20:23:39.401] Continue movement.

[20:23:39.401] Moving to: [-2.000 -2.400 0.000]
[20:23:41.847] Arrived at: [-2.000 -2.400 0.000]
[20:23:41.847] Wait 0.000s
[20:23:41.847] Continue movement.

[20:23:41.847] Moving to: [0.000 -2.600 0.000]
[20:23:44.272] Arrived at: [0.000 -2.600 0.000]
[20:23:44.273] Wait 0.000s
[20:23:44.275] Continue movement.

[20:23:44.276] Moving to: [-2.000 -2.800 0.000]
[20:23:46.750] Arrived at: [-2.000 -2.800 0.000] WARNING!
[20:23:46.750] Wait 0.000s
[20:23:46.755] Continue movement.

[20:23:46.757] Moving to: [0.000 -3.000 0.000]
[20:23:49.196] Arrived at: [0.000 -3.000 0.000]
[20:23:49.197] Wait 0.000s
[20:23:49.199] Continue movement.

[20:23:49.199] Moving to: [-2.000 -3.200 0.000]
[20:23:51.663] Arrived at: [-2.000 -3.200 0.000]
[20:23:51.663] Wait 0.000s
[20:23:51.663] Continue movement.

[20:23:51.663] Moving to: [0.000 -3.400 0.000]
[20:23:54.138] Arrived at: [0.000 -3.400 0.000]
[20:23:54.138] Wait 0.000s
[20:23:54.139] Continue movement.

[20:23:54.139] Moving to: [-2.000 -3.600 0.000]
[20:23:56.562] Arrived at: [-2.000 -3.600 0.000]
[20:23:56.562] Wait 0.000s
[20:23:56.562] Continue movement.

[20:23:56.562] Moving to: [0.000 -3.800 0.000]
[20:23:58.974] Arrived at: [0.000 -3.800 0.000] WARNING!
[20:23:58.974] Wait 0.000s
[20:23:58.984] Continue movement.

[20:23:58.986] Moving to: [-2.000 -4.000 0.000]
[20:24:01.403] Arrived at: [-2.000 -4.000 0.000]
[20:24:01.403] Wait 0.000s
[20:24:01.403] Continue movement.

[20:24:01.403] Moving to: [0.000 -4.200 0.000]
[20:24:03.885] Arrived at: [0.000 -4.200 0.000]
[20:24:03.885] Wait 0.000s
[20:24:03.885] Continue movement.

[20:24:03.885] Moving to: [-2.000 -4.400 0.000]
[20:24:06.341] Arrived at: [-2.000 -4.400 0.000]
[20:24:06.341] Wait 0.000s
[20:24:06.342] Continue movement.

[20:24:06.342] Finished iteration 12

[20:24:06.342] Starting iteration 13
[20:24:06.342] Moving to: [0.000 0.000 0.000]
[20:24:11.569] Arrived at: [0.000 0.000 0.000]
[20:24:11.569] Wait 0.000s
[20:24:11.569] Continue movement.

[20:24:11.569] Moving to: [-2.000 0.000 0.000]
[20:24:13.600] Arrived at: [-2.000 0.000 0.000]
[20:24:13.600] Wait 0.000s
[20:24:13.600] Continue movement.

[20:24:13.600] Moving to: [0.000 -0.200 0.000]
[20:24:16.087] Arrived at: [0.000 -0.200 0.000]
[20:24:16.087] Wait 0.000s
[20:24:16.087] Continue movement.

[20:24:16.087] Moving to: [-2.000 -0.400 0.000]
[20:24:18.584] Arrived at: [-2.000 -0.400 0.000]
[20:24:18.584] Wait 0.000s
[20:24:18.584] Continue movement.

[20:24:18.584] Moving to: [0.000 -0.600 0.000]
[20:24:21.090] Arrived at: [0.000 -0.600 0.000]
[20:24:21.090] Wait 0.000s
[20:24:21.090] Continue movement.

[20:24:21.090] Moving to: [-2.000 -0.800 0.000]
[20:24:23.565] Arrived at: [-2.000 -0.800 0.000]
[20:24:23.565] Wait 0.000s
[20:24:23.565] Continue movement.

[20:24:23.565] Moving to: [0.000 -1.000 0.000]
[20:24:25.982] Arrived at: [0.000 -1.000 0.000]
[20:24:25.982] Wait 0.000s
[20:24:25.982] Continue movement.

[20:24:25.982] Moving to: [-2.000 -1.200 0.000]
[20:24:28.446] Arrived at: [-2.000 -1.200 0.000]
[20:24:28.446] Wait 0.000s
[20:24:28.446] Continue movement.

[20:24:28.446] Moving to: [0.000 -1.400 0.000]
[20:24:30.862] Arrived at: [0.000 -1.400 0.000] WARNING!
[20:24:30.862] Wait 0.000s
[20:24:30.862] Continue movement.

[20:24:30.875] Moving to: [-2.000 -1.600 0.000]
[20:24:33.238] Arrived at: [-2.000 -1.600 0.000]
[20:24:33.238] Wait 0.000s
[20:24:33.238] Continue movement.

[20:24:33.238] Moving to: [0.000 -1.800 0.000]
[20:24:35.718] Arrived at: [0.000 -1.800 0.000]
[20:24:35.718] Wait 0.000s
[20:24:35.718] Continue movement.

[20:24:35.718] Moving to: [-2.000 -2.000 0.000]
[20:24:38.131] Arrived at: [-2.000 -2.000 0.000]
[20:24:38.131] Wait 0.000s
[20:24:38.135] Continue movement.

[20:24:38.135] Moving to: [0.000 -2.200 0.000]
[20:24:40.561] Arrived at: [0.000 -2.200 0.000]
[20:24:40.561] Wait 0.000s
[20:24:40.561] Continue movement.

[20:24:40.561] Moving to: [-2.000 -2.400 0.000]
[20:24:43.028] Arrived at: [-2.000 -2.400 0.000]
[20:24:43.028] Wait 0.000s
[20:24:43.028] Continue movement.

[20:24:43.028] Moving to: [0.000 -2.600 0.000]
[20:24:45.473] Arrived at: [0.000 -2.600 0.000]
[20:24:45.473] Wait 0.000s
[20:24:45.473] Continue movement.

[20:24:45.473] Moving to: [-2.000 -2.800 0.000]
[20:24:47.913] Arrived at: [-2.000 -2.800 0.000] WARNING!
[20:24:47.913] Wait 0.000s
[20:24:47.914] Continue movement.

[20:24:47.914] Moving to: [0.000 -3.000 0.000]
[20:24:50.362] Arrived at: [0.000 -3.000 0.000]
[20:24:50.362] Wait 0.000s
[20:24:50.362] Continue movement.

[20:24:50.362] Moving to: [-2.000 -3.200 0.000]
[20:24:52.881] Arrived at: [-2.000 -3.200 0.000]
[20:24:52.881] Wait 0.000s
[20:24:52.881] Continue movement.

[20:24:52.881] Moving to: [0.000 -3.400 0.000]
[20:24:55.273] Arrived at: [0.000 -3.400 0.000]
[20:24:55.273] Wait 0.000s
[20:24:55.273] Continue movement.

[20:24:55.273] Moving to: [-2.000 -3.600 0.000]
[20:24:57.755] Arrived at: [-2.000 -3.600 0.000]
[20:24:57.756] Wait 0.000s
[20:24:57.759] Continue movement.

[20:24:57.760] Moving to: [0.000 -3.800 0.000]
[20:25:00.201] Arrived at: [0.000 -3.800 0.000] WARNING!
[20:25:00.201] Wait 0.000s
[20:25:00.201] Continue movement.

[20:25:00.207] Moving to: [-2.000 -4.000 0.000]
[20:25:02.628] Arrived at: [-2.000 -4.000 0.000]
[20:25:02.628] Wait 0.000s
[20:25:02.628] Continue movement.

[20:25:02.628] Moving to: [0.000 -4.200 0.000]
[20:25:05.111] Arrived at: [0.000 -4.200 0.000]
[20:25:05.111] Wait 0.000s
[20:25:05.111] Continue movement.

[20:25:05.111] Moving to: [-2.000 -4.400 0.000]
[20:25:07.604] Arrived at: [-2.000 -4.400 0.000]
[20:25:07.604] Wait 0.000s
[20:25:07.604] Continue movement.

[20:25:07.604] Finished iteration 13

[20:25:07.604] Starting iteration 14
[20:25:07.604] Moving to: [0.000 0.000 0.000]
[20:25:12.758] Arrived at: [0.000 0.000 0.000]
[20:25:12.758] Wait 0.000s
[20:25:12.758] Continue movement.

[20:25:12.758] Moving to: [-2.000 0.000 0.000]
[20:25:14.765] Arrived at: [-2.000 0.000 0.000]
[20:25:14.765] Wait 0.000s
[20:25:14.765] Continue movement.

[20:25:14.765] Moving to: [0.000 -0.200 0.000]
[20:25:17.204] Arrived at: [0.000 -0.200 0.000]
[20:25:17.205] Wait 0.000s
[20:25:17.206] Continue movement.

[20:25:17.207] Moving to: [-2.000 -0.400 0.000]
[20:25:19.669] Arrived at: [-2.000 -0.400 0.000]
[20:25:19.669] Wait 0.000s
[20:25:19.669] Continue movement.

[20:25:19.669] Moving to: [0.000 -0.600 0.000]
[20:25:22.098] Arrived at: [0.000 -0.600 0.000]
[20:25:22.098] Wait 0.000s
[20:25:22.098] Continue movement.

[20:25:22.098] Moving to: [-2.000 -0.800 0.000]
[20:25:24.592] Arrived at: [-2.000 -0.800 0.000]
[20:25:24.592] Wait 0.000s
[20:25:24.592] Continue movement.

[20:25:24.592] Moving to: [0.000 -1.000 0.000]
[20:25:27.063] Arrived at: [0.000 -1.000 0.000]
[20:25:27.063] Wait 0.000s
[20:25:27.065] Continue movement.

[20:25:27.065] Moving to: [-2.000 -1.200 0.000]
[20:25:29.497] Arrived at: [-2.000 -1.200 0.000]
[20:25:29.497] Wait 0.000s
[20:25:29.497] Continue movement.

[20:25:29.497] Moving to: [0.000 -1.400 0.000]
[20:25:31.978] Arrived at: [0.000 -1.400 0.000] WARNING!
[20:25:31.978] Wait 0.000s
[20:25:31.990] Continue movement.

[20:25:31.991] Moving to: [-2.000 -1.600 0.000]
[20:25:34.418] Arrived at: [-2.000 -1.600 0.000]
[20:25:34.418] Wait 0.000s
[20:25:34.418] Continue movement.

[20:25:34.418] Moving to: [0.000 -1.800 0.000]
[20:25:36.834] Arrived at: [0.000 -1.800 0.000]
[20:25:36.834] Wait 0.000s
[20:25:36.834] Continue movement.

[20:25:36.834] Moving to: [-2.000 -2.000 0.000]
[20:25:39.258] Arrived at: [-2.000 -2.000 0.000]
[20:25:39.259] Wait 0.000s
[20:25:39.260] Continue movement.

[20:25:39.261] Moving to: [0.000 -2.200 0.000]
[20:25:41.665] Arrived at: [0.000 -2.200 0.000]
[20:25:41.665] Wait 0.000s
[20:25:41.665] Continue movement.

[20:25:41.665] Moving to: [-2.000 -2.400 0.000]
[20:25:44.098] Arrived at: [-2.000 -2.400 0.000]
[20:25:44.099] Wait 0.000s
[20:25:44.101] Continue movement.

[20:25:44.102] Moving to: [0.000 -2.600 0.000]
[20:25:46.532] Arrived at: [0.000 -2.600 0.000]
[20:25:46.533] Wait 0.000s
[20:25:46.534] Continue movement.

[20:25:46.534] Moving to: [-2.000 -2.800 0.000]
[20:25:48.992] Arrived at: [-2.000 -2.800 0.000] WARNING!
[20:25:48.992] Wait 0.000s
[20:25:48.992] Continue movement.

[20:25:49.004] Moving to: [0.000 -3.000 0.000]
[20:25:51.402] Arrived at: [0.000 -3.000 0.000]
[20:25:51.402] Wait 0.000s
[20:25:51.403] Continue movement.

[20:25:51.404] Moving to: [-2.000 -3.200 0.000]
[20:25:53.984] Arrived at: [-2.000 -3.200 0.000]
[20:25:53.984] Wait 0.000s
[20:25:53.984] Continue movement.

[20:25:53.984] Moving to: [0.000 -3.400 0.000]
[20:25:56.469] Arrived at: [0.000 -3.400 0.000]
[20:25:56.469] Wait 0.000s
[20:25:56.469] Continue movement.

[20:25:56.469] Moving to: [-2.000 -3.600 0.000]
[20:25:58.953] Arrived at: [-2.000 -3.600 0.000]
[20:25:58.953] Wait 0.000s
[20:25:58.953] Continue movement.

[20:25:58.953] Moving to: [0.000 -3.800 0.000]
[20:26:01.399] Arrived at: [0.000 -3.800 0.000] WARNING!
[20:26:01.399] Wait 0.000s
[20:26:01.409] Continue movement.

[20:26:01.410] Moving to: [-2.000 -4.000 0.000]
[20:26:03.822] Arrived at: [-2.000 -4.000 0.000]
[20:26:03.822] Wait 0.000s
[20:26:03.822] Continue movement.

[20:26:03.822] Moving to: [0.000 -4.200 0.000]
[20:26:06.288] Arrived at: [0.000 -4.200 0.000]
[20:26:06.288] Wait 0.000s
[20:26:06.288] Continue movement.

[20:26:06.288] Moving to: [-2.000 -4.400 0.000]
[20:26:08.704] Arrived at: [-2.000 -4.400 0.000]
[20:26:08.704] Wait 0.000s
[20:26:08.704] Continue movement.

[20:26:08.704] Finished iteration 14

[20:26:08.704] Starting iteration 15
[20:26:08.704] Moving to: [0.000 0.000 0.000]
[20:26:14.048] Arrived at: [0.000 0.000 0.000]
[20:26:14.048] Wait 0.000s
[20:26:14.048] Continue movement.

[20:26:14.048] Moving to: [-2.000 0.000 0.000]
[20:26:16.015] Arrived at: [-2.000 0.000 0.000]
[20:26:16.015] Wait 0.000s
[20:26:16.015] Continue movement.

[20:26:16.015] Moving to: [0.000 -0.200 0.000]
[20:26:18.478] Arrived at: [0.000 -0.200 0.000]
[20:26:18.478] Wait 0.000s
[20:26:18.478] Continue movement.

[20:26:18.478] Moving to: [-2.000 -0.400 0.000]
[20:26:20.914] Arrived at: [-2.000 -0.400 0.000]
[20:26:20.914] Wait 0.000s
[20:26:20.914] Continue movement.

[20:26:20.914] Moving to: [0.000 -0.600 0.000]
[20:26:23.415] Arrived at: [0.000 -0.600 0.000]
[20:26:23.415] Wait 0.000s
[20:26:23.415] Continue movement.

[20:26:23.415] Moving to: [-2.000 -0.800 0.000]
[20:26:25.917] Arrived at: [-2.000 -0.800 0.000]
[20:26:25.917] Wait 0.000s
[20:26:25.917] Continue movement.

[20:26:25.917] Moving to: [0.000 -1.000 0.000]
[20:26:28.395] Arrived at: [0.000 -1.000 0.000]
[20:26:28.395] Wait 0.000s
[20:26:28.395] Continue movement.

[20:26:28.395] Moving to: [-2.000 -1.200 0.000]
[20:26:30.834] Arrived at: [-2.000 -1.200 0.000]
[20:26:30.834] Wait 0.000s
[20:26:30.834] Continue movement.

[20:26:30.834] Moving to: [0.000 -1.400 0.000]
[20:26:33.279] Arrived at: [0.000 -1.400 0.000] WARNING!
[20:26:33.280] Wait 0.000s
[20:26:33.280] Continue movement.

[20:26:33.282] Moving to: [-2.000 -1.600 0.000]
[20:26:35.687] Arrived at: [-2.000 -1.600 0.000]
[20:26:35.688] Wait 0.000s
[20:26:35.690] Continue movement.

[20:26:35.690] Moving to: [0.000 -1.800 0.000]
[20:26:38.181] Arrived at: [0.000 -1.800 0.000]
[20:26:38.181] Wait 0.000s
[20:26:38.181] Continue movement.

[20:26:38.181] Moving to: [-2.000 -2.000 0.000]
[20:26:40.677] Arrived at: [-2.000 -2.000 0.000]
[20:26:40.678] Wait 0.000s
[20:26:40.679] Continue movement.

[20:26:40.680] Moving to: [0.000 -2.200 0.000]
[20:26:43.072] Arrived at: [0.000 -2.200 0.000]
[20:26:43.073] Wait 0.000s
[20:26:43.075] Continue movement.

[20:26:43.076] Moving to: [-2.000 -2.400 0.000]
[20:26:45.579] Arrived at: [-2.000 -2.400 0.000]
[20:26:45.579] Wait 0.000s
[20:26:45.579] Continue movement.

[20:26:45.579] Moving to: [0.000 -2.600 0.000]
[20:26:48.013] Arrived at: [0.000 -2.600 0.000]
[20:26:48.014] Wait 0.000s
[20:26:48.015] Continue movement.

[20:26:48.016] Moving to: [-2.000 -2.800 0.000]
[20:26:50.566] Arrived at: [-2.000 -2.800 0.000] WARNING!
[20:26:50.566] Wait 0.000s
[20:26:50.568] Continue movement.

[20:26:50.568] Moving to: [0.000 -3.000 0.000]
[20:26:53.061] Arrived at: [0.000 -3.000 0.000]
[20:26:53.061] Wait 0.000s
[20:26:53.061] Continue movement.

[20:26:53.071] Moving to: [-2.000 -3.200 0.000]
[20:26:55.376] Arrived at: [-2.000 -3.200 0.000]
[20:26:55.379] Wait 0.000s
[20:26:55.380] Continue movement.

[20:26:55.380] Moving to: [0.000 -3.400 0.000]
[20:26:57.875] Arrived at: [0.000 -3.400 0.000]
[20:26:57.875] Wait 0.000s
[20:26:57.875] Continue movement.

[20:26:57.877] Moving to: [-2.000 -3.600 0.000]
[20:27:00.403] Arrived at: [-2.000 -3.600 0.000]
[20:27:00.404] Wait 0.000s
[20:27:00.405] Continue movement.

[20:27:00.406] Moving to: [0.000 -3.800 0.000]
[20:27:02.884] Arrived at: [0.000 -3.800 0.000] WARNING!
[20:27:02.884] Wait 0.000s
[20:27:02.885] Continue movement.

[20:27:02.886] Moving to: [-2.000 -4.000 0.000]
[20:27:05.362] Arrived at: [-2.000 -4.000 0.000]
[20:27:05.362] Wait 0.000s
[20:27:05.363] Continue movement.

[20:27:05.363] Moving to: [0.000 -4.200 0.000]
[20:27:07.831] Arrived at: [0.000 -4.200 0.000]
[20:27:07.831] Wait 0.000s
[20:27:07.833] Continue movement.

[20:27:07.833] Moving to: [-2.000 -4.400 0.000]
[20:27:10.288] Arrived at: [-2.000 -4.400 0.000]
[20:27:10.289] Wait 0.000s
[20:27:10.290] Continue movement.

[20:27:10.291] Finished iteration 15

[20:27:10.291] Starting iteration 16
[20:27:10.292] Moving to: [0.000 0.000 0.000]
[20:27:15.623] Arrived at: [0.000 0.000 0.000]
[20:27:15.623] Wait 0.000s
[20:27:15.624] Continue movement.

[20:27:15.624] Moving to: [-2.000 0.000 0.000]
[20:27:17.668] Arrived at: [-2.000 0.000 0.000]
[20:27:17.668] Wait 0.000s
[20:27:17.669] Continue movement.

[20:27:17.669] Moving to: [0.000 -0.200 0.000]
[20:27:20.127] Arrived at: [0.000 -0.200 0.000]
[20:27:20.128] Wait 0.000s
[20:27:20.129] Continue movement.

[20:27:20.129] Moving to: [-2.000 -0.400 0.000]
[20:27:22.620] Arrived at: [-2.000 -0.400 0.000]
[20:27:22.620] Wait 0.000s
[20:27:22.621] Continue movement.

[20:27:22.621] Moving to: [0.000 -0.600 0.000]
[20:27:25.045] Arrived at: [0.000 -0.600 0.000]
[20:27:25.046] Wait 0.000s
[20:27:25.047] Continue movement.

[20:27:25.048] Moving to: [-2.000 -0.800 0.000]
[20:27:27.519] Arrived at: [-2.000 -0.800 0.000]
[20:27:27.521] Wait 0.000s
[20:27:27.521] Continue movement.

[20:27:27.522] Moving to: [0.000 -1.000 0.000]
[20:27:29.983] Arrived at: [0.000 -1.000 0.000]
[20:27:29.983] Wait 0.000s
[20:27:29.984] Continue movement.

[20:27:29.984] Moving to: [-2.000 -1.200 0.000]
[20:27:32.415] Arrived at: [-2.000 -1.200 0.000]
[20:27:32.415] Wait 0.000s
[20:27:32.416] Continue movement.

[20:27:32.417] Moving to: [0.000 -1.400 0.000]
[20:27:34.899] Arrived at: [0.000 -1.400 0.000] WARNING!
[20:27:34.900] Wait 0.000s
[20:27:34.902] Continue movement.

[20:27:34.903] Moving to: [-2.000 -1.600 0.000]
[20:27:37.365] Arrived at: [-2.000 -1.600 0.000]
[20:27:37.366] Wait 0.000s
[20:27:37.367] Continue movement.

[20:27:37.368] Moving to: [0.000 -1.800 0.000]
[20:27:39.832] Arrived at: [0.000 -1.800 0.000]
[20:27:39.833] Wait 0.000s
[20:27:39.833] Continue movement.

[20:27:39.835] Moving to: [-2.000 -2.000 0.000]
[20:27:42.266] Arrived at: [-2.000 -2.000 0.000]
[20:27:42.266] Wait 0.000s
[20:27:42.267] Continue movement.

[20:27:42.267] Moving to: [0.000 -2.200 0.000]
[20:27:44.735] Arrived at: [0.000 -2.200 0.000]
[20:27:44.735] Wait 0.000s
[20:27:44.737] Continue movement.

[20:27:44.737] Moving to: [-2.000 -2.400 0.000]
[20:27:47.164] Arrived at: [-2.000 -2.400 0.000]
[20:27:47.165] Wait 0.000s
[20:27:47.166] Continue movement.

[20:27:47.166] Moving to: [0.000 -2.600 0.000]
[20:27:49.682] Arrived at: [0.000 -2.600 0.000]
[20:27:49.682] Wait 0.000s
[20:27:49.682] Continue movement.

[20:27:49.682] Moving to: [-2.000 -2.800 0.000]
[20:27:52.143] Arrived at: [-2.000 -2.800 0.000] WARNING!
[20:27:52.144] Wait 0.000s
[20:27:52.146] Continue movement.

[20:27:52.146] Moving to: [0.000 -3.000 0.000]
[20:27:54.544] Arrived at: [0.000 -3.000 0.000]
[20:27:54.544] Wait 0.000s
[20:27:54.544] Continue movement.

[20:27:54.544] Moving to: [-2.000 -3.200 0.000]
[20:27:57.004] Arrived at: [-2.000 -3.200 0.000]
[20:27:57.004] Wait 0.000s
[20:27:57.004] Continue movement.

[20:27:57.004] Moving to: [0.000 -3.400 0.000]
[20:27:59.424] Arrived at: [0.000 -3.400 0.000]
[20:27:59.424] Wait 0.000s
[20:27:59.424] Continue movement.

[20:27:59.424] Moving to: [-2.000 -3.600 0.000]
[20:28:01.889] Arrived at: [-2.000 -3.600 0.000]
[20:28:01.889] Wait 0.000s
[20:28:01.889] Continue movement.

[20:28:01.889] Moving to: [0.000 -3.800 0.000]
[20:28:04.368] Arrived at: [0.000 -3.800 0.000] WARNING!
[20:28:04.368] Wait 0.000s
[20:28:04.368] Continue movement.

[20:28:04.368] Moving to: [-2.000 -4.000 0.000]
[20:28:06.801] Arrived at: [-2.000 -4.000 0.000]
[20:28:06.801] Wait 0.000s
[20:28:06.801] Continue movement.

[20:28:06.801] Moving to: [0.000 -4.200 0.000]
[20:28:09.279] Arrived at: [0.000 -4.200 0.000]
[20:28:09.279] Wait 0.000s
[20:28:09.279] Continue movement.

[20:28:09.279] Moving to: [-2.000 -4.400 0.000]
[20:28:11.728] Arrived at: [-2.000 -4.400 0.000]
[20:28:11.732] Wait 0.000s
[20:28:11.733] Continue movement.

[20:28:11.733] Finished iteration 16

[20:28:11.733] Starting iteration 17
[20:28:11.733] Moving to: [0.000 0.000 0.000]
[20:28:17.003] Arrived at: [0.000 0.000 0.000]
[20:28:17.003] Wait 0.000s
[20:28:17.003] Continue movement.

[20:28:17.003] Moving to: [-2.000 0.000 0.000]
[20:28:18.963] Arrived at: [-2.000 0.000 0.000]
[20:28:18.963] Wait 0.000s
[20:28:18.963] Continue movement.

[20:28:18.963] Moving to: [0.000 -0.200 0.000]
[20:28:21.346] Arrived at: [0.000 -0.200 0.000]
[20:28:21.346] Wait 0.000s
[20:28:21.346] Continue movement.

[20:28:21.346] Moving to: [-2.000 -0.400 0.000]
[20:28:23.740] Arrived at: [-2.000 -0.400 0.000]
[20:28:23.741] Wait 0.000s
[20:28:23.741] Continue movement.

[20:28:23.741] Moving to: [0.000 -0.600 0.000]
[20:28:26.165] Arrived at: [0.000 -0.600 0.000]
[20:28:26.165] Wait 0.000s
[20:28:26.165] Continue movement.

[20:28:26.165] Moving to: [-2.000 -0.800 0.000]
[20:28:28.668] Arrived at: [-2.000 -0.800 0.000]
[20:28:28.668] Wait 0.000s
[20:28:28.668] Continue movement.

[20:28:28.668] Moving to: [0.000 -1.000 0.000]
[20:28:31.074] Arrived at: [0.000 -1.000 0.000]
[20:28:31.074] Wait 0.000s
[20:28:31.093] Continue movement.

[20:28:31.094] Moving to: [-2.000 -1.200 0.000]
[20:28:33.529] Arrived at: [-2.000 -1.200 0.000]
[20:28:33.533] Wait 0.000s
[20:28:33.533] Continue movement.

[20:28:33.533] Moving to: [0.000 -1.400 0.000]
[20:28:35.999] Arrived at: [0.000 -1.400 0.000] WARNING!
[20:28:35.999] Wait 0.000s
[20:28:35.999] Continue movement.

[20:28:35.999] Moving to: [-2.000 -1.600 0.000]
[20:28:38.470] Arrived at: [-2.000 -1.600 0.000]
[20:28:38.471] Wait 0.000s
[20:28:38.471] Continue movement.

[20:28:38.471] Moving to: [0.000 -1.800 0.000]
[20:28:40.931] Arrived at: [0.000 -1.800 0.000]
[20:28:40.932] Wait 0.000s
[20:28:40.933] Continue movement.

[20:28:40.933] Moving to: [-2.000 -2.000 0.000]
[20:28:43.346] Arrived at: [-2.000 -2.000 0.000]
[20:28:43.346] Wait 0.000s
[20:28:43.346] Continue movement.

[20:28:43.346] Moving to: [0.000 -2.200 0.000]
[20:28:45.809] Arrived at: [0.000 -2.200 0.000]
[20:28:45.809] Wait 0.000s
[20:28:45.813] Continue movement.

[20:28:45.813] Moving to: [-2.000 -2.400 0.000]
[20:28:48.282] Arrived at: [-2.000 -2.400 0.000]
[20:28:48.282] Wait 0.000s
[20:28:48.282] Continue movement.

[20:28:48.282] Moving to: [0.000 -2.600 0.000]
[20:28:50.678] Arrived at: [0.000 -2.600 0.000]
[20:28:50.678] Wait 0.000s
[20:28:50.682] Continue movement.

[20:28:50.682] Moving to: [-2.000 -2.800 0.000]
[20:28:53.074] Arrived at: [-2.000 -2.800 0.000] WARNING!
[20:28:53.074] Wait 0.000s
[20:28:53.085] Continue movement.

[20:28:53.086] Moving to: [0.000 -3.000 0.000]
[20:28:55.545] Arrived at: [0.000 -3.000 0.000]
[20:28:55.545] Wait 0.000s
[20:28:55.545] Continue movement.

[20:28:55.545] Moving to: [-2.000 -3.200 0.000]
[20:28:57.919] Arrived at: [-2.000 -3.200 0.000]
[20:28:57.919] Wait 0.000s
[20:28:57.919] Continue movement.

[20:28:57.919] Moving to: [0.000 -3.400 0.000]
[20:29:00.339] Arrived at: [0.000 -3.400 0.000]
[20:29:00.339] Wait 0.000s
[20:29:00.345] Continue movement.

[20:29:00.345] Moving to: [-2.000 -3.600 0.000]
[20:29:02.734] Arrived at: [-2.000 -3.600 0.000]
[20:29:02.738] Wait 0.000s
[20:29:02.738] Continue movement.

[20:29:02.738] Moving to: [0.000 -3.800 0.000]
[20:29:05.215] Arrived at: [0.000 -3.800 0.000] WARNING!
[20:29:05.215] Wait 0.000s
[20:29:05.215] Continue movement.

[20:29:05.215] Moving to: [-2.000 -4.000 0.000]
[20:29:07.665] Arrived at: [-2.000 -4.000 0.000]
[20:29:07.667] Wait 0.000s
[20:29:07.668] Continue movement.

[20:29:07.669] Moving to: [0.000 -4.200 0.000]
[20:29:10.129] Arrived at: [0.000 -4.200 0.000]
[20:29:10.131] Wait 0.000s
[20:29:10.133] Continue movement.

[20:29:10.134] Moving to: [-2.000 -4.400 0.000]
[20:29:12.540] Arrived at: [-2.000 -4.400 0.000]
[20:29:12.540] Wait 0.000s
[20:29:12.545] Continue movement.

[20:29:12.546] Finished iteration 17

[20:29:12.546] Starting iteration 18
[20:29:12.547] Moving to: [0.000 0.000 0.000]
[20:29:17.904] Arrived at: [0.000 0.000 0.000]
[20:29:17.904] Wait 0.000s
[20:29:17.904] Continue movement.

[20:29:17.904] Moving to: [-2.000 0.000 0.000]
[20:29:19.929] Arrived at: [-2.000 0.000 0.000]
[20:29:19.929] Wait 0.000s
[20:29:19.934] Continue movement.

[20:29:19.935] Moving to: [0.000 -0.200 0.000]
[20:29:22.343] Arrived at: [0.000 -0.200 0.000]
[20:29:22.343] Wait 0.000s
[20:29:22.343] Continue movement.

[20:29:22.343] Moving to: [-2.000 -0.400 0.000]
[20:29:24.817] Arrived at: [-2.000 -0.400 0.000]
[20:29:24.821] Wait 0.000s
[20:29:24.821] Continue movement.

[20:29:24.821] Moving to: [0.000 -0.600 0.000]
[20:29:27.313] Arrived at: [0.000 -0.600 0.000]
[20:29:27.313] Wait 0.000s
[20:29:27.313] Continue movement.

[20:29:27.313] Moving to: [-2.000 -0.800 0.000]
[20:29:29.776] Arrived at: [-2.000 -0.800 0.000]
[20:29:29.776] Wait 0.000s
[20:29:29.776] Continue movement.

[20:29:29.776] Moving to: [0.000 -1.000 0.000]
[20:29:32.159] Arrived at: [0.000 -1.000 0.000]
[20:29:32.159] Wait 0.000s
[20:29:32.159] Continue movement.

[20:29:32.159] Moving to: [-2.000 -1.200 0.000]
[20:29:34.599] Arrived at: [-2.000 -1.200 0.000]
[20:29:34.599] Wait 0.000s
[20:29:34.599] Continue movement.

[20:29:34.599] Moving to: [0.000 -1.400 0.000]
[20:29:37.032] Arrived at: [0.000 -1.400 0.000] WARNING!
[20:29:37.032] Wait 0.000s
[20:29:37.032] Continue movement.

[20:29:37.032] Moving to: [-2.000 -1.600 0.000]
[20:29:39.609] Arrived at: [-2.000 -1.600 0.000]
[20:29:39.617] Wait 0.000s
[20:29:39.618] Continue movement.

[20:29:39.618] Moving to: [0.000 -1.800 0.000]
[20:29:41.994] Arrived at: [0.000 -1.800 0.000]
[20:29:41.994] Wait 0.000s
[20:29:41.994] Continue movement.

[20:29:41.994] Moving to: [-2.000 -2.000 0.000]
[20:29:44.544] Arrived at: [-2.000 -2.000 0.000]
[20:29:44.544] Wait 0.000s
[20:29:44.544] Continue movement.

[20:29:44.544] Moving to: [0.000 -2.200 0.000]
[20:29:47.032] Arrived at: [0.000 -2.200 0.000]
[20:29:47.032] Wait 0.000s
[20:29:47.032] Continue movement.

[20:29:47.032] Moving to: [-2.000 -2.400 0.000]
[20:29:49.487] Arrived at: [-2.000 -2.400 0.000]
[20:29:49.487] Wait 0.000s
[20:29:49.487] Continue movement.

[20:29:49.487] Moving to: [0.000 -2.600 0.000]
[20:29:51.941] Arrived at: [0.000 -2.600 0.000]
[20:29:51.941] Wait 0.000s
[20:29:51.941] Continue movement.

[20:29:51.941] Moving to: [-2.000 -2.800 0.000]
[20:29:54.410] Arrived at: [-2.000 -2.800 0.000] WARNING!
[20:29:54.410] Wait 0.000s
[20:29:54.415] Continue movement.

[20:29:54.416] Moving to: [0.000 -3.000 0.000]
[20:29:56.807] Arrived at: [0.000 -3.000 0.000]
[20:29:56.807] Wait 0.000s
[20:29:56.811] Continue movement.

[20:29:56.811] Moving to: [-2.000 -3.200 0.000]
[20:29:59.214] Arrived at: [-2.000 -3.200 0.000]
[20:29:59.215] Wait 0.000s
[20:29:59.215] Continue movement.

[20:29:59.215] Moving to: [0.000 -3.400 0.000]
[20:30:01.665] Arrived at: [0.000 -3.400 0.000]
[20:30:01.665] Wait 0.000s
[20:30:01.670] Continue movement.

[20:30:01.671] Moving to: [-2.000 -3.600 0.000]
[20:30:04.141] Arrived at: [-2.000 -3.600 0.000]
[20:30:04.141] Wait 0.000s
[20:30:04.142] Continue movement.

[20:30:04.142] Moving to: [0.000 -3.800 0.000]
[20:30:06.578] Arrived at: [0.000 -3.800 0.000] WARNING!
[20:30:06.578] Wait 0.000s
[20:30:06.578] Continue movement.

[20:30:06.578] Moving to: [-2.000 -4.000 0.000]
[20:30:08.996] Arrived at: [-2.000 -4.000 0.000]
[20:30:08.996] Wait 0.000s
[20:30:08.996] Continue movement.

[20:30:08.996] Moving to: [0.000 -4.200 0.000]
[20:30:11.492] Arrived at: [0.000 -4.200 0.000]
[20:30:11.492] Wait 0.000s
[20:30:11.492] Continue movement.

[20:30:11.492] Moving to: [-2.000 -4.400 0.000]
[20:30:13.943] Arrived at: [-2.000 -4.400 0.000]
[20:30:13.944] Wait 0.000s
[20:30:13.946] Continue movement.

[20:30:13.946] Finished iteration 18

[20:30:13.947] Starting iteration 19
[20:30:13.948] Moving to: [0.000 0.000 0.000]
[20:30:19.279] Arrived at: [0.000 0.000 0.000]
[20:30:19.279] Wait 0.000s
[20:30:19.279] Continue movement.

[20:30:19.279] Moving to: [-2.000 0.000 0.000]
[20:30:21.285] Arrived at: [-2.000 0.000 0.000]
[20:30:21.285] Wait 0.000s
[20:30:21.286] Continue movement.

[20:30:21.287] Moving to: [0.000 -0.200 0.000]
[20:30:23.665] Arrived at: [0.000 -0.200 0.000]
[20:30:23.665] Wait 0.000s
[20:30:23.665] Continue movement.

[20:30:23.665] Moving to: [-2.000 -0.400 0.000]
[20:30:26.072] Arrived at: [-2.000 -0.400 0.000]
[20:30:26.073] Wait 0.000s
[20:30:26.073] Continue movement.

[20:30:26.073] Moving to: [0.000 -0.600 0.000]
[20:30:28.472] Arrived at: [0.000 -0.600 0.000]
[20:30:28.473] Wait 0.000s
[20:30:28.474] Continue movement.

[20:30:28.475] Moving to: [-2.000 -0.800 0.000]
[20:30:30.935] Arrived at: [-2.000 -0.800 0.000]
[20:30:30.936] Wait 0.000s
[20:30:30.938] Continue movement.

[20:30:30.938] Moving to: [0.000 -1.000 0.000]
[20:30:33.433] Arrived at: [0.000 -1.000 0.000]
[20:30:33.433] Wait 0.000s
[20:30:33.442] Continue movement.

[20:30:33.442] Moving to: [-2.000 -1.200 0.000]
[20:30:35.906] Arrived at: [-2.000 -1.200 0.000]
[20:30:35.906] Wait 0.000s
[20:30:35.906] Continue movement.

[20:30:35.906] Moving to: [0.000 -1.400 0.000]
[20:30:38.405] Arrived at: [0.000 -1.400 0.000] WARNING!
[20:30:38.405] Wait 0.000s
[20:30:38.413] Continue movement.

[20:30:38.414] Moving to: [-2.000 -1.600 0.000]
[20:30:40.825] Arrived at: [-2.000 -1.600 0.000]
[20:30:40.825] Wait 0.000s
[20:30:40.825] Continue movement.

[20:30:40.825] Moving to: [0.000 -1.800 0.000]
[20:30:43.283] Arrived at: [0.000 -1.800 0.000]
[20:30:43.283] Wait 0.000s
[20:30:43.283] Continue movement.

[20:30:43.283] Moving to: [-2.000 -2.000 0.000]
[20:30:45.738] Arrived at: [-2.000 -2.000 0.000]
[20:30:45.738] Wait 0.000s
[20:30:45.742] Continue movement.

[20:30:45.742] Moving to: [0.000 -2.200 0.000]
[20:30:48.173] Arrived at: [0.000 -2.200 0.000]
[20:30:48.173] Wait 0.000s
[20:30:48.173] Continue movement.

[20:30:48.173] Moving to: [-2.000 -2.400 0.000]
[20:30:50.546] Arrived at: [-2.000 -2.400 0.000]
[20:30:50.546] Wait 0.000s
[20:30:50.546] Continue movement.

[20:30:50.546] Moving to: [0.000 -2.600 0.000]
[20:30:52.944] Arrived at: [0.000 -2.600 0.000]
[20:30:52.944] Wait 0.000s
[20:30:52.944] Continue movement.

[20:30:52.944] Moving to: [-2.000 -2.800 0.000]
[20:30:55.425] Arrived at: [-2.000 -2.800 0.000] WARNING!
[20:30:55.425] Wait 0.000s
[20:30:55.425] Continue movement.

[20:30:55.425] Moving to: [0.000 -3.000 0.000]
[20:30:57.885] Arrived at: [0.000 -3.000 0.000]
[20:30:57.885] Wait 0.000s
[20:30:57.885] Continue movement.

[20:30:57.885] Moving to: [-2.000 -3.200 0.000]
[20:31:00.342] Arrived at: [-2.000 -3.200 0.000]
[20:31:00.342] Wait 0.000s
[20:31:00.342] Continue movement.

[20:31:00.342] Moving to: [0.000 -3.400 0.000]
[20:31:02.736] Arrived at: [0.000 -3.400 0.000]
[20:31:02.736] Wait 0.000s
[20:31:02.736] Continue movement.

[20:31:02.740] Moving to: [-2.000 -3.600 0.000]
[20:31:05.290] Arrived at: [-2.000 -3.600 0.000]
[20:31:05.290] Wait 0.000s
[20:31:05.290] Continue movement.

[20:31:05.290] Moving to: [0.000 -3.800 0.000]
[20:31:07.784] Arrived at: [0.000 -3.800 0.000] WARNING!
[20:31:07.784] Wait 0.000s
[20:31:07.791] Continue movement.

[20:31:07.792] Moving to: [-2.000 -4.000 0.000]
[20:31:10.182] Arrived at: [-2.000 -4.000 0.000]
[20:31:10.182] Wait 0.000s
[20:31:10.182] Continue movement.

[20:31:10.182] Moving to: [0.000 -4.200 0.000]
[20:31:12.609] Arrived at: [0.000 -4.200 0.000]
[20:31:12.609] Wait 0.000s
[20:31:12.609] Continue movement.

[20:31:12.609] Moving to: [-2.000 -4.400 0.000]
[20:31:15.118] Arrived at: [-2.000 -4.400 0.000]
[20:31:15.118] Wait 0.000s
[20:31:15.118] Continue movement.

[20:31:15.118] Finished iteration 19

[20:31:15.118] Starting iteration 20
[20:31:15.118] Moving to: [0.000 0.000 0.000]
[20:31:20.344] Arrived at: [0.000 0.000 0.000]
[20:31:20.344] Wait 0.000s
[20:31:20.345] Continue movement.

[20:31:20.345] Moving to: [-2.000 0.000 0.000]
[20:31:22.267] Arrived at: [-2.000 0.000 0.000]
[20:31:22.267] Wait 0.000s
[20:31:22.267] Continue movement.

[20:31:22.267] Moving to: [0.000 -0.200 0.000]
[20:31:24.688] Arrived at: [0.000 -0.200 0.000]
[20:31:24.690] Wait 0.000s
[20:31:24.694] Continue movement.

[20:31:24.694] Moving to: [-2.000 -0.400 0.000]
[20:31:27.079] Arrived at: [-2.000 -0.400 0.000]
[20:31:27.079] Wait 0.000s
[20:31:27.079] Continue movement.

[20:31:27.079] Moving to: [0.000 -0.600 0.000]
[20:31:29.539] Arrived at: [0.000 -0.600 0.000]
[20:31:29.543] Wait 0.000s
[20:31:29.544] Continue movement.

[20:31:29.544] Moving to: [-2.000 -0.800 0.000]
[20:31:32.069] Arrived at: [-2.000 -0.800 0.000]
[20:31:32.069] Wait 0.000s
[20:31:32.069] Continue movement.

[20:31:32.069] Moving to: [0.000 -1.000 0.000]
[20:31:34.530] Arrived at: [0.000 -1.000 0.000]
[20:31:34.534] Wait 0.000s
[20:31:34.534] Continue movement.

[20:31:34.534] Moving to: [-2.000 -1.200 0.000]
[20:31:36.980] Arrived at: [-2.000 -1.200 0.000]
[20:31:36.980] Wait 0.000s
[20:31:36.980] Continue movement.

[20:31:36.980] Moving to: [0.000 -1.400 0.000]
[20:31:39.394] Arrived at: [0.000 -1.400 0.000] WARNING!
[20:31:39.394] Wait 0.000s
[20:31:39.399] Continue movement.

[20:31:39.401] Moving to: [-2.000 -1.600 0.000]
[20:31:41.798] Arrived at: [-2.000 -1.600 0.000]
[20:31:41.798] Wait 0.000s
[20:31:41.798] Continue movement.

[20:31:41.798] Moving to: [0.000 -1.800 0.000]
[20:31:44.250] Arrived at: [0.000 -1.800 0.000]
[20:31:44.250] Wait 0.000s
[20:31:44.251] Continue movement.

[20:31:44.251] Moving to: [-2.000 -2.000 0.000]
[20:31:46.692] Arrived at: [-2.000 -2.000 0.000]
[20:31:46.692] Wait 0.000s
[20:31:46.692] Continue movement.

[20:31:46.692] Moving to: [0.000 -2.200 0.000]
[20:31:49.169] Arrived at: [0.000 -2.200 0.000]
[20:31:49.171] Wait 0.000s
[20:31:49.173] Continue movement.

[20:31:49.174] Moving to: [-2.000 -2.400 0.000]
[20:31:51.590] Arrived at: [-2.000 -2.400 0.000]
[20:31:51.590] Wait 0.000s
[20:31:51.590] Continue movement.

[20:31:51.590] Moving to: [0.000 -2.600 0.000]
[20:31:54.075] Arrived at: [0.000 -2.600 0.000]
[20:31:54.075] Wait 0.000s
[20:31:54.075] Continue movement.

[20:31:54.075] Moving to: [-2.000 -2.800 0.000]
[20:31:56.600] Arrived at: [-2.000 -2.800 0.000] WARNING!
[20:31:56.600] Wait 0.000s
[20:31:56.600] Continue movement.

[20:31:56.612] Moving to: [0.000 -3.000 0.000]
[20:31:59.082] Arrived at: [0.000 -3.000 0.000]
[20:31:59.082] Wait 0.000s
[20:31:59.082] Continue movement.

[20:31:59.082] Moving to: [-2.000 -3.200 0.000]
[20:32:01.496] Arrived at: [-2.000 -3.200 0.000]
[20:32:01.496] Wait 0.000s
[20:32:01.496] Continue movement.

[20:32:01.496] Moving to: [0.000 -3.400 0.000]
[20:32:03.968] Arrived at: [0.000 -3.400 0.000]
[20:32:03.968] Wait 0.000s
[20:32:03.968] Continue movement.

[20:32:03.968] Moving to: [-2.000 -3.600 0.000]
[20:32:06.366] Arrived at: [-2.000 -3.600 0.000]
[20:32:06.366] Wait 0.000s
[20:32:06.366] Continue movement.

[20:32:06.366] Moving to: [0.000 -3.800 0.000]
[20:32:08.768] Arrived at: [0.000 -3.800 0.000] WARNING!
[20:32:08.780] Wait 0.000s
[20:32:08.781] Continue movement.

[20:32:08.783] Moving to: [-2.000 -4.000 0.000]
[20:32:11.171] Arrived at: [-2.000 -4.000 0.000]
[20:32:11.171] Wait 0.000s
[20:32:11.171] Continue movement.

[20:32:11.171] Moving to: [0.000 -4.200 0.000]
[20:32:13.606] Arrived at: [0.000 -4.200 0.000]
[20:32:13.606] Wait 0.000s
[20:32:13.606] Continue movement.

[20:32:13.606] Moving to: [-2.000 -4.400 0.000]
[20:32:16.081] Arrived at: [-2.000 -4.400 0.000]
[20:32:16.081] Wait 0.000s
[20:32:16.081] Continue movement.

[20:32:16.081] Finished iteration 20

[20:32:16.081] Plan finished.
