[18:36:12.386] Starting plan irradiation...
	Plan name: Plan de movimiento solo stage
	Plan comment: Wconblindaje
	Absolut shift from X to (0,0) well: [0.000 0.000 0.000]
[18:36:30.940] Starting iteration 1
[18:36:30.940] Moving to: [0.000 0.000 0.000]
[18:36:35.230] Arrived at: [0.000 0.000 0.000]
[18:36:35.230] Wait 0.000s
[18:36:35.234] Continue movement.

[18:36:35.234] Moving to: [2.200 0.000 0.000]
[18:36:37.425] Arrived at: [2.200 0.000 0.000]
[18:36:37.425] Wait 0.000s
[18:36:37.425] Continue movement.

[18:36:37.429] Moving to: [0.000 -0.200 0.000]
[18:36:40.048] Arrived at: [0.000 -0.200 0.000]
[18:36:40.052] Wait 0.000s
[18:36:40.053] Continue movement.

[18:36:40.053] Moving to: [2.200 -0.400 0.000]
[18:36:42.499] Arrived at: [2.200 -0.400 0.000]
[18:36:42.499] Wait 0.000s
[18:36:42.503] Continue movement.

[18:36:42.505] Moving to: [0.000 -0.600 0.000]
[18:36:45.111] Arrived at: [0.000 -0.600 0.000]
[18:36:45.111] Wait 0.000s
[18:36:45.112] Continue movement.

[18:36:45.113] Moving to: [2.200 -0.800 0.000]
[18:36:47.562] Arrived at: [2.200 -0.800 0.000]
[18:36:47.562] Wait 0.000s
[18:36:47.564] Continue movement.

[18:36:47.565] Moving to: [0.000 -1.000 0.000]
[18:36:50.182] Arrived at: [0.000 -1.000 0.000]
[18:36:50.183] Wait 0.000s
[18:36:50.183] Continue movement.

[18:36:50.183] Moving to: [2.200 -1.200 0.000]
[18:36:52.798] Arrived at: [2.200 -1.200 0.000]
[18:36:52.798] Wait 0.000s
[18:36:52.798] Continue movement.

[18:36:52.801] Moving to: [0.000 -1.400 0.000]
[18:36:55.235] Arrived at: [0.000 -1.400 0.000] WARNING!
[18:36:55.236] Wait 0.000s
[18:36:55.238] Continue movement.

[18:36:55.240] Moving to: [2.200 -1.600 0.000]
[18:36:57.675] Arrived at: [2.200 -1.600 0.000]
[18:36:57.675] Wait 0.000s
[18:36:57.675] Continue movement.

[18:36:57.679] Moving to: [0.000 -1.800 0.000]
[18:37:00.113] Arrived at: [0.000 -1.800 0.000]
[18:37:00.113] Wait 0.000s
[18:37:00.114] Continue movement.

[18:37:00.114] Moving to: [2.200 -2.000 0.000]
[18:37:02.732] Arrived at: [2.200 -2.000 0.000]
[18:37:02.736] Wait 0.000s
[18:37:02.736] Continue movement.

[18:37:02.736] Moving to: [0.000 -2.200 0.000]
[18:37:05.177] Arrived at: [0.000 -2.200 0.000]
[18:37:05.181] Wait 0.000s
[18:37:05.181] Continue movement.

[18:37:05.181] Moving to: [2.200 -2.400 0.000]
[18:37:07.606] Arrived at: [2.200 -2.400 0.000]
[18:37:07.606] Wait 0.000s
[18:37:07.606] Continue movement.

[18:37:07.606] Moving to: [0.000 -2.600 0.000]
[18:37:10.046] Arrived at: [0.000 -2.600 0.000]
[18:37:10.046] Wait 0.000s
[18:37:10.046] Continue movement.

[18:37:10.050] Moving to: [2.200 -2.800 0.000]
[18:37:12.487] Arrived at: [2.200 -2.800 0.000] WARNING!
[18:37:12.487] Wait 0.000s
[18:37:12.488] Continue movement.

[18:37:12.490] Moving to: [0.000 -3.000 0.000]
[18:37:15.094] Arrived at: [0.000 -3.000 0.000]
[18:37:15.094] Wait 0.000s
[18:37:15.098] Continue movement.

[18:37:15.099] Moving to: [2.200 -3.200 0.000]
[18:37:17.709] Arrived at: [2.200 -3.200 0.000]
[18:37:17.709] Wait 0.000s
[18:37:17.713] Continue movement.

[18:37:17.713] Moving to: [0.000 -3.400 0.000]
[18:37:20.319] Arrived at: [0.000 -3.400 0.000]
[18:37:20.319] Wait 0.000s
[18:37:20.319] Continue movement.

[18:37:20.319] Moving to: [2.200 -3.600 0.000]
[18:37:22.762] Arrived at: [2.200 -3.600 0.000]
[18:37:22.762] Wait 0.000s
[18:37:22.766] Continue movement.

[18:37:22.766] Moving to: [0.000 -3.800 0.000]
[18:37:25.368] Arrived at: [0.000 -3.800 0.000] WARNING!
[18:37:25.372] Wait 0.000s
[18:37:25.374] Continue movement.

[18:37:25.375] Moving to: [2.200 -4.000 0.000]
[18:37:27.975] Arrived at: [2.200 -4.000 0.000]
[18:37:27.975] Wait 0.000s
[18:37:27.979] Continue movement.

[18:37:27.980] Moving to: [0.000 -4.200 0.000]
[18:37:30.577] Arrived at: [0.000 -4.200 0.000]
[18:37:30.577] Wait 0.000s
[18:37:30.581] Continue movement.

[18:37:30.582] Moving to: [2.200 -4.400 0.000]
[18:37:33.177] Arrived at: [2.200 -4.400 0.000]
[18:37:33.181] Wait 0.000s
[18:37:33.181] Continue movement.

[18:37:33.181] Finished iteration 1

[18:37:33.181] Starting iteration 2
[18:37:33.181] Moving to: [0.000 0.000 0.000]
[18:37:38.598] Arrived at: [0.000 0.000 0.000]
[18:37:38.602] Wait 0.000s
[18:37:38.604] Continue movement.

[18:37:38.604] Moving to: [2.200 0.000 0.000]
[18:37:40.775] Arrived at: [2.200 0.000 0.000]
[18:37:40.775] Wait 0.000s
[18:37:40.775] Continue movement.

[18:37:40.775] Moving to: [0.000 -0.200 0.000]
[18:37:43.221] Arrived at: [0.000 -0.200 0.000]
[18:37:43.222] Wait 0.000s
[18:37:43.223] Continue movement.

[18:37:43.224] Moving to: [2.200 -0.400 0.000]
[18:37:45.658] Arrived at: [2.200 -0.400 0.000]
[18:37:45.658] Wait 0.000s
[18:37:45.658] Continue movement.

[18:37:45.658] Moving to: [0.000 -0.600 0.000]
[18:37:48.275] Arrived at: [0.000 -0.600 0.000]
[18:37:48.276] Wait 0.000s
[18:37:48.277] Continue movement.

[18:37:48.277] Moving to: [2.200 -0.800 0.000]
[18:37:50.889] Arrived at: [2.200 -0.800 0.000]
[18:37:50.889] Wait 0.000s
[18:37:50.893] Continue movement.

[18:37:50.894] Moving to: [0.000 -1.000 0.000]
[18:37:53.339] Arrived at: [0.000 -1.000 0.000]
[18:37:53.340] Wait 0.000s
[18:37:53.342] Continue movement.

[18:37:53.343] Moving to: [2.200 -1.200 0.000]
[18:37:55.954] Arrived at: [2.200 -1.200 0.000]
[18:37:55.954] Wait 0.000s
[18:37:55.954] Continue movement.

[18:37:55.954] Moving to: [0.000 -1.400 0.000]
[18:37:58.380] Arrived at: [0.000 -1.400 0.000] WARNING!
[18:37:58.380] Wait 0.000s
[18:37:58.382] Continue movement.

[18:37:58.383] Moving to: [2.200 -1.600 0.000]
[18:38:00.988] Arrived at: [2.200 -1.600 0.000]
[18:38:00.992] Wait 0.000s
[18:38:00.994] Continue movement.

[18:38:00.995] Moving to: [0.000 -1.800 0.000]
[18:38:03.614] Arrived at: [0.000 -1.800 0.000]
[18:38:03.618] Wait 0.000s
[18:38:03.618] Continue movement.

[18:38:03.618] Moving to: [2.200 -2.000 0.000]
[18:38:06.231] Arrived at: [2.200 -2.000 0.000]
[18:38:06.231] Wait 0.000s
[18:38:06.235] Continue movement.

[18:38:06.235] Moving to: [0.000 -2.200 0.000]
[18:38:08.838] Arrived at: [0.000 -2.200 0.000]
[18:38:08.838] Wait 0.000s
[18:38:08.838] Continue movement.

[18:38:08.842] Moving to: [2.200 -2.400 0.000]
[18:38:11.448] Arrived at: [2.200 -2.400 0.000]
[18:38:11.448] Wait 0.000s
[18:38:11.453] Continue movement.

[18:38:11.454] Moving to: [0.000 -2.600 0.000]
[18:38:14.059] Arrived at: [0.000 -2.600 0.000]
[18:38:14.059] Wait 0.000s
[18:38:14.063] Continue movement.

[18:38:14.063] Moving to: [2.200 -2.800 0.000]
[18:38:16.676] Arrived at: [2.200 -2.800 0.000] WARNING!
[18:38:16.677] Wait 0.000s
[18:38:16.679] Continue movement.

[18:38:16.680] Moving to: [0.000 -3.000 0.000]
[18:38:19.273] Arrived at: [0.000 -3.000 0.000]
[18:38:19.277] Wait 0.000s
[18:38:19.278] Continue movement.

[18:38:19.278] Moving to: [2.200 -3.200 0.000]
[18:38:21.884] Arrived at: [2.200 -3.200 0.000]
[18:38:21.884] Wait 0.000s
[18:38:21.889] Continue movement.

[18:38:21.889] Moving to: [0.000 -3.400 0.000]
[18:38:24.506] Arrived at: [0.000 -3.400 0.000]
[18:38:24.506] Wait 0.000s
[18:38:24.510] Continue movement.

[18:38:24.510] Moving to: [2.200 -3.600 0.000]
[18:38:27.116] Arrived at: [2.200 -3.600 0.000]
[18:38:27.118] Wait 0.000s
[18:38:27.119] Continue movement.

[18:38:27.119] Moving to: [0.000 -3.800 0.000]
[18:38:29.740] Arrived at: [0.000 -3.800 0.000] WARNING!
[18:38:29.740] Wait 0.000s
[18:38:29.743] Continue movement.

[18:38:29.744] Moving to: [2.200 -4.000 0.000]
[18:38:32.184] Arrived at: [2.200 -4.000 0.000]
[18:38:32.184] Wait 0.000s
[18:38:32.184] Continue movement.

[18:38:32.184] Moving to: [0.000 -4.200 0.000]
[18:38:34.810] Arrived at: [0.000 -4.200 0.000]
[18:38:34.810] Wait 0.000s
[18:38:34.815] Continue movement.

[18:38:34.816] Moving to: [2.200 -4.400 0.000]
[18:38:37.430] Arrived at: [2.200 -4.400 0.000]
[18:38:37.430] Wait 0.000s
[18:38:37.430] Continue movement.

[18:38:37.430] Finished iteration 2

[18:38:37.434] Starting iteration 3
[18:38:37.434] Moving to: [0.000 0.000 0.000]
[18:38:42.828] Arrived at: [0.000 0.000 0.000]
[18:38:42.828] Wait 0.000s
[18:38:42.832] Continue movement.

[18:38:42.832] Moving to: [2.200 0.000 0.000]
[18:38:45.009] Arrived at: [2.200 0.000 0.000]
[18:38:45.009] Wait 0.000s
[18:38:45.014] Continue movement.

[18:38:45.014] Moving to: [0.000 -0.200 0.000]
[18:38:47.455] Arrived at: [0.000 -0.200 0.000]
[18:38:47.455] Wait 0.000s
[18:38:47.460] Continue movement.

[18:38:47.460] Moving to: [2.200 -0.400 0.000]
[18:38:50.030] Arrived at: [2.200 -0.400 0.000]
[18:38:50.030] Wait 0.000s
[18:38:50.030] Continue movement.

[18:38:50.035] Moving to: [0.000 -0.600 0.000]
[18:38:52.503] Arrived at: [0.000 -0.600 0.000]
[18:38:52.503] Wait 0.000s
[18:38:52.503] Continue movement.

[18:38:52.503] Moving to: [2.200 -0.800 0.000]
[18:38:54.945] Arrived at: [2.200 -0.800 0.000]
[18:38:54.946] Wait 0.000s
[18:38:54.947] Continue movement.

[18:38:54.947] Moving to: [0.000 -1.000 0.000]
[18:38:57.396] Arrived at: [0.000 -1.000 0.000]
[18:38:57.396] Wait 0.000s
[18:38:57.396] Continue movement.

[18:38:57.396] Moving to: [2.200 -1.200 0.000]
[18:38:59.851] Arrived at: [2.200 -1.200 0.000]
[18:38:59.851] Wait 0.000s
[18:38:59.855] Continue movement.

[18:38:59.855] Moving to: [0.000 -1.400 0.000]
[18:39:02.389] Arrived at: [0.000 -1.400 0.000] WARNING!
[18:39:02.389] Wait 0.000s
[18:39:02.394] Continue movement.

[18:39:02.395] Moving to: [2.200 -1.600 0.000]
[18:39:04.992] Arrived at: [2.200 -1.600 0.000]
[18:39:04.992] Wait 0.000s
[18:39:04.994] Continue movement.

[18:39:04.995] Moving to: [0.000 -1.800 0.000]
[18:39:07.617] Arrived at: [0.000 -1.800 0.000]
[18:39:07.617] Wait 0.000s
[18:39:07.619] Continue movement.

[18:39:07.620] Moving to: [2.200 -2.000 0.000]
[18:39:10.070] Arrived at: [2.200 -2.000 0.000]
[18:39:10.070] Wait 0.000s
[18:39:10.074] Continue movement.

[18:39:10.074] Moving to: [0.000 -2.200 0.000]
[18:39:12.506] Arrived at: [0.000 -2.200 0.000]
[18:39:12.506] Wait 0.000s
[18:39:12.511] Continue movement.

[18:39:12.511] Moving to: [2.200 -2.400 0.000]
[18:39:15.118] Arrived at: [2.200 -2.400 0.000]
[18:39:15.119] Wait 0.000s
[18:39:15.121] Continue movement.

[18:39:15.122] Moving to: [0.000 -2.600 0.000]
[18:39:17.747] Arrived at: [0.000 -2.600 0.000]
[18:39:17.747] Wait 0.000s
[18:39:17.751] Continue movement.

[18:39:17.752] Moving to: [2.200 -2.800 0.000]
[18:39:20.171] Arrived at: [2.200 -2.800 0.000] WARNING!
[18:39:20.176] Wait 0.000s
[18:39:20.178] Continue movement.

[18:39:20.179] Moving to: [0.000 -3.000 0.000]
[18:39:22.798] Arrived at: [0.000 -3.000 0.000]
[18:39:22.798] Wait 0.000s
[18:39:22.802] Continue movement.

[18:39:22.802] Moving to: [2.200 -3.200 0.000]
[18:39:25.224] Arrived at: [2.200 -3.200 0.000]
[18:39:25.225] Wait 0.000s
[18:39:25.226] Continue movement.

[18:39:25.227] Moving to: [0.000 -3.400 0.000]
[18:39:27.830] Arrived at: [0.000 -3.400 0.000]
[18:39:27.834] Wait 0.000s
[18:39:27.835] Continue movement.

[18:39:27.835] Moving to: [2.200 -3.600 0.000]
[18:39:30.448] Arrived at: [2.200 -3.600 0.000]
[18:39:30.448] Wait 0.000s
[18:39:30.448] Continue movement.

[18:39:30.452] Moving to: [0.000 -3.800 0.000]
[18:39:32.891] Arrived at: [0.000 -3.800 0.000] WARNING!
[18:39:32.891] Wait 0.000s
[18:39:32.895] Continue movement.

[18:39:32.896] Moving to: [2.200 -4.000 0.000]
[18:39:35.509] Arrived at: [2.200 -4.000 0.000]
[18:39:35.509] Wait 0.000s
[18:39:35.513] Continue movement.

[18:39:35.514] Moving to: [0.000 -4.200 0.000]
[18:39:38.120] Arrived at: [0.000 -4.200 0.000]
[18:39:38.124] Wait 0.000s
[18:39:38.124] Continue movement.

[18:39:38.124] Moving to: [2.200 -4.400 0.000]
[18:39:40.742] Arrived at: [2.200 -4.400 0.000]
[18:39:40.742] Wait 0.000s
[18:39:40.746] Continue movement.

[18:39:40.746] Finished iteration 3

[18:39:40.746] Starting iteration 4
[18:39:40.746] Moving to: [0.000 0.000 0.000]
[18:39:46.140] Arrived at: [0.000 0.000 0.000]
[18:39:46.140] Wait 0.000s
[18:39:46.144] Continue movement.

[18:39:46.144] Moving to: [2.200 0.000 0.000]
[18:39:48.330] Arrived at: [2.200 0.000 0.000]
[18:39:48.330] Wait 0.000s
[18:39:48.334] Continue movement.

[18:39:48.334] Moving to: [0.000 -0.200 0.000]
[18:39:50.949] Arrived at: [0.000 -0.200 0.000]
[18:39:50.949] Wait 0.000s
[18:39:50.949] Continue movement.

[18:39:50.949] Moving to: [2.200 -0.400 0.000]
[18:39:53.385] Arrived at: [2.200 -0.400 0.000]
[18:39:53.385] Wait 0.000s
[18:39:53.386] Continue movement.

[18:39:53.386] Moving to: [0.000 -0.600 0.000]
[18:39:55.984] Arrived at: [0.000 -0.600 0.000]
[18:39:55.984] Wait 0.000s
[18:39:55.988] Continue movement.

[18:39:55.988] Moving to: [2.200 -0.800 0.000]
[18:39:58.428] Arrived at: [2.200 -0.800 0.000]
[18:39:58.429] Wait 0.000s
[18:39:58.429] Continue movement.

[18:39:58.429] Moving to: [0.000 -1.000 0.000]
[18:40:01.031] Arrived at: [0.000 -1.000 0.000]
[18:40:01.035] Wait 0.000s
[18:40:01.036] Continue movement.

[18:40:01.036] Moving to: [2.200 -1.200 0.000]
[18:40:03.466] Arrived at: [2.200 -1.200 0.000]
[18:40:03.466] Wait 0.000s
[18:40:03.466] Continue movement.

[18:40:03.466] Moving to: [0.000 -1.400 0.000]
[18:40:06.102] Arrived at: [0.000 -1.400 0.000] WARNING!
[18:40:06.102] Wait 0.000s
[18:40:06.103] Continue movement.

[18:40:06.105] Moving to: [2.200 -1.600 0.000]
[18:40:08.551] Arrived at: [2.200 -1.600 0.000]
[18:40:08.551] Wait 0.000s
[18:40:08.555] Continue movement.

[18:40:08.556] Moving to: [0.000 -1.800 0.000]
[18:40:10.994] Arrived at: [0.000 -1.800 0.000]
[18:40:10.994] Wait 0.000s
[18:40:10.994] Continue movement.

[18:40:10.994] Moving to: [2.200 -2.000 0.000]
[18:40:13.601] Arrived at: [2.200 -2.000 0.000]
[18:40:13.601] Wait 0.000s
[18:40:13.605] Continue movement.

[18:40:13.605] Moving to: [0.000 -2.200 0.000]
[18:40:16.037] Arrived at: [0.000 -2.200 0.000]
[18:40:16.041] Wait 0.000s
[18:40:16.042] Continue movement.

[18:40:16.042] Moving to: [2.200 -2.400 0.000]
[18:40:18.474] Arrived at: [2.200 -2.400 0.000]
[18:40:18.474] Wait 0.000s
[18:40:18.474] Continue movement.

[18:40:18.478] Moving to: [0.000 -2.600 0.000]
[18:40:20.910] Arrived at: [0.000 -2.600 0.000]
[18:40:20.910] Wait 0.000s
[18:40:20.912] Continue movement.

[18:40:20.913] Moving to: [2.200 -2.800 0.000]
[18:40:23.516] Arrived at: [2.200 -2.800 0.000] WARNING!
[18:40:23.520] Wait 0.000s
[18:40:23.522] Continue movement.

[18:40:23.523] Moving to: [0.000 -3.000 0.000]
[18:40:25.947] Arrived at: [0.000 -3.000 0.000]
[18:40:25.947] Wait 0.000s
[18:40:25.951] Continue movement.

[18:40:25.951] Moving to: [2.200 -3.200 0.000]
[18:40:28.570] Arrived at: [2.200 -3.200 0.000]
[18:40:28.570] Wait 0.000s
[18:40:28.570] Continue movement.

[18:40:28.574] Moving to: [0.000 -3.400 0.000]
[18:40:31.016] Arrived at: [0.000 -3.400 0.000]
[18:40:31.017] Wait 0.000s
[18:40:31.017] Continue movement.

[18:40:31.017] Moving to: [2.200 -3.600 0.000]
[18:40:33.623] Arrived at: [2.200 -3.600 0.000]
[18:40:33.624] Wait 0.000s
[18:40:33.624] Continue movement.

[18:40:33.624] Moving to: [0.000 -3.800 0.000]
[18:40:36.233] Arrived at: [0.000 -3.800 0.000] WARNING!
[18:40:36.233] Wait 0.000s
[18:40:36.236] Continue movement.

[18:40:36.237] Moving to: [2.200 -4.000 0.000]
[18:40:38.678] Arrived at: [2.200 -4.000 0.000]
[18:40:38.679] Wait 0.000s
[18:40:38.681] Continue movement.

[18:40:38.682] Moving to: [0.000 -4.200 0.000]
[18:40:41.300] Arrived at: [0.000 -4.200 0.000]
[18:40:41.301] Wait 0.000s
[18:40:41.303] Continue movement.

[18:40:41.304] Moving to: [2.200 -4.400 0.000]
[18:40:43.931] Arrived at: [2.200 -4.400 0.000]
[18:40:43.931] Wait 0.000s
[18:40:43.931] Continue movement.

[18:40:43.931] Finished iteration 4

[18:40:43.931] Plan finished.
