[16:58:12.678] Starting plan irradiation...
	Plan name: Plan de movimiento solo stage
	Plan comment: irradiacion10.7cm
	Absolut shift from X to (0,0) well: [0.000 0.000 0.000]
[16:58:28.084] Starting iteration 1
[16:58:28.084] Moving to: [0.000 0.000 0.000]
[16:58:33.918] Arrived at: [0.000 0.000 0.000]
[16:58:33.918] Wait 5.000s
[16:58:38.920] Continue movement.

[16:58:38.921] Moving to: [10.000 0.000 0.000]
[16:58:46.278] Arrived at: [10.000 0.000 0.000]
[16:58:46.278] Wait 0.000s
[16:58:46.279] Continue movement.

[16:58:46.279] Moving to: [0.000 -0.200 0.000]
[16:58:53.955] Arrived at: [0.000 -0.200 0.000]
[16:58:53.955] Wait 0.000s
[16:58:53.959] Continue movement.

[16:58:53.960] Moving to: [10.000 -0.400 0.000]
[16:59:01.773] Arrived at: [10.000 -0.400 0.000]
[16:59:01.774] Wait 0.000s
[16:59:01.775] Continue movement.

[16:59:01.776] Moving to: [0.000 -0.600 0.000]
[16:59:09.441] Arrived at: [0.000 -0.600 0.000]
[16:59:09.442] Wait 0.000s
[16:59:09.442] Continue movement.

[16:59:09.442] Moving to: [10.000 -0.800 0.000]
[16:59:17.131] Arrived at: [10.000 -0.800 0.000]
[16:59:17.131] Wait 0.000s
[16:59:17.133] Continue movement.

[16:59:17.134] Moving to: [0.000 -1.000 0.000]
[16:59:24.754] Arrived at: [0.000 -1.000 0.000]
[16:59:24.754] Wait 0.000s
[16:59:24.758] Continue movement.

[16:59:24.758] Moving to: [10.000 -1.200 0.000]
[16:59:32.402] Arrived at: [10.000 -1.200 0.000]
[16:59:32.402] Wait 0.000s
[16:59:32.406] Continue movement.

[16:59:32.406] Moving to: [0.000 -1.400 0.000]
[16:59:40.062] Arrived at: [0.000 -1.400 0.000] WARNING!
[16:59:40.063] Wait 0.000s
[16:59:40.064] Continue movement.

[16:59:40.064] Moving to: [10.000 -1.600 0.000]
[16:59:47.729] Arrived at: [10.000 -1.600 0.000]
[16:59:47.730] Wait 0.000s
[16:59:47.732] Continue movement.

[16:59:47.732] Moving to: [0.000 -1.800 0.000]
[16:59:55.469] Arrived at: [0.000 -1.800 0.000]
[16:59:55.473] Wait 0.000s
[16:59:55.474] Continue movement.

[16:59:55.474] Moving to: [10.000 -2.000 0.000]
[17:00:03.111] Arrived at: [10.000 -2.000 0.000]
[17:00:03.112] Wait 0.000s
[17:00:03.113] Continue movement.

[17:00:03.115] Moving to: [0.000 -2.200 0.000]
[17:00:10.766] Arrived at: [0.000 -2.200 0.000]
[17:00:10.766] Wait 0.000s
[17:00:10.770] Continue movement.

[17:00:10.771] Moving to: [10.000 -2.400 0.000]
[17:00:18.579] Arrived at: [10.000 -2.400 0.000]
[17:00:18.579] Wait 0.000s
[17:00:18.584] Continue movement.

[17:00:18.584] Moving to: [0.000 -2.600 0.000]
[17:00:26.254] Arrived at: [0.000 -2.600 0.000]
[17:00:26.255] Wait 0.000s
[17:00:26.256] Continue movement.

[17:00:26.258] Moving to: [10.000 -2.800 0.000]
[17:00:33.908] Arrived at: [10.000 -2.800 0.000] WARNING!
[17:00:33.912] Wait 0.000s
[17:00:33.913] Continue movement.

[17:00:33.915] Moving to: [0.000 -3.000 0.000]
[17:00:41.723] Arrived at: [0.000 -3.000 0.000]
[17:00:41.723] Wait 0.000s
[17:00:41.725] Continue movement.

[17:00:41.726] Moving to: [10.000 -3.200 0.000]
[17:00:49.401] Arrived at: [10.000 -3.200 0.000]
[17:00:49.402] Wait 0.000s
[17:00:49.403] Continue movement.

[17:00:49.403] Moving to: [0.000 -3.400 0.000]
[17:00:57.060] Arrived at: [0.000 -3.400 0.000]
[17:00:57.060] Wait 0.000s
[17:00:57.064] Continue movement.

[17:00:57.064] Moving to: [10.000 -3.600 0.000]
[17:01:04.890] Arrived at: [10.000 -3.600 0.000]
[17:01:04.891] Wait 0.000s
[17:01:04.891] Continue movement.

[17:01:04.891] Moving to: [0.000 -3.800 0.000]
[17:01:12.552] Arrived at: [0.000 -3.800 0.000] WARNING!
[17:01:12.552] Wait 0.000s
[17:01:12.556] Continue movement.

[17:01:12.557] Moving to: [10.000 -4.000 0.000]
[17:01:20.362] Arrived at: [10.000 -4.000 0.000]
[17:01:20.363] Wait 0.000s
[17:01:20.364] Continue movement.

[17:01:20.365] Finished iteration 1

[17:01:20.366] Plan finished.
