[11:30:57.661] Starting plan irradiation...
	Plan name: Plan de movimiento solo stage
	Plan comment: pruebaAcerocon laser
	Absolut shift from X to (0,0) well: [0.000 0.000 0.000]
[11:31:10.270] Starting iteration 1
[11:31:10.273] Moving to: [0.000 0.000 0.000]
[11:31:18.681] Arrived at: [0.000 0.000 0.000]
[11:31:18.685] Wait 0.000s
[11:31:18.687] Continue movement.

[11:31:18.687] Moving to: [10.000 0.000 0.000]
[11:31:25.917] Arrived at: [10.000 0.000 0.000]
[11:31:25.921] Wait 0.000s
[11:31:25.921] Continue movement.

[11:31:25.921] Moving to: [10.000 -0.500 0.000]
[11:31:26.805] Arrived at: [10.000 -0.500 0.000]
[11:31:26.805] Wait 0.000s
[11:31:26.806] Continue movement.

[11:31:26.806] Moving to: [0.000 -0.500 0.000]
[11:31:34.033] Arrived at: [0.000 -0.500 0.000]
[11:31:34.033] Wait 0.000s
[11:31:34.033] Continue movement.

[11:31:34.033] Moving to: [0.000 -1.000 0.000]
[11:31:34.909] Arrived at: [0.000 -1.000 0.000]
[11:31:34.909] Wait 0.000s
[11:31:34.911] Continue movement.

[11:31:34.912] Moving to: [10.000 -1.000 0.000]
[11:31:42.152] Arrived at: [10.000 -1.000 0.000]
[11:31:42.152] Wait 0.000s
[11:31:42.152] Continue movement.

[11:31:42.152] Finished iteration 1

[11:31:42.157] Plan finished.
