[14:25:17.414] Starting plan irradiation...
	Plan name: Plan de movimiento solo stage
	Plan comment: pruebasinlaser
	Absolut shift from X to (0,0) well: [0.000 0.000 0.000]
[14:25:24.673] Starting iteration 1
[14:25:24.673] Moving to: [0.000 0.000 0.000]
[14:25:31.898] Arrived at: [0.000 0.000 0.000]
[14:25:31.898] Wait 2.000s
[14:25:33.905] Continue movement.

[14:25:33.905] Moving to: [10.000 0.000 0.000]
[14:25:41.111] Arrived at: [10.000 0.000 0.000]
[14:25:41.111] Wait 0.000s
[14:25:41.111] Continue movement.

[14:25:41.111] Moving to: [0.000 -0.200 0.000]
[14:25:48.763] Arrived at: [0.000 -0.200 0.000]
[14:25:48.768] Wait 0.000s
[14:25:48.768] Continue movement.

[14:25:48.768] Moving to: [10.000 -0.400 0.000]
[14:25:56.434] Arrived at: [10.000 -0.400 0.000]
[14:25:56.436] Wait 0.000s
[14:25:56.437] Continue movement.

[14:25:56.437] Moving to: [0.000 -0.600 0.000]
[14:26:04.139] Arrived at: [0.000 -0.600 0.000]
[14:26:04.139] Wait 0.000s
[14:26:04.143] Continue movement.

[14:26:04.143] Moving to: [10.000 -0.800 0.000]
[14:26:11.829] Arrived at: [10.000 -0.800 0.000]
[14:26:11.829] Wait 0.000s
[14:26:11.829] Continue movement.

[14:26:11.829] Moving to: [0.000 -1.000 0.000]
[14:26:19.524] Arrived at: [0.000 -1.000 0.000]
[14:26:19.525] Wait 0.000s
[14:26:19.527] Continue movement.

[14:26:19.528] Moving to: [10.000 -1.200 0.000]
[14:26:27.195] Arrived at: [10.000 -1.200 0.000]
[14:26:27.195] Wait 0.000s
[14:26:27.195] Continue movement.

[14:26:27.200] Moving to: [0.000 -1.400 0.000]
[14:26:34.869] Arrived at: [0.000 -1.400 0.000] WARNING!
[14:26:34.870] Wait 0.000s
[14:26:34.872] Continue movement.

[14:26:34.872] Moving to: [10.000 -1.600 0.000]
[14:26:42.550] Arrived at: [10.000 -1.600 0.000]
[14:26:42.550] Wait 0.000s
[14:26:42.554] Continue movement.

[14:26:42.554] Moving to: [0.000 -1.800 0.000]
[14:26:50.223] Arrived at: [0.000 -1.800 0.000]
[14:26:50.223] Wait 0.000s
[14:26:50.223] Continue movement.

[14:26:50.223] Moving to: [10.000 -2.000 0.000]
[14:26:57.872] Arrived at: [10.000 -2.000 0.000]
[14:26:57.876] Wait 0.000s
[14:26:57.876] Continue movement.

[14:26:57.876] Moving to: [0.000 -2.200 0.000]
[14:27:05.540] Arrived at: [0.000 -2.200 0.000]
[14:27:05.541] Wait 0.000s
[14:27:05.541] Continue movement.

[14:27:05.541] Moving to: [10.000 -2.400 0.000]
[14:27:13.193] Arrived at: [10.000 -2.400 0.000]
[14:27:13.193] Wait 0.000s
[14:27:13.193] Continue movement.

[14:27:13.193] Moving to: [0.000 -2.600 0.000]
[14:27:20.948] Arrived at: [0.000 -2.600 0.000]
[14:27:20.952] Wait 0.000s
[14:27:20.952] Continue movement.

[14:27:20.953] Moving to: [10.000 -2.800 0.000]
[14:27:28.627] Arrived at: [10.000 -2.800 0.000] WARNING!
[14:27:28.627] Wait 0.000s
[14:27:28.627] Continue movement.

[14:27:28.631] Moving to: [0.000 -3.000 0.000]
[14:27:36.276] Arrived at: [0.000 -3.000 0.000]
[14:27:36.277] Wait 0.000s
[14:27:36.279] Continue movement.

[14:27:36.279] Moving to: [10.000 -3.200 0.000]
[14:27:43.946] Arrived at: [10.000 -3.200 0.000]
[14:27:43.947] Wait 0.000s
[14:27:43.947] Continue movement.

[14:27:43.947] Moving to: [0.000 -3.400 0.000]
[14:27:51.600] Arrived at: [0.000 -3.400 0.000]
[14:27:51.600] Wait 0.000s
[14:27:51.600] Continue movement.

[14:27:51.600] Moving to: [10.000 -3.600 0.000]
[14:27:59.274] Arrived at: [10.000 -3.600 0.000]
[14:27:59.274] Wait 0.000s
[14:27:59.274] Continue movement.

[14:27:59.278] Moving to: [0.000 -3.800 0.000]
[14:28:06.953] Arrived at: [0.000 -3.800 0.000] WARNING!
[14:28:06.953] Wait 0.000s
[14:28:06.958] Continue movement.

[14:28:06.959] Moving to: [10.000 -4.000 0.000]
[14:28:14.598] Arrived at: [10.000 -4.000 0.000]
[14:28:14.598] Wait 0.000s
[14:28:14.598] Continue movement.

[14:28:14.602] Moving to: [0.000 -4.200 0.000]
[14:28:22.235] Arrived at: [0.000 -4.200 0.000]
[14:28:22.235] Wait 0.000s
[14:28:22.239] Continue movement.

[14:28:22.239] Finished iteration 1

[14:28:22.239] Plan finished.
