[21:36:50.088] Starting plan irradiation...
	Plan name: Plan de movimiento solo stage
	Plan comment: irradW_6
	Absolut shift from X to (0,0) well: [0.000 0.000 0.000]
[21:37:07.601] Starting iteration 1
[21:37:07.603] Moving to: [0.000 0.000 0.000]
[21:37:07.953] Arrived at: [0.000 0.000 0.000]
[21:37:07.953] Wait 0.000s
[21:37:07.953] Continue movement.

[21:37:07.953] Moving to: [-2.000 0.000 0.000]
[21:37:09.847] Arrived at: [-2.000 0.000 0.000]
[21:37:09.847] Wait 0.000s
[21:37:09.847] Continue movement.

[21:37:09.847] Moving to: [0.000 -0.200 0.000]
[21:37:12.256] Arrived at: [0.000 -0.200 0.000]
[21:37:12.261] Wait 0.000s
[21:37:12.264] Continue movement.

[21:37:12.265] Moving to: [-2.000 -0.400 0.000]
[21:37:14.620] Arrived at: [-2.000 -0.400 0.000]
[21:37:14.620] Wait 0.000s
[21:37:14.620] Continue movement.

[21:37:14.620] Moving to: [0.000 -0.600 0.000]
[21:37:17.152] Arrived at: [0.000 -0.600 0.000]
[21:37:17.153] Wait 0.000s
[21:37:17.153] Continue movement.

[21:37:17.153] Moving to: [-2.000 -0.800 0.000]
[21:37:19.511] Arrived at: [-2.000 -0.800 0.000]
[21:37:19.511] Wait 0.000s
[21:37:19.515] Continue movement.

[21:37:19.515] Moving to: [0.000 -1.000 0.000]
[21:37:21.901] Arrived at: [0.000 -1.000 0.000]
[21:37:21.902] Wait 0.000s
[21:37:21.904] Continue movement.

[21:37:21.905] Moving to: [-2.000 -1.200 0.000]
[21:37:24.341] Arrived at: [-2.000 -1.200 0.000]
[21:37:24.341] Wait 0.000s
[21:37:24.345] Continue movement.

[21:37:24.345] Moving to: [0.000 -1.400 0.000]
[21:37:26.740] Arrived at: [0.000 -1.400 0.000] WARNING!
[21:37:26.740] Wait 0.000s
[21:37:26.743] Continue movement.

[21:37:26.743] Moving to: [-2.000 -1.600 0.000]
[21:37:29.142] Arrived at: [-2.000 -1.600 0.000]
[21:37:29.142] Wait 0.000s
[21:37:29.146] Continue movement.

[21:37:29.146] Moving to: [0.000 -1.800 0.000]
[21:37:31.512] Arrived at: [0.000 -1.800 0.000]
[21:37:31.512] Wait 0.000s
[21:37:31.512] Continue movement.

[21:37:31.512] Moving to: [-2.000 -2.000 0.000]
[21:37:33.949] Arrived at: [-2.000 -2.000 0.000]
[21:37:33.949] Wait 0.000s
[21:37:33.949] Continue movement.

[21:37:33.949] Moving to: [0.000 -2.200 0.000]
[21:37:36.329] Arrived at: [0.000 -2.200 0.000]
[21:37:36.333] Wait 0.000s
[21:37:36.333] Continue movement.

[21:37:36.333] Moving to: [-2.000 -2.400 0.000]
[21:37:38.729] Arrived at: [-2.000 -2.400 0.000]
[21:37:38.729] Wait 0.000s
[21:37:38.733] Continue movement.

[21:37:38.733] Moving to: [0.000 -2.600 0.000]
[21:37:41.109] Arrived at: [0.000 -2.600 0.000]
[21:37:41.109] Wait 0.000s
[21:37:41.109] Continue movement.

[21:37:41.109] Moving to: [-2.000 -2.800 0.000]
[21:37:43.509] Arrived at: [-2.000 -2.800 0.000] WARNING!
[21:37:43.509] Wait 0.000s
[21:37:43.509] Continue movement.

[21:37:43.519] Moving to: [0.000 -3.000 0.000]
[21:37:45.949] Arrived at: [0.000 -3.000 0.000]
[21:37:45.949] Wait 0.000s
[21:37:45.949] Continue movement.

[21:37:45.949] Moving to: [-2.000 -3.200 0.000]
[21:37:48.338] Arrived at: [-2.000 -3.200 0.000]
[21:37:48.342] Wait 0.000s
[21:37:48.342] Continue movement.

[21:37:48.342] Moving to: [0.000 -3.400 0.000]
[21:37:50.704] Arrived at: [0.000 -3.400 0.000]
[21:37:50.704] Wait 0.000s
[21:37:50.704] Continue movement.

[21:37:50.704] Moving to: [-2.000 -3.600 0.000]
[21:37:53.070] Arrived at: [-2.000 -3.600 0.000]
[21:37:53.070] Wait 0.000s
[21:37:53.070] Continue movement.

[21:37:53.070] Moving to: [0.000 -3.800 0.000]
[21:37:55.451] Arrived at: [0.000 -3.800 0.000] WARNING!
[21:37:55.451] Wait 0.000s
[21:37:55.451] Continue movement.

[21:37:55.451] Moving to: [-2.000 -4.000 0.000]
[21:37:57.882] Arrived at: [-2.000 -4.000 0.000]
[21:37:57.882] Wait 0.000s
[21:37:57.882] Continue movement.

[21:37:57.882] Moving to: [0.000 -4.200 0.000]
[21:38:00.273] Arrived at: [0.000 -4.200 0.000]
[21:38:00.275] Wait 0.000s
[21:38:00.276] Continue movement.

[21:38:00.277] Moving to: [-2.000 -4.400 0.000]
[21:38:02.679] Arrived at: [-2.000 -4.400 0.000]
[21:38:02.679] Wait 0.000s
[21:38:02.679] Continue movement.

[21:38:02.679] Finished iteration 1

[21:38:02.679] Plan finished.
