[18:53:30.491] Starting plan irradiation...
	Plan name: Plan de movimiento solo stage
	Plan comment: Zn4.7cm
	Absolut shift from X to (0,0) well: [0.000 0.000 0.000]
[18:54:00.282] Starting iteration 1
[18:54:00.283] Moving to: [0.000 0.000 0.000]
[18:54:03.267] Arrived at: [0.000 0.000 0.000]
[18:54:03.269] Wait 0.000s
[18:54:03.272] Continue movement.

[18:54:03.274] Moving to: [2.200 0.000 0.000]
[18:54:05.440] Arrived at: [2.200 0.000 0.000]
[18:54:05.440] Wait 0.000s
[18:54:05.444] Continue movement.

[18:54:05.444] Moving to: [0.000 -0.200 0.000]
[18:54:08.051] Arrived at: [0.000 -0.200 0.000]
[18:54:08.059] Wait 0.000s
[18:54:08.061] Continue movement.

[18:54:08.062] Moving to: [2.200 -0.400 0.000]
[18:54:10.675] Arrived at: [2.200 -0.400 0.000]
[18:54:10.675] Wait 0.000s
[18:54:10.675] Continue movement.

[18:54:10.675] Moving to: [0.000 -0.600 0.000]
[18:54:13.129] Arrived at: [0.000 -0.600 0.000]
[18:54:13.129] Wait 0.000s
[18:54:13.129] Continue movement.

[18:54:13.133] Moving to: [2.200 -0.800 0.000]
[18:54:15.756] Arrived at: [2.200 -0.800 0.000]
[18:54:15.757] Wait 0.000s
[18:54:15.759] Continue movement.

[18:54:15.760] Moving to: [0.000 -1.000 0.000]
[18:54:18.363] Arrived at: [0.000 -1.000 0.000]
[18:54:18.363] Wait 0.000s
[18:54:18.367] Continue movement.

[18:54:18.368] Moving to: [2.200 -1.200 0.000]
[18:54:20.819] Arrived at: [2.200 -1.200 0.000]
[18:54:20.819] Wait 0.000s
[18:54:20.824] Continue movement.

[18:54:20.824] Moving to: [0.000 -1.400 0.000]
[18:54:23.270] Arrived at: [0.000 -1.400 0.000] WARNING!
[18:54:23.270] Wait 0.000s
[18:54:23.272] Continue movement.

[18:54:23.273] Moving to: [2.200 -1.600 0.000]
[18:54:25.885] Arrived at: [2.200 -1.600 0.000]
[18:54:25.889] Wait 0.000s
[18:54:25.889] Continue movement.

[18:54:25.889] Moving to: [0.000 -1.800 0.000]
[18:54:28.492] Arrived at: [0.000 -1.800 0.000]
[18:54:28.492] Wait 0.000s
[18:54:28.496] Continue movement.

[18:54:28.496] Moving to: [2.200 -2.000 0.000]
[18:54:30.934] Arrived at: [2.200 -2.000 0.000]
[18:54:30.934] Wait 0.000s
[18:54:30.935] Continue movement.

[18:54:30.937] Moving to: [0.000 -2.200 0.000]
[18:54:33.528] Arrived at: [0.000 -2.200 0.000]
[18:54:33.528] Wait 0.000s
[18:54:33.532] Continue movement.

[18:54:33.533] Moving to: [2.200 -2.400 0.000]
[18:54:35.979] Arrived at: [2.200 -2.400 0.000]
[18:54:35.979] Wait 0.000s
[18:54:35.979] Continue movement.

[18:54:35.979] Finished iteration 1

[18:54:35.983] Starting iteration 2
[18:54:35.983] Moving to: [0.000 0.000 0.000]
[18:54:39.909] Arrived at: [0.000 0.000 0.000]
[18:54:39.909] Wait 0.000s
[18:54:39.913] Continue movement.

[18:54:39.913] Moving to: [2.200 0.000 0.000]
[18:54:42.083] Arrived at: [2.200 0.000 0.000]
[18:54:42.083] Wait 0.000s
[18:54:42.083] Continue movement.

[18:54:42.083] Moving to: [0.000 -0.200 0.000]
[18:54:44.703] Arrived at: [0.000 -0.200 0.000]
[18:54:44.704] Wait 0.000s
[18:54:44.706] Continue movement.

[18:54:44.707] Moving to: [2.200 -0.400 0.000]
[18:54:47.142] Arrived at: [2.200 -0.400 0.000]
[18:54:47.142] Wait 0.000s
[18:54:47.142] Continue movement.

[18:54:47.142] Moving to: [0.000 -0.600 0.000]
[18:54:49.757] Arrived at: [0.000 -0.600 0.000]
[18:54:49.757] Wait 0.000s
[18:54:49.757] Continue movement.

[18:54:49.761] Moving to: [2.200 -0.800 0.000]
[18:54:52.385] Arrived at: [2.200 -0.800 0.000]
[18:54:52.385] Wait 0.000s
[18:54:52.385] Continue movement.

[18:54:52.389] Moving to: [0.000 -1.000 0.000]
[18:54:54.992] Arrived at: [0.000 -1.000 0.000]
[18:54:54.992] Wait 0.000s
[18:54:54.996] Continue movement.

[18:54:54.996] Moving to: [2.200 -1.200 0.000]
[18:54:57.609] Arrived at: [2.200 -1.200 0.000]
[18:54:57.609] Wait 0.000s
[18:54:57.614] Continue movement.

[18:54:57.615] Moving to: [0.000 -1.400 0.000]
[18:55:00.231] Arrived at: [0.000 -1.400 0.000] WARNING!
[18:55:00.232] Wait 0.000s
[18:55:00.234] Continue movement.

[18:55:00.236] Moving to: [2.200 -1.600 0.000]
[18:55:02.679] Arrived at: [2.200 -1.600 0.000]
[18:55:02.680] Wait 0.000s
[18:55:02.682] Continue movement.

[18:55:02.682] Moving to: [0.000 -1.800 0.000]
[18:55:05.298] Arrived at: [0.000 -1.800 0.000]
[18:55:05.298] Wait 0.000s
[18:55:05.302] Continue movement.

[18:55:05.303] Moving to: [2.200 -2.000 0.000]
[18:55:07.731] Arrived at: [2.200 -2.000 0.000]
[18:55:07.732] Wait 0.000s
[18:55:07.733] Continue movement.

[18:55:07.733] Moving to: [0.000 -2.200 0.000]
[18:55:10.338] Arrived at: [0.000 -2.200 0.000]
[18:55:10.338] Wait 0.000s
[18:55:10.339] Continue movement.

[18:55:10.340] Moving to: [2.200 -2.400 0.000]
[18:55:12.974] Arrived at: [2.200 -2.400 0.000]
[18:55:12.974] Wait 0.000s
[18:55:12.980] Continue movement.

[18:55:12.980] Finished iteration 2

[18:55:12.980] Starting iteration 3
[18:55:12.984] Moving to: [0.000 0.000 0.000]
[18:55:17.089] Arrived at: [0.000 0.000 0.000]
[18:55:17.089] Wait 0.000s
[18:55:17.093] Continue movement.

[18:55:17.093] Moving to: [2.200 0.000 0.000]
[18:55:19.264] Arrived at: [2.200 0.000 0.000]
[18:55:19.265] Wait 0.000s
[18:55:19.267] Continue movement.

[18:55:19.268] Moving to: [0.000 -0.200 0.000]
[18:55:21.884] Arrived at: [0.000 -0.200 0.000]
[18:55:21.884] Wait 0.000s
[18:55:21.884] Continue movement.

[18:55:21.884] Moving to: [2.200 -0.400 0.000]
[18:55:24.504] Arrived at: [2.200 -0.400 0.000]
[18:55:24.504] Wait 0.000s
[18:55:24.509] Continue movement.

[18:55:24.509] Moving to: [0.000 -0.600 0.000]
[18:55:26.951] Arrived at: [0.000 -0.600 0.000]
[18:55:26.951] Wait 0.000s
[18:55:26.956] Continue movement.

[18:55:26.957] Moving to: [2.200 -0.800 0.000]
[18:55:29.563] Arrived at: [2.200 -0.800 0.000]
[18:55:29.563] Wait 0.000s
[18:55:29.568] Continue movement.

[18:55:29.569] Moving to: [0.000 -1.000 0.000]
[18:55:32.021] Arrived at: [0.000 -1.000 0.000]
[18:55:32.025] Wait 0.000s
[18:55:32.027] Continue movement.

[18:55:32.028] Moving to: [2.200 -1.200 0.000]
[18:55:34.486] Arrived at: [2.200 -1.200 0.000]
[18:55:34.486] Wait 0.000s
[18:55:34.486] Continue movement.

[18:55:34.491] Moving to: [0.000 -1.400 0.000]
[18:55:37.100] Arrived at: [0.000 -1.400 0.000] WARNING!
[18:55:37.100] Wait 0.000s
[18:55:37.101] Continue movement.

[18:55:37.104] Moving to: [2.200 -1.600 0.000]
[18:55:39.709] Arrived at: [2.200 -1.600 0.000]
[18:55:39.713] Wait 0.000s
[18:55:39.714] Continue movement.

[18:55:39.714] Moving to: [0.000 -1.800 0.000]
[18:55:42.152] Arrived at: [0.000 -1.800 0.000]
[18:55:42.157] Wait 0.000s
[18:55:42.158] Continue movement.

[18:55:42.159] Moving to: [2.200 -2.000 0.000]
[18:55:44.768] Arrived at: [2.200 -2.000 0.000]
[18:55:44.772] Wait 0.000s
[18:55:44.773] Continue movement.

[18:55:44.773] Moving to: [0.000 -2.200 0.000]
[18:55:47.387] Arrived at: [0.000 -2.200 0.000]
[18:55:47.387] Wait 0.000s
[18:55:47.387] Continue movement.

[18:55:47.391] Moving to: [2.200 -2.400 0.000]
[18:55:49.991] Arrived at: [2.200 -2.400 0.000]
[18:55:49.996] Wait 0.000s
[18:55:49.998] Continue movement.

[18:55:49.998] Finished iteration 3

[18:55:49.999] Starting iteration 4
[18:55:50.000] Moving to: [0.000 0.000 0.000]
[18:55:53.929] Arrived at: [0.000 0.000 0.000]
[18:55:53.929] Wait 0.000s
[18:55:53.929] Continue movement.

[18:55:53.933] Moving to: [2.200 0.000 0.000]
[18:55:56.106] Arrived at: [2.200 0.000 0.000]
[18:55:56.106] Wait 0.000s
[18:55:56.110] Continue movement.

[18:55:56.111] Moving to: [0.000 -0.200 0.000]
[18:55:58.718] Arrived at: [0.000 -0.200 0.000]
[18:55:58.718] Wait 0.000s
[18:55:58.720] Continue movement.

[18:55:58.722] Moving to: [2.200 -0.400 0.000]
[18:56:01.333] Arrived at: [2.200 -0.400 0.000]
[18:56:01.334] Wait 0.000s
[18:56:01.335] Continue movement.

[18:56:01.336] Moving to: [0.000 -0.600 0.000]
[18:56:03.954] Arrived at: [0.000 -0.600 0.000]
[18:56:03.954] Wait 0.000s
[18:56:03.958] Continue movement.

[18:56:03.958] Moving to: [2.200 -0.800 0.000]
[18:56:06.395] Arrived at: [2.200 -0.800 0.000]
[18:56:06.396] Wait 0.000s
[18:56:06.396] Continue movement.

[18:56:06.396] Moving to: [0.000 -1.000 0.000]
[18:56:08.991] Arrived at: [0.000 -1.000 0.000]
[18:56:08.991] Wait 0.000s
[18:56:08.995] Continue movement.

[18:56:08.995] Moving to: [2.200 -1.200 0.000]
[18:56:11.615] Arrived at: [2.200 -1.200 0.000]
[18:56:11.616] Wait 0.000s
[18:56:11.618] Continue movement.

[18:56:11.618] Moving to: [0.000 -1.400 0.000]
[18:56:14.040] Arrived at: [0.000 -1.400 0.000] WARNING!
[18:56:14.040] Wait 0.000s
[18:56:14.045] Continue movement.

[18:56:14.045] Moving to: [2.200 -1.600 0.000]
[18:56:16.664] Arrived at: [2.200 -1.600 0.000]
[18:56:16.664] Wait 0.000s
[18:56:16.666] Continue movement.

[18:56:16.667] Moving to: [0.000 -1.800 0.000]
[18:56:19.278] Arrived at: [0.000 -1.800 0.000]
[18:56:19.279] Wait 0.000s
[18:56:19.280] Continue movement.

[18:56:19.281] Moving to: [2.200 -2.000 0.000]
[18:56:21.889] Arrived at: [2.200 -2.000 0.000]
[18:56:21.890] Wait 0.000s
[18:56:21.890] Continue movement.

[18:56:21.890] Moving to: [0.000 -2.200 0.000]
[18:56:24.491] Arrived at: [0.000 -2.200 0.000]
[18:56:24.496] Wait 0.000s
[18:56:24.497] Continue movement.

[18:56:24.497] Moving to: [2.200 -2.400 0.000]
[18:56:27.107] Arrived at: [2.200 -2.400 0.000]
[18:56:27.107] Wait 0.000s
[18:56:27.107] Continue movement.

[18:56:27.107] Finished iteration 4

[18:56:27.107] Starting iteration 5
[18:56:27.112] Moving to: [0.000 0.000 0.000]
[18:56:31.213] Arrived at: [0.000 0.000 0.000]
[18:56:31.213] Wait 0.000s
[18:56:31.217] Continue movement.

[18:56:31.218] Moving to: [2.200 0.000 0.000]
[18:56:33.391] Arrived at: [2.200 0.000 0.000]
[18:56:33.392] Wait 0.000s
[18:56:33.393] Continue movement.

[18:56:33.394] Moving to: [0.000 -0.200 0.000]
[18:56:36.029] Arrived at: [0.000 -0.200 0.000]
[18:56:36.029] Wait 0.000s
[18:56:36.031] Continue movement.

[18:56:36.031] Moving to: [2.200 -0.400 0.000]
[18:56:38.638] Arrived at: [2.200 -0.400 0.000]
[18:56:38.638] Wait 0.000s
[18:56:38.642] Continue movement.

[18:56:38.642] Moving to: [0.000 -0.600 0.000]
[18:56:41.261] Arrived at: [0.000 -0.600 0.000]
[18:56:41.261] Wait 0.000s
[18:56:41.261] Continue movement.

[18:56:41.265] Moving to: [2.200 -0.800 0.000]
[18:56:43.710] Arrived at: [2.200 -0.800 0.000]
[18:56:43.711] Wait 0.000s
[18:56:43.712] Continue movement.

[18:56:43.713] Moving to: [0.000 -1.000 0.000]
[18:56:46.333] Arrived at: [0.000 -1.000 0.000]
[18:56:46.334] Wait 0.000s
[18:56:46.335] Continue movement.

[18:56:46.335] Moving to: [2.200 -1.200 0.000]
[18:56:48.954] Arrived at: [2.200 -1.200 0.000]
[18:56:48.954] Wait 0.000s
[18:56:48.958] Continue movement.

[18:56:48.958] Moving to: [0.000 -1.400 0.000]
[18:56:51.562] Arrived at: [0.000 -1.400 0.000] WARNING!
[18:56:51.563] Wait 0.000s
[18:56:51.564] Continue movement.

[18:56:51.565] Moving to: [2.200 -1.600 0.000]
[18:56:54.174] Arrived at: [2.200 -1.600 0.000]
[18:56:54.174] Wait 0.000s
[18:56:54.174] Continue movement.

[18:56:54.178] Moving to: [0.000 -1.800 0.000]
[18:56:56.791] Arrived at: [0.000 -1.800 0.000]
[18:56:56.791] Wait 0.000s
[18:56:56.791] Continue movement.

[18:56:56.791] Moving to: [2.200 -2.000 0.000]
[18:56:59.249] Arrived at: [2.200 -2.000 0.000]
[18:56:59.249] Wait 0.000s
[18:56:59.254] Continue movement.

[18:56:59.254] Moving to: [0.000 -2.200 0.000]
[18:57:01.688] Arrived at: [0.000 -2.200 0.000]
[18:57:01.688] Wait 0.000s
[18:57:01.693] Continue movement.

[18:57:01.693] Moving to: [2.200 -2.400 0.000]
[18:57:04.307] Arrived at: [2.200 -2.400 0.000]
[18:57:04.307] Wait 0.000s
[18:57:04.312] Continue movement.

[18:57:04.313] Finished iteration 5

[18:57:04.314] Starting iteration 6
[18:57:04.314] Moving to: [0.000 0.000 0.000]
[18:57:08.426] Arrived at: [0.000 0.000 0.000]
[18:57:08.426] Wait 0.000s
[18:57:08.426] Continue movement.

[18:57:08.426] Moving to: [2.200 0.000 0.000]
[18:57:10.428] Arrived at: [2.200 0.000 0.000]
[18:57:10.428] Wait 0.000s
[18:57:10.433] Continue movement.

[18:57:10.434] Moving to: [0.000 -0.200 0.000]
[18:57:13.050] Arrived at: [0.000 -0.200 0.000]
[18:57:13.050] Wait 0.000s
[18:57:13.054] Continue movement.

[18:57:13.054] Moving to: [2.200 -0.400 0.000]
[18:57:15.673] Arrived at: [2.200 -0.400 0.000]
[18:57:15.673] Wait 0.000s
[18:57:15.673] Continue movement.

[18:57:15.673] Moving to: [0.000 -0.600 0.000]
[18:57:18.308] Arrived at: [0.000 -0.600 0.000]
[18:57:18.308] Wait 0.000s
[18:57:18.312] Continue movement.

[18:57:18.313] Moving to: [2.200 -0.800 0.000]
[18:57:20.923] Arrived at: [2.200 -0.800 0.000]
[18:57:20.924] Wait 0.000s
[18:57:20.924] Continue movement.

[18:57:20.924] Moving to: [0.000 -1.000 0.000]
[18:57:23.532] Arrived at: [0.000 -1.000 0.000]
[18:57:23.533] Wait 0.000s
[18:57:23.535] Continue movement.

[18:57:23.536] Moving to: [2.200 -1.200 0.000]
[18:57:26.150] Arrived at: [2.200 -1.200 0.000]
[18:57:26.150] Wait 0.000s
[18:57:26.150] Continue movement.

[18:57:26.150] Moving to: [0.000 -1.400 0.000]
[18:57:28.759] Arrived at: [0.000 -1.400 0.000] WARNING!
[18:57:28.759] Wait 0.000s
[18:57:28.760] Continue movement.

[18:57:28.762] Moving to: [2.200 -1.600 0.000]
[18:57:31.368] Arrived at: [2.200 -1.600 0.000]
[18:57:31.368] Wait 0.000s
[18:57:31.372] Continue movement.

[18:57:31.372] Moving to: [0.000 -1.800 0.000]
[18:57:33.985] Arrived at: [0.000 -1.800 0.000]
[18:57:33.985] Wait 0.000s
[18:57:33.989] Continue movement.

[18:57:33.989] Moving to: [2.200 -2.000 0.000]
[18:57:36.415] Arrived at: [2.200 -2.000 0.000]
[18:57:36.415] Wait 0.000s
[18:57:36.415] Continue movement.

[18:57:36.415] Moving to: [0.000 -2.200 0.000]
[18:57:39.044] Arrived at: [0.000 -2.200 0.000]
[18:57:39.044] Wait 0.000s
[18:57:39.048] Continue movement.

[18:57:39.048] Moving to: [2.200 -2.400 0.000]
[18:57:41.483] Arrived at: [2.200 -2.400 0.000]
[18:57:41.483] Wait 0.000s
[18:57:41.483] Continue movement.

[18:57:41.483] Finished iteration 6

[18:57:41.483] Starting iteration 7
[18:57:41.487] Moving to: [0.000 0.000 0.000]
[18:57:45.602] Arrived at: [0.000 0.000 0.000]
[18:57:45.602] Wait 0.000s
[18:57:45.608] Continue movement.

[18:57:45.608] Moving to: [2.200 0.000 0.000]
[18:57:47.613] Arrived at: [2.200 0.000 0.000]
[18:57:47.613] Wait 0.000s
[18:57:47.616] Continue movement.

[18:57:47.616] Moving to: [0.000 -0.200 0.000]
[18:57:50.240] Arrived at: [0.000 -0.200 0.000]
[18:57:50.240] Wait 0.000s
[18:57:50.242] Continue movement.

[18:57:50.243] Moving to: [2.200 -0.400 0.000]
[18:57:52.698] Arrived at: [2.200 -0.400 0.000]
[18:57:52.698] Wait 0.000s
[18:57:52.702] Continue movement.

[18:57:52.702] Moving to: [0.000 -0.600 0.000]
[18:57:55.325] Arrived at: [0.000 -0.600 0.000]
[18:57:55.326] Wait 0.000s
[18:57:55.328] Continue movement.

[18:57:55.328] Moving to: [2.200 -0.800 0.000]
[18:57:57.941] Arrived at: [2.200 -0.800 0.000]
[18:57:57.941] Wait 0.000s
[18:57:57.945] Continue movement.

[18:57:57.947] Moving to: [0.000 -1.000 0.000]
[18:58:00.557] Arrived at: [0.000 -1.000 0.000]
[18:58:00.557] Wait 0.000s
[18:58:00.557] Continue movement.

[18:58:00.557] Moving to: [2.200 -1.200 0.000]
[18:58:03.166] Arrived at: [2.200 -1.200 0.000]
[18:58:03.167] Wait 0.000s
[18:58:03.168] Continue movement.

[18:58:03.169] Moving to: [0.000 -1.400 0.000]
[18:58:05.704] Arrived at: [0.000 -1.400 0.000] WARNING!
[18:58:05.704] Wait 0.000s
[18:58:05.706] Continue movement.

[18:58:05.708] Moving to: [2.200 -1.600 0.000]
[18:58:08.143] Arrived at: [2.200 -1.600 0.000]
[18:58:08.144] Wait 0.000s
[18:58:08.146] Continue movement.

[18:58:08.146] Moving to: [0.000 -1.800 0.000]
[18:58:10.762] Arrived at: [0.000 -1.800 0.000]
[18:58:10.762] Wait 0.000s
[18:58:10.767] Continue movement.

[18:58:10.767] Moving to: [2.200 -2.000 0.000]
[18:58:13.365] Arrived at: [2.200 -2.000 0.000]
[18:58:13.365] Wait 0.000s
[18:58:13.370] Continue movement.

[18:58:13.371] Moving to: [0.000 -2.200 0.000]
[18:58:15.972] Arrived at: [0.000 -2.200 0.000]
[18:58:15.972] Wait 0.000s
[18:58:15.972] Continue movement.

[18:58:15.977] Moving to: [2.200 -2.400 0.000]
[18:58:18.419] Arrived at: [2.200 -2.400 0.000]
[18:58:18.419] Wait 0.000s
[18:58:18.419] Continue movement.

[18:58:18.424] Finished iteration 7

[18:58:18.424] Starting iteration 8
[18:58:18.425] Moving to: [0.000 0.000 0.000]
[18:58:22.529] Arrived at: [0.000 0.000 0.000]
[18:58:22.529] Wait 0.000s
[18:58:22.533] Continue movement.

[18:58:22.533] Moving to: [2.200 0.000 0.000]
[18:58:24.703] Arrived at: [2.200 0.000 0.000]
[18:58:24.703] Wait 0.000s
[18:58:24.704] Continue movement.

[18:58:24.704] Moving to: [0.000 -0.200 0.000]
[18:58:27.332] Arrived at: [0.000 -0.200 0.000]
[18:58:27.333] Wait 0.000s
[18:58:27.336] Continue movement.

[18:58:27.337] Moving to: [2.200 -0.400 0.000]
[18:58:29.776] Arrived at: [2.200 -0.400 0.000]
[18:58:29.777] Wait 0.000s
[18:58:29.778] Continue movement.

[18:58:29.779] Moving to: [0.000 -0.600 0.000]
[18:58:32.368] Arrived at: [0.000 -0.600 0.000]
[18:58:32.372] Wait 0.000s
[18:58:32.374] Continue movement.

[18:58:32.375] Moving to: [2.200 -0.800 0.000]
[18:58:34.980] Arrived at: [2.200 -0.800 0.000]
[18:58:34.980] Wait 0.000s
[18:58:34.980] Continue movement.

[18:58:34.984] Moving to: [0.000 -1.000 0.000]
[18:58:37.597] Arrived at: [0.000 -1.000 0.000]
[18:58:37.598] Wait 0.000s
[18:58:37.599] Continue movement.

[18:58:37.600] Moving to: [2.200 -1.200 0.000]
[18:58:40.217] Arrived at: [2.200 -1.200 0.000]
[18:58:40.218] Wait 0.000s
[18:58:40.218] Continue movement.

[18:58:40.218] Moving to: [0.000 -1.400 0.000]
[18:58:42.828] Arrived at: [0.000 -1.400 0.000] WARNING!
[18:58:42.829] Wait 0.000s
[18:58:42.831] Continue movement.

[18:58:42.832] Moving to: [2.200 -1.600 0.000]
[18:58:45.266] Arrived at: [2.200 -1.600 0.000]
[18:58:45.266] Wait 0.000s
[18:58:45.268] Continue movement.

[18:58:45.268] Moving to: [0.000 -1.800 0.000]
[18:58:47.697] Arrived at: [0.000 -1.800 0.000]
[18:58:47.697] Wait 0.000s
[18:58:47.701] Continue movement.

[18:58:47.701] Moving to: [2.200 -2.000 0.000]
[18:58:50.308] Arrived at: [2.200 -2.000 0.000]
[18:58:50.308] Wait 0.000s
[18:58:50.309] Continue movement.

[18:58:50.309] Moving to: [0.000 -2.200 0.000]
[18:58:52.937] Arrived at: [0.000 -2.200 0.000]
[18:58:52.942] Wait 0.000s
[18:58:52.943] Continue movement.

[18:58:52.944] Moving to: [2.200 -2.400 0.000]
[18:58:55.557] Arrived at: [2.200 -2.400 0.000]
[18:58:55.557] Wait 0.000s
[18:58:55.561] Continue movement.

[18:58:55.562] Finished iteration 8

[18:58:55.564] Starting iteration 9
[18:58:55.564] Moving to: [0.000 0.000 0.000]
[18:58:59.548] Arrived at: [0.000 0.000 0.000]
[18:58:59.548] Wait 0.000s
[18:58:59.552] Continue movement.

[18:58:59.552] Moving to: [2.200 0.000 0.000]
[18:59:01.721] Arrived at: [2.200 0.000 0.000]
[18:59:01.721] Wait 0.000s
[18:59:01.725] Continue movement.

[18:59:01.725] Moving to: [0.000 -0.200 0.000]
[18:59:04.339] Arrived at: [0.000 -0.200 0.000]
[18:59:04.339] Wait 0.000s
[18:59:04.339] Continue movement.

[18:59:04.339] Moving to: [2.200 -0.400 0.000]
[18:59:06.771] Arrived at: [2.200 -0.400 0.000]
[18:59:06.771] Wait 0.000s
[18:59:06.771] Continue movement.

[18:59:06.771] Moving to: [0.000 -0.600 0.000]
[18:59:09.386] Arrived at: [0.000 -0.600 0.000]
[18:59:09.386] Wait 0.000s
[18:59:09.386] Continue movement.

[18:59:09.390] Moving to: [2.200 -0.800 0.000]
[18:59:12.005] Arrived at: [2.200 -0.800 0.000]
[18:59:12.005] Wait 0.000s
[18:59:12.005] Continue movement.

[18:59:12.009] Moving to: [0.000 -1.000 0.000]
[18:59:14.461] Arrived at: [0.000 -1.000 0.000]
[18:59:14.462] Wait 0.000s
[18:59:14.463] Continue movement.

[18:59:14.464] Moving to: [2.200 -1.200 0.000]
[18:59:17.113] Arrived at: [2.200 -1.200 0.000]
[18:59:17.114] Wait 0.000s
[18:59:17.114] Continue movement.

[18:59:17.114] Moving to: [0.000 -1.400 0.000]
[18:59:19.743] Arrived at: [0.000 -1.400 0.000] WARNING!
[18:59:19.743] Wait 0.000s
[18:59:19.744] Continue movement.

[18:59:19.747] Moving to: [2.200 -1.600 0.000]
[18:59:22.361] Arrived at: [2.200 -1.600 0.000]
[18:59:22.361] Wait 0.000s
[18:59:22.361] Continue movement.

[18:59:22.361] Moving to: [0.000 -1.800 0.000]
[18:59:24.997] Arrived at: [0.000 -1.800 0.000]
[18:59:24.998] Wait 0.000s
[18:59:25.001] Continue movement.

[18:59:25.001] Moving to: [2.200 -2.000 0.000]
[18:59:27.596] Arrived at: [2.200 -2.000 0.000]
[18:59:27.598] Wait 0.000s
[18:59:27.599] Continue movement.

[18:59:27.600] Moving to: [0.000 -2.200 0.000]
[18:59:30.041] Arrived at: [0.000 -2.200 0.000]
[18:59:30.042] Wait 0.000s
[18:59:30.043] Continue movement.

[18:59:30.044] Moving to: [2.200 -2.400 0.000]
[18:59:32.496] Arrived at: [2.200 -2.400 0.000]
[18:59:32.497] Wait 0.000s
[18:59:32.499] Continue movement.

[18:59:32.500] Finished iteration 9

[18:59:32.500] Starting iteration 10
[18:59:32.501] Moving to: [0.000 0.000 0.000]
[18:59:36.631] Arrived at: [0.000 0.000 0.000]
[18:59:36.631] Wait 0.000s
[18:59:36.631] Continue movement.

[18:59:36.631] Moving to: [2.200 0.000 0.000]
[18:59:38.642] Arrived at: [2.200 0.000 0.000]
[18:59:38.642] Wait 0.000s
[18:59:38.642] Continue movement.

[18:59:38.642] Moving to: [0.000 -0.200 0.000]
[18:59:41.111] Arrived at: [0.000 -0.200 0.000]
[18:59:41.111] Wait 0.000s
[18:59:41.111] Continue movement.

[18:59:41.111] Moving to: [2.200 -0.400 0.000]
[18:59:43.737] Arrived at: [2.200 -0.400 0.000]
[18:59:43.738] Wait 0.000s
[18:59:43.739] Continue movement.

[18:59:43.740] Moving to: [0.000 -0.600 0.000]
[18:59:46.184] Arrived at: [0.000 -0.600 0.000]
[18:59:46.185] Wait 0.000s
[18:59:46.186] Continue movement.

[18:59:46.188] Moving to: [2.200 -0.800 0.000]
[18:59:48.810] Arrived at: [2.200 -0.800 0.000]
[18:59:48.811] Wait 0.000s
[18:59:48.814] Continue movement.

[18:59:48.814] Moving to: [0.000 -1.000 0.000]
[18:59:51.271] Arrived at: [0.000 -1.000 0.000]
[18:59:51.271] Wait 0.000s
[18:59:51.275] Continue movement.

[18:59:51.276] Moving to: [2.200 -1.200 0.000]
[18:59:53.716] Arrived at: [2.200 -1.200 0.000]
[18:59:53.716] Wait 0.000s
[18:59:53.716] Continue movement.

[18:59:53.721] Moving to: [0.000 -1.400 0.000]
[18:59:56.168] Arrived at: [0.000 -1.400 0.000] WARNING!
[18:59:56.169] Wait 0.000s
[18:59:56.171] Continue movement.

[18:59:56.172] Moving to: [2.200 -1.600 0.000]
[18:59:58.618] Arrived at: [2.200 -1.600 0.000]
[18:59:58.618] Wait 0.000s
[18:59:58.618] Continue movement.

[18:59:58.618] Moving to: [0.000 -1.800 0.000]
[19:00:01.238] Arrived at: [0.000 -1.800 0.000]
[19:00:01.239] Wait 0.000s
[19:00:01.240] Continue movement.

[19:00:01.241] Moving to: [2.200 -2.000 0.000]
[19:00:03.713] Arrived at: [2.200 -2.000 0.000]
[19:00:03.713] Wait 0.000s
[19:00:03.713] Continue movement.

[19:00:03.713] Moving to: [0.000 -2.200 0.000]
[19:00:06.168] Arrived at: [0.000 -2.200 0.000]
[19:00:06.168] Wait 0.000s
[19:00:06.168] Continue movement.

[19:00:06.168] Moving to: [2.200 -2.400 0.000]
[19:00:08.790] Arrived at: [2.200 -2.400 0.000]
[19:00:08.791] Wait 0.000s
[19:00:08.793] Continue movement.

[19:00:08.794] Finished iteration 10

[19:00:08.794] Plan finished.
