[18:09:55.991] Starting plan irradiation...
	Plan name: Plan de movimiento solo stage
	Plan comment: null
	Absolut shift from X to (0,0) well: [0.000 0.000 0.000]
[18:13:09.691] Starting iteration 1
[18:13:09.693] Moving to: [0.000 0.000 0.000]
[18:13:15.481] Arrived at: [0.000 0.000 0.000]
[18:13:15.482] Wait 0.000s
[18:13:15.484] Continue movement.

[18:13:15.485] Moving to: [2.200 0.000 0.000]
[18:13:17.664] Arrived at: [2.200 0.000 0.000]
[18:13:17.666] Wait 0.000s
[18:13:17.669] Continue movement.

[18:13:17.670] Moving to: [0.000 -0.200 0.000]
[18:13:20.243] Arrived at: [0.000 -0.200 0.000]
[18:13:20.250] Wait 0.000s
[18:13:20.252] Continue movement.

[18:13:20.254] Moving to: [2.200 -0.400 0.000]
[18:13:22.798] Arrived at: [2.200 -0.400 0.000]
[18:13:22.798] Wait 0.000s
[18:13:22.800] Continue movement.

[18:13:22.801] Moving to: [0.000 -0.600 0.000]
[18:13:25.285] Arrived at: [0.000 -0.600 0.000]
[18:13:25.285] Wait 0.000s
[18:13:25.290] Continue movement.

[18:13:25.291] Moving to: [2.200 -0.800 0.000]
[18:13:27.756] Arrived at: [2.200 -0.800 0.000]
[18:13:27.757] Wait 0.000s
[18:13:27.759] Continue movement.

[18:13:27.760] Moving to: [0.000 -1.000 0.000]
[18:13:30.296] Arrived at: [0.000 -1.000 0.000]
[18:13:30.296] Wait 0.000s
[18:13:30.296] Continue movement.

[18:13:30.296] Moving to: [2.200 -1.200 0.000]
[18:13:32.760] Arrived at: [2.200 -1.200 0.000]
[18:13:32.764] Wait 0.000s
[18:13:32.764] Continue movement.

[18:13:32.764] Moving to: [0.000 -1.400 0.000]
[18:13:35.255] Arrived at: [0.000 -1.400 0.000] WARNING!
[18:13:35.256] Wait 0.000s
[18:13:35.258] Continue movement.

[18:13:35.259] Moving to: [2.200 -1.600 0.000]
[18:13:37.743] Arrived at: [2.200 -1.600 0.000]
[18:13:37.743] Wait 0.000s
[18:13:37.747] Continue movement.

[18:13:37.747] Moving to: [0.000 -1.800 0.000]
[18:13:40.257] Arrived at: [0.000 -1.800 0.000]
[18:13:40.259] Wait 0.000s
[18:13:40.260] Continue movement.

[18:13:40.261] Moving to: [2.200 -2.000 0.000]
[18:13:42.763] Arrived at: [2.200 -2.000 0.000]
[18:13:42.763] Wait 0.000s
[18:13:42.767] Continue movement.

[18:13:42.768] Moving to: [0.000 -2.200 0.000]
[18:13:45.295] Arrived at: [0.000 -2.200 0.000]
[18:13:45.295] Wait 0.000s
[18:13:45.298] Continue movement.

[18:13:45.298] Moving to: [2.200 -2.400 0.000]
[18:13:47.730] Arrived at: [2.200 -2.400 0.000]
[18:13:47.730] Wait 0.000s
[18:13:47.736] Continue movement.

[18:13:47.736] Moving to: [0.000 -2.600 0.000]
[18:13:50.159] Arrived at: [0.000 -2.600 0.000]
[18:13:50.160] Wait 0.000s
[18:13:50.163] Continue movement.

[18:13:50.163] Moving to: [2.200 -2.800 0.000]
[18:13:52.606] Arrived at: [2.200 -2.800 0.000] WARNING!
[18:13:52.607] Wait 0.000s
[18:13:52.608] Continue movement.

[18:13:52.609] Moving to: [0.000 -3.000 0.000]
[18:13:55.058] Arrived at: [0.000 -3.000 0.000]
[18:13:55.059] Wait 0.000s
[18:13:55.061] Continue movement.

[18:13:55.062] Moving to: [2.200 -3.200 0.000]
[18:13:57.564] Arrived at: [2.200 -3.200 0.000]
[18:13:57.565] Wait 0.000s
[18:13:57.565] Continue movement.

[18:13:57.565] Moving to: [0.000 -3.400 0.000]
[18:14:00.055] Arrived at: [0.000 -3.400 0.000]
[18:14:00.056] Wait 0.000s
[18:14:00.057] Continue movement.

[18:14:00.057] Moving to: [2.200 -3.600 0.000]
[18:14:02.577] Arrived at: [2.200 -3.600 0.000]
[18:14:02.577] Wait 0.000s
[18:14:02.577] Continue movement.

[18:14:02.577] Moving to: [0.000 -3.800 0.000]
[18:14:05.098] Arrived at: [0.000 -3.800 0.000] WARNING!
[18:14:05.103] Wait 0.000s
[18:14:05.107] Continue movement.

[18:14:05.107] Moving to: [2.200 -4.000 0.000]
[18:14:07.636] Arrived at: [2.200 -4.000 0.000]
[18:14:07.641] Wait 0.000s
[18:14:07.641] Continue movement.

[18:14:07.645] Moving to: [0.000 -4.200 0.000]
[18:14:10.188] Arrived at: [0.000 -4.200 0.000]
[18:14:10.188] Wait 0.000s
[18:14:10.192] Continue movement.

[18:14:10.192] Moving to: [2.200 -4.400 0.000]
[18:14:12.740] Arrived at: [2.200 -4.400 0.000]
[18:14:12.742] Wait 0.000s
[18:14:12.742] Continue movement.

[18:14:12.746] Moving to: [0.000 -4.600 0.000]
[18:14:15.208] Arrived at: [0.000 -4.600 0.000] WARNING!
[18:14:15.209] Wait 0.000s
[18:14:15.209] Continue movement.

[18:14:15.213] Moving to: [2.200 -4.800 0.000]
[18:14:17.651] Arrived at: [2.200 -4.800 0.000]
[18:14:17.651] Wait 0.000s
[18:14:17.652] Continue movement.

[18:14:17.652] Finished iteration 1

[18:14:17.652] Plan finished.
