[16:46:38.084] Starting plan irradiation...
	Plan name: Plan de movimiento solo stage
	Plan comment: irradiacion7.7cm
	Absolut shift from X to (0,0) well: [0.000 0.000 0.000]
[16:46:55.961] Starting iteration 1
[16:46:55.961] Moving to: [0.000 0.000 0.000]
[16:47:03.225] Arrived at: [0.000 0.000 0.000]
[16:47:03.225] Wait 5.000s
[16:47:08.226] Continue movement.

[16:47:08.226] Moving to: [10.000 0.000 0.000]
[16:47:15.440] Arrived at: [10.000 0.000 0.000]
[16:47:15.440] Wait 0.000s
[16:47:15.440] Continue movement.

[16:47:15.440] Moving to: [0.000 -0.200 0.000]
[16:47:23.255] Arrived at: [0.000 -0.200 0.000]
[16:47:23.256] Wait 0.000s
[16:47:23.258] Continue movement.

[16:47:23.258] Moving to: [10.000 -0.400 0.000]
[16:47:31.097] Arrived at: [10.000 -0.400 0.000]
[16:47:31.097] Wait 0.000s
[16:47:31.101] Continue movement.

[16:47:31.101] Moving to: [0.000 -0.600 0.000]
[16:47:38.749] Arrived at: [0.000 -0.600 0.000]
[16:47:38.749] Wait 0.000s
[16:47:38.753] Continue movement.

[16:47:38.754] Moving to: [10.000 -0.800 0.000]
[16:47:46.550] Arrived at: [10.000 -0.800 0.000]
[16:47:46.550] Wait 0.000s
[16:47:46.555] Continue movement.

[16:47:46.555] Moving to: [0.000 -1.000 0.000]
[16:47:54.363] Arrived at: [0.000 -1.000 0.000]
[16:47:54.363] Wait 0.000s
[16:47:54.367] Continue movement.

[16:47:54.367] Moving to: [10.000 -1.200 0.000]
[16:48:02.035] Arrived at: [10.000 -1.200 0.000]
[16:48:02.035] Wait 0.000s
[16:48:02.037] Continue movement.

[16:48:02.038] Moving to: [0.000 -1.400 0.000]
[16:48:09.836] Arrived at: [0.000 -1.400 0.000] WARNING!
[16:48:09.837] Wait 0.000s
[16:48:09.839] Continue movement.

[16:48:09.840] Moving to: [10.000 -1.600 0.000]
[16:48:17.477] Arrived at: [10.000 -1.600 0.000]
[16:48:17.478] Wait 0.000s
[16:48:17.480] Continue movement.

[16:48:17.481] Moving to: [0.000 -1.800 0.000]
[16:48:25.297] Arrived at: [0.000 -1.800 0.000]
[16:48:25.297] Wait 0.000s
[16:48:25.301] Continue movement.

[16:48:25.301] Moving to: [10.000 -2.000 0.000]
[16:48:32.958] Arrived at: [10.000 -2.000 0.000]
[16:48:32.958] Wait 0.000s
[16:48:32.962] Continue movement.

[16:48:32.963] Moving to: [0.000 -2.200 0.000]
[16:48:40.587] Arrived at: [0.000 -2.200 0.000]
[16:48:40.587] Wait 0.000s
[16:48:40.591] Continue movement.

[16:48:40.591] Moving to: [10.000 -2.400 0.000]
[16:48:48.398] Arrived at: [10.000 -2.400 0.000]
[16:48:48.398] Wait 0.000s
[16:48:48.402] Continue movement.

[16:48:48.403] Moving to: [0.000 -2.600 0.000]
[16:48:56.058] Arrived at: [0.000 -2.600 0.000]
[16:48:56.059] Wait 0.000s
[16:48:56.061] Continue movement.

[16:48:56.061] Moving to: [10.000 -2.800 0.000]
[16:49:03.882] Arrived at: [10.000 -2.800 0.000] WARNING!
[16:49:03.882] Wait 0.000s
[16:49:03.884] Continue movement.

[16:49:03.886] Moving to: [0.000 -3.000 0.000]
[16:49:11.549] Arrived at: [0.000 -3.000 0.000]
[16:49:11.550] Wait 0.000s
[16:49:11.553] Continue movement.

[16:49:11.553] Moving to: [10.000 -3.200 0.000]
[16:49:19.209] Arrived at: [10.000 -3.200 0.000]
[16:49:19.209] Wait 0.000s
[16:49:19.209] Continue movement.

[16:49:19.209] Moving to: [0.000 -3.400 0.000]
[16:49:26.850] Arrived at: [0.000 -3.400 0.000]
[16:49:26.851] Wait 0.000s
[16:49:26.851] Continue movement.

[16:49:26.851] Moving to: [10.000 -3.600 0.000]
[16:49:34.514] Arrived at: [10.000 -3.600 0.000]
[16:49:34.515] Wait 0.000s
[16:49:34.515] Continue movement.

[16:49:34.515] Moving to: [0.000 -3.800 0.000]
[16:49:42.196] Arrived at: [0.000 -3.800 0.000] WARNING!
[16:49:42.196] Wait 0.000s
[16:49:42.198] Continue movement.

[16:49:42.199] Moving to: [10.000 -4.000 0.000]
[16:49:49.848] Arrived at: [10.000 -4.000 0.000]
[16:49:49.848] Wait 0.000s
[16:49:49.849] Continue movement.

[16:49:49.849] Finished iteration 1

[16:49:49.849] Plan finished.
