[11:52:03.137] Starting plan irradiation...
	Plan name: Plan de commissioning para TRIG
	Plan comment: prueba
	Plan type: TRIG
	Arduino high time in us: 

	Air depth at stage position Z=0: 10.00 cm
	Absolut shift from X to (0,0) well: [0.000 0.000 0.000]
	Current intensity: 0.000 nA (planned for 10.000 nA)

[11:52:06.310] Moving to: [3.000 2.000 0.000]
[11:52:11.572] Moving to: [3.000 2.000 0.000]
[11:52:11.816] Arrived at: [3.000 2.000 0.000]
[11:52:11.817] Sending trigger signal for 1 shots with 1000.000 us distance
[11:52:13.052] Pulsedfinished
[11:52:13.052] Moving to: [3.000 0.000 0.000]
[11:52:15.070] Arrived at: [3.000 0.000 0.000]
[11:52:15.071] Sending trigger signal for 2 shots with 1000.000 us distance
[11:52:16.262] Pulsedfinished
[11:52:16.264] Moving to: [3.000 -2.000 0.000]
[11:52:18.273] Arrived at: [3.000 -2.000 0.000]
[11:52:18.291] Sending trigger signal for 3 shots with 1000.000 us distance
[11:52:19.457] Pulsedfinished
[11:52:19.459] Moving to: [1.000 2.000 0.000]
[11:52:24.482] Arrived at: [1.000 2.000 0.000]
[11:52:24.483] Sending trigger signal for 4 shots with 1000.000 us distance
[11:52:25.640] Pulsedfinished
[11:52:25.652] Moving to: [1.000 0.000 0.000]
[11:52:27.655] Arrived at: [1.000 0.000 0.000]
[11:52:27.656] Sending trigger signal for 5 shots with 1000.000 us distance
[11:52:28.796] Pulsedfinished
[11:52:28.807] Moving to: [1.000 -2.000 0.000]
[11:52:30.857] Arrived at: [1.000 -2.000 0.000]
[11:52:30.858] Sending trigger signal for 6 shots with 1000.000 us distance
[11:52:32.007] Pulsedfinished
[11:52:32.008] Plan irradiation finished.
