[16:22:02.168] Starting plan irradiation...
	Plan name: Plan de commissioning para TRIG
	Plan comment: pruebaGFN
	Plan type: TRIG
	Arduino high time in us: 

	Air depth at stage position Z=0: 3.00 cm
	Absolut shift from X to (0,0) well: [-0.500 -4.500 4.500]
	Current intensity: 10.000 nA (planned for 10.000 nA)

[16:22:19.054] Moving to: [-0.500 -4.300 0.100]
[16:22:23.468] Moving to: [-0.500 -4.300 0.100]
[16:22:23.950] Arrived at: [-0.500 -4.300 0.100] WARNING!
[16:22:23.950] Sending trigger signal for 2 shots with 300.000 us distance
[16:22:23.983] Pulsedfinished
[16:22:23.993] Moving to: [-0.500 -4.100 0.500]
[16:22:25.301] Arrived at: [-0.500 -4.100 0.500]
[16:22:25.302] Sending trigger signal for 2 shots with 300.000 us distance
[16:22:25.319] Pulsedfinished
[16:22:25.319] Moving to: [-0.500 -3.900 0.700]
[16:22:26.405] Arrived at: [-0.500 -3.900 0.700] WARNING!
[16:22:26.406] Sending trigger signal for 3 shots with 300.000 us distance
[16:22:26.420] Pulsedfinished
[16:22:26.421] Moving to: [-0.500 -3.700 0.900]
[16:22:27.537] Arrived at: [-0.500 -3.700 0.900] WARNING!
[16:22:27.538] Sending trigger signal for 2 shots with 300.000 us distance
[16:22:27.569] Pulsedfinished
[16:22:27.570] Moving to: [-0.500 -3.900 0.900]
[16:22:28.505] Arrived at: [-0.500 -3.900 0.900] WARNING!
[16:22:28.506] Sending trigger signal for 2 shots with 300.000 us distance
