[15:58:37.240] Starting plan irradiation...
	Plan name: Plan de commissioning para TRIG
	Plan comment: prueba2
	Plan type: TRIG
	Arduino high time in us: 

	Air depth at stage position Z=0: 0.00 cm
	Absolut shift from X to (0,0) well: [0.000 0.000 0.000]
	Current intensity: 0.000 nA (planned for 10.000 nA)

[15:58:40.438] Moving to: [0.000 0.000 0.000]
[15:58:45.473] Moving to: [0.000 0.000 0.000]
[15:58:45.726] Arrived at: [0.000 0.000 0.000]
[15:58:45.726] Sending trigger signal for 1 shots with 10000.000 us distance
[15:58:46.979] Pul
[15:58:46.979] Moving to: [0.000 -2.000 0.000]
[15:58:48.987] Arrived at: [0.000 -2.000 0.000]
[15:58:48.987] Sending trigger signal for 2 shots with 10000.000 us distance
[15:58:50.240] Pulse
[15:58:50.240] Moving to: [0.000 -4.000 0.000]
[15:58:52.230] Arrived at: [0.000 -4.000 0.000]
[15:58:52.230] Sending trigger signal for 3 shots with 10000.000 us distance
[15:58:53.506] Pulsedfinished
[15:58:53.506] Moving to: [0.000 0.000 2.000]
[15:58:58.563] Arrived at: [0.000 0.000 2.000]
[15:58:58.563] Sending trigger signal for 4 shots with 10000.000 us distance
