[16:23:06.902] Starting plan irradiation...
	Plan name: Plan de commissioning para TRIG
	Plan comment: prueba
	Plan type: TRIG
	Arduino high time in us: 

	Air depth at stage position Z=0: 3.00 cm
	Absolut shift from X to (0,0) well: [-0.500 -4.500 4.500]
	Current intensity: 0.000 nA (planned for 10.000 nA)

[16:23:10.068] Moving to: [-0.500 -4.300 0.100]
[16:23:11.925] Moving to: [-0.500 -4.300 0.100]
[16:23:12.418] Arrived at: [-0.500 -4.300 0.100] WARNING!
[16:23:12.418] Sending trigger signal for 2 shots with 300.000 us distance
[16:23:13.468] Pulsedfinish
[16:23:13.469] Moving to: [-0.500 -4.100 0.500]
[16:23:14.776] Arrived at: [-0.500 -4.100 0.500]
[16:23:14.777] Sending trigger signal for 2 shots with 300.000 us distance
[16:23:15.843] 10
[16:23:15.843] Moving to: [-0.500 -3.900 0.700]
[16:23:16.966] Arrived at: [-0.500 -3.900 0.700] WARNING!
[16:23:16.966] Sending trigger signal for 3 shots with 300.000 us distance
[16:23:18.031] 10
[16:23:18.032] Moving to: [-0.500 -3.700 0.900]
[16:23:19.149] Arrived at: [-0.500 -3.700 0.900] WARNING!
[16:23:19.149] Sending trigger signal for 2 shots with 300.000 us distance
[16:23:20.212] 10
[16:23:20.212] Moving to: [-0.500 -3.900 0.900]
[16:23:21.126] Arrived at: [-0.500 -3.900 0.900] WARNING!
[16:23:21.126] Sending trigger signal for 2 shots with 300.000 us distance
[16:23:22.192] 10
[16:23:22.192] Moving to: [-0.500 -3.700 1.100]
