[11:57:42.690] Starting plan irradiation...
	Plan name: Plan de commissioning para TRIG
	Plan comment: prueba_segundos
	Plan type: TRIG
	Arduino high time in us: 

	Air depth at stage position Z=0: 10.00 cm
	Absolut shift from X to (0,0) well: [0.000 0.000 0.000]
	Current intensity: 0.000 nA (planned for 10.000 nA)

[11:57:50.306] Moving to: [3.000 2.000 0.000]
[11:57:55.339] Moving to: [3.000 2.000 0.000]
[11:57:55.601] Arrived at: [3.000 2.000 0.000]
[11:57:55.602] Sending trigger signal for 1 shots with 1000.000 us distance
[11:57:56.741] Pulsedfinished
[11:57:56.742] Moving to: [3.000 0.000 0.000]
[11:57:58.767] Arrived at: [3.000 0.000 0.000]
[11:57:58.767] Sending trigger signal for 2 shots with 1000.000 us distance
[11:57:59.926] Pulsedfinished
[11:57:59.927] Moving to: [3.000 -2.000 0.000]
[11:58:01.996] Arrived at: [3.000 -2.000 0.000]
[11:58:01.997] Sending trigger signal for 3 shots with 1000.000 us distance
[11:58:03.147] Pulsedfinished
[11:58:03.157] Moving to: [1.000 2.000 0.000]
[11:58:08.254] Arrived at: [1.000 2.000 0.000]
[11:58:08.254] Sending trigger signal for 4 shots with 1000.000 us distance
[11:58:09.396] Pulsedfinished
[11:58:09.397] Moving to: [1.000 0.000 0.000]
[11:58:11.401] Arrived at: [1.000 0.000 0.000]
[11:58:11.402] Sending trigger signal for 5 shots with 1000.000 us distance
[11:58:12.542] Pulsedfinished
[11:58:12.543] Moving to: [1.000 -2.000 0.000]
[11:58:14.555] Arrived at: [1.000 -2.000 0.000]
[11:58:14.555] Sending trigger signal for 6 shots with 1000.000 us distance
[11:58:15.706] Pulsedfinished
[11:58:15.707] Plan irradiation finished.
