[16:00:37.464] Starting plan irradiation...
	Plan name: Plan de commissioning para TRIG
	Plan comment: prueba3
	Plan type: TRIG
	Arduino high time in us: 

	Air depth at stage position Z=0: 0.00 cm
	Absolut shift from X to (0,0) well: [0.000 0.000 0.000]
	Current intensity: 0.000 nA (planned for 10.000 nA)

[16:00:42.557] Moving to: [0.000 0.000 0.000]
[16:00:44.589] Moving to: [0.000 0.000 0.000]
[16:00:44.845] Arrived at: [0.000 0.000 0.000]
[16:00:44.845] Sending trigger signal for 1 shots with 10000.000 us distance
[16:00:46.095] Pulse
[16:00:46.095] Moving to: [0.000 -2.000 0.000]
[16:00:48.101] Arrived at: [0.000 -2.000 0.000]
[16:00:48.101] Sending trigger signal for 2 shots with 10000.000 us distance
[16:00:49.373] Pulsedfinished
[16:00:49.374] Moving to: [0.000 -4.000 0.000]
[16:00:51.383] Arrived at: [0.000 -4.000 0.000]
[16:00:51.384] Sending trigger signal for 3 shots with 10000.000 us distance
[16:00:52.640] Pulsedfi
[16:00:52.640] Moving to: [0.000 0.000 2.000]
[16:00:57.679] Arrived at: [0.000 0.000 2.000]
[16:00:57.679] Sending trigger signal for 4 shots with 10000.000 us distance
