[17:55:35.965] Starting plan irradiation...
	Plan name: Plan de commissioning para TRIG
	Plan comment: prueba
	Plan type: TRIG
	Arduino high time in us: 

	Air depth at stage position Z=0: 1000.00 cm
	Absolut shift from X to (0,0) well: [0.000 0.000 0.000]
	Current intensity: 0.000 nA (planned for 10.000 nA)

[17:55:49.219] Moving to: [5.000 2.000 0.000]
[17:55:55.442] Moving to: [5.000 2.000 0.000]
[17:55:55.691] Arrived at: [5.000 2.000 0.000]
[17:55:55.692] Sending trigger signal for 1 shots with 1000.000 us distance
[17:55:56.851] Pul
[17:55:56.852] Moving to: [5.000 0.000 0.000]
[17:55:58.833] Arrived at: [5.000 0.000 0.000]
[17:55:58.833] Sending trigger signal for 2 shots with 1000.000 us distance
[17:55:59.983] Pu
[17:55:59.984] Moving to: [5.000 -2.000 0.000]
[17:56:01.978] Arrived at: [5.000 -2.000 0.000]
[17:56:01.979] Sending trigger signal for 3 shots with 1000.000 us distance
[17:56:03.131] Pulsed
[17:56:03.132] Moving to: [5.000 2.000 2.000]
[17:56:08.150] Arrived at: [5.000 2.000 2.000]
[17:56:08.150] Sending trigger signal for 4 shots with 1000.000 us distance
[17:56:09.300] Pulsed
[17:56:09.301] Moving to: [5.000 0.000 2.000]
[17:56:11.304] Arrived at: [5.000 0.000 2.000]
[17:56:11.306] Sending trigger signal for 5 shots with 1000.000 us distance
[17:56:12.452] P
[17:56:12.453] Moving to: [5.000 -2.000 2.000]
[17:56:14.452] Arrived at: [5.000 -2.000 2.000]
[17:56:14.453] Sending trigger signal for 6 shots with 1000.000 us distance
[17:56:15.603] Pulse
[17:56:15.603] Plan irradiation finished.
