[16:19:09.316] Starting plan irradiation...
	Plan name: Plan de commissioning para TRIG
	Plan comment: sin haz
	Plan type: TRIG
	Arduino high time in us: 

	Air depth at stage position Z=0: 3.00 cm
	Absolut shift from X to (0,0) well: [0.000 -4.500 4.500]
	Current intensity: 0.000 nA (planned for 10.000 nA)

[16:19:14.575] Moving to: [0.000 -4.300 0.100]
[16:19:23.259] Moving to: [0.000 -4.300 0.100]
[16:19:23.749] Arrived at: [0.000 -4.300 0.100] WARNING!
[16:19:23.752] Sending trigger signal for 2 shots with 300.000 us distance
[16:19:24.818] 10
[16:19:24.819] Moving to: [0.000 -4.100 0.500]
[16:19:26.137] Arrived at: [0.000 -4.100 0.500]
[16:19:26.138] Sending trigger signal for 2 shots with 300.000 us distance
[16:19:27.201] 10
[16:19:27.201] Moving to: [0.000 -3.900 0.700]
[16:19:28.314] Arrived at: [0.000 -3.900 0.700] WARNING!
[16:19:28.315] Sending trigger signal for 3 shots with 300.000 us distance
[16:19:29.377] 10
[16:19:29.377] Moving to: [0.000 -3.700 0.900]
[16:19:30.554] Arrived at: [0.000 -3.700 0.900] WARNING!
[16:19:30.554] Sending trigger signal for 2 shots with 300.000 us distance
[16:19:31.614] 10
[16:19:31.615] Moving to: [0.000 -3.900 0.900]
[16:19:32.550] Arrived at: [0.000 -3.900 0.900] WARNING!
[16:19:32.550] Sending trigger signal for 2 shots with 300.000 us distance
