[16:19:41.811] Starting plan irradiation...
	Plan name: Plan de commissioning para TRIG
	Plan comment: sin haz 2
	Plan type: TRIG
	Arduino high time in us: 

	Air depth at stage position Z=0: 3.00 cm
	Absolut shift from X to (0,0) well: [-0.500 -4.500 4.500]
	Current intensity: 0.000 nA (planned for 10.000 nA)

[16:19:45.698] Moving to: [-0.500 -4.300 0.100]
[16:19:48.158] Moving to: [-0.500 -4.300 0.100]
[16:19:48.658] Arrived at: [-0.500 -4.300 0.100] WARNING!
[16:19:48.659] Sending trigger signal for 2 shots with 300.000 us distance
[16:19:49.721] 2
[16:19:49.722] Moving to: [-0.500 -4.100 0.500]
[16:19:51.021] Arrived at: [-0.500 -4.100 0.500]
[16:19:51.021] Sending trigger signal for 2 shots with 300.000 us distance
[16:19:52.045] 2
[16:19:52.045] Moving to: [-0.500 -3.900 0.700]
[16:19:53.165] Arrived at: [-0.500 -3.900 0.700] WARNING!
[16:19:53.166] Sending trigger signal for 3 shots with 300.000 us distance
[16:19:54.197] 3
[16:19:54.198] Moving to: [-0.500 -3.700 0.900]
[16:19:55.282] Arrived at: [-0.500 -3.700 0.900] WARNING!
[16:19:55.282] Sending trigger signal for 2 shots with 300.000 us distance
[16:19:56.425] 2
[16:19:56.425] Moving to: [-0.500 -3.900 0.900]
[16:19:57.323] Arrived at: [-0.500 -3.900 0.900] WARNING!
[16:19:57.324] Sending trigger signal for 2 shots with 300.000 us distance
[16:19:58.362] 2
[16:19:58.362] Moving to: [-0.500 -3.700 1.100]
[16:19:59.476] Arrived at: [-0.500 -3.700 1.100]
[16:19:59.477] Sending trigger signal for 3 shots with 300.000 us distance
[16:20:00.519] 3
[16:20:00.519] Moving to: [-0.500 -3.500 1.300]
[16:20:01.618] Arrived at: [-0.500 -3.500 1.300] WARNING!
[16:20:01.619] Sending trigger signal for 2 shots with 300.000 us distance
[16:20:02.674] 2
[16:20:02.674] Moving to: [-0.500 -3.700 1.300]
[16:20:03.605] Arrived at: [-0.500 -3.700 1.300] WARNING!
[16:20:03.606] Sending trigger signal for 2 shots with 300.000 us distance
[16:20:04.640] 2
[16:20:04.641] Moving to: [-0.500 -3.500 1.500]
[16:20:05.759] Arrived at: [-0.500 -3.500 1.500]
[16:20:05.759] Sending trigger signal for 3 shots with 300.000 us distance
[16:20:06.792] 3
[16:20:06.793] Moving to: [-0.500 -3.300 1.700]
[16:20:07.919] Arrived at: [-0.500 -3.300 1.700] WARNING!
[16:20:07.920] Sending trigger signal for 2 shots with 300.000 us distance
[16:20:08.956] 2
[16:20:08.957] Moving to: [-0.500 -3.500 1.700]
[16:20:09.885] Arrived at: [-0.500 -3.500 1.700] WARNING!
[16:20:09.885] Sending trigger signal for 2 shots with 300.000 us distance
[16:20:10.921] 2
[16:20:10.921] Moving to: [-0.500 -3.300 1.900]
[16:20:12.043] Arrived at: [-0.500 -3.300 1.900] WARNING!
[16:20:12.043] Sending trigger signal for 2 shots with 300.000 us distance
[16:20:13.078] 2
[16:20:13.078] Moving to: [-0.500 -3.100 2.100]
[16:20:14.190] Arrived at: [-0.500 -3.100 2.100]
[16:20:14.191] Sending trigger signal for 2 shots with 300.000 us distance
[16:20:15.238] 2
[16:20:15.239] Moving to: [-0.500 -3.300 2.100]
[16:20:15.921] Arrived at: [-0.500 -3.300 2.100] WARNING!
[16:20:15.921] Sending trigger signal for 2 shots with 300.000 us distance
[16:20:16.950] 2
[16:20:16.951] Moving to: [-0.500 -3.100 2.300]
[16:20:18.070] Arrived at: [-0.500 -3.100 2.300] WARNING!
[16:20:18.071] Sending trigger signal for 3 shots with 300.000 us distance
[16:20:19.119] 3
[16:20:19.120] Moving to: [-0.500 -4.300 2.300]
[16:20:20.795] Arrived at: [-0.500 -4.300 2.300] WARNING!
[16:20:20.795] Sending trigger signal for 2 shots with 300.000 us distance
[16:20:21.833] 2
[16:20:21.834] Moving to: [-0.500 -4.500 2.300]
[16:20:22.767] Arrived at: [-0.500 -4.500 2.300] WARNING!
[16:20:22.767] Sending trigger signal for 3 shots with 300.000 us distance
[16:20:23.822] 3
[16:20:23.823] Moving to: [-0.500 -4.700 2.300]
[16:20:24.754] Arrived at: [-0.500 -4.700 2.300] WARNING!
[16:20:24.755] Sending trigger signal for 3 shots with 300.000 us distance
[16:20:25.800] 3
[16:20:25.800] Moving to: [-0.500 -4.900 2.300]
[16:20:26.735] Arrived at: [-0.500 -4.900 2.300] WARNING!
[16:20:26.735] Sending trigger signal for 2 shots with 300.000 us distance
[16:20:27.792] 2
[16:20:27.793] Moving to: [-0.500 -5.100 2.300]
[16:20:28.727] Arrived at: [-0.500 -5.100 2.300] WARNING!
[16:20:28.727] Sending trigger signal for 2 shots with 300.000 us distance
[16:20:29.765] 2
[16:20:29.765] Moving to: [-0.500 -5.300 2.300]
[16:20:30.680] Arrived at: [-0.500 -5.300 2.300] WARNING!
[16:20:30.680] Sending trigger signal for 3 shots with 300.000 us distance
[16:20:31.711] 3
[16:20:31.711] Moving to: [-0.500 -5.500 2.300]
[16:20:32.636] Arrived at: [-0.500 -5.500 2.300] WARNING!
[16:20:32.636] Sending trigger signal for 3 shots with 300.000 us distance
[16:20:33.691] 3
[16:20:33.692] Moving to: [-0.500 -5.700 2.300]
[16:20:34.616] Arrived at: [-0.500 -5.700 2.300] WARNING!
[16:20:34.616] Sending trigger signal for 3 shots with 300.000 us distance
[16:20:35.680] 3
[16:20:35.681] Moving to: [-0.500 -6.700 2.300]
[16:20:37.165] Arrived at: [-0.500 -6.700 2.300] WARNING!
[16:20:37.165] Sending trigger signal for 3 shots with 300.000 us distance
[16:20:38.206] 3
[16:20:38.206] Moving to: [-0.500 -3.100 2.500]
[16:20:41.563] Arrived at: [-0.500 -3.100 2.500]
[16:20:41.564] Sending trigger signal for 2 shots with 300.000 us distance
[16:20:42.621] 2
[16:20:42.622] Moving to: [-0.500 -4.100 2.500]
[16:20:43.867] Arrived at: [-0.500 -4.100 2.500]
[16:20:43.868] Sending trigger signal for 2 shots with 300.000 us distance
[16:20:44.911] 2
[16:20:44.912] Moving to: [-0.500 -4.300 2.500]
[16:20:45.575] Arrived at: [-0.500 -4.300 2.500]
[16:20:45.575] Sending trigger signal for 2 shots with 300.000 us distance
[16:20:46.624] 2
[16:20:46.625] Moving to: [-0.500 -5.700 2.500]
[16:20:48.208] Arrived at: [-0.500 -5.700 2.500]
[16:20:48.209] Sending trigger signal for 3 shots with 300.000 us distance
[16:20:49.247] 3
[16:20:49.248] Moving to: [-0.500 -5.900 2.500]
[16:20:49.920] Arrived at: [-0.500 -5.900 2.500]
[16:20:49.920] Sending trigger signal for 2 shots with 300.000 us distance
[16:20:50.974] 2
[16:20:50.975] Moving to: [-0.500 -6.700 2.500]
[16:20:52.211] Arrived at: [-0.500 -6.700 2.500]
[16:20:52.212] Sending trigger signal for 3 shots with 300.000 us distance
[16:20:53.273] 3
[16:20:53.274] Moving to: [-0.500 -2.900 2.700]
[16:20:56.795] Arrived at: [-0.500 -2.900 2.700]
[16:20:56.795] Sending trigger signal for 2 shots with 300.000 us distance
[16:20:57.817] 2
[16:20:57.818] Moving to: [-0.500 -4.100 2.700]
[16:20:59.228] Arrived at: [-0.500 -4.100 2.700]
[16:20:59.229] Sending trigger signal for 3 shots with 300.000 us distance
[16:21:00.292] 3
[16:21:00.292] Moving to: [-0.500 -5.700 2.700]
[16:21:01.894] Arrived at: [-0.500 -5.700 2.700]
[16:21:01.895] Sending trigger signal for 2 shots with 300.000 us distance
[16:21:02.929] 2
[16:21:02.930] Moving to: [-0.500 -5.900 2.700]
[16:21:03.616] Arrived at: [-0.500 -5.900 2.700]
[16:21:03.622] Sending trigger signal for 2 shots with 300.000 us distance
[16:21:04.646] 2
[16:21:04.646] Moving to: [-0.500 -6.700 2.700]
[16:21:05.893] Arrived at: [-0.500 -6.700 2.700]
[16:21:05.894] Sending trigger signal for 3 shots with 300.000 us distance
[16:21:06.930] 3
[16:21:06.931] Moving to: [-0.500 -2.900 2.900]
[16:21:10.456] Arrived at: [-0.500 -2.900 2.900]
[16:21:10.457] Sending trigger signal for 2 shots with 300.000 us distance
[16:21:11.493] 2
[16:21:11.494] Moving to: [-0.500 -3.900 2.900]
[16:21:12.740] Arrived at: [-0.500 -3.900 2.900]
[16:21:12.740] Sending trigger signal for 2 shots with 300.000 us distance
[16:21:13.797] 2
[16:21:13.797] Moving to: [-0.500 -4.100 2.900]
[16:21:14.465] Arrived at: [-0.500 -4.100 2.900]
[16:21:14.466] Sending trigger signal for 3 shots with 300.000 us distance
[16:21:15.521] 3
[16:21:15.521] Moving to: [-0.500 -5.500 2.900]
[16:21:17.140] Arrived at: [-0.500 -5.500 2.900]
[16:21:17.141] Sending trigger signal for 2 shots with 300.000 us distance
[16:21:18.200] 2
[16:21:18.201] Moving to: [-0.500 -5.700 2.900]
[16:21:18.866] Arrived at: [-0.500 -5.700 2.900]
[16:21:18.867] Sending trigger signal for 3 shots with 300.000 us distance
[16:21:19.924] 3
[16:21:19.925] Moving to: [-0.500 -6.500 2.900]
[16:21:21.151] Arrived at: [-0.500 -6.500 2.900]
[16:21:21.152] Sending trigger signal for 2 shots with 300.000 us distance
[16:21:22.192] 2
[16:21:22.192] Moving to: [-0.500 -6.700 2.900]
[16:21:22.863] Arrived at: [-0.500 -6.700 2.900]
[16:21:22.863] Sending trigger signal for 3 shots with 300.000 us distance
[16:21:23.927] 3
[16:21:23.928] Moving to: [-0.500 -2.900 3.100]
[16:21:27.469] Arrived at: [-0.500 -2.900 3.100]
[16:21:27.470] Sending trigger signal for 3 shots with 300.000 us distance
[16:21:28.511] 3
[16:21:28.512] Moving to: [-0.500 -4.100 3.100]
[16:21:29.948] Arrived at: [-0.500 -4.100 3.100]
[16:21:29.949] Sending trigger signal for 3 shots with 300.000 us distance
[16:21:30.993] 3
[16:21:30.994] Moving to: [-0.500 -4.300 3.100]
[16:21:31.679] Arrived at: [-0.500 -4.300 3.100]
[16:21:31.680] Sending trigger signal for 3 shots with 300.000 us distance
[16:21:32.716] 3
[16:21:32.717] Moving to: [-0.500 -4.500 3.100]
[16:21:33.402] Arrived at: [-0.500 -4.500 3.100]
[16:21:33.403] Sending trigger signal for 3 shots with 300.000 us distance
[16:21:34.463] 3
[16:21:34.463] Moving to: [-0.500 -4.700 3.100]
[16:21:35.124] Arrived at: [-0.500 -4.700 3.100]
[16:21:35.124] Sending trigger signal for 3 shots with 300.000 us distance
[16:21:36.146] 3
[16:21:36.146] Moving to: [-0.500 -4.900 3.100]
[16:21:36.828] Arrived at: [-0.500 -4.900 3.100]
[16:21:36.829] Sending trigger signal for 3 shots with 300.000 us distance
[16:21:37.881] 3
[16:21:37.881] Moving to: [-0.500 -5.100 3.100]
[16:21:38.561] Arrived at: [-0.500 -5.100 3.100] WARNING!
[16:21:38.562] Sending trigger signal for 3 shots with 300.000 us distance
[16:21:39.600] 3
[16:21:39.600] Moving to: [-0.500 -5.300 3.100]
[16:21:40.286] Arrived at: [-0.500 -5.300 3.100]
[16:21:40.287] Sending trigger signal for 3 shots with 300.000 us distance
[16:21:41.322] 3
[16:21:41.323] Moving to: [-0.500 -5.500 3.100]
[16:21:41.996] Arrived at: [-0.500 -5.500 3.100]
[16:21:41.996] Sending trigger signal for 3 shots with 300.000 us distance
[16:21:43.051] 3
[16:21:43.052] Moving to: [-0.500 -5.700 3.100]
[16:21:43.735] Arrived at: [-0.500 -5.700 3.100]
[16:21:43.736] Sending trigger signal for 3 shots with 300.000 us distance
[16:21:44.778] 3
[16:21:44.779] Moving to: [-0.500 -5.900 3.100]
[16:21:45.465] Arrived at: [-0.500 -5.900 3.100]
[16:21:45.466] Sending trigger signal for 3 shots with 300.000 us distance
[16:21:46.517] 3
[16:21:46.518] Moving to: [-0.500 -6.100 3.100]
[16:21:47.185] Arrived at: [-0.500 -6.100 3.100] WARNING!
[16:21:47.185] Sending trigger signal for 3 shots with 300.000 us distance
[16:21:48.238] 3
[16:21:48.239] Moving to: [-0.500 -6.300 3.100]
[16:21:48.918] Arrived at: [-0.500 -6.300 3.100]
[16:21:48.919] Sending trigger signal for 3 shots with 300.000 us distance
