[15:07:50.229] Starting plan irradiation...
	Plan name: Plan de commissioning para CONV
	Plan comment: 
	Plan type: CONV
	PepperPot code: 1
	Air depth at stage position Z=0: 0.00 cm
	Absolut shift from X to (0,0) well: [0.000 1.500 0.000]
	Current intensity: 0.044 nA (planned for 8.000 nA)

[15:09:12.873] Moving to: [5.000 1.500 0.000]
[15:09:27.204] Moving to: [5.000 1.500 0.000]
[15:09:27.426] Arrived at: [5.000 1.500 0.000]
[15:09:27.987] Open shutter for 0.050s
[15:09:28.065] Shutter closed.

[15:09:28.066] Moving to: [5.000 1.500 -2.000]
[15:09:29.972] Arrived at: [5.000 1.500 -2.000]
[15:09:30.532] Open shutter for 0.050s
[15:09:30.611] Shutter closed.

[15:09:30.612] Moving to: [5.000 1.500 -4.000]
[15:09:32.550] Arrived at: [5.000 1.500 -4.000]
[15:09:33.109] Open shutter for 0.050s
[15:09:33.188] Shutter closed.

[15:09:33.189] Moving to: [5.000 1.500 -6.000]
[15:09:35.115] Arrived at: [5.000 1.500 -6.000]
[15:09:35.681] Open shutter for 0.050s
[15:09:35.759] Shutter closed.

[15:09:35.760] Moving to: [5.000 1.500 -8.000]
[15:09:37.685] Arrived at: [5.000 1.500 -8.000]
[15:09:38.241] Open shutter for 0.050s
[15:09:38.322] Shutter closed.

[15:09:38.322] Moving to: [3.000 4.000 0.000]
[15:09:47.977] Arrived at: [3.000 4.000 0.000]
[15:09:48.548] Open shutter for 0.050s
[15:09:48.625] Shutter closed.

[15:09:48.625] Moving to: [2.000 3.000 -1.000]
[15:09:51.983] Arrived at: [2.000 3.000 -1.000]
[15:09:52.548] Open shutter for 0.050s
[15:09:52.626] Shutter closed.

[15:09:52.627] Moving to: [3.000 2.000 -2.000]
[15:09:56.003] Arrived at: [3.000 2.000 -2.000]
[15:09:56.565] Open shutter for 0.050s
[15:09:56.643] Shutter closed.

[15:09:56.644] Moving to: [2.000 1.000 -3.000]
[15:10:00.031] Arrived at: [2.000 1.000 -3.000]
[15:10:00.597] Open shutter for 0.050s
[15:10:00.673] Shutter closed.

[15:10:00.674] Moving to: [3.000 0.000 -2.000]
[15:10:04.050] Arrived at: [3.000 0.000 -2.000]
[15:10:04.612] Open shutter for 0.050s
[15:10:04.688] Shutter closed.

[15:10:04.688] Moving to: [2.000 -1.000 -5.000]
[15:10:09.377] Arrived at: [2.000 -1.000 -5.000]
[15:10:09.940] Open shutter for 0.050s
[15:10:10.018] Shutter closed.

[15:10:10.019] Moving to: [1.000 4.000 -6.000]
[15:10:16.024] Arrived at: [1.000 4.000 -6.000]
[15:10:16.586] Open shutter for 0.050s
[15:10:16.665] Shutter closed.

[15:10:16.666] Moving to: [0.000 3.000 -7.000]
[15:10:20.016] Arrived at: [0.000 3.000 -7.000]
[15:10:20.580] Open shutter for 0.050s
[15:10:20.657] Shutter closed.

[15:10:20.658] Moving to: [1.000 2.000 -8.000]
[15:10:24.018] Arrived at: [1.000 2.000 -8.000]
[15:10:24.587] Open shutter for 0.050s
[15:10:24.667] Shutter closed.

[15:10:24.668] Moving to: [0.000 1.000 -9.000]
[15:10:28.039] Arrived at: [0.000 1.000 -9.000]
[15:10:28.601] Open shutter for 0.050s
[15:10:28.677] Shutter closed.

[15:10:28.678] Moving to: [1.000 0.000 -10.000]
[15:10:32.039] Arrived at: [1.000 0.000 -10.000]
[15:10:32.598] Open shutter for 0.050s
[15:10:32.675] Shutter closed.

[15:10:32.676] Moving to: [-1.000 4.000 0.000]
[15:10:44.657] Arrived at: [-1.000 4.000 0.000]
[15:10:45.219] Open shutter for 0.250s
[15:10:45.488] Shutter closed.

[15:10:45.488] Moving to: [-2.000 3.000 -1.000]
[15:10:48.875] Arrived at: [-2.000 3.000 -1.000]
[15:10:49.438] Open shutter for 0.250s
[15:10:49.705] Shutter closed.

[15:10:49.705] Moving to: [-1.000 2.000 -2.000]
[15:10:53.055] Arrived at: [-1.000 2.000 -2.000]
[15:10:53.618] Open shutter for 0.250s
[15:10:53.886] Shutter closed.

[15:10:53.886] Moving to: [-2.000 1.000 -3.000]
[15:10:57.285] Arrived at: [-2.000 1.000 -3.000]
[15:10:57.848] Open shutter for 0.250s
[15:10:58.135] Shutter closed.

[15:10:58.136] Moving to: [-1.000 0.000 -4.000]
[15:11:01.483] Arrived at: [-1.000 0.000 -4.000]
[15:11:02.047] Open shutter for 0.250s
[15:11:02.335] Shutter closed.

[15:11:02.336] Moving to: [-2.000 -1.000 -5.000]
[15:11:05.711] Arrived at: [-2.000 -1.000 -5.000]
[15:11:06.272] Open shutter for 0.250s
[15:11:06.537] Shutter closed.

[15:11:06.538] Moving to: [-3.000 4.000 -6.000]
[15:11:12.547] Arrived at: [-3.000 4.000 -6.000]
[15:11:13.108] Open shutter for 0.250s
[15:11:13.396] Shutter closed.

[15:11:13.396] Moving to: [-4.000 3.000 -7.000]
[15:11:16.777] Arrived at: [-4.000 3.000 -7.000]
[15:11:17.335] Open shutter for 0.250s
[15:11:17.624] Shutter closed.

[15:11:17.624] Moving to: [-3.000 2.000 -8.000]
[15:11:20.980] Arrived at: [-3.000 2.000 -8.000]
[15:11:21.544] Open shutter for 0.250s
[15:11:21.832] Shutter closed.

[15:11:21.833] Moving to: [-4.000 1.000 -9.000]
[15:11:25.204] Arrived at: [-4.000 1.000 -9.000]
[15:11:25.770] Open shutter for 0.250s
[15:11:26.060] Shutter closed.

[15:11:26.061] Moving to: [-3.000 0.000 -10.000]
[15:11:29.406] Arrived at: [-3.000 0.000 -10.000]
[15:11:29.971] Open shutter for 0.250s
[15:11:30.261] Shutter closed.

[15:11:30.261] Plan irradiation finished.
