[15:21:36.626] Starting plan irradiation...
	Plan name: Plan de commissioning para CONV
	Plan comment: 
	Plan type: CONV
	PepperPot code: 1
	Air depth at stage position Z=0: 0.00 cm
	Absolut shift from X to (0,0) well: [0.000 1.500 0.000]
	Current intensity: 0.044 nA (planned for 8.000 nA)

[15:21:54.124] Moving to: [5.000 1.500 0.000]
[15:22:08.382] Moving to: [5.000 1.500 0.000]
[15:22:08.609] Arrived at: [5.000 1.500 0.000]
[15:22:09.171] Open shutter for 0.050s
[15:22:09.251] Shutter closed.

[15:22:09.252] Moving to: [5.000 1.500 -2.000]
[15:22:11.180] Arrived at: [5.000 1.500 -2.000]
[15:22:11.750] Open shutter for 0.050s
[15:22:11.825] Shutter closed.

[15:22:11.826] Moving to: [5.000 1.500 -4.000]
[15:22:13.755] Arrived at: [5.000 1.500 -4.000]
[15:22:14.318] Open shutter for 0.050s
[15:22:14.398] Shutter closed.

[15:22:14.399] Moving to: [5.000 1.500 -6.000]
[15:22:16.333] Arrived at: [5.000 1.500 -6.000]
[15:22:16.894] Open shutter for 0.050s
[15:22:16.976] Shutter closed.

[15:22:16.977] Moving to: [5.000 1.500 -8.000]
[15:22:18.926] Arrived at: [5.000 1.500 -8.000]
[15:22:19.488] Open shutter for 0.050s
[15:22:19.568] Shutter closed.

[15:22:19.569] Moving to: [3.000 4.000 0.000]
[15:22:29.162] Arrived at: [3.000 4.000 0.000]
[15:22:29.724] Open shutter for 0.050s
[15:22:29.805] Shutter closed.

[15:22:29.805] Moving to: [2.000 3.000 -1.000]
[15:22:33.154] Arrived at: [2.000 3.000 -1.000]
[15:22:33.713] Open shutter for 0.050s
[15:22:33.790] Shutter closed.

[15:22:33.791] Moving to: [3.000 2.000 -2.000]
[15:22:37.139] Arrived at: [3.000 2.000 -2.000]
[15:22:37.703] Open shutter for 0.050s
[15:22:37.780] Shutter closed.

[15:22:37.781] Moving to: [2.000 1.000 -3.000]
[15:22:41.146] Arrived at: [2.000 1.000 -3.000]
[15:22:41.706] Open shutter for 0.050s
[15:22:41.787] Shutter closed.

[15:22:41.787] Moving to: [3.000 0.000 -2.000]
[15:22:45.128] Arrived at: [3.000 0.000 -2.000]
[15:22:45.692] Open shutter for 0.050s
[15:22:45.773] Shutter closed.

[15:22:45.774] Moving to: [2.000 -1.000 -5.000]
[15:22:50.424] Arrived at: [2.000 -1.000 -5.000]
[15:22:50.984] Open shutter for 0.050s
[15:22:51.063] Shutter closed.

[15:22:51.063] Moving to: [1.000 4.000 -6.000]
[15:22:57.059] Arrived at: [1.000 4.000 -6.000]
[15:22:57.620] Open shutter for 0.050s
[15:22:57.697] Shutter closed.

[15:22:57.698] Moving to: [0.000 3.000 -7.000]
[15:23:01.059] Arrived at: [0.000 3.000 -7.000]
[15:23:01.618] Open shutter for 0.050s
[15:23:01.698] Shutter closed.

[15:23:01.699] Moving to: [1.000 2.000 -8.000]
[15:23:05.044] Arrived at: [1.000 2.000 -8.000]
[15:23:05.610] Open shutter for 0.050s
[15:23:05.691] Shutter closed.

[15:23:05.692] Moving to: [0.000 1.000 -9.000]
[15:23:09.058] Arrived at: [0.000 1.000 -9.000]
[15:23:09.619] Open shutter for 0.050s
[15:23:09.700] Shutter closed.

[15:23:09.700] Moving to: [1.000 0.000 -10.000]
[15:23:13.059] Arrived at: [1.000 0.000 -10.000]
[15:23:13.624] Open shutter for 0.050s
[15:23:13.704] Shutter closed.

[15:23:13.704] Moving to: [-1.000 4.000 0.000]
[15:23:25.627] Arrived at: [-1.000 4.000 0.000]
[15:23:26.187] Open shutter for 0.250s
[15:23:26.473] Shutter closed.

[15:23:26.474] Moving to: [-2.000 3.000 -1.000]
[15:23:29.831] Arrived at: [-2.000 3.000 -1.000]
[15:23:30.396] Open shutter for 0.250s
[15:23:30.664] Shutter closed.

[15:23:30.665] Moving to: [-1.000 2.000 -2.000]
[15:23:34.027] Arrived at: [-1.000 2.000 -2.000]
[15:23:34.591] Open shutter for 0.250s
[15:23:34.863] Shutter closed.

[15:23:34.863] Moving to: [-2.000 1.000 -3.000]
[15:23:38.228] Arrived at: [-2.000 1.000 -3.000]
[15:23:38.791] Open shutter for 0.250s
[15:23:39.078] Shutter closed.

[15:23:39.079] Moving to: [-1.000 0.000 -4.000]
[15:23:42.432] Arrived at: [-1.000 0.000 -4.000]
[15:23:42.998] Open shutter for 0.250s
[15:23:43.287] Shutter closed.

[15:23:43.287] Moving to: [-2.000 -1.000 -5.000]
[15:23:46.646] Arrived at: [-2.000 -1.000 -5.000]
[15:23:47.207] Open shutter for 0.250s
[15:23:47.496] Shutter closed.

[15:23:47.496] Moving to: [-3.000 4.000 -6.000]
[15:23:53.492] Arrived at: [-3.000 4.000 -6.000]
[15:23:53.539] Open shutter for 0.250s
[15:23:53.838] Shutter closed.

[15:23:53.838] Moving to: [-4.000 3.000 -7.000]
[15:23:57.183] Arrived at: [-4.000 3.000 -7.000]
[15:23:57.747] Open shutter for 0.250s
[15:23:58.035] Shutter closed.

[15:23:58.035] Moving to: [-3.000 2.000 -8.000]
[15:24:01.373] Arrived at: [-3.000 2.000 -8.000]
[15:24:01.938] Open shutter for 0.250s
[15:24:02.204] Shutter closed.

[15:24:02.205] Moving to: [-4.000 1.000 -9.000]
[15:24:05.561] Arrived at: [-4.000 1.000 -9.000]
[15:24:06.123] Open shutter for 0.250s
[15:24:06.411] Shutter closed.

[15:24:06.412] Moving to: [-3.000 0.000 -10.000]
[15:24:09.743] Arrived at: [-3.000 0.000 -10.000]
[15:24:10.302] Open shutter for 0.250s
[15:24:10.571] Shutter closed.

[15:24:10.571] Plan irradiation finished.
