[13:32:30.405] Starting plan irradiation...
	Plan name: Plan de commissioning para CONV
	Plan comment: 
	Plan type: CONV
	PepperPot code: 1
	Air depth at stage position Z=0: 0.00 cm
	Absolut shift from X to (0,0) well: [0.000 0.000 0.000]
	Current intensity: 0.000 nA (planned for 8.000 nA)

[13:32:35.919] Moving to: [3.000 2.500 0.000]
[13:32:48.033] Moving to: [3.000 2.500 0.000]
[13:32:48.256] Arrived at: [3.000 2.500 0.000]
[13:32:48.839] Open shutter for 0.050s
[13:32:48.917] Shutter closed.

[13:32:48.919] Moving to: [2.000 1.500 -1.000]
[13:32:52.328] Arrived at: [2.000 1.500 -1.000]
[13:32:52.894] Open shutter for 0.050s
[13:32:52.976] Shutter closed.

[13:32:52.977] Moving to: [3.000 0.500 -2.000]
[13:32:56.362] Arrived at: [3.000 0.500 -2.000]
[13:32:56.931] Open shutter for 0.050s
[13:32:57.014] Shutter closed.

[13:32:57.015] Moving to: [2.000 -0.500 -3.000]
[13:33:00.397] Arrived at: [2.000 -0.500 -3.000]
[13:33:00.958] Open shutter for 0.050s
[13:33:01.038] Shutter closed.

[13:33:01.040] Moving to: [3.000 -1.500 NaN]
[13:34:49.197] Arrived at: [3.000 -1.500 NaN]
[13:34:49.363] Open shutter for NaNs
[13:34:49.449] Shutter closed.

[13:34:49.451] Moving to: [2.000 -2.500 -5.000]
[13:34:53.535] Arrived at: [2.000 -2.500 -5.000]
[13:34:54.110] Open shutter for 0.050s
[13:34:54.189] Shutter closed.

[13:34:54.190] Moving to: [1.000 2.500 -6.000]
[13:35:00.274] Arrived at: [1.000 2.500 -6.000]
[13:35:00.845] Open shutter for 0.050s
[13:35:00.920] Shutter closed.

[13:35:00.920] Moving to: [0.000 1.500 -7.000]
[13:35:04.329] Arrived at: [0.000 1.500 -7.000]
[13:35:04.896] Open shutter for 0.050s
[13:35:04.976] Shutter closed.

[13:35:04.976] Moving to: [1.000 0.500 -8.000]
[13:35:08.397] Arrived at: [1.000 0.500 -8.000]
[13:35:08.965] Open shutter for 0.050s
[13:35:09.044] Shutter closed.

[13:35:09.045] Moving to: [0.000 -0.500 -9.000]
[13:35:12.462] Arrived at: [0.000 -0.500 -9.000]
[13:35:13.027] Open shutter for 0.050s
[13:35:13.106] Shutter closed.

[13:35:13.107] Moving to: [1.000 -1.500 -10.000]
[13:35:16.488] Arrived at: [1.000 -1.500 -10.000]
[13:35:17.051] Open shutter for 0.050s
[13:35:17.131] Shutter closed.

[13:35:17.131] Moving to: [-1.000 2.500 0.000]
[13:35:29.130] Arrived at: [-1.000 2.500 0.000]
[13:35:29.692] Open shutter for 0.250s
[13:35:29.979] Shutter closed.

[13:35:29.980] Moving to: [-2.000 1.500 -1.000]
[13:35:33.399] Arrived at: [-2.000 1.500 -1.000]
[13:35:33.962] Open shutter for 0.250s
[13:35:34.250] Shutter closed.

[13:35:34.250] Moving to: [-1.000 0.500 -2.000]
[13:35:37.671] Arrived at: [-1.000 0.500 -2.000]
[13:35:38.239] Open shutter for 0.250s
[13:35:38.507] Shutter closed.

[13:35:38.508] Moving to: [-2.000 -0.500 -3.000]
[13:35:41.932] Arrived at: [-2.000 -0.500 -3.000]
[13:35:42.493] Open shutter for 0.250s
[13:35:42.761] Shutter closed.

[13:35:42.761] Moving to: [-1.000 -1.500 NaN]
