[14:08:03.810] Starting plan irradiation...
	Plan name: Plan de commissioning para CONV
	Plan comment: 
	Plan type: CONV
	PepperPot code: 1
	Air depth at stage position Z=0: 0.00 cm
	Absolut shift from X to (0,0) well: [0.000 1.500 0.000]
	Current intensity: 0.085 nA (planned for 8.000 nA)

[14:08:10.974] Moving to: [3.000 4.000 0.000]
[14:08:25.486] Moving to: [3.000 4.000 0.000]
[14:08:25.703] Arrived at: [3.000 4.000 0.000]
[14:08:26.269] Open shutter for 0.050s
[14:08:26.347] Shutter closed.

[14:08:26.349] Moving to: [2.000 3.000 -1.000]
[14:08:29.768] Arrived at: [2.000 3.000 -1.000]
[14:08:30.337] Open shutter for 0.050s
[14:08:30.416] Shutter closed.

[14:08:30.416] Moving to: [3.000 2.000 -2.000]
[14:08:33.817] Arrived at: [3.000 2.000 -2.000]
[14:08:34.383] Open shutter for 0.050s
[14:08:34.463] Shutter closed.

[14:08:34.463] Moving to: [2.000 1.000 -3.000]
[14:08:37.898] Arrived at: [2.000 1.000 -3.000]
[14:08:38.459] Open shutter for 0.050s
[14:08:38.538] Shutter closed.

[14:08:38.539] Moving to: [3.000 0.000 -2.000]
[14:08:41.950] Arrived at: [3.000 0.000 -2.000]
[14:08:42.516] Open shutter for 0.050s
[14:08:42.595] Shutter closed.

[14:08:42.596] Moving to: [2.000 -1.000 -5.000]
[14:08:47.356] Arrived at: [2.000 -1.000 -5.000]
[14:08:47.405] Open shutter for 0.050s
[14:08:47.494] Shutter closed.

[14:08:47.495] Moving to: [1.000 4.000 -6.000]
[14:08:53.575] Arrived at: [1.000 4.000 -6.000]
[14:08:54.137] Open shutter for 0.050s
[14:08:54.215] Shutter closed.

[14:08:54.215] Moving to: [0.000 3.000 -7.000]
[14:08:57.644] Arrived at: [0.000 3.000 -7.000]
[14:08:58.205] Open shutter for 0.050s
[14:08:58.283] Shutter closed.

[14:08:58.284] Moving to: [1.000 2.000 -8.000]
[14:09:01.659] Arrived at: [1.000 2.000 -8.000]
[14:09:02.221] Open shutter for 0.050s
[14:09:02.301] Shutter closed.

[14:09:02.301] Moving to: [0.000 1.000 -9.000]
[14:09:05.720] Arrived at: [0.000 1.000 -9.000]
[14:09:06.286] Open shutter for 0.050s
[14:09:06.367] Shutter closed.

[14:09:06.367] Moving to: [1.000 0.000 -10.000]
[14:09:09.786] Arrived at: [1.000 0.000 -10.000]
[14:09:10.346] Open shutter for 0.050s
[14:09:10.426] Shutter closed.

[14:09:10.426] Moving to: [-1.000 4.000 0.000]
[14:09:22.550] Arrived at: [-1.000 4.000 0.000]
[14:09:23.119] Open shutter for 0.250s
[14:09:23.408] Shutter closed.

[14:09:23.408] Moving to: [-2.000 3.000 -1.000]
[14:09:26.821] Arrived at: [-2.000 3.000 -1.000]
[14:09:27.389] Open shutter for 0.250s
[14:09:27.658] Shutter closed.

[14:09:27.658] Moving to: [-1.000 2.000 -2.000]
[14:09:31.089] Arrived at: [-1.000 2.000 -2.000]
[14:09:31.655] Open shutter for 0.250s
[14:09:31.926] Shutter closed.

[14:09:31.926] Moving to: [-2.000 1.000 -3.000]
[14:09:35.333] Arrived at: [-2.000 1.000 -3.000]
[14:09:35.897] Open shutter for 0.250s
[14:09:36.164] Shutter closed.

[14:09:36.165] Moving to: [-1.000 0.000 -4.000]
[14:09:39.573] Arrived at: [-1.000 0.000 -4.000]
[14:09:39.631] Open shutter for 0.250s
[14:09:39.904] Shutter closed.

[14:09:39.905] Moving to: [-2.000 -1.000 -5.000]
[14:09:43.319] Arrived at: [-2.000 -1.000 -5.000]
[14:09:43.879] Open shutter for 0.250s
[14:09:44.150] Shutter closed.

[14:09:44.151] Moving to: [-3.000 4.000 -6.000]
[14:09:50.127] Arrived at: [-3.000 4.000 -6.000]
[14:09:50.697] Open shutter for 0.250s
[14:09:50.981] Shutter closed.

[14:09:50.982] Moving to: [-4.000 3.000 -7.000]
[14:09:54.396] Arrived at: [-4.000 3.000 -7.000]
[14:09:54.962] Open shutter for 0.250s
[14:09:55.250] Shutter closed.

[14:09:55.250] Moving to: [-3.000 2.000 -8.000]
[14:09:58.678] Arrived at: [-3.000 2.000 -8.000]
[14:09:59.238] Open shutter for 0.250s
[14:09:59.525] Shutter closed.

[14:09:59.526] Moving to: [-4.000 1.000 -9.000]
[14:10:02.954] Arrived at: [-4.000 1.000 -9.000]
[14:10:03.506] Open shutter for 0.250s
[14:10:03.796] Shutter closed.

[14:10:03.797] Moving to: [-3.000 0.000 -10.000]
[14:10:07.165] Arrived at: [-3.000 0.000 -10.000]
[14:10:07.726] Open shutter for 0.250s
[14:10:08.014] Shutter closed.

[14:10:08.015] Plan irradiation finished.
