[14:17:58.944] Starting plan irradiation...
	Plan name: Plan de commissioning para CONV
	Plan comment: 
	Plan type: CONV
	PepperPot code: 1
	Air depth at stage position Z=0: 0.00 cm
	Absolut shift from X to (0,0) well: [0.000 1.500 0.000]
	Current intensity: 0.090 nA (planned for 8.000 nA)

[14:18:27.913] Moving to: [3.000 4.000 0.000]
[14:18:42.347] Moving to: [3.000 4.000 0.000]
[14:18:42.566] Arrived at: [3.000 4.000 0.000]
[14:18:43.127] Open shutter for 0.050s
[14:18:43.206] Shutter closed.

[14:18:43.207] Moving to: [2.000 3.000 -1.000]
[14:18:46.634] Arrived at: [2.000 3.000 -1.000]
[14:18:47.203] Open shutter for 0.050s
[14:18:47.282] Shutter closed.

[14:18:47.283] Moving to: [3.000 2.000 -2.000]
[14:18:50.724] Arrived at: [3.000 2.000 -2.000]
[14:18:51.285] Open shutter for 0.050s
[14:18:51.365] Shutter closed.

[14:18:51.365] Moving to: [2.000 1.000 -3.000]
[14:18:54.800] Arrived at: [2.000 1.000 -3.000]
[14:18:55.368] Open shutter for 0.050s
[14:18:55.448] Shutter closed.

[14:18:55.448] Moving to: [3.000 0.000 -2.000]
[14:18:58.889] Arrived at: [3.000 0.000 -2.000]
[14:18:59.459] Open shutter for 0.050s
[14:18:59.533] Shutter closed.

[14:18:59.533] Moving to: [2.000 -1.000 -5.000]
[14:19:04.308] Arrived at: [2.000 -1.000 -5.000]
[14:19:04.871] Open shutter for 0.050s
[14:19:04.950] Shutter closed.

[14:19:04.951] Moving to: [1.000 4.000 -6.000]
[14:19:10.925] Arrived at: [1.000 4.000 -6.000]
[14:19:11.487] Open shutter for 0.050s
[14:19:11.565] Shutter closed.

[14:19:11.566] Moving to: [0.000 3.000 -7.000]
[14:19:15.016] Arrived at: [0.000 3.000 -7.000]
[14:19:15.584] Open shutter for 0.050s
[14:19:15.663] Shutter closed.

[14:19:15.663] Moving to: [1.000 2.000 -8.000]
[14:19:19.243] Arrived at: [1.000 2.000 -8.000]
[14:19:19.808] Open shutter for 0.050s
[14:19:19.890] Shutter closed.

[14:19:19.891] Moving to: [0.000 1.000 -9.000]
[14:19:23.361] Arrived at: [0.000 1.000 -9.000]
[14:19:23.921] Open shutter for 0.050s
[14:19:24.001] Shutter closed.

[14:19:24.001] Moving to: [1.000 0.000 -10.000]
[14:19:27.401] Arrived at: [1.000 0.000 -10.000]
[14:19:27.967] Open shutter for 0.050s
[14:19:28.047] Shutter closed.

[14:19:28.047] Moving to: [-1.000 4.000 0.000]
[14:19:40.004] Arrived at: [-1.000 4.000 0.000]
[14:19:40.568] Open shutter for 0.250s
[14:19:40.855] Shutter closed.

[14:19:40.856] Moving to: [-2.000 3.000 -1.000]
[14:19:44.214] Arrived at: [-2.000 3.000 -1.000]
[14:19:44.775] Open shutter for 0.250s
[14:19:45.063] Shutter closed.

[14:19:45.064] Moving to: [-1.000 2.000 -2.000]
[14:19:48.485] Arrived at: [-1.000 2.000 -2.000]
[14:19:48.553] Open shutter for 0.250s
[14:19:48.841] Shutter closed.

[14:19:48.841] Moving to: [-2.000 1.000 -3.000]
[14:19:52.276] Arrived at: [-2.000 1.000 -3.000]
[14:19:52.839] Open shutter for 0.250s
[14:19:53.106] Shutter closed.

[14:19:53.107] Moving to: [-1.000 0.000 -4.000]
[14:19:56.552] Arrived at: [-1.000 0.000 -4.000]
[14:19:56.599] Open shutter for 0.250s
[14:19:56.898] Shutter closed.

[14:19:56.898] Moving to: [-2.000 -1.000 -5.000]
[14:20:00.327] Arrived at: [-2.000 -1.000 -5.000]
[14:20:00.887] Open shutter for 0.250s
[14:20:01.176] Shutter closed.

[14:20:01.176] Moving to: [-3.000 4.000 -6.000]
[14:20:07.159] Arrived at: [-3.000 4.000 -6.000]
[14:20:07.723] Open shutter for 0.250s
[14:20:08.011] Shutter closed.

[14:20:08.011] Moving to: [-4.000 3.000 -7.000]
[14:20:11.436] Arrived at: [-4.000 3.000 -7.000]
[14:20:12.000] Open shutter for 0.250s
[14:20:12.289] Shutter closed.

[14:20:12.290] Moving to: [-3.000 2.000 -8.000]
[14:20:15.737] Arrived at: [-3.000 2.000 -8.000]
[14:20:16.297] Open shutter for 0.250s
[14:20:16.586] Shutter closed.

[14:20:16.586] Moving to: [-4.000 1.000 -9.000]
[14:20:20.025] Arrived at: [-4.000 1.000 -9.000]
[14:20:20.586] Open shutter for 0.250s
[14:20:20.874] Shutter closed.

[14:20:20.875] Moving to: [-3.000 0.000 -10.000]
[14:20:24.334] Arrived at: [-3.000 0.000 -10.000]
[14:20:24.896] Open shutter for 0.250s
[14:20:25.183] Shutter closed.

[14:20:25.184] Plan irradiation finished.
