[16:27:15.864] Starting plan irradiation...
	Plan name: Plan de commissioning para CONV
	Plan comment: 
	Plan type: CONV
	PepperPot code: 1
	Air depth at stage position Z=0: 0.00 cm
	Absolut shift from X to (0,0) well: [0.000 1.500 0.000]
	Current intensity: 0.077 nA (planned for 8.000 nA)

[16:27:29.652] Moving to: [5.000 1.500 0.000]
[16:27:44.010] Moving to: [5.000 1.500 0.000]
[16:27:44.232] Arrived at: [5.000 1.500 0.000]
[16:27:44.795] Open shutter for 0.050s
[16:27:44.874] Shutter closed.

[16:27:44.874] Moving to: [5.000 1.500 -2.000]
[16:27:46.800] Arrived at: [5.000 1.500 -2.000]
[16:27:47.370] Open shutter for 0.050s
[16:27:47.452] Shutter closed.

[16:27:47.453] Moving to: [5.000 1.500 -4.000]
[16:27:49.373] Arrived at: [5.000 1.500 -4.000]
[16:27:49.939] Open shutter for 0.050s
[16:27:50.020] Shutter closed.

[16:27:50.021] Moving to: [5.000 1.500 -6.000]
[16:27:51.950] Arrived at: [5.000 1.500 -6.000]
[16:27:52.016] Open shutter for 0.050s
[16:27:52.097] Shutter closed.

[16:27:52.097] Moving to: [5.000 1.500 -8.000]
[16:27:54.068] Arrived at: [5.000 1.500 -8.000]
[16:27:54.634] Open shutter for 0.050s
[16:27:54.710] Shutter closed.

[16:27:54.711] Moving to: [3.000 4.000 0.000]
[16:28:04.304] Arrived at: [3.000 4.000 0.000]
[16:28:04.860] Open shutter for 0.050s
[16:28:04.941] Shutter closed.

[16:28:04.941] Moving to: [2.000 3.000 -1.000]
[16:28:08.309] Arrived at: [2.000 3.000 -1.000]
[16:28:08.866] Open shutter for 0.050s
[16:28:08.946] Shutter closed.

[16:28:08.947] Moving to: [3.000 2.000 -2.000]
[16:28:12.297] Arrived at: [3.000 2.000 -2.000]
[16:28:12.857] Open shutter for 0.050s
[16:28:12.936] Shutter closed.

[16:28:12.936] Moving to: [2.000 1.000 -3.000]
[16:28:16.296] Arrived at: [2.000 1.000 -3.000]
[16:28:16.858] Open shutter for 0.050s
[16:28:16.937] Shutter closed.

[16:28:16.937] Moving to: [3.000 0.000 -4.000]
[16:28:20.331] Arrived at: [3.000 0.000 -4.000]
[16:28:20.397] Open shutter for 0.050s
[16:28:20.476] Shutter closed.

[16:28:20.477] Moving to: [2.000 -1.000 -5.000]
[16:28:23.835] Arrived at: [2.000 -1.000 -5.000]
[16:28:24.396] Open shutter for 0.050s
[16:28:24.478] Shutter closed.

[16:28:24.479] Moving to: [1.000 4.000 -6.000]
[16:28:30.547] Arrived at: [1.000 4.000 -6.000]
[16:28:31.110] Open shutter for 0.050s
[16:28:31.187] Shutter closed.

[16:28:31.188] Moving to: [0.000 3.000 -7.000]
[16:28:34.574] Arrived at: [0.000 3.000 -7.000]
[16:28:35.136] Open shutter for 0.050s
[16:28:35.217] Shutter closed.

[16:28:35.217] Moving to: [1.000 2.000 -8.000]
[16:28:38.568] Arrived at: [1.000 2.000 -8.000]
[16:28:39.133] Open shutter for 0.050s
[16:28:39.210] Shutter closed.

[16:28:39.210] Moving to: [0.000 1.000 -9.000]
[16:28:42.590] Arrived at: [0.000 1.000 -9.000]
[16:28:42.659] Open shutter for 0.050s
[16:28:42.748] Shutter closed.

[16:28:42.749] Moving to: [1.000 0.000 -10.000]
[16:28:46.154] Arrived at: [1.000 0.000 -10.000]
[16:28:46.719] Open shutter for 0.050s
[16:28:46.795] Shutter closed.

[16:28:46.796] Moving to: [-1.000 4.000 0.000]
[16:28:58.828] Arrived at: [-1.000 4.000 0.000]
[16:28:59.391] Open shutter for 0.250s
[16:28:59.678] Shutter closed.

[16:28:59.678] Moving to: [-2.000 3.000 -1.000]
[16:29:03.073] Arrived at: [-2.000 3.000 -1.000]
[16:29:03.638] Open shutter for 0.250s
[16:29:03.926] Shutter closed.

[16:29:03.926] Moving to: [-1.000 2.000 -2.000]
[16:29:07.332] Arrived at: [-1.000 2.000 -2.000]
[16:29:07.897] Open shutter for 0.250s
[16:29:08.184] Shutter closed.

[16:29:08.185] Moving to: [-2.000 1.000 -3.000]
[16:29:11.582] Arrived at: [-2.000 1.000 -3.000]
[16:29:12.143] Open shutter for 0.250s
[16:29:12.412] Shutter closed.

[16:29:12.413] Moving to: [-1.000 0.000 -4.000]
[16:29:15.781] Arrived at: [-1.000 0.000 -4.000]
[16:29:16.343] Open shutter for 0.250s
[16:29:16.611] Shutter closed.

[16:29:16.612] Moving to: [-2.000 -1.000 -5.000]
[16:29:19.955] Arrived at: [-2.000 -1.000 -5.000]
[16:29:20.518] Open shutter for 0.250s
[16:29:20.807] Shutter closed.

[16:29:20.807] Moving to: [-3.000 4.000 -6.000]
[16:29:26.794] Arrived at: [-3.000 4.000 -6.000]
[16:29:27.361] Open shutter for 0.250s
[16:29:27.652] Shutter closed.

[16:29:27.653] Moving to: [-4.000 3.000 -7.000]
[16:29:31.034] Arrived at: [-4.000 3.000 -7.000]
[16:29:31.602] Open shutter for 0.250s
[16:29:31.890] Shutter closed.

[16:29:31.890] Moving to: [-3.000 2.000 -8.000]
[16:29:35.249] Arrived at: [-3.000 2.000 -8.000]
[16:29:35.809] Open shutter for 0.250s
[16:29:36.098] Shutter closed.

[16:29:36.098] Moving to: [-4.000 1.000 -9.000]
[16:29:39.437] Arrived at: [-4.000 1.000 -9.000]
[16:29:39.997] Open shutter for 0.250s
[16:29:40.284] Shutter closed.

[16:29:40.285] Moving to: [-3.000 0.000 -10.000]
[16:29:43.638] Arrived at: [-3.000 0.000 -10.000]
[16:29:44.203] Open shutter for 0.250s
[16:29:44.469] Shutter closed.

[16:29:44.469] Plan irradiation finished.
