[14:01:13.932] Starting plan irradiation...
	Plan name: Plan de commissioning para CONV
	Plan comment: 
	Plan type: CONV
	PepperPot code: 1
	Air depth at stage position Z=0: 0.00 cm
	Absolut shift from X to (0,0) well: [0.000 1.500 0.000]
	Current intensity: 0.076 nA (planned for 8.000 nA)

[14:01:18.175] Moving to: [3.000 4.000 0.000]
[14:01:23.853] Moving to: [3.000 4.000 0.000]
[14:01:24.079] Arrived at: [3.000 4.000 0.000]
[14:01:24.645] Open shutter for 0.050s
[14:01:24.724] Shutter closed.

[14:01:24.724] Moving to: [2.000 3.000 -1.000]
[14:01:28.157] Arrived at: [2.000 3.000 -1.000]
[14:01:28.729] Open shutter for 0.050s
[14:01:28.807] Shutter closed.

[14:01:28.807] Moving to: [3.000 2.000 -2.000]
[14:01:32.237] Arrived at: [3.000 2.000 -2.000]
[14:01:32.799] Open shutter for 0.050s
[14:01:32.877] Shutter closed.

[14:01:32.878] Moving to: [2.000 1.000 -3.000]
[14:01:36.276] Arrived at: [2.000 1.000 -3.000]
[14:01:36.846] Open shutter for 0.050s
[14:01:36.925] Shutter closed.

[14:01:36.925] Moving to: [3.000 0.000 -2.000]
[14:01:40.330] Arrived at: [3.000 0.000 -2.000]
[14:01:40.891] Open shutter for 0.050s
[14:01:40.970] Shutter closed.

[14:01:40.971] Moving to: [2.000 -1.000 -5.000]
[14:01:45.719] Arrived at: [2.000 -1.000 -5.000]
[14:01:46.281] Open shutter for 0.050s
[14:01:46.358] Shutter closed.

[14:01:46.358] Moving to: [1.000 4.000 -6.000]
[14:01:52.455] Arrived at: [1.000 4.000 -6.000]
[14:01:53.019] Open shutter for 0.050s
[14:01:53.097] Shutter closed.

[14:01:53.098] Moving to: [0.000 3.000 -7.000]
[14:01:56.504] Arrived at: [0.000 3.000 -7.000]
[14:01:57.070] Open shutter for 0.050s
[14:01:57.148] Shutter closed.

[14:01:57.149] Moving to: [1.000 2.000 -8.000]
[14:02:00.543] Arrived at: [1.000 2.000 -8.000]
[14:02:01.104] Open shutter for 0.050s
[14:02:01.184] Shutter closed.

[14:02:01.184] Moving to: [0.000 1.000 -9.000]
[14:02:04.609] Arrived at: [0.000 1.000 -9.000]
[14:02:05.175] Open shutter for 0.050s
[14:02:05.254] Shutter closed.

[14:02:05.255] Moving to: [1.000 0.000 -10.000]
[14:02:08.634] Arrived at: [1.000 0.000 -10.000]
[14:02:09.190] Open shutter for 0.050s
[14:02:09.269] Shutter closed.

[14:02:09.270] Moving to: [-1.000 4.000 0.000]
[14:02:21.230] Arrived at: [-1.000 4.000 0.000]
[14:02:21.792] Open shutter for 0.250s
[14:02:22.058] Shutter closed.

[14:02:22.058] Moving to: [-2.000 3.000 -1.000]
[14:02:25.464] Arrived at: [-2.000 3.000 -1.000]
[14:02:26.023] Open shutter for 0.250s
[14:02:26.312] Shutter closed.

[14:02:26.312] Moving to: [-1.000 2.000 -2.000]
[14:02:29.756] Arrived at: [-1.000 2.000 -2.000]
[14:02:30.327] Open shutter for 0.250s
[14:02:30.594] Shutter closed.

[14:02:30.594] Moving to: [-2.000 1.000 -3.000]
[14:02:34.020] Arrived at: [-2.000 1.000 -3.000]
[14:02:34.582] Open shutter for 0.250s
[14:02:34.850] Shutter closed.

[14:02:34.850] Moving to: [-1.000 0.000 -4.000]
[14:02:38.265] Arrived at: [-1.000 0.000 -4.000]
[14:02:38.828] Open shutter for 0.250s
[14:02:39.116] Shutter closed.

[14:02:39.117] Moving to: [-2.000 -1.000 -5.000]
[14:02:42.514] Arrived at: [-2.000 -1.000 -5.000]
[14:02:43.077] Open shutter for 0.250s
[14:02:43.366] Shutter closed.

[14:02:43.366] Moving to: [-3.000 4.000 -6.000]
[14:02:49.478] Arrived at: [-3.000 4.000 -6.000]
[14:02:50.042] Open shutter for 0.250s
[14:02:50.311] Shutter closed.

[14:02:50.311] Moving to: [-4.000 3.000 -7.000]
[14:02:53.741] Arrived at: [-4.000 3.000 -7.000]
[14:02:54.307] Open shutter for 0.250s
[14:02:54.597] Shutter closed.

[14:02:54.597] Moving to: [-3.000 2.000 -8.000]
[14:02:58.016] Arrived at: [-3.000 2.000 -8.000]
[14:02:58.576] Open shutter for 0.250s
[14:02:58.865] Shutter closed.

[14:02:58.865] Moving to: [-4.000 1.000 -9.000]
[14:03:02.216] Arrived at: [-4.000 1.000 -9.000]
[14:03:02.774] Open shutter for 0.250s
[14:03:03.062] Shutter closed.

[14:03:03.063] Moving to: [-3.000 0.000 -10.000]
[14:03:06.477] Arrived at: [-3.000 0.000 -10.000]
[14:03:07.041] Open shutter for 0.250s
[14:03:07.309] Shutter closed.

[14:03:07.309] Plan irradiation finished.
